
===========================================================================
 report_power
============================================================================
======================= Fastest Corner ===================================

Group                  Internal  Switching    Leakage      Total
                          Power      Power      Power      Power (Watts)
----------------------------------------------------------------
Sequential             0.00e+00   0.00e+00   0.00e+00   0.00e+00   0.0%
Combinational          1.57e-04   4.50e-04   4.91e-09   6.07e-04 100.0%
Clock                 -1.08e-09   0.00e+00   2.47e-09   1.39e-09   0.0%
Macro                  0.00e+00   0.00e+00   0.00e+00   0.00e+00   0.0%
Pad                    0.00e+00   0.00e+00   0.00e+00   0.00e+00   0.0%
----------------------------------------------------------------
Total                  1.57e-04   4.50e-04   7.37e-09   6.07e-04 100.0%
                          25.9%      74.1%       0.0%

======================= Slowest Corner ===================================

Group                  Internal  Switching    Leakage      Total
                          Power      Power      Power      Power (Watts)
----------------------------------------------------------------
Sequential             0.00e+00   0.00e+00   0.00e+00   0.00e+00   0.0%
Combinational          1.13e-04   3.02e-04   2.20e-06   4.17e-04 100.0%
Clock                 -4.39e-10   0.00e+00   2.51e-09   2.07e-09   0.0%
Macro                  0.00e+00   0.00e+00   0.00e+00   0.00e+00   0.0%
Pad                    0.00e+00   0.00e+00   0.00e+00   0.00e+00   0.0%
----------------------------------------------------------------
Total                  1.13e-04   3.02e-04   2.20e-06   4.17e-04 100.0%
                          27.0%      72.4%       0.5%

======================= Typical Corner ===================================

Group                  Internal  Switching    Leakage      Total
                          Power      Power      Power      Power (Watts)
----------------------------------------------------------------
Sequential             0.00e+00   0.00e+00   0.00e+00   0.00e+00   0.0%
Combinational          1.42e-04   3.83e-04   1.61e-09   5.24e-04 100.0%
Clock                 -2.76e-10   0.00e+00   2.47e-09   2.19e-09   0.0%
Macro                  0.00e+00   0.00e+00   0.00e+00   0.00e+00   0.0%
Pad                    0.00e+00   0.00e+00   0.00e+00   0.00e+00   0.0%
----------------------------------------------------------------
Total                  1.42e-04   3.83e-04   4.08e-09   5.24e-04 100.0%
                          27.0%      73.0%       0.0%

