
70. Printing statistics.

=== Main ===

   Number of wires:               2023
   Number of wire bits:           2037
   Number of public wires:         262
   Number of public wire bits:     276
   Number of memories:               0
   Number of memory bits:            0
   Number of processes:              0
   Number of cells:               2034
     sky130_fd_sc_hd__a211o_2       16
     sky130_fd_sc_hd__a211o_4        1
     sky130_fd_sc_hd__a211oi_2       3
     sky130_fd_sc_hd__a21bo_2        7
     sky130_fd_sc_hd__a21boi_2       4
     sky130_fd_sc_hd__a21o_2        61
     sky130_fd_sc_hd__a21o_4         2
     sky130_fd_sc_hd__a21oi_2       59
     sky130_fd_sc_hd__a21oi_4        7
     sky130_fd_sc_hd__a221o_2       36
     sky130_fd_sc_hd__a22o_2         9
     sky130_fd_sc_hd__a22o_4         1
     sky130_fd_sc_hd__a2bb2o_2       6
     sky130_fd_sc_hd__a2bb2o_4       8
     sky130_fd_sc_hd__a311o_2        7
     sky130_fd_sc_hd__a31o_2        29
     sky130_fd_sc_hd__a31oi_2        6
     sky130_fd_sc_hd__a32o_2         2
     sky130_fd_sc_hd__a32o_4         1
     sky130_fd_sc_hd__a32oi_2        1
     sky130_fd_sc_hd__and2_2        49
     sky130_fd_sc_hd__and2_4         3
     sky130_fd_sc_hd__and2b_2        6
     sky130_fd_sc_hd__and3_2        35
     sky130_fd_sc_hd__and3_4         9
     sky130_fd_sc_hd__and3b_2        2
     sky130_fd_sc_hd__and4_2         6
     sky130_fd_sc_hd__and4b_2        1
     sky130_fd_sc_hd__and4bb_2       1
     sky130_fd_sc_hd__buf_1        302
     sky130_fd_sc_hd__buf_12         1
     sky130_fd_sc_hd__buf_2          1
     sky130_fd_sc_hd__buf_4          9
     sky130_fd_sc_hd__buf_6          3
     sky130_fd_sc_hd__bufinv_8       7
     sky130_fd_sc_hd__conb_1         1
     sky130_fd_sc_hd__dfrtp_2        3
     sky130_fd_sc_hd__dfxtp_2      237
     sky130_fd_sc_hd__dlxtn_1       32
     sky130_fd_sc_hd__inv_12         1
     sky130_fd_sc_hd__inv_2         47
     sky130_fd_sc_hd__mux2_2       310
     sky130_fd_sc_hd__mux2_4         1
     sky130_fd_sc_hd__nand2_2      215
     sky130_fd_sc_hd__nand2b_2       3
     sky130_fd_sc_hd__nand3_2       10
     sky130_fd_sc_hd__nand3b_2       1
     sky130_fd_sc_hd__nand4b_2       1
     sky130_fd_sc_hd__nor2_2        83
     sky130_fd_sc_hd__nor2b_2        2
     sky130_fd_sc_hd__o2111ai_2      1
     sky130_fd_sc_hd__o211a_2       17
     sky130_fd_sc_hd__o211ai_2       6
     sky130_fd_sc_hd__o21a_2        61
     sky130_fd_sc_hd__o21ai_2       53
     sky130_fd_sc_hd__o21ba_2        2
     sky130_fd_sc_hd__o21bai_2       2
     sky130_fd_sc_hd__o21bai_4       1
     sky130_fd_sc_hd__o221a_2       14
     sky130_fd_sc_hd__o221ai_2       1
     sky130_fd_sc_hd__o22a_2        10
     sky130_fd_sc_hd__o22ai_2        1
     sky130_fd_sc_hd__o2bb2a_2       5
     sky130_fd_sc_hd__o2bb2a_4       1
     sky130_fd_sc_hd__o311a_2        2
     sky130_fd_sc_hd__o32a_2         6
     sky130_fd_sc_hd__or2_2         72
     sky130_fd_sc_hd__or2_4          4
     sky130_fd_sc_hd__or2b_2        14
     sky130_fd_sc_hd__or3_2          5
     sky130_fd_sc_hd__or3_4         11
     sky130_fd_sc_hd__or3b_2         2
     sky130_fd_sc_hd__or3b_4         1
     sky130_fd_sc_hd__or4_2          4
     sky130_fd_sc_hd__or4_4          1
     sky130_fd_sc_hd__or4b_2         3
     sky130_fd_sc_hd__or4b_4         1
     sky130_fd_sc_hd__xnor2_2       60
     sky130_fd_sc_hd__xnor2_4        4
     sky130_fd_sc_hd__xor2_2        21

   Chip area for module '\Main': 20455.868800

