
===========================================================================
report_checks -unconstrained
===========================================================================
======================= Typical Corner ===================================

Startpoint: _3575_ (rising edge-triggered flip-flop clocked by core_clock)
Endpoint: _3593_ (rising edge-triggered flip-flop clocked by core_clock)
Path Group: core_clock
Path Type: max

Fanout     Cap    Slew   Delay    Time   Description
-----------------------------------------------------------------------------
                  0.00    0.00    0.00   clock core_clock (rise edge)
                          0.00    0.00   clock network delay (ideal)
                  0.00    0.00    0.00 ^ _3575_/CLK (sky130_fd_sc_hd__dfxtp_2)
     4    0.01    0.04    0.30    0.30 v _3575_/Q (sky130_fd_sc_hd__dfxtp_2)
                                         clk_div.counter[1] (net)
                  0.04    0.00    0.30 v _3058_/B (sky130_fd_sc_hd__and3_2)
     4    0.02    0.07    0.23    0.53 v _3058_/X (sky130_fd_sc_hd__and3_2)
                                         _1501_ (net)
                  0.07    0.00    0.53 v _3064_/C (sky130_fd_sc_hd__and3_2)
     4    0.01    0.06    0.25    0.77 v _3064_/X (sky130_fd_sc_hd__and3_2)
                                         _1505_ (net)
                  0.06    0.00    0.77 v _3069_/B (sky130_fd_sc_hd__and2_2)
     4    0.01    0.06    0.22    1.00 v _3069_/X (sky130_fd_sc_hd__and2_2)
                                         _1509_ (net)
                  0.06    0.00    1.00 v _3075_/C (sky130_fd_sc_hd__and3_2)
     4    0.02    0.07    0.26    1.25 v _3075_/X (sky130_fd_sc_hd__and3_2)
                                         _1513_ (net)
                  0.07    0.00    1.25 v _3080_/C (sky130_fd_sc_hd__and3_2)
     4    0.02    0.07    0.26    1.51 v _3080_/X (sky130_fd_sc_hd__and3_2)
                                         _1516_ (net)
                  0.07    0.00    1.51 v _3084_/C (sky130_fd_sc_hd__and3_2)
     3    0.01    0.05    0.23    1.74 v _3084_/X (sky130_fd_sc_hd__and3_2)
                                         _1518_ (net)
                  0.05    0.00    1.74 v _3088_/B (sky130_fd_sc_hd__and2_2)
     4    0.01    0.06    0.21    1.96 v _3088_/X (sky130_fd_sc_hd__and2_2)
                                         _1521_ (net)
                  0.06    0.00    1.96 v _3097_/C (sky130_fd_sc_hd__and3_2)
     3    0.01    0.07    0.24    2.20 v _3097_/X (sky130_fd_sc_hd__and3_2)
                                         _1527_ (net)
                  0.07    0.00    2.20 v _3100_/C (sky130_fd_sc_hd__and3_2)
     4    0.02    0.07    0.26    2.46 v _3100_/X (sky130_fd_sc_hd__and3_2)
                                         _1529_ (net)
                  0.07    0.00    2.46 v _3104_/C (sky130_fd_sc_hd__and3_2)
     2    0.01    0.06    0.25    2.71 v _3104_/X (sky130_fd_sc_hd__and3_2)
                                         _1531_ (net)
                  0.06    0.00    2.71 v _3106_/B (sky130_fd_sc_hd__xor2_2)
     1    0.00    0.04    0.13    2.84 v _3106_/X (sky130_fd_sc_hd__xor2_2)
                                         _0040_ (net)
                  0.04    0.00    2.84 v _3593_/D (sky130_fd_sc_hd__dfxtp_2)
                                  2.84   data arrival time

                  0.00   10.00   10.00   clock core_clock (rise edge)
                          0.00   10.00   clock network delay (ideal)
                          0.00   10.00   clock reconvergence pessimism
                                 10.00 ^ _3593_/CLK (sky130_fd_sc_hd__dfxtp_2)
                         -0.12    9.88   library setup time
                                  9.88   data required time
-----------------------------------------------------------------------------
                                  9.88   data required time
                                 -2.84   data arrival time
-----------------------------------------------------------------------------
                                  7.04   slack (MET)




===========================================================================
report_checks --slack_max -0.01
============================================================================
======================= Typical Corner ===================================

No paths found.


===========================================================================
 report_check_types -max_slew -max_cap -max_fanout -violators
============================================================================
======================= Typical Corner ===================================


max slew violations count Typical: 0
max fanout violations count Typical: 0
max cap violations count Typical: 0

===========================================================================
report_parasitic_annotation -report_unannotated
============================================================================
Found 2038 unannotated drivers.
 clk
 next
 rst
 _1761_/Y
 _1762_/Y
 _1763_/X
 _1764_/X
 _1765_/X
 _1766_/X
 _1767_/X
 _1768_/Y
 _1769_/X
 _1770_/Y
 _1771_/X
 _1772_/X
 _1773_/X
 _1774_/X
 _1775_/Y
 _1776_/X
 _1777_/X
 _1778_/Y
 _1779_/X
 _1780_/X
 _1781_/X
 _1782_/Y
 _1783_/X
 _1784_/X
 _1785_/Y
 _1786_/X
 _1787_/Y
 _1788_/X
 _1789_/Y
 _1790_/X
 _1791_/X
 _1792_/Y
 _1793_/X
 _1794_/X
 _1795_/Y
 _1796_/Y
 _1797_/X
 _1798_/Y
 _1799_/X
 _1800_/X
 _1801_/X
 _1802_/Y
 _1803_/X
 _1804_/X
 _1805_/Y
 _1806_/Y
 _1807_/X
 _1808_/X
 _1809_/X
 _1810_/Y
 _1811_/X
 _1812_/X
 _1813_/Y
 _1814_/X
 _1815_/Y
 _1816_/Y
 _1817_/X
 _1818_/X
 _1819_/X
 _1820_/Y
 _1821_/X
 _1822_/Y
 _1823_/X
 _1824_/X
 _1825_/Y
 _1826_/Y
 _1827_/Y
 _1828_/X
 _1829_/X
 _1830_/Y
 _1831_/Y
 _1832_/X
 _1833_/Y
 _1834_/X
 _1835_/X
 _1836_/X
 _1837_/Y
 _1838_/Y
 _1839_/X
 _1840_/Y
 _1841_/X
 _1842_/X
 _1843_/X
 _1844_/Y
 _1845_/X
 _1846_/X
 _1847_/Y
 _1848_/X
 _1849_/Y
 _1850_/Y
 _1851_/X
 _1852_/Y
 _1853_/X
 _1854_/Y
 _1855_/X
 _1856_/X
 _1857_/Y
 _1858_/Y
 _1859_/X
 _1860_/Y
 _1861_/X
 _1862_/Y
 _1863_/Y
 _1864_/Y
 _1865_/X
 _1866_/Y
 _1867_/X
 _1868_/X
 _1869_/Y
 _1870_/X
 _1871_/X
 _1872_/X
 _1873_/Y
 _1874_/X
 _1875_/X
 _1876_/Y
 _1877_/X
 _1878_/X
 _1879_/Y
 _1880_/X
 _1881_/X
 _1882_/Y
 _1883_/X
 _1884_/Y
 _1885_/Y
 _1886_/Y
 _1887_/X
 _1888_/X
 _1889_/X
 _1890_/Y
 _1891_/X
 _1892_/Y
 _1893_/X
 _1894_/X
 _1895_/Y
 _1896_/X
 _1897_/X
 _1898_/Y
 _1899_/X
 _1900_/Y
 _1901_/X
 _1902_/Y
 _1903_/Y
 _1904_/X
 _1905_/X
 _1906_/X
 _1907_/Y
 _1908_/Y
 _1909_/X
 _1910_/X
 _1911_/Y
 _1912_/Y
 _1913_/Y
 _1914_/X
 _1915_/X
 _1916_/X
 _1917_/X
 _1918_/Y
 _1919_/X
 _1920_/X
 _1921_/X
 _1922_/X
 _1923_/Y
 _1924_/Y
 _1925_/X
 _1926_/Y
 _1927_/X
 _1928_/Y
 _1929_/X
 _1930_/Y
 _1931_/Y
 _1932_/Y
 _1933_/X
 _1934_/Y
 _1935_/Y
 _1936_/X
 _1937_/Y
 _1938_/X
 _1939_/X
 _1940_/X
 _1941_/Y
 _1942_/X
 _1943_/Y
 _1944_/X
 _1945_/X
 _1946_/X
 _1947_/Y
 _1948_/X
 _1949_/Y
 _1950_/Y
 _1951_/Y
 _1952_/X
 _1953_/X
 _1954_/X
 _1955_/X
 _1956_/Y
 _1957_/Y
 _1958_/Y
 _1959_/X
 _1960_/Y
 _1961_/X
 _1962_/X
 _1963_/Y
 _1964_/Y
 _1965_/X
 _1966_/X
 _1967_/Y
 _1968_/Y
 _1969_/Y
 _1970_/X
 _1971_/X
 _1972_/X
 _1973_/Y
 _1974_/Y
 _1975_/X
 _1976_/Y
 _1977_/X
 _1978_/X
 _1979_/Y
 _1980_/X
 _1981_/Y
 _1982_/X
 _1983_/Y
 _1984_/X
 _1985_/Y
 _1986_/Y
 _1987_/X
 _1988_/X
 _1989_/X
 _1990_/X
 _1991_/Y
 _1992_/X
 _1993_/X
 _1994_/Y
 _1995_/Y
 _1996_/X
 _1997_/X
 _1998_/X
 _1999_/Y
 _2000_/X
 _2001_/X
 _2002_/X
 _2003_/Y
 _2004_/Y
 _2005_/Y
 _2006_/X
 _2007_/Y
 _2008_/X
 _2009_/Y
 _2010_/Y
 _2011_/X
 _2012_/X
 _2013_/Y
 _2014_/Y
 _2015_/X
 _2016_/Y
 _2017_/X
 _2018_/X
 _2019_/X
 _2020_/X
 _2021_/X
 _2022_/Y
 _2023_/X
 _2024_/X
 _2025_/Y
 _2026_/X
 _2027_/Y
 _2028_/Y
 _2029_/Y
 _2030_/X
 _2031_/X
 _2032_/X
 _2033_/Y
 _2034_/Y
 _2035_/X
 _2036_/X
 _2037_/X
 _2038_/Y
 _2039_/Y
 _2040_/Y
 _2041_/X
 _2042_/X
 _2043_/Y
 _2044_/Y
 _2045_/X
 _2046_/X
 _2047_/X
 _2048_/X
 _2049_/X
 _2050_/X
 _2051_/X
 _2052_/Y
 _2053_/X
 _2054_/X
 _2055_/Y
 _2056_/X
 _2057_/Y
 _2058_/X
 _2059_/X
 _2060_/Y
 _2061_/X
 _2062_/X
 _2063_/Y
 _2064_/X
 _2065_/X
 _2066_/Y
 _2067_/X
 _2068_/X
 _2069_/X
 _2070_/Y
 _2071_/X
 _2072_/Y
 _2073_/X
 _2074_/X
 _2075_/Y
 _2076_/X
 _2077_/X
 _2078_/Y
 _2079_/X
 _2080_/Y
 _2081_/X
 _2082_/X
 _2083_/X
 _2084_/X
 _2085_/X
 _2086_/Y
 _2087_/Y
 _2088_/Y
 _2089_/Y
 _2090_/Y
 _2091_/X
 _2092_/X
 _2093_/X
 _2094_/X
 _2095_/Y
 _2096_/Y
 _2097_/X
 _2098_/X
 _2099_/X
 _2100_/X
 _2101_/Y
 _2102_/Y
 _2103_/Y
 _2104_/Y
 _2105_/Y
 _2106_/X
 _2107_/X
 _2108_/X
 _2109_/X
 _2110_/X
 _2111_/Y
 _2112_/X
 _2113_/Y
 _2114_/Y
 _2115_/X
 _2116_/Y
 _2117_/X
 _2118_/X
 _2119_/Y
 _2120_/X
 _2121_/Y
 _2122_/X
 _2123_/Y
 _2124_/X
 _2125_/Y
 _2126_/X
 _2127_/X
 _2128_/Y
 _2129_/X
 _2130_/Y
 _2131_/X
 _2132_/Y
 _2133_/X
 _2134_/Y
 _2135_/X
 _2136_/X
 _2137_/Y
 _2138_/X
 _2139_/Y
 _2140_/X
 _2141_/Y
 _2142_/X
 _2143_/Y
 _2144_/X
 _2145_/X
 _2146_/X
 _2147_/X
 _2148_/Y
 _2149_/X
 _2150_/Y
 _2151_/X
 _2152_/Y
 _2153_/X
 _2154_/X
 _2155_/Y
 _2156_/X
 _2157_/Y
 _2158_/X
 _2159_/Y
 _2160_/X
 _2161_/Y
 _2162_/X
 _2163_/Y
 _2164_/X
 _2165_/Y
 _2166_/X
 _2167_/X
 _2168_/Y
 _2169_/X
 _2170_/Y
 _2171_/X
 _2172_/X
 _2173_/X
 _2174_/X
 _2175_/X
 _2176_/Y
 _2177_/X
 _2178_/X
 _2179_/X
 _2180_/X
 _2181_/Y
 _2182_/X
 _2183_/X
 _2184_/Y
 _2185_/X
 _2186_/X
 _2187_/X
 _2188_/X
 _2189_/Y
 _2190_/Y
 _2191_/X
 _2192_/X
 _2193_/X
 _2194_/X
 _2195_/X
 _2196_/Y
 _2197_/Y
 _2198_/Y
 _2199_/X
 _2200_/X
 _2201_/X
 _2202_/X
 _2203_/X
 _2204_/X
 _2205_/X
 _2206_/Y
 _2207_/Y
 _2208_/Y
 _2209_/Y
 _2210_/Y
 _2211_/Y
 _2212_/X
 _2213_/X
 _2214_/X
 _2215_/X
 _2216_/X
 _2217_/X
 _2218_/Y
 _2219_/Y
 _2220_/X
 _2221_/X
 _2222_/X
 _2223_/Y
 _2224_/Y
 _2225_/X
 _2226_/X
 _2227_/Y
 _2228_/Y
 _2229_/X
 _2230_/X
 _2231_/X
 _2232_/X
 _2233_/X
 _2234_/X
 _2235_/X
 _2236_/Y
 _2237_/Y
 _2238_/Y
 _2239_/X
 _2240_/X
 _2241_/X
 _2242_/X
 _2243_/Y
 _2244_/X
 _2245_/X
 _2246_/X
 _2247_/Y
 _2248_/Y
 _2249_/X
 _2250_/X
 _2251_/X
 _2252_/X
 _2253_/X
 _2254_/X
 _2255_/Y
 _2256_/Y
 _2257_/X
 _2258_/X
 _2259_/X
 _2260_/X
 _2261_/X
 _2262_/X
 _2263_/X
 _2264_/X
 _2265_/X
 _2266_/X
 _2267_/X
 _2268_/X
 _2269_/Y
 _2270_/Y
 _2271_/X
 _2272_/X
 _2273_/X
 _2274_/X
 _2275_/X
 _2276_/X
 _2277_/X
 _2278_/Y
 _2279_/Y
 _2280_/X
 _2281_/X
 _2282_/X
 _2283_/Y
 _2284_/X
 _2285_/Y
 _2286_/X
 _2287_/Y
 _2288_/X
 _2289_/Y
 _2290_/X
 _2291_/Y
 _2292_/X
 _2293_/X
 _2294_/X
 _2295_/X
 _2296_/Y
 _2297_/X
 _2298_/X
 _2299_/X
 _2300_/X
 _2301_/X
 _2302_/X
 _2303_/X
 _2304_/X
 _2305_/X
 _2306_/X
 _2307_/Y
 _2308_/Y
 _2309_/Y
 _2310_/X
 _2311_/X
 _2312_/X
 _2313_/X
 _2314_/X
 _2315_/Y
 _2316_/Y
 _2317_/Y
 _2318_/X
 _2319_/X
 _2320_/X
 _2321_/X
 _2322_/X
 _2323_/X
 _2324_/Y
 _2325_/Y
 _2326_/Y
 _2327_/X
 _2328_/X
 _2329_/Y
 _2330_/Y
 _2331_/X
 _2332_/X
 _2333_/Y
 _2334_/Y
 _2335_/Y
 _2336_/X
 _2337_/X
 _2338_/X
 _2339_/X
 _2340_/Y
 _2341_/Y
 _2342_/X
 _2343_/X
 _2344_/Y
 _2345_/Y
 _2346_/Y
 _2347_/X
 _2348_/X
 _2349_/Y
 _2350_/Y
 _2351_/X
 _2352_/X
 _2353_/Y
 _2354_/Y
 _2355_/Y
 _2356_/X
 _2357_/X
 _2358_/X
 _2359_/Y
 _2360_/Y
 _2361_/X
 _2362_/X
 _2363_/Y
 _2364_/Y
 _2365_/Y
 _2366_/X
 _2367_/X
 _2368_/X
 _2369_/X
 _2370_/X
 _2371_/Y
 _2372_/Y
 _2373_/Y
 _2374_/X
 _2375_/X
 _2376_/X
 _2377_/Y
 _2378_/X
 _2379_/X
 _2380_/X
 _2381_/X
 _2382_/Y
 _2383_/Y
 _2384_/X
 _2385_/Y
 _2386_/Y
 _2387_/X
 _2388_/X
 _2389_/X
 _2390_/Y
 _2391_/X
 _2392_/X
 _2393_/X
 _2394_/X
 _2395_/X
 _2396_/Y
 _2397_/Y
 _2398_/X
 _2399_/X
 _2400_/X
 _2401_/Y
 _2402_/Y
 _2403_/X
 _2404_/X
 _2405_/X
 _2406_/X
 _2407_/Y
 _2408_/Y
 _2409_/Y
 _2410_/X
 _2411_/Y
 _2412_/Y
 _2413_/Y
 _2414_/Y
 _2415_/X
 _2416_/Y
 _2417_/Y
 _2418_/Y
 _2419_/Y
 _2420_/X
 _2421_/Y
 _2422_/X
 _2423_/X
 _2424_/Y
 _2425_/Y
 _2426_/X
 _2427_/X
 _2428_/Y
 _2429_/Y
 _2430_/X
 _2431_/X
 _2432_/X
 _2433_/Y
 _2434_/X
 _2435_/X
 _2436_/Y
 _2437_/X
 _2438_/Y
 _2439_/Y
 _2440_/X
 _2441_/X
 _2442_/X
 _2443_/X
 _2444_/X
 _2445_/X
 _2446_/Y
 _2447_/Y
 _2448_/X
 _2449_/X
 _2450_/X
 _2451_/Y
 _2452_/Y
 _2453_/X
 _2454_/Y
 _2455_/Y
 _2456_/Y
 _2457_/Y
 _2458_/Y
 _2459_/Y
 _2460_/Y
 _2461_/X
 _2462_/Y
 _2463_/Y
 _2464_/X
 _2465_/Y
 _2466_/X
 _2467_/X
 _2468_/Y
 _2469_/X
 _2470_/Y
 _2471_/X
 _2472_/X
 _2473_/Y
 _2474_/X
 _2475_/X
 _2476_/Y
 _2477_/Y
 _2478_/Y
 _2479_/X
 _2480_/Y
 _2481_/X
 _2482_/Y
 _2483_/X
 _2484_/X
 _2485_/X
 _2486_/X
 _2487_/X
 _2488_/X
 _2489_/X
 _2490_/X
 _2491_/X
 _2492_/X
 _2493_/X
 _2494_/Y
 _2495_/X
 _2496_/X
 _2497_/Y
 _2498_/Y
 _2499_/X
 _2500_/Y
 _2501_/X
 _2502_/X
 _2503_/X
 _2504_/X
 _2505_/Y
 _2506_/X
 _2507_/Y
 _2508_/Y
 _2509_/X
 _2510_/X
 _2511_/Y
 _2512_/Y
 _2513_/Y
 _2514_/X
 _2515_/Y
 _2516_/X
 _2517_/Y
 _2518_/Y
 _2519_/Y
 _2520_/X
 _2521_/X
 _2522_/X
 _2523_/Y
 _2524_/Y
 _2525_/Y
 _2526_/Y
 _2527_/X
 _2528_/X
 _2529_/X
 _2530_/X
 _2531_/X
 _2532_/Y
 _2533_/X
 _2534_/X
 _2535_/Y
 _2536_/X
 _2537_/X
 _2538_/Y
 _2539_/Y
 _2540_/X
 _2541_/X
 _2542_/X
 _2543_/Y
 _2544_/Y
 _2545_/Y
 _2546_/X
 _2547_/Y
 _2548_/X
 _2549_/Y
 _2550_/Y
 _2551_/Y
 _2552_/X
 _2553_/Y
 _2554_/Y
 _2555_/Y
 _2556_/X
 _2557_/X
 _2558_/X
 _2559_/X
 _2560_/Y
 _2561_/X
 _2562_/X
 _2563_/X
 _2564_/Y
 _2565_/X
 _2566_/Y
 _2567_/Y
 _2568_/Y
 _2569_/Y
 _2570_/X
 _2571_/Y
 _2572_/X
 _2573_/X
 _2574_/Y
 _2575_/X
 _2576_/Y
 _2577_/Y
 _2578_/Y
 _2579_/X
 _2580_/Y
 _2581_/Y
 _2582_/X
 _2583_/Y
 _2584_/X
 _2585_/Y
 _2586_/X
 _2587_/X
 _2588_/X
 _2589_/X
 _2590_/Y
 _2591_/X
 _2592_/X
 _2593_/Y
 _2594_/X
 _2595_/X
 _2596_/Y
 _2597_/Y
 _2598_/X
 _2599_/Y
 _2600_/X
 _2601_/Y
 _2602_/X
 _2603_/Y
 _2604_/X
 _2605_/X
 _2606_/X
 _2607_/Y
 _2608_/Y
 _2609_/X
 _2610_/Y
 _2611_/X
 _2612_/X
 _2613_/Y
 _2614_/X
 _2615_/X
 _2616_/Y
 _2617_/X
 _2618_/X
 _2619_/X
 _2620_/Y
 _2621_/X
 _2622_/Y
 _2623_/Y
 _2624_/Y
 _2625_/X
 _2626_/Y
 _2627_/X
 _2628_/X
 _2629_/X
 _2630_/X
 _2631_/X
 _2632_/X
 _2633_/Y
 _2634_/X
 _2635_/Y
 _2636_/X
 _2637_/X
 _2638_/Y
 _2639_/Y
 _2640_/X
 _2641_/X
 _2642_/X
 _2643_/X
 _2644_/X
 _2645_/Y
 _2646_/X
 _2647_/X
 _2648_/Y
 _2649_/X
 _2650_/X
 _2651_/X
 _2652_/Y
 _2653_/Y
 _2654_/X
 _2655_/Y
 _2656_/Y
 _2657_/X
 _2658_/X
 _2659_/X
 _2660_/Y
 _2661_/Y
 _2662_/X
 _2663_/X
 _2664_/X
 _2665_/Y
 _2666_/Y
 _2667_/X
 _2668_/Y
 _2669_/X
 _2670_/X
 _2671_/X
 _2672_/Y
 _2673_/X
 _2674_/X
 _2675_/Y
 _2676_/X
 _2677_/X
 _2678_/X
 _2679_/X
 _2680_/Y
 _2681_/Y
 _2682_/X
 _2683_/Y
 _2684_/Y
 _2685_/Y
 _2686_/X
 _2687_/X
 _2688_/X
 _2689_/X
 _2690_/X
 _2691_/Y
 _2692_/X
 _2693_/Y
 _2694_/X
 _2695_/X
 _2696_/X
 _2697_/Y
 _2698_/X
 _2699_/X
 _2700_/Y
 _2701_/X
 _2702_/Y
 _2703_/X
 _2704_/Y
 _2705_/Y
 _2706_/X
 _2707_/Y
 _2708_/X
 _2709_/X
 _2710_/Y
 _2711_/X
 _2712_/Y
 _2713_/X
 _2714_/Y
 _2715_/X
 _2716_/Y
 _2717_/X
 _2718_/Y
 _2719_/X
 _2720_/Y
 _2721_/X
 _2722_/X
 _2723_/X
 _2724_/X
 _2725_/X
 _2726_/Y
 _2727_/X
 _2728_/X
 _2729_/X
 _2730_/Y
 _2731_/Y
 _2732_/Y
 _2733_/Y
 _2734_/Y
 _2735_/Y
 _2736_/Y
 _2737_/X
 _2738_/X
 _2739_/X
 _2740_/X
 _2741_/X
 _2742_/Y
 _2743_/Y
 _2744_/X
 _2745_/Y
 _2746_/Y
 _2747_/Y
 _2748_/X
 _2749_/Y
 _2750_/Y
 _2751_/X
 _2752_/X
 _2753_/Y
 _2754_/X
 _2755_/Y
 _2756_/Y
 _2757_/X
 _2758_/X
 _2759_/Y
 _2760_/X
 _2761_/X
 _2762_/X
 _2763_/X
 _2764_/X
 _2765_/Y
 _2766_/Y
 _2767_/X
 _2768_/Y
 _2769_/X
 _2770_/Y
 _2771_/X
 _2772_/Y
 _2773_/X
 _2774_/Y
 _2775_/Y
 _2776_/X
 _2777_/X
 _2778_/X
 _2779_/X
 _2780_/Y
 _2781_/X
 _2782_/X
 _2783_/Y
 _2784_/Y
 _2785_/Y
 _2786_/X
 _2787_/Y
 _2788_/X
 _2789_/X
 _2790_/Y
 _2791_/X
 _2792_/X
 _2793_/X
 _2794_/X
 _2795_/X
 _2796_/Y
 _2797_/X
 _2798_/Y
 _2799_/X
 _2800_/Y
 _2801_/X
 _2802_/Y
 _2803_/X
 _2804_/Y
 _2805_/X
 _2806_/X
 _2807_/X
 _2808_/X
 _2809_/Y
 _2810_/X
 _2811_/X
 _2812_/Y
 _2813_/X
 _2814_/X
 _2815_/X
 _2816_/Y
 _2817_/X
 _2818_/Y
 _2819_/Y
 _2820_/X
 _2821_/X
 _2822_/X
 _2823_/X
 _2824_/Y
 _2825_/X
 _2826_/Y
 _2827_/X
 _2828_/X
 _2829_/Y
 _2830_/Y
 _2831_/Y
 _2832_/Y
 _2833_/Y
 _2834_/Y
 _2835_/X
 _2836_/Y
 _2837_/X
 _2838_/X
 _2839_/Y
 _2840_/X
 _2841_/X
 _2842_/X
 _2843_/Y
 _2844_/X
 _2845_/Y
 _2846_/X
 _2847_/X
 _2848_/X
 _2849_/Y
 _2850_/Y
 _2851_/Y
 _2852_/Y
 _2853_/X
 _2854_/X
 _2855_/Y
 _2856_/X
 _2857_/X
 _2858_/Y
 _2859_/X
 _2860_/Y
 _2861_/X
 _2862_/X
 _2863_/X
 _2864_/Y
 _2865_/Y
 _2866_/Y
 _2867_/Y
 _2868_/Y
 _2869_/Y
 _2870_/X
 _2871_/X
 _2872_/Y
 _2873_/X
 _2874_/X
 _2875_/X
 _2876_/Y
 _2877_/X
 _2878_/Y
 _2879_/Y
 _2880_/Y
 _2881_/Y
 _2882_/Y
 _2883_/Y
 _2884_/X
 _2885_/X
 _2886_/X
 _2887_/X
 _2888_/Y
 _2889_/X
 _2890_/X
 _2891_/Y
 _2892_/Y
 _2893_/Y
 _2894_/Y
 _2895_/Y
 _2896_/Y
 _2897_/Y
 _2898_/X
 _2899_/Y
 _2900_/X
 _2901_/X
 _2902_/X
 _2903_/X
 _2904_/X
 _2905_/Y
 _2906_/X
 _2907_/X
 _2908_/X
 _2909_/Y
 _2910_/X
 _2911_/Y
 _2912_/X
 _2913_/X
 _2914_/X
 _2915_/X
 _2916_/X
 _2917_/X
 _2918_/Y
 _2919_/Y
 _2920_/Y
 _2921_/Y
 _2922_/X
 _2923_/X
 _2924_/X
 _2925_/X
 _2926_/Y
 _2927_/X
 _2928_/X
 _2929_/X
 _2930_/Y
 _2931_/Y
 _2932_/Y
 _2933_/X
 _2934_/X
 _2935_/X
 _2936_/Y
 _2937_/X
 _2938_/X
 _2939_/X
 _2940_/X
 _2941_/X
 _2942_/X
 _2943_/Y
 _2944_/X
 _2945_/X
 _2946_/X
 _2947_/Y
 _2948_/Y
 _2949_/X
 _2950_/X
 _2951_/X
 _2952_/X
 _2953_/Y
 _2954_/Y
 _2955_/Y
 _2956_/X
 _2957_/X
 _2958_/Y
 _2959_/X
 _2960_/Y
 _2961_/X
 _2962_/Y
 _2963_/X
 _2964_/X
 _2965_/X
 _2966_/X
 _2967_/X
 _2968_/X
 _2969_/X
 _2970_/Y
 _2971_/X
 _2972_/X
 _2973_/X
 _2974_/Y
 _2975_/X
 _2976_/Y
 _2977_/Y
 _2978_/X
 _2979_/X
 _2980_/Y
 _2981_/X
 _2982_/X
 _2983_/Y
 _2984_/X
 _2985_/X
 _2986_/Y
 _2987_/X
 _2988_/Y
 _2989_/Y
 _2990_/Y
 _2991_/Y
 _2992_/Y
 _2993_/Y
 _2994_/X
 _2995_/X
 _2996_/X
 _2997_/X
 _2998_/Y
 _2999_/X
 _3000_/X
 _3001_/Y
 _3002_/Y
 _3003_/Y
 _3004_/X
 _3005_/Y
 _3006_/X
 _3007_/Y
 _3008_/X
 _3009_/Y
 _3010_/X
 _3011_/X
 _3012_/Y
 _3013_/X
 _3014_/Y
 _3015_/X
 _3016_/X
 _3017_/X
 _3018_/Y
 _3019_/Y
 _3020_/Y
 _3021_/X
 _3022_/X
 _3023_/X
 _3024_/X
 _3025_/Y
 _3026_/X
 _3027_/X
 _3028_/Y
 _3029_/Y
 _3030_/Y
 _3031_/Y
 _3032_/Y
 _3033_/Y
 _3034_/X
 _3035_/X
 _3036_/Y
 _3037_/Y
 _3038_/Y
 _3039_/X
 _3040_/Y
 _3041_/Y
 _3042_/X
 _3043_/Y
 _3044_/X
 _3045_/Y
 _3046_/X
 _3047_/X
 _3048_/Y
 _3049_/X
 _3050_/X
 _3051_/X
 _3052_/Y
 _3053_/X
 _3054_/X
 _3055_/Y
 _3056_/X
 _3057_/X
 _3058_/X
 _3059_/Y
 _3060_/X
 _3061_/X
 _3062_/X
 _3063_/X
 _3064_/X
 _3065_/Y
 _3066_/X
 _3067_/X
 _3068_/X
 _3069_/X
 _3070_/Y
 _3071_/Y
 _3072_/Y
 _3073_/X
 _3074_/X
 _3075_/X
 _3076_/Y
 _3077_/X
 _3078_/X
 _3079_/X
 _3080_/X
 _3081_/Y
 _3082_/Y
 _3083_/X
 _3084_/X
 _3085_/Y
 _3086_/Y
 _3087_/X
 _3088_/X
 _3089_/Y
 _3090_/X
 _3091_/X
 _3092_/X
 _3093_/Y
 _3094_/X
 _3095_/X
 _3096_/Y
 _3097_/X
 _3098_/X
 _3099_/Y
 _3100_/X
 _3101_/Y
 _3102_/X
 _3103_/Y
 _3104_/X
 _3105_/Y
 _3106_/X
 _3107_/X
 _3108_/X
 _3109_/Y
 _3110_/X
 _3111_/X
 _3112_/X
 _3113_/X
 _3114_/X
 _3115_/Y
 _3116_/X
 _3117_/X
 _3118_/Y
 _3119_/X
 _3120_/X
 _3121_/Y
 _3122_/X
 _3123_/X
 _3124_/X
 _3125_/X
 _3126_/X
 _3127_/Y
 _3128_/Y
 _3129_/Y
 _3130_/X
 _3131_/Y
 _3132_/X
 _3133_/X
 _3134_/Y
 _3135_/X
 _3136_/X
 _3137_/X
 _3138_/X
 _3139_/X
 _3140_/X
 _3141_/X
 _3142_/X
 _3143_/X
 _3144_/X
 _3145_/X
 _3146_/X
 _3147_/Y
 _3148_/X
 _3149_/X
 _3150_/X
 _3151_/X
 _3152_/X
 _3153_/X
 _3154_/X
 _3155_/Y
 _3156_/X
 _3157_/Y
 _3158_/Y
 _3159_/X
 _3160_/X
 _3161_/X
 _3162_/X
 _3163_/Y
 _3164_/X
 _3165_/X
 _3166_/X
 _3167_/X
 _3168_/Y
 _3169_/X
 _3170_/X
 _3171_/X
 _3172_/Y
 _3173_/X
 _3174_/X
 _3175_/X
 _3176_/X
 _3177_/X
 _3178_/X
 _3179_/X
 _3180_/X
 _3181_/X
 _3182_/X
 _3183_/X
 _3184_/X
 _3185_/X
 _3186_/X
 _3187_/X
 _3188_/X
 _3189_/X
 _3190_/X
 _3191_/X
 _3192_/X
 _3193_/X
 _3194_/X
 _3195_/X
 _3196_/X
 _3197_/X
 _3198_/X
 _3199_/X
 _3200_/X
 _3201_/X
 _3202_/X
 _3203_/X
 _3204_/X
 _3205_/X
 _3206_/X
 _3207_/X
 _3208_/X
 _3209_/X
 _3210_/X
 _3211_/X
 _3212_/X
 _3213_/X
 _3214_/X
 _3215_/X
 _3216_/X
 _3217_/X
 _3218_/X
 _3219_/X
 _3220_/X
 _3221_/X
 _3222_/X
 _3223_/X
 _3224_/X
 _3225_/X
 _3226_/X
 _3227_/X
 _3228_/X
 _3229_/X
 _3230_/X
 _3231_/X
 _3232_/X
 _3233_/X
 _3234_/X
 _3235_/X
 _3236_/X
 _3237_/X
 _3238_/X
 _3239_/X
 _3240_/X
 _3241_/X
 _3242_/X
 _3243_/X
 _3244_/X
 _3245_/X
 _3246_/X
 _3247_/X
 _3248_/X
 _3249_/X
 _3250_/X
 _3251_/X
 _3252_/X
 _3253_/X
 _3254_/X
 _3255_/X
 _3256_/X
 _3257_/X
 _3258_/X
 _3259_/X
 _3260_/X
 _3261_/X
 _3262_/X
 _3263_/X
 _3264_/X
 _3265_/X
 _3266_/X
 _3267_/X
 _3268_/X
 _3269_/X
 _3270_/X
 _3271_/X
 _3272_/X
 _3273_/X
 _3274_/X
 _3275_/X
 _3276_/X
 _3277_/X
 _3278_/X
 _3279_/X
 _3280_/X
 _3281_/X
 _3282_/X
 _3283_/X
 _3284_/X
 _3285_/X
 _3286_/X
 _3287_/X
 _3288_/X
 _3289_/X
 _3290_/X
 _3291_/X
 _3292_/X
 _3293_/X
 _3294_/X
 _3295_/X
 _3296_/X
 _3297_/X
 _3298_/X
 _3299_/X
 _3300_/X
 _3301_/X
 _3302_/X
 _3303_/X
 _3304_/X
 _3305_/X
 _3306_/X
 _3307_/X
 _3308_/X
 _3309_/X
 _3310_/X
 _3311_/X
 _3312_/X
 _3313_/X
 _3314_/X
 _3315_/X
 _3316_/X
 _3317_/X
 _3318_/X
 _3319_/X
 _3320_/X
 _3321_/X
 _3322_/X
 _3323_/X
 _3324_/X
 _3325_/X
 _3326_/X
 _3327_/X
 _3328_/X
 _3329_/X
 _3330_/X
 _3331_/X
 _3332_/X
 _3333_/X
 _3334_/X
 _3335_/X
 _3336_/X
 _3337_/X
 _3338_/X
 _3339_/X
 _3340_/X
 _3341_/X
 _3342_/X
 _3343_/X
 _3344_/X
 _3345_/X
 _3346_/X
 _3347_/X
 _3348_/X
 _3349_/X
 _3350_/X
 _3351_/X
 _3352_/X
 _3353_/X
 _3354_/X
 _3355_/X
 _3356_/X
 _3357_/X
 _3358_/X
 _3359_/X
 _3360_/X
 _3361_/X
 _3362_/X
 _3363_/X
 _3364_/X
 _3365_/X
 _3366_/X
 _3367_/X
 _3368_/X
 _3369_/X
 _3370_/X
 _3371_/X
 _3372_/X
 _3373_/X
 _3374_/X
 _3375_/X
 _3376_/X
 _3377_/X
 _3378_/X
 _3379_/X
 _3380_/X
 _3381_/X
 _3382_/X
 _3383_/X
 _3384_/X
 _3385_/X
 _3386_/X
 _3387_/X
 _3388_/X
 _3389_/X
 _3390_/X
 _3391_/X
 _3392_/X
 _3393_/X
 _3394_/X
 _3395_/X
 _3396_/X
 _3397_/X
 _3398_/X
 _3399_/X
 _3400_/X
 _3401_/X
 _3402_/X
 _3403_/X
 _3404_/X
 _3405_/X
 _3406_/X
 _3407_/X
 _3408_/X
 _3409_/X
 _3410_/X
 _3411_/X
 _3412_/X
 _3413_/X
 _3414_/X
 _3415_/X
 _3416_/X
 _3417_/X
 _3418_/X
 _3419_/X
 _3420_/X
 _3421_/X
 _3422_/X
 _3423_/X
 _3424_/X
 _3425_/X
 _3426_/X
 _3427_/X
 _3428_/X
 _3429_/X
 _3430_/X
 _3431_/X
 _3432_/X
 _3433_/X
 _3434_/X
 _3435_/X
 _3436_/X
 _3437_/X
 _3438_/X
 _3439_/X
 _3440_/X
 _3441_/X
 _3442_/X
 _3443_/X
 _3444_/X
 _3445_/X
 _3446_/X
 _3447_/X
 _3448_/X
 _3449_/X
 _3450_/X
 _3451_/X
 _3452_/X
 _3453_/X
 _3454_/X
 _3455_/X
 _3456_/X
 _3457_/X
 _3458_/X
 _3459_/X
 _3460_/X
 _3461_/X
 _3462_/X
 _3463_/X
 _3464_/X
 _3465_/X
 _3466_/X
 _3467_/X
 _3468_/X
 _3469_/X
 _3470_/X
 _3471_/X
 _3472_/X
 _3473_/X
 _3474_/X
 _3475_/X
 _3476_/X
 _3477_/X
 _3478_/X
 _3479_/X
 _3480_/X
 _3481_/X
 _3482_/X
 _3483_/X
 _3484_/X
 _3485_/X
 _3486_/X
 _3487_/X
 _3488_/X
 _3489_/X
 _3490_/X
 _3491_/X
 _3492_/X
 _3493_/X
 _3494_/X
 _3495_/X
 _3496_/X
 _3497_/X
 _3498_/X
 _3499_/X
 _3500_/X
 _3501_/X
 _3502_/X
 _3503_/X
 _3504_/X
 _3505_/X
 _3506_/X
 _3507_/X
 _3508_/X
 _3509_/X
 _3510_/X
 _3511_/X
 _3512_/Y
 _3513_/Y
 _3514_/Y
 _3515_/X
 _3516_/X
 _3517_/X
 _3518_/X
 _3519_/X
 _3520_/X
 _3521_/X
 _3522_/Q
 _3523_/Q
 _3524_/Q
 _3525_/Q
 _3526_/Q
 _3527_/Q
 _3528_/Q
 _3529_/Q
 _3530_/Q
 _3531_/Q
 _3532_/Q
 _3533_/Q
 _3534_/Q
 _3535_/Q
 _3536_/Q
 _3537_/Q
 _3538_/Q
 _3539_/Q
 _3540_/Q
 _3541_/Q
 _3542_/Q
 _3543_/Q
 _3544_/Q
 _3545_/Q
 _3546_/Q
 _3547_/Q
 _3548_/Q
 _3549_/Q
 _3550_/Q
 _3551_/Q
 _3552_/Q
 _3553_/Q
 _3554_/Q
 _3555_/Q
 _3556_/Q
 _3557_/Q
 _3558_/Q
 _3559_/Q
 _3560_/Q
 _3561_/Q
 _3562_/Q
 _3563_/Q
 _3564_/Q
 _3565_/Q
 _3566_/Q
 _3567_/Q
 _3568_/Q
 _3569_/Q
 _3570_/Q
 _3571_/Q
 _3572_/Q
 _3573_/Q
 _3574_/Q
 _3575_/Q
 _3576_/Q
 _3577_/Q
 _3578_/Q
 _3579_/Q
 _3580_/Q
 _3581_/Q
 _3582_/Q
 _3583_/Q
 _3584_/Q
 _3585_/Q
 _3586_/Q
 _3587_/Q
 _3588_/Q
 _3589_/Q
 _3590_/Q
 _3591_/Q
 _3592_/Q
 _3593_/Q
 _3594_/Q
 _3595_/Q
 _3596_/Q
 _3597_/Q
 _3598_/Q
 _3599_/Q
 _3600_/Q
 _3601_/Q
 _3602_/Q
 _3603_/Q
 _3604_/Q
 _3605_/Q
 _3606_/Q
 _3607_/Q
 _3608_/Q
 _3609_/Q
 _3610_/Q
 _3611_/Q
 _3612_/Q
 _3613_/Q
 _3614_/Q
 _3615_/Q
 _3616_/Q
 _3617_/Q
 _3618_/Q
 _3619_/Q
 _3620_/Q
 _3621_/Q
 _3622_/Q
 _3623_/Q
 _3624_/Q
 _3625_/Q
 _3626_/Q
 _3627_/Q
 _3628_/Q
 _3629_/Q
 _3630_/Q
 _3631_/Q
 _3632_/Q
 _3633_/Q
 _3634_/Q
 _3635_/Q
 _3636_/Q
 _3637_/Q
 _3638_/Q
 _3639_/Q
 _3640_/Q
 _3641_/Q
 _3642_/Q
 _3643_/Q
 _3644_/Q
 _3645_/Q
 _3646_/Q
 _3647_/Q
 _3648_/Q
 _3649_/Q
 _3650_/Q
 _3651_/Q
 _3652_/Q
 _3653_/Q
 _3654_/Q
 _3655_/Q
 _3656_/Q
 _3657_/Q
 _3658_/Q
 _3659_/Q
 _3660_/Q
 _3661_/Q
 _3662_/Q
 _3663_/Q
 _3664_/Q
 _3665_/Q
 _3666_/Q
 _3667_/Q
 _3668_/Q
 _3669_/Q
 _3670_/Q
 _3671_/Q
 _3672_/Q
 _3673_/Q
 _3674_/Q
 _3675_/Q
 _3676_/Q
 _3677_/Q
 _3678_/Q
 _3679_/Q
 _3680_/Q
 _3681_/Q
 _3682_/Q
 _3683_/Q
 _3684_/Q
 _3685_/Q
 _3686_/Q
 _3687_/Q
 _3688_/Q
 _3689_/Q
 _3690_/Q
 _3691_/Q
 _3692_/Q
 _3693_/Q
 _3694_/Q
 _3695_/Q
 _3696_/Q
 _3697_/Q
 _3698_/Q
 _3699_/Q
 _3700_/Q
 _3701_/Q
 _3702_/Q
 _3703_/Q
 _3704_/Q
 _3705_/Q
 _3706_/Q
 _3707_/Q
 _3708_/Q
 _3709_/Q
 _3710_/Q
 _3711_/Q
 _3712_/Q
 _3713_/Q
 _3714_/Q
 _3715_/Q
 _3716_/Q
 _3717_/Q
 _3718_/Q
 _3719_/Q
 _3720_/Q
 _3721_/Q
 _3722_/Q
 _3723_/Q
 _3724_/Q
 _3725_/Q
 _3726_/Q
 _3727_/Q
 _3728_/Q
 _3729_/Q
 _3730_/Q
 _3731_/Q
 _3732_/Q
 _3733_/Q
 _3734_/Q
 _3735_/Q
 _3736_/Q
 _3737_/Q
 _3738_/Q
 _3739_/Q
 _3740_/Q
 _3741_/Q
 _3742_/Q
 _3743_/Q
 _3744_/Q
 _3745_/Q
 _3746_/Q
 _3747_/Q
 _3748_/Q
 _3749_/Q
 _3750_/Q
 _3751_/Q
 _3752_/Q
 _3753_/Q
 _3754_/Q
 _3755_/Q
 _3756_/Q
 _3757_/Q
 _3758_/Q
 _3759_/Q
 _3760_/Q
 _3761_/Q
 _3762_/Q
 _3763_/Q
 _3764_/Q
 _3765_/Q
 _3766_/Q
 _3767_/Q
 _3768_/Q
 _3769_/Q
 _3770_/Q
 _3771_/Q
 _3772_/Q
 _3773_/Q
 _3774_/Q
 _3775_/Q
 _3776_/Q
 _3777_/Q
 _3778_/Q
 _3779_/Q
 _3780_/Q
 _3781_/Q
 _3782_/Q
 _3783_/Q
 _3784_/Q
 _3785_/Q
 _3786_/Q
 _3787_/Q
 _3788_/Q
 _3789_/Q
 _3790_/Q
 _3791_/Q
 _3792_/Q
 _3793_/Q
 _3794_/HI
 _3794_/LO
Found 0 partially unannotated drivers.

===========================================================================
max slew violation count 0
max fanout violation count 0
max cap violation count 0
============================================================================

===========================================================================
check_setup -verbose -unconstrained_endpoints -multiple_clock -no_clock -no_input_delay -loops -generated_clocks
===========================================================================
Warning: There are 2 input ports missing set_input_delay.
  next
  rst
Warning: There are 87 unclocked register/latch pins.
  _3522_/CLK
  _3523_/CLK
  _3524_/CLK
  _3526_/GATE_N
  _3527_/GATE_N
  _3528_/GATE_N
  _3529_/GATE_N
  _3530_/GATE_N
  _3531_/GATE_N
  _3532_/GATE_N
  _3533_/GATE_N
  _3534_/GATE_N
  _3535_/GATE_N
  _3536_/GATE_N
  _3537_/GATE_N
  _3538_/GATE_N
  _3539_/GATE_N
  _3540_/GATE_N
  _3541_/GATE_N
  _3542_/GATE_N
  _3543_/GATE_N
  _3544_/GATE_N
  _3545_/GATE_N
  _3546_/GATE_N
  _3547_/GATE_N
  _3548_/GATE_N
  _3549_/GATE_N
  _3550_/GATE_N
  _3551_/GATE_N
  _3552_/GATE_N
  _3553_/GATE_N
  _3554_/GATE_N
  _3555_/GATE_N
  _3556_/GATE_N
  _3557_/GATE_N
  _3558_/CLK
  _3559_/CLK
  _3560_/CLK
  _3561_/CLK
  _3562_/CLK
  _3563_/CLK
  _3564_/CLK
  _3566_/CLK
  _3567_/CLK
  _3568_/CLK
  _3569_/CLK
  _3570_/CLK
  _3571_/CLK
  _3572_/CLK
  _3573_/CLK
  _3594_/CLK
  _3595_/CLK
  _3596_/CLK
  _3597_/CLK
  _3598_/CLK
  _3599_/CLK
  _3600_/CLK
  _3601_/CLK
  _3602_/CLK
  _3603_/CLK
  _3604_/CLK
  _3605_/CLK
  _3606_/CLK
  _3607_/CLK
  _3608_/CLK
  _3609_/CLK
  _3610_/CLK
  _3611_/CLK
  _3612_/CLK
  _3613_/CLK
  _3614_/CLK
  _3615_/CLK
  _3616_/CLK
  _3617_/CLK
  _3618_/CLK
  _3619_/CLK
  _3620_/CLK
  _3621_/CLK
  _3622_/CLK
  _3783_/CLK
  _3784_/CLK
  _3785_/CLK
  _3786_/CLK
  _3787_/CLK
  _3788_/CLK
  _3789_/CLK
  _3790_/CLK
Warning: There are 106 unconstrained endpoints.
  an[0]
  an[1]
  an[2]
  an[3]
  an[4]
  an[5]
  an[6]
  an[7]
  cx[0]
  cx[1]
  cx[2]
  cx[3]
  cx[4]
  cx[5]
  cx[6]
  cx[7]
  _3522_/D
  _3523_/D
  _3524_/D
  _3526_/D
  _3527_/D
  _3528_/D
  _3529_/D
  _3530_/D
  _3531_/D
  _3532_/D
  _3533_/D
  _3534_/D
  _3535_/D
  _3536_/D
  _3537_/D
  _3538_/D
  _3539_/D
  _3540_/D
  _3541_/D
  _3542_/D
  _3543_/D
  _3544_/D
  _3545_/D
  _3546_/D
  _3547_/D
  _3548_/D
  _3549_/D
  _3550_/D
  _3551_/D
  _3552_/D
  _3553_/D
  _3554_/D
  _3555_/D
  _3556_/D
  _3557_/D
  _3558_/D
  _3559_/D
  _3560_/D
  _3561_/D
  _3562_/D
  _3563_/D
  _3564_/D
  _3566_/D
  _3567_/D
  _3568_/D
  _3569_/D
  _3570_/D
  _3571_/D
  _3572_/D
  _3573_/D
  _3594_/D
  _3595_/D
  _3596_/D
  _3597_/D
  _3598_/D
  _3599_/D
  _3600_/D
  _3601_/D
  _3602_/D
  _3603_/D
  _3604_/D
  _3605_/D
  _3606_/D
  _3607_/D
  _3608_/D
  _3609_/D
  _3610_/D
  _3611_/D
  _3612_/D
  _3613_/D
  _3614_/D
  _3615_/D
  _3616_/D
  _3617_/D
  _3618_/D
  _3619_/D
  _3620_/D
  _3621_/D
  _3622_/D
  _3783_/D
  _3784_/D
  _3785_/D
  _3786_/D
  _3787_/D
  _3788_/D
  _3789_/D
  _3790_/D
  _3791_/D
  _3792_/D
  _3793_/D
