
===========================================================================
report_checks -path_delay min (Hold)
============================================================================
======================= Typical Corner ===================================

Startpoint: _46_ (rising edge-triggered flip-flop clocked by core_clock)
Endpoint: _46_ (rising edge-triggered flip-flop clocked by core_clock)
Path Group: core_clock
Path Type: min

Fanout     Cap    Slew   Delay    Time   Description
-----------------------------------------------------------------------------
                  0.00    0.00    0.00   clock core_clock (rise edge)
                          0.00    0.00   clock network delay (ideal)
                  0.00    0.00    0.00 ^ _46_/CLK (sky130_fd_sc_hd__dfxtp_2)
     2    0.03    0.18    0.40    0.40 ^ _46_/Q (sky130_fd_sc_hd__dfxtp_2)
                                         display_out.in[0] (net)
                  0.18    0.01    0.40 ^ _20_/A (sky130_fd_sc_hd__buf_6)
    10    0.09    0.17    0.23    0.63 ^ _20_/X (sky130_fd_sc_hd__buf_6)
                                         _04_ (net)
                  0.18    0.01    0.64 ^ _33_/A (sky130_fd_sc_hd__nor2_2)
     1    0.02    0.06    0.10    0.74 v _33_/Y (sky130_fd_sc_hd__nor2_2)
                                         _00_ (net)
                  0.06    0.00    0.74 v _46_/D (sky130_fd_sc_hd__dfxtp_2)
                                  0.74   data arrival time

                  0.00    0.00    0.00   clock core_clock (rise edge)
                          0.00    0.00   clock network delay (ideal)
                          0.00    0.00   clock reconvergence pessimism
                                  0.00 ^ _46_/CLK (sky130_fd_sc_hd__dfxtp_2)
                         -0.06   -0.06   library hold time
                                 -0.06   data required time
-----------------------------------------------------------------------------
                                 -0.06   data required time
                                 -0.74   data arrival time
-----------------------------------------------------------------------------
                                  0.80   slack (MET)


Startpoint: _47_ (rising edge-triggered flip-flop clocked by core_clock)
Endpoint: _47_ (rising edge-triggered flip-flop clocked by core_clock)
Path Group: core_clock
Path Type: min

Fanout     Cap    Slew   Delay    Time   Description
-----------------------------------------------------------------------------
                  0.00    0.00    0.00   clock core_clock (rise edge)
                          0.00    0.00   clock network delay (ideal)
                  0.00    0.00    0.00 ^ _47_/CLK (sky130_fd_sc_hd__dfxtp_4)
    10    0.08    0.12    0.40    0.40 v _47_/Q (sky130_fd_sc_hd__dfxtp_4)
                                         display_out.in[1] (net)
                  0.12    0.00    0.41 v _34_/B (sky130_fd_sc_hd__nand2_1)
     1    0.01    0.10    0.14    0.55 ^ _34_/Y (sky130_fd_sc_hd__nand2_1)
                                         _11_ (net)
                  0.10    0.00    0.55 ^ _36_/C (sky130_fd_sc_hd__and4b_1)
     1    0.01    0.11    0.25    0.79 ^ _36_/X (sky130_fd_sc_hd__and4b_1)
                                         _13_ (net)
                  0.11    0.00    0.80 ^ _37_/A (sky130_fd_sc_hd__buf_1)
     1    0.01    0.10    0.14    0.94 ^ _37_/X (sky130_fd_sc_hd__buf_1)
                                         _01_ (net)
                  0.10    0.00    0.94 ^ _47_/D (sky130_fd_sc_hd__dfxtp_4)
                                  0.94   data arrival time

                  0.00    0.00    0.00   clock core_clock (rise edge)
                          0.00    0.00   clock network delay (ideal)
                          0.00    0.00   clock reconvergence pessimism
                                  0.00 ^ _47_/CLK (sky130_fd_sc_hd__dfxtp_4)
                         -0.05   -0.05   library hold time
                                 -0.05   data required time
-----------------------------------------------------------------------------
                                 -0.05   data required time
                                 -0.94   data arrival time
-----------------------------------------------------------------------------
                                  0.99   slack (MET)


Startpoint: _47_ (rising edge-triggered flip-flop clocked by core_clock)
Endpoint: _48_ (rising edge-triggered flip-flop clocked by core_clock)
Path Group: core_clock
Path Type: min

Fanout     Cap    Slew   Delay    Time   Description
-----------------------------------------------------------------------------
                  0.00    0.00    0.00   clock core_clock (rise edge)
                          0.00    0.00   clock network delay (ideal)
                  0.00    0.00    0.00 ^ _47_/CLK (sky130_fd_sc_hd__dfxtp_4)
    10    0.08    0.12    0.40    0.40 v _47_/Q (sky130_fd_sc_hd__dfxtp_4)
                                         display_out.in[1] (net)
                  0.12    0.00    0.41 v _38_/B (sky130_fd_sc_hd__nand3_1)
     1    0.01    0.13    0.17    0.57 ^ _38_/Y (sky130_fd_sc_hd__nand3_1)
                                         _14_ (net)
                  0.13    0.00    0.58 ^ _40_/C (sky130_fd_sc_hd__and4b_2)
     1    0.02    0.12    0.30    0.87 ^ _40_/X (sky130_fd_sc_hd__and4b_2)
                                         _16_ (net)
                  0.12    0.00    0.88 ^ _41_/A (sky130_fd_sc_hd__buf_1)
     1    0.01    0.12    0.16    1.03 ^ _41_/X (sky130_fd_sc_hd__buf_1)
                                         _02_ (net)
                  0.12    0.00    1.03 ^ _48_/D (sky130_fd_sc_hd__dfxtp_4)
                                  1.03   data arrival time

                  0.00    0.00    0.00   clock core_clock (rise edge)
                          0.00    0.00   clock network delay (ideal)
                          0.00    0.00   clock reconvergence pessimism
                                  0.00 ^ _48_/CLK (sky130_fd_sc_hd__dfxtp_4)
                         -0.05   -0.05   library hold time
                                 -0.05   data required time
-----------------------------------------------------------------------------
                                 -0.05   data required time
                                 -1.03   data arrival time
-----------------------------------------------------------------------------
                                  1.09   slack (MET)


Startpoint: _47_ (rising edge-triggered flip-flop clocked by core_clock)
Endpoint: _49_ (rising edge-triggered flip-flop clocked by core_clock)
Path Group: core_clock
Path Type: min

Fanout     Cap    Slew   Delay    Time   Description
-----------------------------------------------------------------------------
                  0.00    0.00    0.00   clock core_clock (rise edge)
                          0.00    0.00   clock network delay (ideal)
                  0.00    0.00    0.00 ^ _47_/CLK (sky130_fd_sc_hd__dfxtp_4)
    10    0.08    0.12    0.40    0.40 v _47_/Q (sky130_fd_sc_hd__dfxtp_4)
                                         display_out.in[1] (net)
                  0.12    0.01    0.41 v _42_/B (sky130_fd_sc_hd__nand4_4)
     1    0.02    0.09    0.15    0.56 ^ _42_/Y (sky130_fd_sc_hd__nand4_4)
                                         _17_ (net)
                  0.09    0.00    0.56 ^ _44_/C (sky130_fd_sc_hd__and4b_2)
     1    0.02    0.13    0.30    0.86 ^ _44_/X (sky130_fd_sc_hd__and4b_2)
                                         _19_ (net)
                  0.13    0.00    0.86 ^ _45_/A (sky130_fd_sc_hd__buf_2)
     1    0.03    0.17    0.22    1.09 ^ _45_/X (sky130_fd_sc_hd__buf_2)
                                         _03_ (net)
                  0.17    0.01    1.09 ^ _49_/D (sky130_fd_sc_hd__dfxtp_4)
                                  1.09   data arrival time

                  0.00    0.00    0.00   clock core_clock (rise edge)
                          0.00    0.00   clock network delay (ideal)
                          0.00    0.00   clock reconvergence pessimism
                                  0.00 ^ _49_/CLK (sky130_fd_sc_hd__dfxtp_4)
                         -0.06   -0.06   library hold time
                                 -0.06   data required time
-----------------------------------------------------------------------------
                                 -0.06   data required time
                                 -1.09   data arrival time
-----------------------------------------------------------------------------
                                  1.15   slack (MET)



worst slack corner Typical: 0.8019
