
===========================================================================
report_checks -path_delay max (Setup)
============================================================================
======================= Typical Corner ===================================

Startpoint: _46_ (rising edge-triggered flip-flop clocked by core_clock)
Endpoint: _49_ (rising edge-triggered flip-flop clocked by core_clock)
Path Group: core_clock
Path Type: max

Fanout     Cap    Slew   Delay    Time   Description
-----------------------------------------------------------------------------
                  0.00    0.00    0.00   clock core_clock (rise edge)
                          0.00    0.00   clock network delay (ideal)
                  0.00    0.00    0.00 ^ _46_/CLK (sky130_fd_sc_hd__dfxtp_2)
     2    0.03    0.18    0.40    0.40 ^ _46_/Q (sky130_fd_sc_hd__dfxtp_2)
                                         display_out.in[0] (net)
                  0.18    0.01    0.40 ^ _20_/A (sky130_fd_sc_hd__buf_6)
    10    0.09    0.17    0.23    0.63 ^ _20_/X (sky130_fd_sc_hd__buf_6)
                                         _04_ (net)
                  0.18    0.00    0.64 ^ _21_/D_N (sky130_fd_sc_hd__or4bb_4)
     5    0.05    0.16    0.60    1.23 v _21_/X (sky130_fd_sc_hd__or4bb_4)
                                         _05_ (net)
                  0.16    0.01    1.24 v _44_/B (sky130_fd_sc_hd__and4b_2)
     1    0.02    0.08    0.30    1.54 v _44_/X (sky130_fd_sc_hd__and4b_2)
                                         _19_ (net)
                  0.08    0.00    1.54 v _45_/A (sky130_fd_sc_hd__buf_2)
     1    0.03    0.09    0.19    1.74 v _45_/X (sky130_fd_sc_hd__buf_2)
                                         _03_ (net)
                  0.09    0.01    1.74 v _49_/D (sky130_fd_sc_hd__dfxtp_4)
                                  1.74   data arrival time

                  0.00   10.00   10.00   clock core_clock (rise edge)
                          0.00   10.00   clock network delay (ideal)
                          0.00   10.00   clock reconvergence pessimism
                                 10.00 ^ _49_/CLK (sky130_fd_sc_hd__dfxtp_4)
                         -0.14    9.86   library setup time
                                  9.86   data required time
-----------------------------------------------------------------------------
                                  9.86   data required time
                                 -1.74   data arrival time
-----------------------------------------------------------------------------
                                  8.12   slack (MET)


Startpoint: _46_ (rising edge-triggered flip-flop clocked by core_clock)
Endpoint: _48_ (rising edge-triggered flip-flop clocked by core_clock)
Path Group: core_clock
Path Type: max

Fanout     Cap    Slew   Delay    Time   Description
-----------------------------------------------------------------------------
                  0.00    0.00    0.00   clock core_clock (rise edge)
                          0.00    0.00   clock network delay (ideal)
                  0.00    0.00    0.00 ^ _46_/CLK (sky130_fd_sc_hd__dfxtp_2)
     2    0.03    0.18    0.40    0.40 ^ _46_/Q (sky130_fd_sc_hd__dfxtp_2)
                                         display_out.in[0] (net)
                  0.18    0.01    0.40 ^ _20_/A (sky130_fd_sc_hd__buf_6)
    10    0.09    0.17    0.23    0.63 ^ _20_/X (sky130_fd_sc_hd__buf_6)
                                         _04_ (net)
                  0.18    0.00    0.64 ^ _21_/D_N (sky130_fd_sc_hd__or4bb_4)
     5    0.05    0.16    0.60    1.23 v _21_/X (sky130_fd_sc_hd__or4bb_4)
                                         _05_ (net)
                  0.16    0.01    1.24 v _40_/B (sky130_fd_sc_hd__and4b_2)
     1    0.02    0.08    0.30    1.54 v _40_/X (sky130_fd_sc_hd__and4b_2)
                                         _16_ (net)
                  0.08    0.00    1.54 v _41_/A (sky130_fd_sc_hd__buf_1)
     1    0.01    0.06    0.13    1.67 v _41_/X (sky130_fd_sc_hd__buf_1)
                                         _02_ (net)
                  0.06    0.00    1.67 v _48_/D (sky130_fd_sc_hd__dfxtp_4)
                                  1.67   data arrival time

                  0.00   10.00   10.00   clock core_clock (rise edge)
                          0.00   10.00   clock network delay (ideal)
                          0.00   10.00   clock reconvergence pessimism
                                 10.00 ^ _48_/CLK (sky130_fd_sc_hd__dfxtp_4)
                         -0.13    9.87   library setup time
                                  9.87   data required time
-----------------------------------------------------------------------------
                                  9.87   data required time
                                 -1.67   data arrival time
-----------------------------------------------------------------------------
                                  8.20   slack (MET)


Startpoint: _46_ (rising edge-triggered flip-flop clocked by core_clock)
Endpoint: _47_ (rising edge-triggered flip-flop clocked by core_clock)
Path Group: core_clock
Path Type: max

Fanout     Cap    Slew   Delay    Time   Description
-----------------------------------------------------------------------------
                  0.00    0.00    0.00   clock core_clock (rise edge)
                          0.00    0.00   clock network delay (ideal)
                  0.00    0.00    0.00 ^ _46_/CLK (sky130_fd_sc_hd__dfxtp_2)
     2    0.03    0.18    0.40    0.40 ^ _46_/Q (sky130_fd_sc_hd__dfxtp_2)
                                         display_out.in[0] (net)
                  0.18    0.01    0.40 ^ _20_/A (sky130_fd_sc_hd__buf_6)
    10    0.09    0.17    0.23    0.63 ^ _20_/X (sky130_fd_sc_hd__buf_6)
                                         _04_ (net)
                  0.18    0.00    0.64 ^ _21_/D_N (sky130_fd_sc_hd__or4bb_4)
     5    0.05    0.16    0.60    1.23 v _21_/X (sky130_fd_sc_hd__or4bb_4)
                                         _05_ (net)
                  0.16    0.00    1.23 v _36_/B (sky130_fd_sc_hd__and4b_1)
     1    0.01    0.07    0.25    1.49 v _36_/X (sky130_fd_sc_hd__and4b_1)
                                         _13_ (net)
                  0.07    0.00    1.49 v _37_/A (sky130_fd_sc_hd__buf_1)
     1    0.01    0.05    0.12    1.61 v _37_/X (sky130_fd_sc_hd__buf_1)
                                         _01_ (net)
                  0.05    0.00    1.61 v _47_/D (sky130_fd_sc_hd__dfxtp_4)
                                  1.61   data arrival time

                  0.00   10.00   10.00   clock core_clock (rise edge)
                          0.00   10.00   clock network delay (ideal)
                          0.00   10.00   clock reconvergence pessimism
                                 10.00 ^ _47_/CLK (sky130_fd_sc_hd__dfxtp_4)
                         -0.13    9.87   library setup time
                                  9.87   data required time
-----------------------------------------------------------------------------
                                  9.87   data required time
                                 -1.61   data arrival time
-----------------------------------------------------------------------------
                                  8.26   slack (MET)


Startpoint: _46_ (rising edge-triggered flip-flop clocked by core_clock)
Endpoint: _46_ (rising edge-triggered flip-flop clocked by core_clock)
Path Group: core_clock
Path Type: max

Fanout     Cap    Slew   Delay    Time   Description
-----------------------------------------------------------------------------
                  0.00    0.00    0.00   clock core_clock (rise edge)
                          0.00    0.00   clock network delay (ideal)
                  0.00    0.00    0.00 ^ _46_/CLK (sky130_fd_sc_hd__dfxtp_2)
     2    0.03    0.09    0.35    0.35 v _46_/Q (sky130_fd_sc_hd__dfxtp_2)
                                         display_out.in[0] (net)
                  0.09    0.01    0.35 v _20_/A (sky130_fd_sc_hd__buf_6)
    10    0.08    0.08    0.19    0.54 v _20_/X (sky130_fd_sc_hd__buf_6)
                                         _04_ (net)
                  0.08    0.01    0.55 v _33_/A (sky130_fd_sc_hd__nor2_2)
     1    0.02    0.21    0.22    0.77 ^ _33_/Y (sky130_fd_sc_hd__nor2_2)
                                         _00_ (net)
                  0.21    0.00    0.77 ^ _46_/D (sky130_fd_sc_hd__dfxtp_2)
                                  0.77   data arrival time

                  0.00   10.00   10.00   clock core_clock (rise edge)
                          0.00   10.00   clock network delay (ideal)
                          0.00   10.00   clock reconvergence pessimism
                                 10.00 ^ _46_/CLK (sky130_fd_sc_hd__dfxtp_2)
                         -0.11    9.89   library setup time
                                  9.89   data required time
-----------------------------------------------------------------------------
                                  9.89   data required time
                                 -0.77   data arrival time
-----------------------------------------------------------------------------
                                  9.13   slack (MET)



worst slack corner Typical: 8.1174
