
===========================================================================
report_checks -path_delay max (Setup)
============================================================================
======================= Typical Corner ===================================

Startpoint: A[4] (input port clocked by __VIRTUAL_CLK__)
Endpoint: out[7] (output port clocked by __VIRTUAL_CLK__)
Path Group: __VIRTUAL_CLK__
Path Type: max

Fanout     Cap    Slew   Delay    Time   Description
-----------------------------------------------------------------------------
                  0.00    0.00    0.00   clock __VIRTUAL_CLK__ (rise edge)
                          0.00    0.00   clock network delay (ideal)
                          2.00    2.00 v input external delay
     1    0.00    0.01    0.00    2.00 v A[4] (in)
                                         A[4] (net)
                  0.01    0.00    2.00 v input5/A (sky130_fd_sc_hd__buf_2)
     4    0.03    0.09    0.17    2.17 v input5/X (sky130_fd_sc_hd__buf_2)
                                         net5 (net)
                  0.09    0.00    2.17 v _347_/D (sky130_fd_sc_hd__and4_2)
     3    0.03    0.10    0.33    2.51 v _347_/X (sky130_fd_sc_hd__and4_2)
                                         _026_ (net)
                  0.10    0.00    2.51 v _349_/B (sky130_fd_sc_hd__or3_2)
     2    0.01    0.11    0.54    3.05 v _349_/X (sky130_fd_sc_hd__or3_2)
                                         _028_ (net)
                  0.11    0.00    3.05 v _353_/A1 (sky130_fd_sc_hd__a21o_2)
     2    0.02    0.08    0.28    3.33 v _353_/X (sky130_fd_sc_hd__a21o_2)
                                         _032_ (net)
                  0.08    0.00    3.33 v _397_/A2 (sky130_fd_sc_hd__a21o_2)
     3    0.03    0.11    0.31    3.65 v _397_/X (sky130_fd_sc_hd__a21o_2)
                                         _075_ (net)
                  0.11    0.00    3.65 v _398_/C (sky130_fd_sc_hd__and3_1)
     2    0.01    0.09    0.27    3.92 v _398_/X (sky130_fd_sc_hd__and3_1)
                                         _076_ (net)
                  0.09    0.00    3.92 v _401_/B (sky130_fd_sc_hd__or3_4)
     4    0.03    0.10    0.46    4.38 v _401_/X (sky130_fd_sc_hd__or3_4)
                                         _079_ (net)
                  0.10    0.00    4.38 v _465_/A2 (sky130_fd_sc_hd__a211o_2)
     2    0.02    0.10    0.44    4.81 v _465_/X (sky130_fd_sc_hd__a211o_2)
                                         _141_ (net)
                  0.10    0.00    4.81 v _494_/A (sky130_fd_sc_hd__or3_1)
     2    0.01    0.11    0.46    5.27 v _494_/X (sky130_fd_sc_hd__or3_1)
                                         _170_ (net)
                  0.11    0.00    5.27 v _496_/B (sky130_fd_sc_hd__and3_2)
     1    0.02    0.07    0.28    5.55 v _496_/X (sky130_fd_sc_hd__and3_2)
                                         _172_ (net)
                  0.07    0.00    5.55 v _498_/A1 (sky130_fd_sc_hd__o21a_2)
     1    0.02    0.07    0.28    5.83 v _498_/X (sky130_fd_sc_hd__o21a_2)
                                         _174_ (net)
                  0.07    0.00    5.83 v _503_/A2 (sky130_fd_sc_hd__o32a_2)
     1    0.02    0.09    0.45    6.28 v _503_/X (sky130_fd_sc_hd__o32a_2)
                                         net27 (net)
                  0.09    0.00    6.28 v output27/A (sky130_fd_sc_hd__buf_2)
     1    0.03    0.09    0.21    6.49 v output27/X (sky130_fd_sc_hd__buf_2)
                                         out[7] (net)
                  0.09    0.00    6.49 v out[7] (out)
                                  6.49   data arrival time

                  0.00   10.00   10.00   clock __VIRTUAL_CLK__ (rise edge)
                          0.00   10.00   clock network delay (ideal)
                         -0.25    9.75   clock uncertainty
                          0.00    9.75   clock reconvergence pessimism
                         -2.00    7.75   output external delay
                                  7.75   data required time
-----------------------------------------------------------------------------
                                  7.75   data required time
                                 -6.49   data arrival time
-----------------------------------------------------------------------------
                                  1.26   slack (MET)


Startpoint: A[4] (input port clocked by __VIRTUAL_CLK__)
Endpoint: out[6] (output port clocked by __VIRTUAL_CLK__)
Path Group: __VIRTUAL_CLK__
Path Type: max

Fanout     Cap    Slew   Delay    Time   Description
-----------------------------------------------------------------------------
                  0.00    0.00    0.00   clock __VIRTUAL_CLK__ (rise edge)
                          0.00    0.00   clock network delay (ideal)
                          2.00    2.00 v input external delay
     1    0.00    0.01    0.00    2.00 v A[4] (in)
                                         A[4] (net)
                  0.01    0.00    2.00 v input5/A (sky130_fd_sc_hd__buf_2)
     4    0.03    0.09    0.17    2.17 v input5/X (sky130_fd_sc_hd__buf_2)
                                         net5 (net)
                  0.09    0.00    2.17 v _347_/D (sky130_fd_sc_hd__and4_2)
     3    0.03    0.10    0.33    2.51 v _347_/X (sky130_fd_sc_hd__and4_2)
                                         _026_ (net)
                  0.10    0.00    2.51 v _349_/B (sky130_fd_sc_hd__or3_2)
     2    0.01    0.11    0.54    3.05 v _349_/X (sky130_fd_sc_hd__or3_2)
                                         _028_ (net)
                  0.11    0.00    3.05 v _353_/A1 (sky130_fd_sc_hd__a21o_2)
     2    0.02    0.08    0.28    3.33 v _353_/X (sky130_fd_sc_hd__a21o_2)
                                         _032_ (net)
                  0.08    0.00    3.33 v _397_/A2 (sky130_fd_sc_hd__a21o_2)
     3    0.03    0.11    0.31    3.65 v _397_/X (sky130_fd_sc_hd__a21o_2)
                                         _075_ (net)
                  0.11    0.00    3.65 v _398_/C (sky130_fd_sc_hd__and3_1)
     2    0.01    0.09    0.27    3.92 v _398_/X (sky130_fd_sc_hd__and3_1)
                                         _076_ (net)
                  0.09    0.00    3.92 v _401_/B (sky130_fd_sc_hd__or3_4)
     4    0.03    0.10    0.46    4.38 v _401_/X (sky130_fd_sc_hd__or3_4)
                                         _079_ (net)
                  0.10    0.00    4.38 v _437_/C1 (sky130_fd_sc_hd__o211a_1)
     2    0.01    0.08    0.18    4.56 v _437_/X (sky130_fd_sc_hd__o211a_1)
                                         _114_ (net)
                  0.08    0.00    4.56 v _439_/B (sky130_fd_sc_hd__or2_1)
     1    0.01    0.07    0.26    4.82 v _439_/X (sky130_fd_sc_hd__or2_1)
                                         _116_ (net)
                  0.07    0.00    4.82 v _440_/A2 (sky130_fd_sc_hd__a21bo_1)
     1    0.01    0.07    0.25    5.07 v _440_/X (sky130_fd_sc_hd__a21bo_1)
                                         _117_ (net)
                  0.07    0.00    5.08 v _441_/B (sky130_fd_sc_hd__or2_1)
     1    0.01    0.09    0.28    5.36 v _441_/X (sky130_fd_sc_hd__or2_1)
                                         _118_ (net)
                  0.09    0.00    5.36 v _453_/B1 (sky130_fd_sc_hd__a22oi_4)
     1    0.02    0.24    0.24    5.59 ^ _453_/Y (sky130_fd_sc_hd__a22oi_4)
                                         net26 (net)
                  0.24    0.00    5.60 ^ output26/A (sky130_fd_sc_hd__buf_2)
     1    0.03    0.17    0.27    5.87 ^ output26/X (sky130_fd_sc_hd__buf_2)
                                         out[6] (net)
                  0.17    0.00    5.87 ^ out[6] (out)
                                  5.87   data arrival time

                  0.00   10.00   10.00   clock __VIRTUAL_CLK__ (rise edge)
                          0.00   10.00   clock network delay (ideal)
                         -0.25    9.75   clock uncertainty
                          0.00    9.75   clock reconvergence pessimism
                         -2.00    7.75   output external delay
                                  7.75   data required time
-----------------------------------------------------------------------------
                                  7.75   data required time
                                 -5.87   data arrival time
-----------------------------------------------------------------------------
                                  1.88   slack (MET)


Startpoint: A[4] (input port clocked by __VIRTUAL_CLK__)
Endpoint: out[5] (output port clocked by __VIRTUAL_CLK__)
Path Group: __VIRTUAL_CLK__
Path Type: max

Fanout     Cap    Slew   Delay    Time   Description
-----------------------------------------------------------------------------
                  0.00    0.00    0.00   clock __VIRTUAL_CLK__ (rise edge)
                          0.00    0.00   clock network delay (ideal)
                          2.00    2.00 v input external delay
     1    0.00    0.01    0.00    2.00 v A[4] (in)
                                         A[4] (net)
                  0.01    0.00    2.00 v input5/A (sky130_fd_sc_hd__buf_2)
     4    0.03    0.09    0.17    2.17 v input5/X (sky130_fd_sc_hd__buf_2)
                                         net5 (net)
                  0.09    0.00    2.17 v _347_/D (sky130_fd_sc_hd__and4_2)
     3    0.03    0.10    0.33    2.51 v _347_/X (sky130_fd_sc_hd__and4_2)
                                         _026_ (net)
                  0.10    0.00    2.51 v _349_/B (sky130_fd_sc_hd__or3_2)
     2    0.01    0.11    0.54    3.05 v _349_/X (sky130_fd_sc_hd__or3_2)
                                         _028_ (net)
                  0.11    0.00    3.05 v _353_/A1 (sky130_fd_sc_hd__a21o_2)
     2    0.02    0.08    0.28    3.33 v _353_/X (sky130_fd_sc_hd__a21o_2)
                                         _032_ (net)
                  0.08    0.00    3.33 v _397_/A2 (sky130_fd_sc_hd__a21o_2)
     3    0.03    0.11    0.31    3.65 v _397_/X (sky130_fd_sc_hd__a21o_2)
                                         _075_ (net)
                  0.11    0.00    3.65 v _398_/C (sky130_fd_sc_hd__and3_1)
     2    0.01    0.09    0.27    3.92 v _398_/X (sky130_fd_sc_hd__and3_1)
                                         _076_ (net)
                  0.09    0.00    3.92 v _401_/B (sky130_fd_sc_hd__or3_4)
     4    0.03    0.10    0.46    4.38 v _401_/X (sky130_fd_sc_hd__or3_4)
                                         _079_ (net)
                  0.10    0.00    4.38 v _402_/B (sky130_fd_sc_hd__nand2_2)
     3    0.02    0.14    0.16    4.54 ^ _402_/Y (sky130_fd_sc_hd__nand2_2)
                                         _080_ (net)
                  0.14    0.00    4.54 ^ _403_/B1 (sky130_fd_sc_hd__a21o_1)
     2    0.02    0.16    0.20    4.74 ^ _403_/X (sky130_fd_sc_hd__a21o_1)
                                         _081_ (net)
                  0.16    0.00    4.74 ^ _408_/A2 (sky130_fd_sc_hd__a31o_1)
     1    0.01    0.08    0.20    4.94 ^ _408_/X (sky130_fd_sc_hd__a31o_1)
                                         _086_ (net)
                  0.08    0.00    4.94 ^ _409_/B1 (sky130_fd_sc_hd__a21oi_2)
     1    0.01    0.08    0.06    5.00 v _409_/Y (sky130_fd_sc_hd__a21oi_2)
                                         _087_ (net)
                  0.08    0.00    5.00 v _410_/B1 (sky130_fd_sc_hd__a21oi_2)
     1    0.02    0.22    0.22    5.22 ^ _410_/Y (sky130_fd_sc_hd__a21oi_2)
                                         net25 (net)
                  0.22    0.00    5.22 ^ output25/A (sky130_fd_sc_hd__buf_2)
     1    0.03    0.17    0.27    5.49 ^ output25/X (sky130_fd_sc_hd__buf_2)
                                         out[5] (net)
                  0.17    0.00    5.49 ^ out[5] (out)
                                  5.49   data arrival time

                  0.00   10.00   10.00   clock __VIRTUAL_CLK__ (rise edge)
                          0.00   10.00   clock network delay (ideal)
                         -0.25    9.75   clock uncertainty
                          0.00    9.75   clock reconvergence pessimism
                         -2.00    7.75   output external delay
                                  7.75   data required time
-----------------------------------------------------------------------------
                                  7.75   data required time
                                 -5.49   data arrival time
-----------------------------------------------------------------------------
                                  2.26   slack (MET)


Startpoint: A[4] (input port clocked by __VIRTUAL_CLK__)
Endpoint: out[4] (output port clocked by __VIRTUAL_CLK__)
Path Group: __VIRTUAL_CLK__
Path Type: max

Fanout     Cap    Slew   Delay    Time   Description
-----------------------------------------------------------------------------
                  0.00    0.00    0.00   clock __VIRTUAL_CLK__ (rise edge)
                          0.00    0.00   clock network delay (ideal)
                          2.00    2.00 v input external delay
     1    0.00    0.01    0.00    2.00 v A[4] (in)
                                         A[4] (net)
                  0.01    0.00    2.00 v input5/A (sky130_fd_sc_hd__buf_2)
     4    0.03    0.09    0.17    2.17 v input5/X (sky130_fd_sc_hd__buf_2)
                                         net5 (net)
                  0.09    0.00    2.17 v _347_/D (sky130_fd_sc_hd__and4_2)
     3    0.03    0.10    0.33    2.51 v _347_/X (sky130_fd_sc_hd__and4_2)
                                         _026_ (net)
                  0.10    0.00    2.51 v _349_/B (sky130_fd_sc_hd__or3_2)
     2    0.01    0.11    0.54    3.05 v _349_/X (sky130_fd_sc_hd__or3_2)
                                         _028_ (net)
                  0.11    0.00    3.05 v _352_/A (sky130_fd_sc_hd__and3_1)
     2    0.02    0.09    0.23    3.29 v _352_/X (sky130_fd_sc_hd__and3_1)
                                         _031_ (net)
                  0.09    0.00    3.29 v _354_/A (sky130_fd_sc_hd__or2b_2)
     1    0.02    0.09    0.37    3.66 v _354_/X (sky130_fd_sc_hd__or2b_2)
                                         _033_ (net)
                  0.09    0.00    3.66 v _355_/B (sky130_fd_sc_hd__xnor2_4)
     2    0.03    0.11    0.19    3.85 v _355_/Y (sky130_fd_sc_hd__xnor2_4)
                                         _034_ (net)
                  0.11    0.00    3.85 v _357_/B (sky130_fd_sc_hd__or2_2)
     2    0.02    0.10    0.37    4.23 v _357_/X (sky130_fd_sc_hd__or2_2)
                                         _036_ (net)
                  0.10    0.00    4.23 v _358_/A2 (sky130_fd_sc_hd__a21bo_2)
     1    0.02    0.08    0.29    4.52 v _358_/X (sky130_fd_sc_hd__a21bo_2)
                                         _037_ (net)
                  0.08    0.00    4.52 v _360_/B (sky130_fd_sc_hd__and3_1)
     1    0.01    0.08    0.23    4.75 v _360_/X (sky130_fd_sc_hd__and3_1)
                                         _039_ (net)
                  0.08    0.00    4.76 v _373_/B1 (sky130_fd_sc_hd__o2bb2a_1)
     1    0.01    0.08    0.35    5.11 v _373_/X (sky130_fd_sc_hd__o2bb2a_1)
                                         net24 (net)
                  0.08    0.00    5.11 v output24/A (sky130_fd_sc_hd__buf_2)
     1    0.03    0.09    0.20    5.31 v output24/X (sky130_fd_sc_hd__buf_2)
                                         out[4] (net)
                  0.09    0.00    5.31 v out[4] (out)
                                  5.31   data arrival time

                  0.00   10.00   10.00   clock __VIRTUAL_CLK__ (rise edge)
                          0.00   10.00   clock network delay (ideal)
                         -0.25    9.75   clock uncertainty
                          0.00    9.75   clock reconvergence pessimism
                         -2.00    7.75   output external delay
                                  7.75   data required time
-----------------------------------------------------------------------------
                                  7.75   data required time
                                 -5.31   data arrival time
-----------------------------------------------------------------------------
                                  2.44   slack (MET)


Startpoint: B[1] (input port clocked by __VIRTUAL_CLK__)
Endpoint: out[3] (output port clocked by __VIRTUAL_CLK__)
Path Group: __VIRTUAL_CLK__
Path Type: max

Fanout     Cap    Slew   Delay    Time   Description
-----------------------------------------------------------------------------
                  0.00    0.00    0.00   clock __VIRTUAL_CLK__ (rise edge)
                          0.00    0.00   clock network delay (ideal)
                          2.00    2.00 v input external delay
     1    0.00    0.01    0.00    2.00 v B[1] (in)
                                         B[1] (net)
                  0.01    0.00    2.00 v input10/A (sky130_fd_sc_hd__clkbuf_4)
     4    0.04    0.08    0.18    2.18 v input10/X (sky130_fd_sc_hd__clkbuf_4)
                                         net10 (net)
                  0.08    0.00    2.18 v _266_/A (sky130_fd_sc_hd__buf_6)
    10    0.08    0.08    0.20    2.38 v _266_/X (sky130_fd_sc_hd__buf_6)
                                         _196_ (net)
                  0.08    0.00    2.38 v _267_/A (sky130_fd_sc_hd__clkbuf_8)
    10    0.06    0.08    0.21    2.59 v _267_/X (sky130_fd_sc_hd__clkbuf_8)
                                         _197_ (net)
                  0.08    0.00    2.59 v _277_/B (sky130_fd_sc_hd__and3_2)
     2    0.02    0.08    0.27    2.86 v _277_/X (sky130_fd_sc_hd__and3_2)
                                         _207_ (net)
                  0.08    0.00    2.86 v _279_/C (sky130_fd_sc_hd__or3_2)
     2    0.01    0.11    0.49    3.36 v _279_/X (sky130_fd_sc_hd__or3_2)
                                         _209_ (net)
                  0.11    0.00    3.36 v _301_/A2 (sky130_fd_sc_hd__a21o_2)
     3    0.02    0.08    0.30    3.65 v _301_/X (sky130_fd_sc_hd__a21o_2)
                                         _230_ (net)
                  0.08    0.00    3.65 v _312_/A2 (sky130_fd_sc_hd__a21o_2)
     3    0.02    0.08    0.28    3.93 v _312_/X (sky130_fd_sc_hd__a21o_2)
                                         _240_ (net)
                  0.08    0.00    3.94 v _318_/A (sky130_fd_sc_hd__and3_1)
     1    0.02    0.09    0.22    4.16 v _318_/X (sky130_fd_sc_hd__and3_1)
                                         _246_ (net)
                  0.09    0.00    4.16 v _320_/A_N (sky130_fd_sc_hd__and3b_1)
     1    0.02    0.16    0.32    4.48 ^ _320_/X (sky130_fd_sc_hd__and3b_1)
                                         _000_ (net)
                  0.16    0.00    4.48 ^ _339_/B1 (sky130_fd_sc_hd__o2bb2a_2)
     1    0.02    0.11    0.27    4.75 ^ _339_/X (sky130_fd_sc_hd__o2bb2a_2)
                                         net23 (net)
                  0.11    0.00    4.75 ^ output23/A (sky130_fd_sc_hd__buf_2)
     1    0.03    0.17    0.23    4.98 ^ output23/X (sky130_fd_sc_hd__buf_2)
                                         out[3] (net)
                  0.17    0.00    4.98 ^ out[3] (out)
                                  4.98   data arrival time

                  0.00   10.00   10.00   clock __VIRTUAL_CLK__ (rise edge)
                          0.00   10.00   clock network delay (ideal)
                         -0.25    9.75   clock uncertainty
                          0.00    9.75   clock reconvergence pessimism
                         -2.00    7.75   output external delay
                                  7.75   data required time
-----------------------------------------------------------------------------
                                  7.75   data required time
                                 -4.98   data arrival time
-----------------------------------------------------------------------------
                                  2.77   slack (MET)


Startpoint: B[1] (input port clocked by __VIRTUAL_CLK__)
Endpoint: out[2] (output port clocked by __VIRTUAL_CLK__)
Path Group: __VIRTUAL_CLK__
Path Type: max

Fanout     Cap    Slew   Delay    Time   Description
-----------------------------------------------------------------------------
                  0.00    0.00    0.00   clock __VIRTUAL_CLK__ (rise edge)
                          0.00    0.00   clock network delay (ideal)
                          2.00    2.00 v input external delay
     1    0.00    0.01    0.00    2.00 v B[1] (in)
                                         B[1] (net)
                  0.01    0.00    2.00 v input10/A (sky130_fd_sc_hd__clkbuf_4)
     4    0.04    0.08    0.18    2.18 v input10/X (sky130_fd_sc_hd__clkbuf_4)
                                         net10 (net)
                  0.08    0.00    2.18 v _266_/A (sky130_fd_sc_hd__buf_6)
    10    0.08    0.08    0.20    2.38 v _266_/X (sky130_fd_sc_hd__buf_6)
                                         _196_ (net)
                  0.08    0.00    2.38 v _267_/A (sky130_fd_sc_hd__clkbuf_8)
    10    0.06    0.08    0.21    2.59 v _267_/X (sky130_fd_sc_hd__clkbuf_8)
                                         _197_ (net)
                  0.08    0.00    2.59 v _277_/B (sky130_fd_sc_hd__and3_2)
     2    0.02    0.08    0.27    2.86 v _277_/X (sky130_fd_sc_hd__and3_2)
                                         _207_ (net)
                  0.08    0.00    2.86 v _279_/C (sky130_fd_sc_hd__or3_2)
     2    0.01    0.11    0.49    3.36 v _279_/X (sky130_fd_sc_hd__or3_2)
                                         _209_ (net)
                  0.11    0.00    3.36 v _301_/A2 (sky130_fd_sc_hd__a21o_2)
     3    0.02    0.08    0.30    3.65 v _301_/X (sky130_fd_sc_hd__a21o_2)
                                         _230_ (net)
                  0.08    0.00    3.65 v _303_/A2 (sky130_fd_sc_hd__o21a_1)
     1    0.02    0.10    0.25    3.90 v _303_/X (sky130_fd_sc_hd__o21a_1)
                                         _232_ (net)
                  0.10    0.00    3.90 v _308_/A2 (sky130_fd_sc_hd__a211o_1)
     1    0.01    0.06    0.33    4.23 v _308_/X (sky130_fd_sc_hd__a211o_1)
                                         _237_ (net)
                  0.06    0.00    4.23 v _309_/B2 (sky130_fd_sc_hd__o2bb2a_1)
     1    0.01    0.08    0.34    4.57 v _309_/X (sky130_fd_sc_hd__o2bb2a_1)
                                         net22 (net)
                  0.08    0.00    4.57 v output22/A (sky130_fd_sc_hd__buf_2)
     1    0.03    0.09    0.21    4.78 v output22/X (sky130_fd_sc_hd__buf_2)
                                         out[2] (net)
                  0.09    0.00    4.78 v out[2] (out)
                                  4.78   data arrival time

                  0.00   10.00   10.00   clock __VIRTUAL_CLK__ (rise edge)
                          0.00   10.00   clock network delay (ideal)
                         -0.25    9.75   clock uncertainty
                          0.00    9.75   clock reconvergence pessimism
                         -2.00    7.75   output external delay
                                  7.75   data required time
-----------------------------------------------------------------------------
                                  7.75   data required time
                                 -4.78   data arrival time
-----------------------------------------------------------------------------
                                  2.97   slack (MET)


Startpoint: B[1] (input port clocked by __VIRTUAL_CLK__)
Endpoint: out[1] (output port clocked by __VIRTUAL_CLK__)
Path Group: __VIRTUAL_CLK__
Path Type: max

Fanout     Cap    Slew   Delay    Time   Description
-----------------------------------------------------------------------------
                  0.00    0.00    0.00   clock __VIRTUAL_CLK__ (rise edge)
                          0.00    0.00   clock network delay (ideal)
                          2.00    2.00 v input external delay
     1    0.00    0.01    0.00    2.00 v B[1] (in)
                                         B[1] (net)
                  0.01    0.00    2.00 v input10/A (sky130_fd_sc_hd__clkbuf_4)
     4    0.04    0.08    0.18    2.18 v input10/X (sky130_fd_sc_hd__clkbuf_4)
                                         net10 (net)
                  0.08    0.00    2.18 v _266_/A (sky130_fd_sc_hd__buf_6)
    10    0.08    0.08    0.20    2.38 v _266_/X (sky130_fd_sc_hd__buf_6)
                                         _196_ (net)
                  0.08    0.00    2.38 v _267_/A (sky130_fd_sc_hd__clkbuf_8)
    10    0.06    0.08    0.21    2.59 v _267_/X (sky130_fd_sc_hd__clkbuf_8)
                                         _197_ (net)
                  0.08    0.00    2.59 v _277_/B (sky130_fd_sc_hd__and3_2)
     2    0.02    0.08    0.27    2.86 v _277_/X (sky130_fd_sc_hd__and3_2)
                                         _207_ (net)
                  0.08    0.00    2.86 v _279_/C (sky130_fd_sc_hd__or3_2)
     2    0.01    0.11    0.49    3.36 v _279_/X (sky130_fd_sc_hd__or3_2)
                                         _209_ (net)
                  0.11    0.00    3.36 v _280_/B_N (sky130_fd_sc_hd__or2b_1)
     1    0.01    0.14    0.26    3.62 ^ _280_/X (sky130_fd_sc_hd__or2b_1)
                                         _210_ (net)
                  0.14    0.00    3.62 ^ _281_/B (sky130_fd_sc_hd__xnor2_2)
     1    0.01    0.09    0.12    3.73 v _281_/Y (sky130_fd_sc_hd__xnor2_2)
                                         _211_ (net)
                  0.09    0.00    3.74 v _286_/A2 (sky130_fd_sc_hd__a211o_1)
     1    0.01    0.09    0.37    4.11 v _286_/X (sky130_fd_sc_hd__a211o_1)
                                         _216_ (net)
                  0.09    0.00    4.11 v _287_/B2 (sky130_fd_sc_hd__o2bb2a_1)
     1    0.01    0.10    0.36    4.47 v _287_/X (sky130_fd_sc_hd__o2bb2a_1)
                                         net21 (net)
                  0.10    0.00    4.47 v output21/A (sky130_fd_sc_hd__buf_2)
     1    0.03    0.09    0.21    4.69 v output21/X (sky130_fd_sc_hd__buf_2)
                                         out[1] (net)
                  0.09    0.00    4.69 v out[1] (out)
                                  4.69   data arrival time

                  0.00   10.00   10.00   clock __VIRTUAL_CLK__ (rise edge)
                          0.00   10.00   clock network delay (ideal)
                         -0.25    9.75   clock uncertainty
                          0.00    9.75   clock reconvergence pessimism
                         -2.00    7.75   output external delay
                                  7.75   data required time
-----------------------------------------------------------------------------
                                  7.75   data required time
                                 -4.69   data arrival time
-----------------------------------------------------------------------------
                                  3.06   slack (MET)


Startpoint: opcode[0] (input port clocked by __VIRTUAL_CLK__)
Endpoint: out[0] (output port clocked by __VIRTUAL_CLK__)
Path Group: __VIRTUAL_CLK__
Path Type: max

Fanout     Cap    Slew   Delay    Time   Description
-----------------------------------------------------------------------------
                  0.00    0.00    0.00   clock __VIRTUAL_CLK__ (rise edge)
                          0.00    0.00   clock network delay (ideal)
                          2.00    2.00 v input external delay
     1    0.00    0.01    0.01    2.01 v opcode[0] (in)
                                         opcode[0] (net)
                  0.01    0.00    2.01 v input17/A (sky130_fd_sc_hd__buf_4)
     5    0.05    0.08    0.18    2.18 v input17/X (sky130_fd_sc_hd__buf_4)
                                         net17 (net)
                  0.08    0.01    2.19 v _249_/A (sky130_fd_sc_hd__or2_4)
     5    0.05    0.10    0.35    2.54 v _249_/X (sky130_fd_sc_hd__or2_4)
                                         _180_ (net)
                  0.11    0.01    2.54 v _258_/B (sky130_fd_sc_hd__nor2_4)
     8    0.04    0.29    0.27    2.82 ^ _258_/Y (sky130_fd_sc_hd__nor2_4)
                                         _189_ (net)
                  0.29    0.00    2.82 ^ _260_/A1 (sky130_fd_sc_hd__o211a_1)
     1    0.01    0.06    0.23    3.05 ^ _260_/X (sky130_fd_sc_hd__o211a_1)
                                         _191_ (net)
                  0.06    0.00    3.05 ^ _261_/B1 (sky130_fd_sc_hd__a31o_1)
     1    0.02    0.16    0.19    3.23 ^ _261_/X (sky130_fd_sc_hd__a31o_1)
                                         _192_ (net)
                  0.16    0.00    3.24 ^ _262_/B2 (sky130_fd_sc_hd__a2bb2o_1)
     1    0.00    0.06    0.17    3.41 ^ _262_/X (sky130_fd_sc_hd__a2bb2o_1)
                                         net20 (net)
                  0.06    0.00    3.41 ^ output20/A (sky130_fd_sc_hd__buf_2)
     1    0.03    0.17    0.21    3.62 ^ output20/X (sky130_fd_sc_hd__buf_2)
                                         out[0] (net)
                  0.17    0.00    3.62 ^ out[0] (out)
                                  3.62   data arrival time

                  0.00   10.00   10.00   clock __VIRTUAL_CLK__ (rise edge)
                          0.00   10.00   clock network delay (ideal)
                         -0.25    9.75   clock uncertainty
                          0.00    9.75   clock reconvergence pessimism
                         -2.00    7.75   output external delay
                                  7.75   data required time
-----------------------------------------------------------------------------
                                  7.75   data required time
                                 -3.62   data arrival time
-----------------------------------------------------------------------------
                                  4.13   slack (MET)



worst slack corner Typical: 1.2613
