
===========================================================================
 report_power
============================================================================
======================= Fastest Corner ===================================

Group                  Internal  Switching    Leakage      Total
                          Power      Power      Power      Power (Watts)
----------------------------------------------------------------
Sequential             8.55e-04   0.00e+00   6.50e-08   8.55e-04  60.1%
Combinational          5.22e-07   1.46e-06   8.59e-09   1.99e-06   0.1%
Clock                  2.43e-04   3.24e-04   4.02e-09   5.67e-04  39.8%
Macro                  0.00e+00   0.00e+00   0.00e+00   0.00e+00   0.0%
Pad                    0.00e+00   0.00e+00   0.00e+00   0.00e+00   0.0%
----------------------------------------------------------------
Total                  1.10e-03   3.25e-04   7.76e-08   1.42e-03 100.0%
                          77.1%      22.9%       0.0%

======================= Slowest Corner ===================================

Group                  Internal  Switching    Leakage      Total
                          Power      Power      Power      Power (Watts)
----------------------------------------------------------------
Sequential             5.69e-04   0.00e+00   3.69e-06   5.73e-04  59.4%
Combinational          3.71e-07   9.68e-07   8.00e-06   9.34e-06   1.0%
Clock                  1.75e-04   2.07e-04   2.90e-07   3.82e-04  39.6%
Macro                  0.00e+00   0.00e+00   0.00e+00   0.00e+00   0.0%
Pad                    0.00e+00   0.00e+00   0.00e+00   0.00e+00   0.0%
----------------------------------------------------------------
Total                  7.44e-04   2.08e-04   1.20e-05   9.64e-04 100.0%
                          77.2%      21.6%       1.2%

======================= Typical Corner ===================================

Group                  Internal  Switching    Leakage      Total
                          Power      Power      Power      Power (Watts)
----------------------------------------------------------------
Sequential             7.36e-04   0.00e+00   6.32e-08   7.36e-04  60.2%
Combinational          4.50e-07   1.24e-06   5.88e-09   1.70e-06   0.1%
Clock                  2.13e-04   2.72e-04   3.34e-09   4.85e-04  39.7%
Macro                  0.00e+00   0.00e+00   0.00e+00   0.00e+00   0.0%
Pad                    0.00e+00   0.00e+00   0.00e+00   0.00e+00   0.0%
----------------------------------------------------------------
Total                  9.50e-04   2.73e-04   7.24e-08   1.22e-03 100.0%
                          77.7%      22.3%       0.0%

