
Magic 8.3 revision 483 - Compiled on Sun Jun  2 18:57:41 UTC 2024.
Starting magic under Tcl interpreter
Using the terminal as the console.
Using NULL graphics device.
Processing system .magicrc file
Sourcing design .magicrc for technology sky130A ...
2 Magic internal units = 1 Lambda
Input style sky130(): scaleFactor=2, multiplier=2
The following types are not handled by extraction and will be treated as non-electrical types:
    ubm 
Scaled tech values by 2 / 1 to match internal grid scaling
Loading sky130A Device Generator Menu ...
Using technology "sky130A", version 1.0.466-0-gbdc9412
Warning: Calma reading is not undoable!  I hope that's OK.
Library written using GDS-II Release 3.0
Library name: topmodule
Reading "sky130_ef_sc_hd__decap_12".
Reading "sky130_fd_sc_hd__decap_3".
Reading "sky130_fd_sc_hd__tapvpwrvgnd_1".
Reading "sky130_fd_sc_hd__diode_2".
Reading "sky130_fd_sc_hd__decap_8".
Reading "sky130_fd_sc_hd__fill_1".
Reading "sky130_fd_sc_hd__buf_12".
Reading "sky130_fd_sc_hd__decap_6".
Reading "sky130_fd_sc_hd__clkbuf_16".
Reading "sky130_fd_sc_hd__fill_2".
Reading "sky130_fd_sc_hd__decap_4".
Reading "sky130_fd_sc_hd__buf_2".
Reading "sky130_fd_sc_hd__buf_8".
Reading "sky130_fd_sc_hd__buf_6".
Reading "sky130_fd_sc_hd__dfxtp_2".
Reading "sky130_fd_sc_hd__clkbuf_4".
Reading "sky130_fd_sc_hd__o221a_4".
Reading "sky130_fd_sc_hd__and2b_1".
Reading "sky130_fd_sc_hd__dfxtp_4".
Reading "sky130_fd_sc_hd__mux2_4".
Reading "sky130_fd_sc_hd__a21o_4".
Reading "sky130_fd_sc_hd__a21o_2".
Reading "sky130_fd_sc_hd__a22o_1".
Reading "sky130_fd_sc_hd__mux4_2".
Reading "sky130_fd_sc_hd__nand2_8".
Reading "sky130_fd_sc_hd__mux2_8".
Reading "sky130_fd_sc_hd__a21o_1".
Reading "sky130_fd_sc_hd__buf_1".
Reading "sky130_fd_sc_hd__a211o_2".
Reading "sky130_fd_sc_hd__a21bo_2".
Reading "sky130_fd_sc_hd__mux2_2".
Reading "sky130_fd_sc_hd__and2b_2".
Reading "sky130_fd_sc_hd__o221a_2".
Reading "sky130_fd_sc_hd__nor2_8".
Reading "sky130_fd_sc_hd__a21oi_4".
Reading "sky130_fd_sc_hd__or3b_4".
Reading "sky130_fd_sc_hd__buf_4".
Reading "sky130_fd_sc_hd__o21a_2".
Reading "sky130_fd_sc_hd__mux2_1".
Reading "sky130_fd_sc_hd__clkbuf_2".
Reading "sky130_fd_sc_hd__a22oi_4".
Reading "sky130_fd_sc_hd__bufinv_16".
Reading "sky130_fd_sc_hd__or2_4".
Reading "sky130_fd_sc_hd__or3_4".
Reading "sky130_fd_sc_hd__nor2_2".
Reading "sky130_fd_sc_hd__a21bo_1".
Reading "sky130_fd_sc_hd__and2b_4".
Reading "sky130_fd_sc_hd__dlymetal6s2s_1".
Reading "sky130_fd_sc_hd__a21bo_4".
Reading "sky130_fd_sc_hd__nand3_4".
Reading "sky130_fd_sc_hd__and3_4".
Reading "sky130_fd_sc_hd__clkbuf_8".
Reading "sky130_fd_sc_hd__and3b_4".
Reading "sky130_fd_sc_hd__xnor2_4".
Reading "sky130_fd_sc_hd__a22o_2".
Reading "sky130_fd_sc_hd__o21ai_4".
Reading "sky130_fd_sc_hd__a31o_1".
Reading "sky130_fd_sc_hd__clkbuf_1".
Reading "sky130_fd_sc_hd__nand3b_4".
Reading "sky130_fd_sc_hd__clkinvlp_2".
Reading "sky130_fd_sc_hd__inv_8".
Reading "sky130_fd_sc_hd__nand2_4".
Reading "sky130_fd_sc_hd__dfxtp_1".
Reading "sky130_fd_sc_hd__o221a_1".
Reading "sky130_fd_sc_hd__clkinv_1".
Reading "sky130_fd_sc_hd__nor2_4".
Reading "sky130_fd_sc_hd__a21oi_2".
Reading "sky130_fd_sc_hd__or2b_4".
Reading "sky130_fd_sc_hd__mux4_1".
Reading "sky130_fd_sc_hd__o21ba_1".
Reading "sky130_fd_sc_hd__a31o_2".
Reading "sky130_fd_sc_hd__nand2_2".
Reading "sky130_fd_sc_hd__xor2_4".
Reading "sky130_fd_sc_hd__nor2b_4".
Reading "sky130_fd_sc_hd__o21a_1".
Reading "sky130_fd_sc_hd__a31oi_4".
Reading "sky130_fd_sc_hd__o21a_4".
Reading "sky130_fd_sc_hd__or2b_2".
Reading "sky130_fd_sc_hd__clkinv_8".
Reading "topmodule".
    5000 uses
    10000 uses
    15000 uses
    20000 uses
    25000 uses
[INFO]: Wrote /openlane/designs/lab4/runs/RUN_2025.05.31_14.46.37/tmp/signoff/gds_ptrs.mag including GDS pointers.
