
65. Printing statistics.

=== top ===

   Number of wires:                 27
   Number of wire bits:             33
   Number of public wires:           7
   Number of public wire bits:      13
   Number of memories:               0
   Number of memory bits:            0
   Number of processes:              0
   Number of cells:                 31
     sky130_fd_sc_hd__a211o_2        1
     sky130_fd_sc_hd__a21boi_2       1
     sky130_fd_sc_hd__a21o_2         1
     sky130_fd_sc_hd__a21oi_2        1
     sky130_fd_sc_hd__a31o_2         1
     sky130_fd_sc_hd__and3_2         1
     sky130_fd_sc_hd__and4b_2        3
     sky130_fd_sc_hd__buf_1          6
     sky130_fd_sc_hd__buf_2          1
     sky130_fd_sc_hd__dfxtp_2        4
     sky130_fd_sc_hd__nand2_2        1
     sky130_fd_sc_hd__nand3_2        1
     sky130_fd_sc_hd__nand4_2        1
     sky130_fd_sc_hd__nor2_2         3
     sky130_fd_sc_hd__o21ai_2        1
     sky130_fd_sc_hd__or2_2          1
     sky130_fd_sc_hd__or3_2          1
     sky130_fd_sc_hd__or3b_2         1
     sky130_fd_sc_hd__or4bb_2        1

   Chip area for module '\top': 292.780800

