
===========================================================================
report_checks -path_delay min (Hold)
============================================================================
======================= Typical Corner ===================================

Startpoint: _46_ (rising edge-triggered flip-flop clocked by core_clock)
Endpoint: _46_ (rising edge-triggered flip-flop clocked by core_clock)
Path Group: core_clock
Path Type: min

Fanout     Cap    Slew   Delay    Time   Description
-----------------------------------------------------------------------------
                  0.00    0.00    0.00   clock core_clock (rise edge)
                          0.00    0.00   clock network delay (ideal)
                  0.00    0.00    0.00 ^ _46_/CLK (sky130_fd_sc_hd__dfxtp_2)
     2    0.00    0.03    0.29    0.29 v _46_/Q (sky130_fd_sc_hd__dfxtp_2)
                                         display_out.in[0] (net)
                  0.03    0.00    0.29 v _20_/A (sky130_fd_sc_hd__buf_1)
    10    0.03    0.18    0.20    0.49 v _20_/X (sky130_fd_sc_hd__buf_1)
                                         _04_ (net)
                  0.18    0.00    0.49 v _33_/A (sky130_fd_sc_hd__nor2_2)
     1    0.00    0.05    0.13    0.62 ^ _33_/Y (sky130_fd_sc_hd__nor2_2)
                                         _00_ (net)
                  0.05    0.00    0.62 ^ _46_/D (sky130_fd_sc_hd__dfxtp_2)
                                  0.62   data arrival time

                  0.00    0.00    0.00   clock core_clock (rise edge)
                          0.00    0.00   clock network delay (ideal)
                          0.00    0.00   clock reconvergence pessimism
                                  0.00 ^ _46_/CLK (sky130_fd_sc_hd__dfxtp_2)
                         -0.04   -0.04   library hold time
                                 -0.04   data required time
-----------------------------------------------------------------------------
                                 -0.04   data required time
                                 -0.62   data arrival time
-----------------------------------------------------------------------------
                                  0.66   slack (MET)


Startpoint: _47_ (rising edge-triggered flip-flop clocked by core_clock)
Endpoint: _47_ (rising edge-triggered flip-flop clocked by core_clock)
Path Group: core_clock
Path Type: min

Fanout     Cap    Slew   Delay    Time   Description
-----------------------------------------------------------------------------
                  0.00    0.00    0.00   clock core_clock (rise edge)
                          0.00    0.00   clock network delay (ideal)
                  0.00    0.00    0.00 ^ _47_/CLK (sky130_fd_sc_hd__dfxtp_2)
    10    0.03    0.08    0.34    0.34 v _47_/Q (sky130_fd_sc_hd__dfxtp_2)
                                         display_out.in[1] (net)
                  0.08    0.00    0.34 v _34_/B (sky130_fd_sc_hd__nand2_2)
     1    0.00    0.03    0.07    0.41 ^ _34_/Y (sky130_fd_sc_hd__nand2_2)
                                         _11_ (net)
                  0.03    0.00    0.41 ^ _36_/C (sky130_fd_sc_hd__and4b_2)
     1    0.00    0.05    0.20    0.60 ^ _36_/X (sky130_fd_sc_hd__and4b_2)
                                         _13_ (net)
                  0.05    0.00    0.60 ^ _37_/A (sky130_fd_sc_hd__buf_1)
     1    0.00    0.03    0.07    0.68 ^ _37_/X (sky130_fd_sc_hd__buf_1)
                                         _01_ (net)
                  0.03    0.00    0.68 ^ _47_/D (sky130_fd_sc_hd__dfxtp_2)
                                  0.68   data arrival time

                  0.00    0.00    0.00   clock core_clock (rise edge)
                          0.00    0.00   clock network delay (ideal)
                          0.00    0.00   clock reconvergence pessimism
                                  0.00 ^ _47_/CLK (sky130_fd_sc_hd__dfxtp_2)
                         -0.03   -0.03   library hold time
                                 -0.03   data required time
-----------------------------------------------------------------------------
                                 -0.03   data required time
                                 -0.68   data arrival time
-----------------------------------------------------------------------------
                                  0.71   slack (MET)


Startpoint: _48_ (rising edge-triggered flip-flop clocked by core_clock)
Endpoint: _48_ (rising edge-triggered flip-flop clocked by core_clock)
Path Group: core_clock
Path Type: min

Fanout     Cap    Slew   Delay    Time   Description
-----------------------------------------------------------------------------
                  0.00    0.00    0.00   clock core_clock (rise edge)
                          0.00    0.00   clock network delay (ideal)
                  0.00    0.00    0.00 ^ _48_/CLK (sky130_fd_sc_hd__dfxtp_2)
     9    0.03    0.07    0.34    0.34 v _48_/Q (sky130_fd_sc_hd__dfxtp_2)
                                         display_out.in[2] (net)
                  0.07    0.00    0.34 v _38_/C (sky130_fd_sc_hd__nand3_2)
     1    0.00    0.04    0.07    0.41 ^ _38_/Y (sky130_fd_sc_hd__nand3_2)
                                         _14_ (net)
                  0.04    0.00    0.41 ^ _40_/C (sky130_fd_sc_hd__and4b_2)
     1    0.00    0.05    0.20    0.61 ^ _40_/X (sky130_fd_sc_hd__and4b_2)
                                         _16_ (net)
                  0.05    0.00    0.61 ^ _41_/A (sky130_fd_sc_hd__buf_1)
     1    0.00    0.03    0.07    0.68 ^ _41_/X (sky130_fd_sc_hd__buf_1)
                                         _02_ (net)
                  0.03    0.00    0.68 ^ _48_/D (sky130_fd_sc_hd__dfxtp_2)
                                  0.68   data arrival time

                  0.00    0.00    0.00   clock core_clock (rise edge)
                          0.00    0.00   clock network delay (ideal)
                          0.00    0.00   clock reconvergence pessimism
                                  0.00 ^ _48_/CLK (sky130_fd_sc_hd__dfxtp_2)
                         -0.03   -0.03   library hold time
                                 -0.03   data required time
-----------------------------------------------------------------------------
                                 -0.03   data required time
                                 -0.68   data arrival time
-----------------------------------------------------------------------------
                                  0.71   slack (MET)


Startpoint: _49_ (rising edge-triggered flip-flop clocked by core_clock)
Endpoint: _49_ (rising edge-triggered flip-flop clocked by core_clock)
Path Group: core_clock
Path Type: min

Fanout     Cap    Slew   Delay    Time   Description
-----------------------------------------------------------------------------
                  0.00    0.00    0.00   clock core_clock (rise edge)
                          0.00    0.00   clock network delay (ideal)
                  0.00    0.00    0.00 ^ _49_/CLK (sky130_fd_sc_hd__dfxtp_2)
     8    0.02    0.06    0.33    0.33 v _49_/Q (sky130_fd_sc_hd__dfxtp_2)
                                         display_out.in[3] (net)
                  0.06    0.00    0.33 v _42_/D (sky130_fd_sc_hd__nand4_2)
     1    0.00    0.05    0.08    0.41 ^ _42_/Y (sky130_fd_sc_hd__nand4_2)
                                         _17_ (net)
                  0.05    0.00    0.41 ^ _44_/C (sky130_fd_sc_hd__and4b_2)
     1    0.00    0.05    0.20    0.61 ^ _44_/X (sky130_fd_sc_hd__and4b_2)
                                         _19_ (net)
                  0.05    0.00    0.61 ^ _45_/A (sky130_fd_sc_hd__buf_1)
     1    0.00    0.03    0.07    0.68 ^ _45_/X (sky130_fd_sc_hd__buf_1)
                                         _03_ (net)
                  0.03    0.00    0.68 ^ _49_/D (sky130_fd_sc_hd__dfxtp_2)
                                  0.68   data arrival time

                  0.00    0.00    0.00   clock core_clock (rise edge)
                          0.00    0.00   clock network delay (ideal)
                          0.00    0.00   clock reconvergence pessimism
                                  0.00 ^ _49_/CLK (sky130_fd_sc_hd__dfxtp_2)
                         -0.03   -0.03   library hold time
                                 -0.03   data required time
-----------------------------------------------------------------------------
                                 -0.03   data required time
                                 -0.68   data arrival time
-----------------------------------------------------------------------------
                                  0.72   slack (MET)



worst slack corner Typical: 0.6562
