
===========================================================================
report_checks -path_delay max (Setup)
============================================================================
======================= Typical Corner ===================================

Startpoint: _46_ (rising edge-triggered flip-flop clocked by core_clock)
Endpoint: _47_ (rising edge-triggered flip-flop clocked by core_clock)
Path Group: core_clock
Path Type: max

Fanout     Cap    Slew   Delay    Time   Description
-----------------------------------------------------------------------------
                  0.00    0.00    0.00   clock core_clock (rise edge)
                          0.00    0.00   clock network delay (ideal)
                  0.00    0.00    0.00 ^ _46_/CLK (sky130_fd_sc_hd__dfxtp_2)
     2    0.00    0.04    0.29    0.29 ^ _46_/Q (sky130_fd_sc_hd__dfxtp_2)
                                         display_out.in[0] (net)
                  0.04    0.00    0.29 ^ _20_/A (sky130_fd_sc_hd__buf_1)
    10    0.03    0.39    0.32    0.61 ^ _20_/X (sky130_fd_sc_hd__buf_1)
                                         _04_ (net)
                  0.39    0.00    0.61 ^ _21_/D_N (sky130_fd_sc_hd__or4bb_2)
     5    0.01    0.13    0.61    1.21 v _21_/X (sky130_fd_sc_hd__or4bb_2)
                                         _05_ (net)
                  0.13    0.00    1.21 v _36_/B (sky130_fd_sc_hd__and4b_2)
     1    0.00    0.04    0.23    1.45 v _36_/X (sky130_fd_sc_hd__and4b_2)
                                         _13_ (net)
                  0.04    0.00    1.45 v _37_/A (sky130_fd_sc_hd__buf_1)
     1    0.00    0.02    0.08    1.52 v _37_/X (sky130_fd_sc_hd__buf_1)
                                         _01_ (net)
                  0.02    0.00    1.52 v _47_/D (sky130_fd_sc_hd__dfxtp_2)
                                  1.52   data arrival time

                  0.00   10.00   10.00   clock core_clock (rise edge)
                          0.00   10.00   clock network delay (ideal)
                          0.00   10.00   clock reconvergence pessimism
                                 10.00 ^ _47_/CLK (sky130_fd_sc_hd__dfxtp_2)
                         -0.11    9.89   library setup time
                                  9.89   data required time
-----------------------------------------------------------------------------
                                  9.89   data required time
                                 -1.52   data arrival time
-----------------------------------------------------------------------------
                                  8.36   slack (MET)


Startpoint: _46_ (rising edge-triggered flip-flop clocked by core_clock)
Endpoint: _48_ (rising edge-triggered flip-flop clocked by core_clock)
Path Group: core_clock
Path Type: max

Fanout     Cap    Slew   Delay    Time   Description
-----------------------------------------------------------------------------
                  0.00    0.00    0.00   clock core_clock (rise edge)
                          0.00    0.00   clock network delay (ideal)
                  0.00    0.00    0.00 ^ _46_/CLK (sky130_fd_sc_hd__dfxtp_2)
     2    0.00    0.04    0.29    0.29 ^ _46_/Q (sky130_fd_sc_hd__dfxtp_2)
                                         display_out.in[0] (net)
                  0.04    0.00    0.29 ^ _20_/A (sky130_fd_sc_hd__buf_1)
    10    0.03    0.39    0.32    0.61 ^ _20_/X (sky130_fd_sc_hd__buf_1)
                                         _04_ (net)
                  0.39    0.00    0.61 ^ _21_/D_N (sky130_fd_sc_hd__or4bb_2)
     5    0.01    0.13    0.61    1.21 v _21_/X (sky130_fd_sc_hd__or4bb_2)
                                         _05_ (net)
                  0.13    0.00    1.21 v _40_/B (sky130_fd_sc_hd__and4b_2)
     1    0.00    0.04    0.23    1.45 v _40_/X (sky130_fd_sc_hd__and4b_2)
                                         _16_ (net)
                  0.04    0.00    1.45 v _41_/A (sky130_fd_sc_hd__buf_1)
     1    0.00    0.02    0.08    1.52 v _41_/X (sky130_fd_sc_hd__buf_1)
                                         _02_ (net)
                  0.02    0.00    1.52 v _48_/D (sky130_fd_sc_hd__dfxtp_2)
                                  1.52   data arrival time

                  0.00   10.00   10.00   clock core_clock (rise edge)
                          0.00   10.00   clock network delay (ideal)
                          0.00   10.00   clock reconvergence pessimism
                                 10.00 ^ _48_/CLK (sky130_fd_sc_hd__dfxtp_2)
                         -0.11    9.89   library setup time
                                  9.89   data required time
-----------------------------------------------------------------------------
                                  9.89   data required time
                                 -1.52   data arrival time
-----------------------------------------------------------------------------
                                  8.36   slack (MET)


Startpoint: _46_ (rising edge-triggered flip-flop clocked by core_clock)
Endpoint: _49_ (rising edge-triggered flip-flop clocked by core_clock)
Path Group: core_clock
Path Type: max

Fanout     Cap    Slew   Delay    Time   Description
-----------------------------------------------------------------------------
                  0.00    0.00    0.00   clock core_clock (rise edge)
                          0.00    0.00   clock network delay (ideal)
                  0.00    0.00    0.00 ^ _46_/CLK (sky130_fd_sc_hd__dfxtp_2)
     2    0.00    0.04    0.29    0.29 ^ _46_/Q (sky130_fd_sc_hd__dfxtp_2)
                                         display_out.in[0] (net)
                  0.04    0.00    0.29 ^ _20_/A (sky130_fd_sc_hd__buf_1)
    10    0.03    0.39    0.32    0.61 ^ _20_/X (sky130_fd_sc_hd__buf_1)
                                         _04_ (net)
                  0.39    0.00    0.61 ^ _21_/D_N (sky130_fd_sc_hd__or4bb_2)
     5    0.01    0.13    0.61    1.21 v _21_/X (sky130_fd_sc_hd__or4bb_2)
                                         _05_ (net)
                  0.13    0.00    1.21 v _44_/B (sky130_fd_sc_hd__and4b_2)
     1    0.00    0.04    0.23    1.45 v _44_/X (sky130_fd_sc_hd__and4b_2)
                                         _19_ (net)
                  0.04    0.00    1.45 v _45_/A (sky130_fd_sc_hd__buf_1)
     1    0.00    0.02    0.08    1.52 v _45_/X (sky130_fd_sc_hd__buf_1)
                                         _03_ (net)
                  0.02    0.00    1.52 v _49_/D (sky130_fd_sc_hd__dfxtp_2)
                                  1.52   data arrival time

                  0.00   10.00   10.00   clock core_clock (rise edge)
                          0.00   10.00   clock network delay (ideal)
                          0.00   10.00   clock reconvergence pessimism
                                 10.00 ^ _49_/CLK (sky130_fd_sc_hd__dfxtp_2)
                         -0.11    9.89   library setup time
                                  9.89   data required time
-----------------------------------------------------------------------------
                                  9.89   data required time
                                 -1.52   data arrival time
-----------------------------------------------------------------------------
                                  8.36   slack (MET)


Startpoint: _46_ (rising edge-triggered flip-flop clocked by core_clock)
Endpoint: _46_ (rising edge-triggered flip-flop clocked by core_clock)
Path Group: core_clock
Path Type: max

Fanout     Cap    Slew   Delay    Time   Description
-----------------------------------------------------------------------------
                  0.00    0.00    0.00   clock core_clock (rise edge)
                          0.00    0.00   clock network delay (ideal)
                  0.00    0.00    0.00 ^ _46_/CLK (sky130_fd_sc_hd__dfxtp_2)
     2    0.00    0.04    0.29    0.29 ^ _46_/Q (sky130_fd_sc_hd__dfxtp_2)
                                         display_out.in[0] (net)
                  0.04    0.00    0.29 ^ _20_/A (sky130_fd_sc_hd__buf_1)
    10    0.03    0.39    0.32    0.61 ^ _20_/X (sky130_fd_sc_hd__buf_1)
                                         _04_ (net)
                  0.39    0.00    0.61 ^ _33_/A (sky130_fd_sc_hd__nor2_2)
     1    0.00    0.06    0.06    0.67 v _33_/Y (sky130_fd_sc_hd__nor2_2)
                                         _00_ (net)
                  0.06    0.00    0.67 v _46_/D (sky130_fd_sc_hd__dfxtp_2)
                                  0.67   data arrival time

                  0.00   10.00   10.00   clock core_clock (rise edge)
                          0.00   10.00   clock network delay (ideal)
                          0.00   10.00   clock reconvergence pessimism
                                 10.00 ^ _46_/CLK (sky130_fd_sc_hd__dfxtp_2)
                         -0.13    9.87   library setup time
                                  9.87   data required time
-----------------------------------------------------------------------------
                                  9.87   data required time
                                 -0.67   data arrival time
-----------------------------------------------------------------------------
                                  9.20   slack (MET)



worst slack corner Typical: 8.3623
