
===========================================================================
report_checks -path_delay min (Hold)
============================================================================
======================= Fastest Corner ===================================

Startpoint: x[7] (input port clocked by __VIRTUAL_CLK__)
Endpoint: z[7] (output port clocked by __VIRTUAL_CLK__)
Path Group: __VIRTUAL_CLK__
Path Type: min
Corner: Fastest

Fanout     Cap    Slew   Delay    Time   Description
-----------------------------------------------------------------------------
                  0.00    0.00    0.00   clock __VIRTUAL_CLK__ (rise edge)
                          0.00    0.00   clock network delay (ideal)
                          2.00    2.00 ^ input external delay
     1    0.00    0.02    0.01    2.01 ^ x[7] (in)
                                         x[7] (net)
                  0.02    0.00    2.01 ^ input8/A (sky130_fd_sc_hd__clkbuf_1)
     1    0.01    0.06    0.07    2.07 ^ input8/X (sky130_fd_sc_hd__clkbuf_1)
                                         net8 (net)
                  0.06    0.00    2.07 ^ _18_/A (sky130_fd_sc_hd__xor2_1)
     1    0.00    0.03    0.05    2.12 v _18_/X (sky130_fd_sc_hd__xor2_1)
                                         net16 (net)
                  0.03    0.00    2.12 v output16/A (sky130_fd_sc_hd__clkbuf_4)
     1    0.03    0.06    0.12    2.24 v output16/X (sky130_fd_sc_hd__clkbuf_4)
                                         z[7] (net)
                  0.06    0.00    2.24 v z[7] (out)
                                  2.24   data arrival time

                  0.00    0.00    0.00   clock __VIRTUAL_CLK__ (rise edge)
                          0.00    0.00   clock network delay (ideal)
                          0.25    0.25   clock uncertainty
                          0.00    0.25   clock reconvergence pessimism
                         -2.00   -1.75   output external delay
                                 -1.75   data required time
-----------------------------------------------------------------------------
                                 -1.75   data required time
                                 -2.24   data arrival time
-----------------------------------------------------------------------------
                                  3.99   slack (MET)


Startpoint: x[3] (input port clocked by __VIRTUAL_CLK__)
Endpoint: z[3] (output port clocked by __VIRTUAL_CLK__)
Path Group: __VIRTUAL_CLK__
Path Type: min
Corner: Fastest

Fanout     Cap    Slew   Delay    Time   Description
-----------------------------------------------------------------------------
                  0.00    0.00    0.00   clock __VIRTUAL_CLK__ (rise edge)
                          0.00    0.00   clock network delay (ideal)
                          2.00    2.00 ^ input external delay
     1    0.00    0.01    0.01    2.01 ^ x[3] (in)
                                         x[3] (net)
                  0.01    0.00    2.01 ^ input4/A (sky130_fd_sc_hd__clkbuf_1)
     2    0.01    0.08    0.08    2.09 ^ input4/X (sky130_fd_sc_hd__clkbuf_1)
                                         net4 (net)
                  0.08    0.00    2.09 ^ _24_/A1 (sky130_fd_sc_hd__a21boi_1)
     1    0.01    0.03    0.05    2.14 v _24_/Y (sky130_fd_sc_hd__a21boi_1)
                                         net12 (net)
                  0.03    0.00    2.14 v output12/A (sky130_fd_sc_hd__buf_2)
     1    0.03    0.06    0.11    2.25 v output12/X (sky130_fd_sc_hd__buf_2)
                                         z[3] (net)
                  0.06    0.00    2.25 v z[3] (out)
                                  2.25   data arrival time

                  0.00    0.00    0.00   clock __VIRTUAL_CLK__ (rise edge)
                          0.00    0.00   clock network delay (ideal)
                          0.25    0.25   clock uncertainty
                          0.00    0.25   clock reconvergence pessimism
                         -2.00   -1.75   output external delay
                                 -1.75   data required time
-----------------------------------------------------------------------------
                                 -1.75   data required time
                                 -2.25   data arrival time
-----------------------------------------------------------------------------
                                  4.00   slack (MET)


Startpoint: x[5] (input port clocked by __VIRTUAL_CLK__)
Endpoint: z[5] (output port clocked by __VIRTUAL_CLK__)
Path Group: __VIRTUAL_CLK__
Path Type: min
Corner: Fastest

Fanout     Cap    Slew   Delay    Time   Description
-----------------------------------------------------------------------------
                  0.00    0.00    0.00   clock __VIRTUAL_CLK__ (rise edge)
                          0.00    0.00   clock network delay (ideal)
                          2.00    2.00 v input external delay
     1    0.00    0.00    0.00    2.00 v x[5] (in)
                                         x[5] (net)
                  0.00    0.00    2.00 v input6/A (sky130_fd_sc_hd__buf_1)
     3    0.02    0.06    0.08    2.08 v input6/X (sky130_fd_sc_hd__buf_1)
                                         net6 (net)
                  0.06    0.00    2.08 v _13_/A (sky130_fd_sc_hd__xnor2_1)
     1    0.00    0.03    0.09    2.17 v _13_/Y (sky130_fd_sc_hd__xnor2_1)
                                         net14 (net)
                  0.03    0.00    2.17 v output14/A (sky130_fd_sc_hd__buf_2)
     1    0.03    0.06    0.11    2.28 v output14/X (sky130_fd_sc_hd__buf_2)
                                         z[5] (net)
                  0.06    0.00    2.28 v z[5] (out)
                                  2.28   data arrival time

                  0.00    0.00    0.00   clock __VIRTUAL_CLK__ (rise edge)
                          0.00    0.00   clock network delay (ideal)
                          0.25    0.25   clock uncertainty
                          0.00    0.25   clock reconvergence pessimism
                         -2.00   -1.75   output external delay
                                 -1.75   data required time
-----------------------------------------------------------------------------
                                 -1.75   data required time
                                 -2.28   data arrival time
-----------------------------------------------------------------------------
                                  4.03   slack (MET)


Startpoint: x[1] (input port clocked by __VIRTUAL_CLK__)
Endpoint: z[1] (output port clocked by __VIRTUAL_CLK__)
Path Group: __VIRTUAL_CLK__
Path Type: min
Corner: Fastest

Fanout     Cap    Slew   Delay    Time   Description
-----------------------------------------------------------------------------
                  0.00    0.00    0.00   clock __VIRTUAL_CLK__ (rise edge)
                          0.00    0.00   clock network delay (ideal)
                          2.00    2.00 ^ input external delay
     1    0.00    0.01    0.01    2.01 ^ x[1] (in)
                                         x[1] (net)
                  0.01    0.00    2.01 ^ input2/A (sky130_fd_sc_hd__buf_1)
     4    0.01    0.13    0.11    2.12 ^ input2/X (sky130_fd_sc_hd__buf_1)
                                         net2 (net)
                  0.13    0.00    2.12 ^ _19_/A (sky130_fd_sc_hd__xor2_1)
     1    0.00    0.03    0.06    2.17 v _19_/X (sky130_fd_sc_hd__xor2_1)
                                         net10 (net)
                  0.03    0.00    2.17 v output10/A (sky130_fd_sc_hd__buf_2)
     1    0.03    0.06    0.11    2.29 v output10/X (sky130_fd_sc_hd__buf_2)
                                         z[1] (net)
                  0.06    0.00    2.29 v z[1] (out)
                                  2.29   data arrival time

                  0.00    0.00    0.00   clock __VIRTUAL_CLK__ (rise edge)
                          0.00    0.00   clock network delay (ideal)
                          0.25    0.25   clock uncertainty
                          0.00    0.25   clock reconvergence pessimism
                         -2.00   -1.75   output external delay
                                 -1.75   data required time
-----------------------------------------------------------------------------
                                 -1.75   data required time
                                 -2.29   data arrival time
-----------------------------------------------------------------------------
                                  4.04   slack (MET)


Startpoint: x[0] (input port clocked by __VIRTUAL_CLK__)
Endpoint: z[0] (output port clocked by __VIRTUAL_CLK__)
Path Group: __VIRTUAL_CLK__
Path Type: min
Corner: Fastest

Fanout     Cap    Slew   Delay    Time   Description
-----------------------------------------------------------------------------
                  0.00    0.00    0.00   clock __VIRTUAL_CLK__ (rise edge)
                          0.00    0.00   clock network delay (ideal)
                          2.00    2.00 v input external delay
     1    0.00    0.00    0.00    2.00 v x[0] (in)
                                         x[0] (net)
                  0.00    0.00    2.00 v input1/A (sky130_fd_sc_hd__dlymetal6s2s_1)
     5    0.02    0.07    0.11    2.11 v input1/X (sky130_fd_sc_hd__dlymetal6s2s_1)
                                         net1 (net)
                  0.07    0.00    2.11 v _25_/A (sky130_fd_sc_hd__clkbuf_1)
     1    0.00    0.02    0.07    2.18 v _25_/X (sky130_fd_sc_hd__clkbuf_1)
                                         net9 (net)
                  0.02    0.00    2.18 v output9/A (sky130_fd_sc_hd__buf_2)
     1    0.03    0.06    0.11    2.29 v output9/X (sky130_fd_sc_hd__buf_2)
                                         z[0] (net)
                  0.06    0.00    2.29 v z[0] (out)
                                  2.29   data arrival time

                  0.00    0.00    0.00   clock __VIRTUAL_CLK__ (rise edge)
                          0.00    0.00   clock network delay (ideal)
                          0.25    0.25   clock uncertainty
                          0.00    0.25   clock reconvergence pessimism
                         -2.00   -1.75   output external delay
                                 -1.75   data required time
-----------------------------------------------------------------------------
                                 -1.75   data required time
                                 -2.29   data arrival time
-----------------------------------------------------------------------------
                                  4.04   slack (MET)


Startpoint: x[4] (input port clocked by __VIRTUAL_CLK__)
Endpoint: z[4] (output port clocked by __VIRTUAL_CLK__)
Path Group: __VIRTUAL_CLK__
Path Type: min
Corner: Fastest

Fanout     Cap    Slew   Delay    Time   Description
-----------------------------------------------------------------------------
                  0.00    0.00    0.00   clock __VIRTUAL_CLK__ (rise edge)
                          0.00    0.00   clock network delay (ideal)
                          2.00    2.00 ^ input external delay
     1    0.00    0.01    0.01    2.01 ^ x[4] (in)
                                         x[4] (net)
                  0.01    0.00    2.01 ^ input5/A (sky130_fd_sc_hd__buf_1)
     4    0.01    0.12    0.10    2.11 ^ input5/X (sky130_fd_sc_hd__buf_1)
                                         net5 (net)
                  0.12    0.00    2.11 ^ _11_/A (sky130_fd_sc_hd__and2_1)
     1    0.00    0.04    0.09    2.20 ^ _11_/X (sky130_fd_sc_hd__and2_1)
                                         _02_ (net)
                  0.04    0.00    2.20 ^ _12_/B (sky130_fd_sc_hd__nor2_1)
     1    0.00    0.02    0.02    2.22 v _12_/Y (sky130_fd_sc_hd__nor2_1)
                                         net13 (net)
                  0.02    0.00    2.22 v output13/A (sky130_fd_sc_hd__buf_2)
     1    0.03    0.06    0.11    2.33 v output13/X (sky130_fd_sc_hd__buf_2)
                                         z[4] (net)
                  0.06    0.00    2.33 v z[4] (out)
                                  2.33   data arrival time

                  0.00    0.00    0.00   clock __VIRTUAL_CLK__ (rise edge)
                          0.00    0.00   clock network delay (ideal)
                          0.25    0.25   clock uncertainty
                          0.00    0.25   clock reconvergence pessimism
                         -2.00   -1.75   output external delay
                                 -1.75   data required time
-----------------------------------------------------------------------------
                                 -1.75   data required time
                                 -2.33   data arrival time
-----------------------------------------------------------------------------
                                  4.08   slack (MET)


Startpoint: x[2] (input port clocked by __VIRTUAL_CLK__)
Endpoint: z[2] (output port clocked by __VIRTUAL_CLK__)
Path Group: __VIRTUAL_CLK__
Path Type: min
Corner: Fastest

Fanout     Cap    Slew   Delay    Time   Description
-----------------------------------------------------------------------------
                  0.00    0.00    0.00   clock __VIRTUAL_CLK__ (rise edge)
                          0.00    0.00   clock network delay (ideal)
                          2.00    2.00 ^ input external delay
     1    0.00    0.01    0.01    2.01 ^ x[2] (in)
                                         x[2] (net)
                  0.01    0.00    2.01 ^ input3/A (sky130_fd_sc_hd__buf_1)
     3    0.01    0.09    0.08    2.09 ^ input3/X (sky130_fd_sc_hd__buf_1)
                                         net3 (net)
                  0.09    0.00    2.09 ^ _21_/B1 (sky130_fd_sc_hd__o21ai_1)
     1    0.00    0.03    0.03    2.12 v _21_/Y (sky130_fd_sc_hd__o21ai_1)
                                         _07_ (net)
                  0.03    0.00    2.12 v _22_/B (sky130_fd_sc_hd__and2_1)
     1    0.00    0.03    0.09    2.21 v _22_/X (sky130_fd_sc_hd__and2_1)
                                         _08_ (net)
                  0.03    0.00    2.21 v _23_/A (sky130_fd_sc_hd__clkbuf_1)
     1    0.00    0.02    0.05    2.26 v _23_/X (sky130_fd_sc_hd__clkbuf_1)
                                         net11 (net)
                  0.02    0.00    2.26 v output11/A (sky130_fd_sc_hd__buf_2)
     1    0.03    0.06    0.11    2.37 v output11/X (sky130_fd_sc_hd__buf_2)
                                         z[2] (net)
                  0.06    0.00    2.37 v z[2] (out)
                                  2.37   data arrival time

                  0.00    0.00    0.00   clock __VIRTUAL_CLK__ (rise edge)
                          0.00    0.00   clock network delay (ideal)
                          0.25    0.25   clock uncertainty
                          0.00    0.25   clock reconvergence pessimism
                         -2.00   -1.75   output external delay
                                 -1.75   data required time
-----------------------------------------------------------------------------
                                 -1.75   data required time
                                 -2.37   data arrival time
-----------------------------------------------------------------------------
                                  4.12   slack (MET)


Startpoint: x[6] (input port clocked by __VIRTUAL_CLK__)
Endpoint: z[6] (output port clocked by __VIRTUAL_CLK__)
Path Group: __VIRTUAL_CLK__
Path Type: min
Corner: Fastest

Fanout     Cap    Slew   Delay    Time   Description
-----------------------------------------------------------------------------
                  0.00    0.00    0.00   clock __VIRTUAL_CLK__ (rise edge)
                          0.00    0.00   clock network delay (ideal)
                          2.00    2.00 ^ input external delay
     1    0.00    0.01    0.01    2.01 ^ x[6] (in)
                                         x[6] (net)
                  0.01    0.00    2.01 ^ input7/A (sky130_fd_sc_hd__buf_1)
     2    0.01    0.09    0.08    2.09 ^ input7/X (sky130_fd_sc_hd__buf_1)
                                         net7 (net)
                  0.09    0.00    2.09 ^ _14_/B1 (sky130_fd_sc_hd__o31a_1)
     1    0.00    0.03    0.06    2.15 ^ _14_/X (sky130_fd_sc_hd__o31a_1)
                                         _03_ (net)
                  0.03    0.00    2.15 ^ _16_/A_N (sky130_fd_sc_hd__and2b_1)
     1    0.00    0.03    0.11    2.26 v _16_/X (sky130_fd_sc_hd__and2b_1)
                                         _05_ (net)
                  0.03    0.00    2.26 v _17_/A (sky130_fd_sc_hd__clkbuf_1)
     1    0.00    0.02    0.05    2.31 v _17_/X (sky130_fd_sc_hd__clkbuf_1)
                                         net15 (net)
                  0.02    0.00    2.31 v output15/A (sky130_fd_sc_hd__buf_2)
     1    0.03    0.06    0.11    2.42 v output15/X (sky130_fd_sc_hd__buf_2)
                                         z[6] (net)
                  0.06    0.00    2.42 v z[6] (out)
                                  2.42   data arrival time

                  0.00    0.00    0.00   clock __VIRTUAL_CLK__ (rise edge)
                          0.00    0.00   clock network delay (ideal)
                          0.25    0.25   clock uncertainty
                          0.00    0.25   clock reconvergence pessimism
                         -2.00   -1.75   output external delay
                                 -1.75   data required time
-----------------------------------------------------------------------------
                                 -1.75   data required time
                                 -2.42   data arrival time
-----------------------------------------------------------------------------
                                  4.17   slack (MET)



worst slack corner Fastest: 3.9864
======================= Slowest Corner ===================================

Startpoint: x[7] (input port clocked by __VIRTUAL_CLK__)
Endpoint: z[7] (output port clocked by __VIRTUAL_CLK__)
Path Group: __VIRTUAL_CLK__
Path Type: min
Corner: Slowest

Fanout     Cap    Slew   Delay    Time   Description
-----------------------------------------------------------------------------
                  0.00    0.00    0.00   clock __VIRTUAL_CLK__ (rise edge)
                          0.00    0.00   clock network delay (ideal)
                          2.00    2.00 ^ input external delay
     1    0.00    0.04    0.02    2.02 ^ x[7] (in)
                                         x[7] (net)
                  0.04    0.00    2.02 ^ input8/A (sky130_fd_sc_hd__clkbuf_1)
     1    0.01    0.13    0.17    2.19 ^ input8/X (sky130_fd_sc_hd__clkbuf_1)
                                         net8 (net)
                  0.13    0.00    2.19 ^ _18_/A (sky130_fd_sc_hd__xor2_1)
     1    0.00    0.08    0.16    2.35 v _18_/X (sky130_fd_sc_hd__xor2_1)
                                         net16 (net)
                  0.08    0.00    2.35 v output16/A (sky130_fd_sc_hd__clkbuf_4)
     1    0.03    0.14    0.31    2.67 v output16/X (sky130_fd_sc_hd__clkbuf_4)
                                         z[7] (net)
                  0.14    0.00    2.67 v z[7] (out)
                                  2.67   data arrival time

                  0.00    0.00    0.00   clock __VIRTUAL_CLK__ (rise edge)
                          0.00    0.00   clock network delay (ideal)
                          0.25    0.25   clock uncertainty
                          0.00    0.25   clock reconvergence pessimism
                         -2.00   -1.75   output external delay
                                 -1.75   data required time
-----------------------------------------------------------------------------
                                 -1.75   data required time
                                 -2.67   data arrival time
-----------------------------------------------------------------------------
                                  4.42   slack (MET)


Startpoint: x[3] (input port clocked by __VIRTUAL_CLK__)
Endpoint: z[3] (output port clocked by __VIRTUAL_CLK__)
Path Group: __VIRTUAL_CLK__
Path Type: min
Corner: Slowest

Fanout     Cap    Slew   Delay    Time   Description
-----------------------------------------------------------------------------
                  0.00    0.00    0.00   clock __VIRTUAL_CLK__ (rise edge)
                          0.00    0.00   clock network delay (ideal)
                          2.00    2.00 ^ input external delay
     1    0.00    0.03    0.01    2.01 ^ x[3] (in)
                                         x[3] (net)
                  0.03    0.00    2.01 ^ input4/A (sky130_fd_sc_hd__clkbuf_1)
     2    0.01    0.18    0.20    2.22 ^ input4/X (sky130_fd_sc_hd__clkbuf_1)
                                         net4 (net)
                  0.18    0.00    2.22 ^ _24_/A1 (sky130_fd_sc_hd__a21boi_1)
     1    0.01    0.09    0.19    2.40 v _24_/Y (sky130_fd_sc_hd__a21boi_1)
                                         net12 (net)
                  0.09    0.00    2.40 v output12/A (sky130_fd_sc_hd__buf_2)
     1    0.03    0.16    0.34    2.74 v output12/X (sky130_fd_sc_hd__buf_2)
                                         z[3] (net)
                  0.16    0.00    2.74 v z[3] (out)
                                  2.74   data arrival time

                  0.00    0.00    0.00   clock __VIRTUAL_CLK__ (rise edge)
                          0.00    0.00   clock network delay (ideal)
                          0.25    0.25   clock uncertainty
                          0.00    0.25   clock reconvergence pessimism
                         -2.00   -1.75   output external delay
                                 -1.75   data required time
-----------------------------------------------------------------------------
                                 -1.75   data required time
                                 -2.74   data arrival time
-----------------------------------------------------------------------------
                                  4.49   slack (MET)


Startpoint: x[5] (input port clocked by __VIRTUAL_CLK__)
Endpoint: z[5] (output port clocked by __VIRTUAL_CLK__)
Path Group: __VIRTUAL_CLK__
Path Type: min
Corner: Slowest

Fanout     Cap    Slew   Delay    Time   Description
-----------------------------------------------------------------------------
                  0.00    0.00    0.00   clock __VIRTUAL_CLK__ (rise edge)
                          0.00    0.00   clock network delay (ideal)
                          2.00    2.00 v input external delay
     1    0.00    0.02    0.01    2.01 v x[5] (in)
                                         x[5] (net)
                  0.02    0.00    2.01 v input6/A (sky130_fd_sc_hd__buf_1)
     3    0.02    0.18    0.23    2.24 v input6/X (sky130_fd_sc_hd__buf_1)
                                         net6 (net)
                  0.18    0.00    2.24 v _13_/A (sky130_fd_sc_hd__xnor2_1)
     1    0.00    0.08    0.26    2.49 v _13_/Y (sky130_fd_sc_hd__xnor2_1)
                                         net14 (net)
                  0.08    0.00    2.49 v output14/A (sky130_fd_sc_hd__buf_2)
     1    0.03    0.16    0.33    2.83 v output14/X (sky130_fd_sc_hd__buf_2)
                                         z[5] (net)
                  0.16    0.00    2.83 v z[5] (out)
                                  2.83   data arrival time

                  0.00    0.00    0.00   clock __VIRTUAL_CLK__ (rise edge)
                          0.00    0.00   clock network delay (ideal)
                          0.25    0.25   clock uncertainty
                          0.00    0.25   clock reconvergence pessimism
                         -2.00   -1.75   output external delay
                                 -1.75   data required time
-----------------------------------------------------------------------------
                                 -1.75   data required time
                                 -2.83   data arrival time
-----------------------------------------------------------------------------
                                  4.58   slack (MET)


Startpoint: x[1] (input port clocked by __VIRTUAL_CLK__)
Endpoint: z[1] (output port clocked by __VIRTUAL_CLK__)
Path Group: __VIRTUAL_CLK__
Path Type: min
Corner: Slowest

Fanout     Cap    Slew   Delay    Time   Description
-----------------------------------------------------------------------------
                  0.00    0.00    0.00   clock __VIRTUAL_CLK__ (rise edge)
                          0.00    0.00   clock network delay (ideal)
                          2.00    2.00 ^ input external delay
     1    0.00    0.03    0.02    2.02 ^ x[1] (in)
                                         x[1] (net)
                  0.03    0.00    2.02 ^ input2/A (sky130_fd_sc_hd__buf_1)
     4    0.01    0.28    0.27    2.28 ^ input2/X (sky130_fd_sc_hd__buf_1)
                                         net2 (net)
                  0.28    0.00    2.28 ^ _19_/A (sky130_fd_sc_hd__xor2_1)
     1    0.00    0.08    0.21    2.50 v _19_/X (sky130_fd_sc_hd__xor2_1)
                                         net10 (net)
                  0.08    0.00    2.50 v output10/A (sky130_fd_sc_hd__buf_2)
     1    0.03    0.16    0.33    2.83 v output10/X (sky130_fd_sc_hd__buf_2)
                                         z[1] (net)
                  0.16    0.00    2.83 v z[1] (out)
                                  2.83   data arrival time

                  0.00    0.00    0.00   clock __VIRTUAL_CLK__ (rise edge)
                          0.00    0.00   clock network delay (ideal)
                          0.25    0.25   clock uncertainty
                          0.00    0.25   clock reconvergence pessimism
                         -2.00   -1.75   output external delay
                                 -1.75   data required time
-----------------------------------------------------------------------------
                                 -1.75   data required time
                                 -2.83   data arrival time
-----------------------------------------------------------------------------
                                  4.58   slack (MET)


Startpoint: x[0] (input port clocked by __VIRTUAL_CLK__)
Endpoint: z[0] (output port clocked by __VIRTUAL_CLK__)
Path Group: __VIRTUAL_CLK__
Path Type: min
Corner: Slowest

Fanout     Cap    Slew   Delay    Time   Description
-----------------------------------------------------------------------------
                  0.00    0.00    0.00   clock __VIRTUAL_CLK__ (rise edge)
                          0.00    0.00   clock network delay (ideal)
                          2.00    2.00 ^ input external delay
     1    0.00    0.03    0.01    2.01 ^ x[0] (in)
                                         x[0] (net)
                  0.03    0.00    2.01 ^ input1/A (sky130_fd_sc_hd__dlymetal6s2s_1)
     5    0.02    0.30    0.29    2.31 ^ input1/X (sky130_fd_sc_hd__dlymetal6s2s_1)
                                         net1 (net)
                  0.30    0.00    2.31 ^ _25_/A (sky130_fd_sc_hd__clkbuf_1)
     1    0.00    0.09    0.23    2.54 ^ _25_/X (sky130_fd_sc_hd__clkbuf_1)
                                         net9 (net)
                  0.09    0.00    2.54 ^ output9/A (sky130_fd_sc_hd__buf_2)
     1    0.03    0.27    0.34    2.88 ^ output9/X (sky130_fd_sc_hd__buf_2)
                                         z[0] (net)
                  0.27    0.00    2.88 ^ z[0] (out)
                                  2.88   data arrival time

                  0.00    0.00    0.00   clock __VIRTUAL_CLK__ (rise edge)
                          0.00    0.00   clock network delay (ideal)
                          0.25    0.25   clock uncertainty
                          0.00    0.25   clock reconvergence pessimism
                         -2.00   -1.75   output external delay
                                 -1.75   data required time
-----------------------------------------------------------------------------
                                 -1.75   data required time
                                 -2.88   data arrival time
-----------------------------------------------------------------------------
                                  4.63   slack (MET)


Startpoint: x[4] (input port clocked by __VIRTUAL_CLK__)
Endpoint: z[4] (output port clocked by __VIRTUAL_CLK__)
Path Group: __VIRTUAL_CLK__
Path Type: min
Corner: Slowest

Fanout     Cap    Slew   Delay    Time   Description
-----------------------------------------------------------------------------
                  0.00    0.00    0.00   clock __VIRTUAL_CLK__ (rise edge)
                          0.00    0.00   clock network delay (ideal)
                          2.00    2.00 ^ input external delay
     1    0.00    0.03    0.01    2.01 ^ x[4] (in)
                                         x[4] (net)
                  0.03    0.00    2.01 ^ input5/A (sky130_fd_sc_hd__buf_1)
     4    0.01    0.24    0.24    2.26 ^ input5/X (sky130_fd_sc_hd__buf_1)
                                         net5 (net)
                  0.24    0.00    2.26 ^ _11_/A (sky130_fd_sc_hd__and2_1)
     1    0.00    0.10    0.29    2.55 ^ _11_/X (sky130_fd_sc_hd__and2_1)
                                         _02_ (net)
                  0.10    0.00    2.55 ^ _12_/B (sky130_fd_sc_hd__nor2_1)
     1    0.00    0.04    0.08    2.63 v _12_/Y (sky130_fd_sc_hd__nor2_1)
                                         net13 (net)
                  0.04    0.00    2.63 v output13/A (sky130_fd_sc_hd__buf_2)
     1    0.03    0.16    0.31    2.94 v output13/X (sky130_fd_sc_hd__buf_2)
                                         z[4] (net)
                  0.16    0.00    2.94 v z[4] (out)
                                  2.94   data arrival time

                  0.00    0.00    0.00   clock __VIRTUAL_CLK__ (rise edge)
                          0.00    0.00   clock network delay (ideal)
                          0.25    0.25   clock uncertainty
                          0.00    0.25   clock reconvergence pessimism
                         -2.00   -1.75   output external delay
                                 -1.75   data required time
-----------------------------------------------------------------------------
                                 -1.75   data required time
                                 -2.94   data arrival time
-----------------------------------------------------------------------------
                                  4.69   slack (MET)


Startpoint: x[2] (input port clocked by __VIRTUAL_CLK__)
Endpoint: z[2] (output port clocked by __VIRTUAL_CLK__)
Path Group: __VIRTUAL_CLK__
Path Type: min
Corner: Slowest

Fanout     Cap    Slew   Delay    Time   Description
-----------------------------------------------------------------------------
                  0.00    0.00    0.00   clock __VIRTUAL_CLK__ (rise edge)
                          0.00    0.00   clock network delay (ideal)
                          2.00    2.00 v input external delay
     1    0.00    0.02    0.01    2.01 v x[2] (in)
                                         x[2] (net)
                  0.02    0.00    2.01 v input3/A (sky130_fd_sc_hd__buf_1)
     3    0.01    0.11    0.18    2.18 v input3/X (sky130_fd_sc_hd__buf_1)
                                         net3 (net)
                  0.11    0.00    2.18 v _21_/B1 (sky130_fd_sc_hd__o21ai_1)
     1    0.00    0.14    0.14    2.32 ^ _21_/Y (sky130_fd_sc_hd__o21ai_1)
                                         _07_ (net)
                  0.14    0.00    2.32 ^ _22_/B (sky130_fd_sc_hd__and2_1)
     1    0.00    0.10    0.25    2.57 ^ _22_/X (sky130_fd_sc_hd__and2_1)
                                         _08_ (net)
                  0.10    0.00    2.57 ^ _23_/A (sky130_fd_sc_hd__clkbuf_1)
     1    0.00    0.07    0.15    2.73 ^ _23_/X (sky130_fd_sc_hd__clkbuf_1)
                                         net11 (net)
                  0.07    0.00    2.73 ^ output11/A (sky130_fd_sc_hd__buf_2)
     1    0.03    0.27    0.33    3.05 ^ output11/X (sky130_fd_sc_hd__buf_2)
                                         z[2] (net)
                  0.27    0.00    3.05 ^ z[2] (out)
                                  3.05   data arrival time

                  0.00    0.00    0.00   clock __VIRTUAL_CLK__ (rise edge)
                          0.00    0.00   clock network delay (ideal)
                          0.25    0.25   clock uncertainty
                          0.00    0.25   clock reconvergence pessimism
                         -2.00   -1.75   output external delay
                                 -1.75   data required time
-----------------------------------------------------------------------------
                                 -1.75   data required time
                                 -3.05   data arrival time
-----------------------------------------------------------------------------
                                  4.80   slack (MET)


Startpoint: x[6] (input port clocked by __VIRTUAL_CLK__)
Endpoint: z[6] (output port clocked by __VIRTUAL_CLK__)
Path Group: __VIRTUAL_CLK__
Path Type: min
Corner: Slowest

Fanout     Cap    Slew   Delay    Time   Description
-----------------------------------------------------------------------------
                  0.00    0.00    0.00   clock __VIRTUAL_CLK__ (rise edge)
                          0.00    0.00   clock network delay (ideal)
                          2.00    2.00 v input external delay
     1    0.00    0.02    0.01    2.01 v x[6] (in)
                                         x[6] (net)
                  0.02    0.00    2.01 v input7/A (sky130_fd_sc_hd__buf_1)
     2    0.01    0.12    0.18    2.19 v input7/X (sky130_fd_sc_hd__buf_1)
                                         net7 (net)
                  0.12    0.00    2.19 v _14_/B1 (sky130_fd_sc_hd__o31a_1)
     1    0.00    0.05    0.19    2.39 v _14_/X (sky130_fd_sc_hd__o31a_1)
                                         _03_ (net)
                  0.05    0.00    2.39 v _16_/A_N (sky130_fd_sc_hd__and2b_1)
     1    0.00    0.10    0.36    2.75 ^ _16_/X (sky130_fd_sc_hd__and2b_1)
                                         _05_ (net)
                  0.10    0.00    2.75 ^ _17_/A (sky130_fd_sc_hd__clkbuf_1)
     1    0.00    0.07    0.15    2.90 ^ _17_/X (sky130_fd_sc_hd__clkbuf_1)
                                         net15 (net)
                  0.07    0.00    2.90 ^ output15/A (sky130_fd_sc_hd__buf_2)
     1    0.03    0.27    0.33    3.23 ^ output15/X (sky130_fd_sc_hd__buf_2)
                                         z[6] (net)
                  0.27    0.00    3.23 ^ z[6] (out)
                                  3.23   data arrival time

                  0.00    0.00    0.00   clock __VIRTUAL_CLK__ (rise edge)
                          0.00    0.00   clock network delay (ideal)
                          0.25    0.25   clock uncertainty
                          0.00    0.25   clock reconvergence pessimism
                         -2.00   -1.75   output external delay
                                 -1.75   data required time
-----------------------------------------------------------------------------
                                 -1.75   data required time
                                 -3.23   data arrival time
-----------------------------------------------------------------------------
                                  4.98   slack (MET)



worst slack corner Slowest: 4.4187
======================= Typical Corner ===================================

Startpoint: x[7] (input port clocked by __VIRTUAL_CLK__)
Endpoint: z[7] (output port clocked by __VIRTUAL_CLK__)
Path Group: __VIRTUAL_CLK__
Path Type: min
Corner: Typical

Fanout     Cap    Slew   Delay    Time   Description
-----------------------------------------------------------------------------
                  0.00    0.00    0.00   clock __VIRTUAL_CLK__ (rise edge)
                          0.00    0.00   clock network delay (ideal)
                          2.00    2.00 ^ input external delay
     1    0.00    0.02    0.01    2.01 ^ x[7] (in)
                                         x[7] (net)
                  0.02    0.00    2.01 ^ input8/A (sky130_fd_sc_hd__clkbuf_1)
     1    0.01    0.08    0.10    2.11 ^ input8/X (sky130_fd_sc_hd__clkbuf_1)
                                         net8 (net)
                  0.08    0.00    2.11 ^ _18_/A (sky130_fd_sc_hd__xor2_1)
     1    0.00    0.04    0.08    2.18 v _18_/X (sky130_fd_sc_hd__xor2_1)
                                         net16 (net)
                  0.04    0.00    2.18 v output16/A (sky130_fd_sc_hd__clkbuf_4)
     1    0.03    0.08    0.17    2.36 v output16/X (sky130_fd_sc_hd__clkbuf_4)
                                         z[7] (net)
                  0.08    0.00    2.36 v z[7] (out)
                                  2.36   data arrival time

                  0.00    0.00    0.00   clock __VIRTUAL_CLK__ (rise edge)
                          0.00    0.00   clock network delay (ideal)
                          0.25    0.25   clock uncertainty
                          0.00    0.25   clock reconvergence pessimism
                         -2.00   -1.75   output external delay
                                 -1.75   data required time
-----------------------------------------------------------------------------
                                 -1.75   data required time
                                 -2.36   data arrival time
-----------------------------------------------------------------------------
                                  4.11   slack (MET)


Startpoint: x[3] (input port clocked by __VIRTUAL_CLK__)
Endpoint: z[3] (output port clocked by __VIRTUAL_CLK__)
Path Group: __VIRTUAL_CLK__
Path Type: min
Corner: Typical

Fanout     Cap    Slew   Delay    Time   Description
-----------------------------------------------------------------------------
                  0.00    0.00    0.00   clock __VIRTUAL_CLK__ (rise edge)
                          0.00    0.00   clock network delay (ideal)
                          2.00    2.00 ^ input external delay
     1    0.00    0.02    0.01    2.01 ^ x[3] (in)
                                         x[3] (net)
                  0.02    0.00    2.01 ^ input4/A (sky130_fd_sc_hd__clkbuf_1)
     2    0.01    0.11    0.11    2.12 ^ input4/X (sky130_fd_sc_hd__clkbuf_1)
                                         net4 (net)
                  0.11    0.00    2.12 ^ _24_/A1 (sky130_fd_sc_hd__a21boi_1)
     1    0.01    0.05    0.09    2.21 v _24_/Y (sky130_fd_sc_hd__a21boi_1)
                                         net12 (net)
                  0.05    0.00    2.21 v output12/A (sky130_fd_sc_hd__buf_2)
     1    0.03    0.09    0.17    2.38 v output12/X (sky130_fd_sc_hd__buf_2)
                                         z[3] (net)
                  0.09    0.00    2.38 v z[3] (out)
                                  2.38   data arrival time

                  0.00    0.00    0.00   clock __VIRTUAL_CLK__ (rise edge)
                          0.00    0.00   clock network delay (ideal)
                          0.25    0.25   clock uncertainty
                          0.00    0.25   clock reconvergence pessimism
                         -2.00   -1.75   output external delay
                                 -1.75   data required time
-----------------------------------------------------------------------------
                                 -1.75   data required time
                                 -2.38   data arrival time
-----------------------------------------------------------------------------
                                  4.13   slack (MET)


Startpoint: x[5] (input port clocked by __VIRTUAL_CLK__)
Endpoint: z[5] (output port clocked by __VIRTUAL_CLK__)
Path Group: __VIRTUAL_CLK__
Path Type: min
Corner: Typical

Fanout     Cap    Slew   Delay    Time   Description
-----------------------------------------------------------------------------
                  0.00    0.00    0.00   clock __VIRTUAL_CLK__ (rise edge)
                          0.00    0.00   clock network delay (ideal)
                          2.00    2.00 v input external delay
     1    0.00    0.01    0.00    2.00 v x[5] (in)
                                         x[5] (net)
                  0.01    0.00    2.00 v input6/A (sky130_fd_sc_hd__buf_1)
     3    0.02    0.09    0.12    2.12 v input6/X (sky130_fd_sc_hd__buf_1)
                                         net6 (net)
                  0.09    0.00    2.12 v _13_/A (sky130_fd_sc_hd__xnor2_1)
     1    0.00    0.04    0.14    2.26 v _13_/Y (sky130_fd_sc_hd__xnor2_1)
                                         net14 (net)
                  0.04    0.00    2.26 v output14/A (sky130_fd_sc_hd__buf_2)
     1    0.03    0.09    0.17    2.43 v output14/X (sky130_fd_sc_hd__buf_2)
                                         z[5] (net)
                  0.09    0.00    2.43 v z[5] (out)
                                  2.43   data arrival time

                  0.00    0.00    0.00   clock __VIRTUAL_CLK__ (rise edge)
                          0.00    0.00   clock network delay (ideal)
                          0.25    0.25   clock uncertainty
                          0.00    0.25   clock reconvergence pessimism
                         -2.00   -1.75   output external delay
                                 -1.75   data required time
-----------------------------------------------------------------------------
                                 -1.75   data required time
                                 -2.43   data arrival time
-----------------------------------------------------------------------------
                                  4.18   slack (MET)


Startpoint: x[1] (input port clocked by __VIRTUAL_CLK__)
Endpoint: z[1] (output port clocked by __VIRTUAL_CLK__)
Path Group: __VIRTUAL_CLK__
Path Type: min
Corner: Typical

Fanout     Cap    Slew   Delay    Time   Description
-----------------------------------------------------------------------------
                  0.00    0.00    0.00   clock __VIRTUAL_CLK__ (rise edge)
                          0.00    0.00   clock network delay (ideal)
                          2.00    2.00 ^ input external delay
     1    0.00    0.02    0.01    2.01 ^ x[1] (in)
                                         x[1] (net)
                  0.02    0.00    2.01 ^ input2/A (sky130_fd_sc_hd__buf_1)
     4    0.01    0.18    0.16    2.17 ^ input2/X (sky130_fd_sc_hd__buf_1)
                                         net2 (net)
                  0.18    0.00    2.17 ^ _19_/A (sky130_fd_sc_hd__xor2_1)
     1    0.00    0.04    0.10    2.26 v _19_/X (sky130_fd_sc_hd__xor2_1)
                                         net10 (net)
                  0.04    0.00    2.26 v output10/A (sky130_fd_sc_hd__buf_2)
     1    0.03    0.09    0.17    2.43 v output10/X (sky130_fd_sc_hd__buf_2)
                                         z[1] (net)
                  0.09    0.00    2.43 v z[1] (out)
                                  2.43   data arrival time

                  0.00    0.00    0.00   clock __VIRTUAL_CLK__ (rise edge)
                          0.00    0.00   clock network delay (ideal)
                          0.25    0.25   clock uncertainty
                          0.00    0.25   clock reconvergence pessimism
                         -2.00   -1.75   output external delay
                                 -1.75   data required time
-----------------------------------------------------------------------------
                                 -1.75   data required time
                                 -2.43   data arrival time
-----------------------------------------------------------------------------
                                  4.18   slack (MET)


Startpoint: x[0] (input port clocked by __VIRTUAL_CLK__)
Endpoint: z[0] (output port clocked by __VIRTUAL_CLK__)
Path Group: __VIRTUAL_CLK__
Path Type: min
Corner: Typical

Fanout     Cap    Slew   Delay    Time   Description
-----------------------------------------------------------------------------
                  0.00    0.00    0.00   clock __VIRTUAL_CLK__ (rise edge)
                          0.00    0.00   clock network delay (ideal)
                          2.00    2.00 v input external delay
     1    0.00    0.01    0.00    2.00 v x[0] (in)
                                         x[0] (net)
                  0.01    0.00    2.00 v input1/A (sky130_fd_sc_hd__dlymetal6s2s_1)
     5    0.02    0.10    0.17    2.17 v input1/X (sky130_fd_sc_hd__dlymetal6s2s_1)
                                         net1 (net)
                  0.10    0.00    2.17 v _25_/A (sky130_fd_sc_hd__clkbuf_1)
     1    0.00    0.03    0.11    2.28 v _25_/X (sky130_fd_sc_hd__clkbuf_1)
                                         net9 (net)
                  0.03    0.00    2.28 v output9/A (sky130_fd_sc_hd__buf_2)
     1    0.03    0.09    0.17    2.44 v output9/X (sky130_fd_sc_hd__buf_2)
                                         z[0] (net)
                  0.09    0.00    2.44 v z[0] (out)
                                  2.44   data arrival time

                  0.00    0.00    0.00   clock __VIRTUAL_CLK__ (rise edge)
                          0.00    0.00   clock network delay (ideal)
                          0.25    0.25   clock uncertainty
                          0.00    0.25   clock reconvergence pessimism
                         -2.00   -1.75   output external delay
                                 -1.75   data required time
-----------------------------------------------------------------------------
                                 -1.75   data required time
                                 -2.44   data arrival time
-----------------------------------------------------------------------------
                                  4.19   slack (MET)


Startpoint: x[4] (input port clocked by __VIRTUAL_CLK__)
Endpoint: z[4] (output port clocked by __VIRTUAL_CLK__)
Path Group: __VIRTUAL_CLK__
Path Type: min
Corner: Typical

Fanout     Cap    Slew   Delay    Time   Description
-----------------------------------------------------------------------------
                  0.00    0.00    0.00   clock __VIRTUAL_CLK__ (rise edge)
                          0.00    0.00   clock network delay (ideal)
                          2.00    2.00 ^ input external delay
     1    0.00    0.02    0.01    2.01 ^ x[4] (in)
                                         x[4] (net)
                  0.02    0.00    2.01 ^ input5/A (sky130_fd_sc_hd__buf_1)
     4    0.01    0.15    0.14    2.15 ^ input5/X (sky130_fd_sc_hd__buf_1)
                                         net5 (net)
                  0.15    0.00    2.15 ^ _11_/A (sky130_fd_sc_hd__and2_1)
     1    0.00    0.06    0.15    2.30 ^ _11_/X (sky130_fd_sc_hd__and2_1)
                                         _02_ (net)
                  0.06    0.00    2.30 ^ _12_/B (sky130_fd_sc_hd__nor2_1)
     1    0.00    0.02    0.04    2.34 v _12_/Y (sky130_fd_sc_hd__nor2_1)
                                         net13 (net)
                  0.02    0.00    2.34 v output13/A (sky130_fd_sc_hd__buf_2)
     1    0.03    0.09    0.16    2.50 v output13/X (sky130_fd_sc_hd__buf_2)
                                         z[4] (net)
                  0.09    0.00    2.50 v z[4] (out)
                                  2.50   data arrival time

                  0.00    0.00    0.00   clock __VIRTUAL_CLK__ (rise edge)
                          0.00    0.00   clock network delay (ideal)
                          0.25    0.25   clock uncertainty
                          0.00    0.25   clock reconvergence pessimism
                         -2.00   -1.75   output external delay
                                 -1.75   data required time
-----------------------------------------------------------------------------
                                 -1.75   data required time
                                 -2.50   data arrival time
-----------------------------------------------------------------------------
                                  4.25   slack (MET)


Startpoint: x[2] (input port clocked by __VIRTUAL_CLK__)
Endpoint: z[2] (output port clocked by __VIRTUAL_CLK__)
Path Group: __VIRTUAL_CLK__
Path Type: min
Corner: Typical

Fanout     Cap    Slew   Delay    Time   Description
-----------------------------------------------------------------------------
                  0.00    0.00    0.00   clock __VIRTUAL_CLK__ (rise edge)
                          0.00    0.00   clock network delay (ideal)
                          2.00    2.00 v input external delay
     1    0.00    0.01    0.00    2.00 v x[2] (in)
                                         x[2] (net)
                  0.01    0.00    2.00 v input3/A (sky130_fd_sc_hd__buf_1)
     3    0.01    0.06    0.09    2.10 v input3/X (sky130_fd_sc_hd__buf_1)
                                         net3 (net)
                  0.06    0.00    2.10 v _21_/B1 (sky130_fd_sc_hd__o21ai_1)
     1    0.00    0.08    0.07    2.17 ^ _21_/Y (sky130_fd_sc_hd__o21ai_1)
                                         _07_ (net)
                  0.08    0.00    2.17 ^ _22_/B (sky130_fd_sc_hd__and2_1)
     1    0.00    0.06    0.13    2.30 ^ _22_/X (sky130_fd_sc_hd__and2_1)
                                         _08_ (net)
                  0.06    0.00    2.30 ^ _23_/A (sky130_fd_sc_hd__clkbuf_1)
     1    0.00    0.04    0.08    2.38 ^ _23_/X (sky130_fd_sc_hd__clkbuf_1)
                                         net11 (net)
                  0.04    0.00    2.38 ^ output11/A (sky130_fd_sc_hd__buf_2)
     1    0.03    0.17    0.19    2.57 ^ output11/X (sky130_fd_sc_hd__buf_2)
                                         z[2] (net)
                  0.17    0.00    2.57 ^ z[2] (out)
                                  2.57   data arrival time

                  0.00    0.00    0.00   clock __VIRTUAL_CLK__ (rise edge)
                          0.00    0.00   clock network delay (ideal)
                          0.25    0.25   clock uncertainty
                          0.00    0.25   clock reconvergence pessimism
                         -2.00   -1.75   output external delay
                                 -1.75   data required time
-----------------------------------------------------------------------------
                                 -1.75   data required time
                                 -2.57   data arrival time
-----------------------------------------------------------------------------
                                  4.32   slack (MET)


Startpoint: x[6] (input port clocked by __VIRTUAL_CLK__)
Endpoint: z[6] (output port clocked by __VIRTUAL_CLK__)
Path Group: __VIRTUAL_CLK__
Path Type: min
Corner: Typical

Fanout     Cap    Slew   Delay    Time   Description
-----------------------------------------------------------------------------
                  0.00    0.00    0.00   clock __VIRTUAL_CLK__ (rise edge)
                          0.00    0.00   clock network delay (ideal)
                          2.00    2.00 v input external delay
     1    0.00    0.01    0.00    2.00 v x[6] (in)
                                         x[6] (net)
                  0.01    0.00    2.00 v input7/A (sky130_fd_sc_hd__buf_1)
     2    0.01    0.06    0.10    2.10 v input7/X (sky130_fd_sc_hd__buf_1)
                                         net7 (net)
                  0.06    0.00    2.10 v _14_/B1 (sky130_fd_sc_hd__o31a_1)
     1    0.00    0.03    0.10    2.20 v _14_/X (sky130_fd_sc_hd__o31a_1)
                                         _03_ (net)
                  0.03    0.00    2.20 v _16_/A_N (sky130_fd_sc_hd__and2b_1)
     1    0.00    0.06    0.18    2.38 ^ _16_/X (sky130_fd_sc_hd__and2b_1)
                                         _05_ (net)
                  0.06    0.00    2.38 ^ _17_/A (sky130_fd_sc_hd__clkbuf_1)
     1    0.00    0.04    0.08    2.46 ^ _17_/X (sky130_fd_sc_hd__clkbuf_1)
                                         net15 (net)
                  0.04    0.00    2.46 ^ output15/A (sky130_fd_sc_hd__buf_2)
     1    0.03    0.17    0.19    2.65 ^ output15/X (sky130_fd_sc_hd__buf_2)
                                         z[6] (net)
                  0.17    0.00    2.65 ^ z[6] (out)
                                  2.65   data arrival time

                  0.00    0.00    0.00   clock __VIRTUAL_CLK__ (rise edge)
                          0.00    0.00   clock network delay (ideal)
                          0.25    0.25   clock uncertainty
                          0.00    0.25   clock reconvergence pessimism
                         -2.00   -1.75   output external delay
                                 -1.75   data required time
-----------------------------------------------------------------------------
                                 -1.75   data required time
                                 -2.65   data arrival time
-----------------------------------------------------------------------------
                                  4.40   slack (MET)



worst slack corner Typical: 4.1060
