OpenROAD b16bda7e82721d10566ff7e2b68f1ff0be9f9e38 
Features included (+) or not (-): +Charts +GPU +GUI +Python
This program is licensed under the BSD-3 license. See the LICENSE file for details.
Components of this program may be licensed under more restrictive licenses which must be honored.
define_corners Typical
read_liberty -corner Typical /root/.volare/sky130A/libs.ref/sky130_fd_sc_hd/lib/sky130_fd_sc_hd__tt_025C_1v80.lib
Using 1e-12 for capacitance...
Using 1e+03 for resistance...
Using 1e-09 for time...
Using 1e+00 for voltage...
Using 1e-03 for current...
Using 1e-09 for power...
Using 1e-06 for distance...
[INFO]: Reading ODB at '/openlane/designs/zero_to_five_counter/runs/RUN_2025.05.17_19.14.37/tmp/routing/21-fill.odb'…
Reading design constraints file at '/openlane/designs/zero_to_five_counter/src/ZeroToFiveCounter.sdc'…
[INFO ORD-0030] Using 2 thread(s).
[INFO DRT-0149] Reading tech and libs.
[WARNING DRT-0349] LEF58_ENCLOSURE with no CUTCLASS is not supported. Skipping for layer mcon
[WARNING DRT-0349] LEF58_ENCLOSURE with no CUTCLASS is not supported. Skipping for layer mcon
[WARNING DRT-0349] LEF58_ENCLOSURE with no CUTCLASS is not supported. Skipping for layer via
[WARNING DRT-0349] LEF58_ENCLOSURE with no CUTCLASS is not supported. Skipping for layer via
[WARNING DRT-0349] LEF58_ENCLOSURE with no CUTCLASS is not supported. Skipping for layer via2
[WARNING DRT-0349] LEF58_ENCLOSURE with no CUTCLASS is not supported. Skipping for layer via2
[WARNING DRT-0349] LEF58_ENCLOSURE with no CUTCLASS is not supported. Skipping for layer via3
[WARNING DRT-0349] LEF58_ENCLOSURE with no CUTCLASS is not supported. Skipping for layer via3
[WARNING DRT-0349] LEF58_ENCLOSURE with no CUTCLASS is not supported. Skipping for layer via4
[WARNING DRT-0349] LEF58_ENCLOSURE with no CUTCLASS is not supported. Skipping for layer via4

Units:                1000
Number of layers:     13
Number of macros:     441
Number of vias:       29
Number of viarulegen: 25

[INFO DRT-0150] Reading design.

Design:                   top
Die area:                 ( 0 0 ) ( 300000 300000 )
Number of track patterns: 12
Number of DEF vias:       0
Number of components:     8184
Number of terminals:      11
Number of snets:          2
Number of nets:           44

[INFO DRT-0167] List of default vias:
  Layer via
    default via: M1M2_PR
  Layer via2
    default via: M2M3_PR
  Layer via3
    default via: M3M4_PR
  Layer via4
    default via: M4M5_PR
[INFO DRT-0162] Library cell analysis.
[INFO DRT-0163] Instance analysis.
[INFO DRT-0164] Number of unique instances = 58.
[INFO DRT-0168] Init region query.
[INFO DRT-0024]   Complete FR_MASTERSLICE.
[INFO DRT-0024]   Complete Fr_VIA.
[INFO DRT-0024]   Complete li1.
[INFO DRT-0024]   Complete mcon.
[INFO DRT-0024]   Complete met1.
[INFO DRT-0024]   Complete via.
[INFO DRT-0024]   Complete met2.
[INFO DRT-0024]   Complete via2.
[INFO DRT-0024]   Complete met3.
[INFO DRT-0024]   Complete via3.
[INFO DRT-0024]   Complete met4.
[INFO DRT-0024]   Complete via4.
[INFO DRT-0024]   Complete met5.
[INFO DRT-0033] FR_MASTERSLICE shape region query size = 0.
[INFO DRT-0033] FR_VIA shape region query size = 0.
[INFO DRT-0033] li1 shape region query size = 43285.
[INFO DRT-0033] mcon shape region query size = 107880.
[INFO DRT-0033] met1 shape region query size = 17739.
[INFO DRT-0033] via shape region query size = 6180.
[INFO DRT-0033] met2 shape region query size = 3708.
[INFO DRT-0033] via2 shape region query size = 4944.
[INFO DRT-0033] met3 shape region query size = 3717.
[INFO DRT-0033] via3 shape region query size = 4944.
[INFO DRT-0033] met4 shape region query size = 1548.
[INFO DRT-0033] via4 shape region query size = 264.
[INFO DRT-0033] met5 shape region query size = 308.
[INFO DRT-0165] Start pin access.
[INFO DRT-0078]   Complete 122 pins.
[INFO DRT-0081]   Complete 40 unique inst patterns.
[INFO DRT-0084]   Complete 58 groups.
#scanned instances     = 8184
#unique  instances     = 58
#stdCellGenAp          = 1107
#stdCellValidPlanarAp  = 0
#stdCellValidViaAp     = 786
#stdCellPinNoAp        = 0
#stdCellPinCnt         = 131
#instTermValidViaApCnt = 0
#macroGenAp            = 0
#macroValidPlanarAp    = 0
#macroValidViaAp       = 0
#macroNoAp             = 0
[INFO DRT-0166] Complete pin access.
[INFO DRT-0267] cpu time = 00:00:14, elapsed time = 00:00:06, memory = 136.70 (MB), peak = 136.70 (MB)

Number of guides:     522

[INFO DRT-0169] Post process guides.
[INFO DRT-0176] GCELLGRID X 0 DO 43 STEP 6900 ;
[INFO DRT-0177] GCELLGRID Y 0 DO 43 STEP 6900 ;
[INFO DRT-0028]   Complete FR_MASTERSLICE.
[INFO DRT-0028]   Complete Fr_VIA.
[INFO DRT-0028]   Complete li1.
[INFO DRT-0028]   Complete mcon.
[INFO DRT-0028]   Complete met1.
[INFO DRT-0028]   Complete via.
[INFO DRT-0028]   Complete met2.
[INFO DRT-0028]   Complete via2.
[INFO DRT-0028]   Complete met3.
[INFO DRT-0028]   Complete via3.
[INFO DRT-0028]   Complete met4.
[INFO DRT-0028]   Complete via4.
[INFO DRT-0028]   Complete met5.
[INFO DRT-0178] Init guide query.
[INFO DRT-0035]   Complete FR_MASTERSLICE (guide).
[INFO DRT-0035]   Complete Fr_VIA (guide).
[INFO DRT-0035]   Complete li1 (guide).
[INFO DRT-0035]   Complete mcon (guide).
[INFO DRT-0035]   Complete met1 (guide).
[INFO DRT-0035]   Complete via (guide).
[INFO DRT-0035]   Complete met2 (guide).
[INFO DRT-0035]   Complete via2 (guide).
[INFO DRT-0035]   Complete met3 (guide).
[INFO DRT-0035]   Complete via3 (guide).
[INFO DRT-0035]   Complete met4 (guide).
[INFO DRT-0035]   Complete via4 (guide).
[INFO DRT-0035]   Complete met5 (guide).
[INFO DRT-0036] FR_MASTERSLICE guide region query size = 0.
[INFO DRT-0036] FR_VIA guide region query size = 0.
[INFO DRT-0036] li1 guide region query size = 137.
[INFO DRT-0036] mcon guide region query size = 0.
[INFO DRT-0036] met1 guide region query size = 151.
[INFO DRT-0036] via guide region query size = 0.
[INFO DRT-0036] met2 guide region query size = 96.
[INFO DRT-0036] via2 guide region query size = 0.
[INFO DRT-0036] met3 guide region query size = 13.
[INFO DRT-0036] via3 guide region query size = 0.
[INFO DRT-0036] met4 guide region query size = 3.
[INFO DRT-0036] via4 guide region query size = 0.
[INFO DRT-0036] met5 guide region query size = 0.
[INFO DRT-0179] Init gr pin query.
[INFO DRT-0245] skipped writing guide updates to database.
[INFO DRT-0185] Post process initialize RPin region query.
[INFO DRT-0181] Start track assignment.
[INFO DRT-0184] Done with 236 vertical wires in 1 frboxes and 164 horizontal wires in 1 frboxes.
[INFO DRT-0186] Done with 15 vertical wires in 1 frboxes and 26 horizontal wires in 1 frboxes.
[INFO DRT-0182] Complete track assignment.
[INFO DRT-0267] cpu time = 00:00:04, elapsed time = 00:00:03, memory = 140.62 (MB), peak = 160.22 (MB)
[INFO DRT-0187] Start routing data preparation.
[INFO DRT-0267] cpu time = 00:00:00, elapsed time = 00:00:00, memory = 140.62 (MB), peak = 160.22 (MB)
[INFO DRT-0194] Start detail routing.
[INFO DRT-0195] Start 0th optimization iteration.
    Completing 10% with 0 violations.
    elapsed time = 00:00:01, memory = 185.61 (MB).
    Completing 20% with 0 violations.
    elapsed time = 00:00:01, memory = 193.98 (MB).
    Completing 30% with 0 violations.
    elapsed time = 00:00:01, memory = 212.74 (MB).
    Completing 40% with 5 violations.
    elapsed time = 00:00:02, memory = 213.51 (MB).
    Completing 50% with 5 violations.
    elapsed time = 00:00:02, memory = 213.51 (MB).
    Completing 60% with 6 violations.
    elapsed time = 00:00:04, memory = 217.64 (MB).
    Completing 70% with 6 violations.
    elapsed time = 00:00:04, memory = 218.15 (MB).
    Completing 80% with 6 violations.
    elapsed time = 00:00:05, memory = 218.15 (MB).
    Completing 90% with 6 violations.
    elapsed time = 00:00:06, memory = 218.15 (MB).
    Completing 100% with 7 violations.
    elapsed time = 00:00:07, memory = 222.02 (MB).
[INFO DRT-0199]   Number of violations = 14.
Viol/Layer        met1   met2   met3
Metal Spacing        4      0      1
Recheck              2      3      2
Short                2      0      0
[INFO DRT-0267] cpu time = 00:00:15, elapsed time = 00:00:08, memory = 531.23 (MB), peak = 543.04 (MB)
Total wire length = 10652 um.
Total wire length on LAYER li1 = 0 um.
Total wire length on LAYER met1 = 5304 um.
Total wire length on LAYER met2 = 4994 um.
Total wire length on LAYER met3 = 185 um.
Total wire length on LAYER met4 = 167 um.
Total wire length on LAYER met5 = 0 um.
Total number of vias = 337.
Up-via summary (total 337):

----------------------
 FR_MASTERSLICE      0
            li1    146
           met1    174
           met2     12
           met3      5
           met4      0
----------------------
                   337


[INFO DRT-0195] Start 1st optimization iteration.
    Completing 10% with 14 violations.
    elapsed time = 00:00:00, memory = 531.23 (MB).
    Completing 20% with 14 violations.
    elapsed time = 00:00:01, memory = 531.23 (MB).
    Completing 30% with 14 violations.
    elapsed time = 00:00:01, memory = 531.23 (MB).
    Completing 40% with 20 violations.
    elapsed time = 00:00:02, memory = 531.23 (MB).
    Completing 50% with 20 violations.
    elapsed time = 00:00:02, memory = 531.23 (MB).
    Completing 60% with 13 violations.
    elapsed time = 00:00:03, memory = 531.23 (MB).
    Completing 70% with 13 violations.
    elapsed time = 00:00:03, memory = 531.23 (MB).
    Completing 80% with 13 violations.
    elapsed time = 00:00:04, memory = 531.23 (MB).
    Completing 90% with 13 violations.
    elapsed time = 00:00:05, memory = 531.23 (MB).
    Completing 100% with 11 violations.
    elapsed time = 00:00:05, memory = 531.23 (MB).
[INFO DRT-0199]   Number of violations = 11.
Viol/Layer        met1
Short               11
[INFO DRT-0267] cpu time = 00:00:11, elapsed time = 00:00:06, memory = 531.38 (MB), peak = 543.18 (MB)
Total wire length = 10617 um.
Total wire length on LAYER li1 = 0 um.
Total wire length on LAYER met1 = 5284 um.
Total wire length on LAYER met2 = 4983 um.
Total wire length on LAYER met3 = 181 um.
Total wire length on LAYER met4 = 167 um.
Total wire length on LAYER met5 = 0 um.
Total number of vias = 327.
Up-via summary (total 327):

----------------------
 FR_MASTERSLICE      0
            li1    146
           met1    164
           met2     12
           met3      5
           met4      0
----------------------
                   327


[INFO DRT-0195] Start 2nd optimization iteration.
    Completing 10% with 11 violations.
    elapsed time = 00:00:00, memory = 531.38 (MB).
    Completing 20% with 11 violations.
    elapsed time = 00:00:00, memory = 531.38 (MB).
    Completing 30% with 11 violations.
    elapsed time = 00:00:00, memory = 531.38 (MB).
    Completing 40% with 1 violations.
    elapsed time = 00:00:00, memory = 531.38 (MB).
    Completing 50% with 1 violations.
    elapsed time = 00:00:00, memory = 531.38 (MB).
    Completing 60% with 1 violations.
    elapsed time = 00:00:00, memory = 531.38 (MB).
    Completing 70% with 1 violations.
    elapsed time = 00:00:00, memory = 531.38 (MB).
    Completing 80% with 1 violations.
    elapsed time = 00:00:00, memory = 531.38 (MB).
    Completing 90% with 1 violations.
    elapsed time = 00:00:00, memory = 531.38 (MB).
    Completing 100% with 1 violations.
    elapsed time = 00:00:00, memory = 531.38 (MB).
[INFO DRT-0199]   Number of violations = 1.
Viol/Layer        met1
Short                1
[INFO DRT-0267] cpu time = 00:00:01, elapsed time = 00:00:00, memory = 531.34 (MB), peak = 543.30 (MB)
Total wire length = 10621 um.
Total wire length on LAYER li1 = 0 um.
Total wire length on LAYER met1 = 5294 um.
Total wire length on LAYER met2 = 4978 um.
Total wire length on LAYER met3 = 181 um.
Total wire length on LAYER met4 = 167 um.
Total wire length on LAYER met5 = 0 um.
Total number of vias = 327.
Up-via summary (total 327):

----------------------
 FR_MASTERSLICE      0
            li1    146
           met1    164
           met2     12
           met3      5
           met4      0
----------------------
                   327


[INFO DRT-0195] Start 3rd optimization iteration.
    Completing 10% with 1 violations.
    elapsed time = 00:00:00, memory = 531.34 (MB).
    Completing 20% with 1 violations.
    elapsed time = 00:00:00, memory = 531.34 (MB).
    Completing 30% with 1 violations.
    elapsed time = 00:00:00, memory = 531.34 (MB).
    Completing 40% with 0 violations.
    elapsed time = 00:00:00, memory = 531.34 (MB).
    Completing 50% with 0 violations.
    elapsed time = 00:00:00, memory = 531.34 (MB).
    Completing 60% with 0 violations.
    elapsed time = 00:00:00, memory = 531.34 (MB).
    Completing 70% with 0 violations.
    elapsed time = 00:00:00, memory = 531.34 (MB).
    Completing 80% with 0 violations.
    elapsed time = 00:00:00, memory = 531.34 (MB).
    Completing 90% with 0 violations.
    elapsed time = 00:00:00, memory = 531.34 (MB).
    Completing 100% with 0 violations.
    elapsed time = 00:00:00, memory = 531.34 (MB).
[INFO DRT-0199]   Number of violations = 0.
[INFO DRT-0267] cpu time = 00:00:01, elapsed time = 00:00:00, memory = 531.34 (MB), peak = 543.30 (MB)
Total wire length = 10618 um.
Total wire length on LAYER li1 = 0 um.
Total wire length on LAYER met1 = 5289 um.
Total wire length on LAYER met2 = 4979 um.
Total wire length on LAYER met3 = 181 um.
Total wire length on LAYER met4 = 167 um.
Total wire length on LAYER met5 = 0 um.
Total number of vias = 329.
Up-via summary (total 329):

----------------------
 FR_MASTERSLICE      0
            li1    146
           met1    166
           met2     12
           met3      5
           met4      0
----------------------
                   329


[INFO DRT-0198] Complete detail routing.
Total wire length = 10618 um.
Total wire length on LAYER li1 = 0 um.
Total wire length on LAYER met1 = 5289 um.
Total wire length on LAYER met2 = 4979 um.
Total wire length on LAYER met3 = 181 um.
Total wire length on LAYER met4 = 167 um.
Total wire length on LAYER met5 = 0 um.
Total number of vias = 329.
Up-via summary (total 329):

----------------------
 FR_MASTERSLICE      0
            li1    146
           met1    166
           met2     12
           met3      5
           met4      0
----------------------
                   329


[INFO DRT-0267] cpu time = 00:00:29, elapsed time = 00:00:16, memory = 531.34 (MB), peak = 543.30 (MB)

[INFO DRT-0180] Post processing.
Setting global connections for newly added cells…
Writing OpenROAD database to '/openlane/designs/zero_to_five_counter/runs/RUN_2025.05.17_19.14.37/results/routing/top.odb'…
Writing netlist to '/openlane/designs/zero_to_five_counter/runs/RUN_2025.05.17_19.14.37/results/routing/top.nl.v'…
Writing powered netlist to '/openlane/designs/zero_to_five_counter/runs/RUN_2025.05.17_19.14.37/results/routing/top.pnl.v'…
Writing layout to '/openlane/designs/zero_to_five_counter/runs/RUN_2025.05.17_19.14.37/results/routing/top.def'…
