OpenROAD b16bda7e82721d10566ff7e2b68f1ff0be9f9e38 
Features included (+) or not (-): +Charts +GPU +GUI +Python
This program is licensed under the BSD-3 license. See the LICENSE file for details.
Components of this program may be licensed under more restrictive licenses which must be honored.
Top-level design name: top
Block boundaries: 0 0 300000 300000
Horizontal Tracks Origin: 340, Count: 441, Step: 680
Vertical Tracks Origin: 230, Count: 652, Step: 460
Placement details for the #E side
Virtual pin count:  0
Actual pin count:  7
Total pin count:  7
Tracks count:  221
Tracks per pin:  31
Used tracks count:  187
Unused track count:  34
Starting track index:  17
Placement Map:
[340, 1700, 3060, 4420, 5780, 7140, 8500, 9860, 11220, 12580, 13940, 15300, 16660, 18020, 19380, 20740, 22100, [91m23460[0m, 24820, 26180, 27540, 28900, 30260, 31620, 32980, 34340, 35700, 37060, 38420, 39780, 41140, 42500, 43860, 45220, 46580, 47940, 49300, 50660, 52020, 53380, 54740, 56100, 57460, 58820, 60180, 61540, 62900, 64260, [91m65620[0m, 66980, 68340, 69700, 71060, 72420, 73780, 75140, 76500, 77860, 79220, 80580, 81940, 83300, 84660, 86020, 87380, 88740, 90100, 91460, 92820, 94180, 95540, 96900, 98260, 99620, 100980, 102340, 103700, 105060, 106420, [91m107780[0m, 109140, 110500, 111860, 113220, 114580, 115940, 117300, 118660, 120020, 121380, 122740, 124100, 125460, 126820, 128180, 129540, 130900, 132260, 133620, 134980, 136340, 137700, 139060, 140420, 141780, 143140, 144500, 145860, 147220, 148580, [91m149940[0m, 151300, 152660, 154020, 155380, 156740, 158100, 159460, 160820, 162180, 163540, 164900, 166260, 167620, 168980, 170340, 171700, 173060, 174420, 175780, 177140, 178500, 179860, 181220, 182580, 183940, 185300, 186660, 188020, 189380, 190740, [91m192100[0m, 193460, 194820, 196180, 197540, 198900, 200260, 201620, 202980, 204340, 205700, 207060, 208420, 209780, 211140, 212500, 213860, 215220, 216580, 217940, 219300, 220660, 222020, 223380, 224740, 226100, 227460, 228820, 230180, 231540, 232900, [91m234260[0m, 235620, 236980, 238340, 239700, 241060, 242420, 243780, 245140, 246500, 247860, 249220, 250580, 251940, 253300, 254660, 256020, 257380, 258740, 260100, 261460, 262820, 264180, 265540, 266900, 268260, 269620, 270980, 272340, 273700, 275060, [91m276420[0m, 277780, 279140, 280500, 281860, 283220, 284580, 285940, 287300, 288660, 290020, 291380, 292740, 294100, 295460, 296820, 298180, 299540, ]
Indices of used tracks: [17, 48, 79, 110, 141, 172, 203]
---
Placement details for the #W side
Virtual pin count:  0
Actual pin count:  2
Total pin count:  2
Tracks count:  221
Tracks per pin:  110
Used tracks count:  111
Unused track count:  110
Starting track index:  55
Placement Map:
[340, 1700, 3060, 4420, 5780, 7140, 8500, 9860, 11220, 12580, 13940, 15300, 16660, 18020, 19380, 20740, 22100, 23460, 24820, 26180, 27540, 28900, 30260, 31620, 32980, 34340, 35700, 37060, 38420, 39780, 41140, 42500, 43860, 45220, 46580, 47940, 49300, 50660, 52020, 53380, 54740, 56100, 57460, 58820, 60180, 61540, 62900, 64260, 65620, 66980, 68340, 69700, 71060, 72420, 73780, [91m75140[0m, 76500, 77860, 79220, 80580, 81940, 83300, 84660, 86020, 87380, 88740, 90100, 91460, 92820, 94180, 95540, 96900, 98260, 99620, 100980, 102340, 103700, 105060, 106420, 107780, 109140, 110500, 111860, 113220, 114580, 115940, 117300, 118660, 120020, 121380, 122740, 124100, 125460, 126820, 128180, 129540, 130900, 132260, 133620, 134980, 136340, 137700, 139060, 140420, 141780, 143140, 144500, 145860, 147220, 148580, 149940, 151300, 152660, 154020, 155380, 156740, 158100, 159460, 160820, 162180, 163540, 164900, 166260, 167620, 168980, 170340, 171700, 173060, 174420, 175780, 177140, 178500, 179860, 181220, 182580, 183940, 185300, 186660, 188020, 189380, 190740, 192100, 193460, 194820, 196180, 197540, 198900, 200260, 201620, 202980, 204340, 205700, 207060, 208420, 209780, 211140, 212500, 213860, 215220, 216580, 217940, 219300, 220660, 222020, 223380, [91m224740[0m, 226100, 227460, 228820, 230180, 231540, 232900, 234260, 235620, 236980, 238340, 239700, 241060, 242420, 243780, 245140, 246500, 247860, 249220, 250580, 251940, 253300, 254660, 256020, 257380, 258740, 260100, 261460, 262820, 264180, 265540, 266900, 268260, 269620, 270980, 272340, 273700, 275060, 276420, 277780, 279140, 280500, 281860, 283220, 284580, 285940, 287300, 288660, 290020, 291380, 292740, 294100, 295460, 296820, 298180, 299540, ]
Indices of used tracks: [55, 165]
---
