
===========================================================================
report_checks -path_delay min (Hold)
============================================================================
======================= Typical Corner ===================================

Startpoint: A[6] (input port clocked by __VIRTUAL_CLK__)
Endpoint: out[6] (output port clocked by __VIRTUAL_CLK__)
Path Group: __VIRTUAL_CLK__
Path Type: min

Fanout     Cap    Slew   Delay    Time   Description
-----------------------------------------------------------------------------
                  0.00    0.00    0.00   clock __VIRTUAL_CLK__ (rise edge)
                          0.00    0.00   clock network delay (ideal)
                          2.00    2.00 ^ input external delay
     1    0.01    0.05    0.03    2.03 ^ A[6] (in)
                                         A[6] (net)
                  0.05    0.00    2.03 ^ input7/A (sky130_fd_sc_hd__buf_8)
    10    0.11    0.18    0.18    2.21 ^ input7/X (sky130_fd_sc_hd__buf_8)
                                         net7 (net)
                  0.18    0.00    2.21 ^ _453_/A1 (sky130_fd_sc_hd__a22oi_4)
     1    0.01    0.04    0.09    2.30 v _453_/Y (sky130_fd_sc_hd__a22oi_4)
                                         net26 (net)
                  0.04    0.00    2.30 v output26/A (sky130_fd_sc_hd__buf_6)
     1    0.03    0.04    0.13    2.43 v output26/X (sky130_fd_sc_hd__buf_6)
                                         out[6] (net)
                  0.04    0.00    2.43 v out[6] (out)
                                  2.43   data arrival time

                  0.00    0.00    0.00   clock __VIRTUAL_CLK__ (rise edge)
                          0.00    0.00   clock network delay (ideal)
                          0.25    0.25   clock uncertainty
                          0.00    0.25   clock reconvergence pessimism
                         -2.00   -1.75   output external delay
                                 -1.75   data required time
-----------------------------------------------------------------------------
                                 -1.75   data required time
                                 -2.43   data arrival time
-----------------------------------------------------------------------------
                                  4.18   slack (MET)


Startpoint: A[5] (input port clocked by __VIRTUAL_CLK__)
Endpoint: out[5] (output port clocked by __VIRTUAL_CLK__)
Path Group: __VIRTUAL_CLK__
Path Type: min

Fanout     Cap    Slew   Delay    Time   Description
-----------------------------------------------------------------------------
                  0.00    0.00    0.00   clock __VIRTUAL_CLK__ (rise edge)
                          0.00    0.00   clock network delay (ideal)
                          2.00    2.00 ^ input external delay
     1    0.00    0.03    0.01    2.01 ^ A[5] (in)
                                         A[5] (net)
                  0.03    0.00    2.01 ^ input6/A (sky130_fd_sc_hd__buf_4)
     4    0.06    0.16    0.18    2.19 ^ input6/X (sky130_fd_sc_hd__buf_4)
                                         net6 (net)
                  0.16    0.01    2.20 ^ clone33/A (sky130_fd_sc_hd__clkbuf_16)
     5    0.02    0.04    0.16    2.35 ^ clone33/X (sky130_fd_sc_hd__clkbuf_16)
                                         net62 (net)
                  0.04    0.00    2.35 ^ _410_/A1 (sky130_fd_sc_hd__a21oi_4)
     1    0.00    0.03    0.04    2.39 v _410_/Y (sky130_fd_sc_hd__a21oi_4)
                                         net25 (net)
                  0.03    0.00    2.39 v output25/A (sky130_fd_sc_hd__buf_6)
     1    0.03    0.04    0.12    2.52 v output25/X (sky130_fd_sc_hd__buf_6)
                                         out[5] (net)
                  0.04    0.00    2.52 v out[5] (out)
                                  2.52   data arrival time

                  0.00    0.00    0.00   clock __VIRTUAL_CLK__ (rise edge)
                          0.00    0.00   clock network delay (ideal)
                          0.25    0.25   clock uncertainty
                          0.00    0.25   clock reconvergence pessimism
                         -2.00   -1.75   output external delay
                                 -1.75   data required time
-----------------------------------------------------------------------------
                                 -1.75   data required time
                                 -2.52   data arrival time
-----------------------------------------------------------------------------
                                  4.27   slack (MET)


Startpoint: A[7] (input port clocked by __VIRTUAL_CLK__)
Endpoint: out[7] (output port clocked by __VIRTUAL_CLK__)
Path Group: __VIRTUAL_CLK__
Path Type: min

Fanout     Cap    Slew   Delay    Time   Description
-----------------------------------------------------------------------------
                  0.00    0.00    0.00   clock __VIRTUAL_CLK__ (rise edge)
                          0.00    0.00   clock network delay (ideal)
                          2.00    2.00 v input external delay
     1    0.00    0.01    0.01    2.01 v A[7] (in)
                                         A[7] (net)
                  0.01    0.00    2.01 v input8/A (sky130_fd_sc_hd__buf_4)
     6    0.05    0.08    0.16    2.16 v input8/X (sky130_fd_sc_hd__buf_4)
                                         net8 (net)
                  0.08    0.00    2.17 v _502_/A (sky130_fd_sc_hd__inv_2)
     1    0.03    0.12    0.12    2.29 ^ _502_/Y (sky130_fd_sc_hd__inv_2)
                                         _179_ (net)
                  0.12    0.00    2.29 ^ _503_/B2 (sky130_fd_sc_hd__o32a_4)
     1    0.01    0.04    0.16    2.45 ^ _503_/X (sky130_fd_sc_hd__o32a_4)
                                         net27 (net)
                  0.04    0.00    2.45 ^ output27/A (sky130_fd_sc_hd__buf_8)
     1    0.03    0.07    0.11    2.56 ^ output27/X (sky130_fd_sc_hd__buf_8)
                                         out[7] (net)
                  0.07    0.00    2.56 ^ out[7] (out)
                                  2.56   data arrival time

                  0.00    0.00    0.00   clock __VIRTUAL_CLK__ (rise edge)
                          0.00    0.00   clock network delay (ideal)
                          0.25    0.25   clock uncertainty
                          0.00    0.25   clock reconvergence pessimism
                         -2.00   -1.75   output external delay
                                 -1.75   data required time
-----------------------------------------------------------------------------
                                 -1.75   data required time
                                 -2.56   data arrival time
-----------------------------------------------------------------------------
                                  4.31   slack (MET)


Startpoint: A[1] (input port clocked by __VIRTUAL_CLK__)
Endpoint: out[1] (output port clocked by __VIRTUAL_CLK__)
Path Group: __VIRTUAL_CLK__
Path Type: min

Fanout     Cap    Slew   Delay    Time   Description
-----------------------------------------------------------------------------
                  0.00    0.00    0.00   clock __VIRTUAL_CLK__ (rise edge)
                          0.00    0.00   clock network delay (ideal)
                          2.00    2.00 ^ input external delay
     1    0.01    0.05    0.03    2.03 ^ A[1] (in)
                                         A[1] (net)
                  0.05    0.00    2.03 ^ input2/A (sky130_fd_sc_hd__buf_8)
    10    0.03    0.07    0.11    2.14 ^ input2/X (sky130_fd_sc_hd__buf_8)
                                         net2 (net)
                  0.07    0.00    2.14 ^ _263_/A (sky130_fd_sc_hd__buf_4)
    10    0.03    0.09    0.15    2.29 ^ _263_/X (sky130_fd_sc_hd__buf_4)
                                         _193_ (net)
                  0.09    0.00    2.29 ^ _287_/A1_N (sky130_fd_sc_hd__o2bb2a_1)
     1    0.00    0.03    0.20    2.49 v _287_/X (sky130_fd_sc_hd__o2bb2a_1)
                                         net21 (net)
                  0.03    0.00    2.49 v output21/A (sky130_fd_sc_hd__buf_2)
     1    0.03    0.09    0.17    2.65 v output21/X (sky130_fd_sc_hd__buf_2)
                                         out[1] (net)
                  0.09    0.00    2.65 v out[1] (out)
                                  2.65   data arrival time

                  0.00    0.00    0.00   clock __VIRTUAL_CLK__ (rise edge)
                          0.00    0.00   clock network delay (ideal)
                          0.25    0.25   clock uncertainty
                          0.00    0.25   clock reconvergence pessimism
                         -2.00   -1.75   output external delay
                                 -1.75   data required time
-----------------------------------------------------------------------------
                                 -1.75   data required time
                                 -2.65   data arrival time
-----------------------------------------------------------------------------
                                  4.40   slack (MET)


Startpoint: A[3] (input port clocked by __VIRTUAL_CLK__)
Endpoint: out[3] (output port clocked by __VIRTUAL_CLK__)
Path Group: __VIRTUAL_CLK__
Path Type: min

Fanout     Cap    Slew   Delay    Time   Description
-----------------------------------------------------------------------------
                  0.00    0.00    0.00   clock __VIRTUAL_CLK__ (rise edge)
                          0.00    0.00   clock network delay (ideal)
                          2.00    2.00 ^ input external delay
     1    0.01    0.03    0.02    2.02 ^ A[3] (in)
                                         A[3] (net)
                  0.03    0.00    2.02 ^ input4/A (sky130_fd_sc_hd__buf_6)
     7    0.03    0.07    0.11    2.13 ^ input4/X (sky130_fd_sc_hd__buf_6)
                                         net4 (net)
                  0.07    0.00    2.13 ^ _310_/A (sky130_fd_sc_hd__buf_12)
    10    0.05    0.07    0.12    2.25 ^ _310_/X (sky130_fd_sc_hd__buf_12)
                                         _238_ (net)
                  0.07    0.00    2.25 ^ _339_/A1_N (sky130_fd_sc_hd__o2bb2a_2)
     1    0.02    0.07    0.24    2.49 v _339_/X (sky130_fd_sc_hd__o2bb2a_2)
                                         net23 (net)
                  0.07    0.00    2.50 v output23/A (sky130_fd_sc_hd__buf_2)
     1    0.03    0.09    0.18    2.68 v output23/X (sky130_fd_sc_hd__buf_2)
                                         out[3] (net)
                  0.09    0.00    2.68 v out[3] (out)
                                  2.68   data arrival time

                  0.00    0.00    0.00   clock __VIRTUAL_CLK__ (rise edge)
                          0.00    0.00   clock network delay (ideal)
                          0.25    0.25   clock uncertainty
                          0.00    0.25   clock reconvergence pessimism
                         -2.00   -1.75   output external delay
                                 -1.75   data required time
-----------------------------------------------------------------------------
                                 -1.75   data required time
                                 -2.68   data arrival time
-----------------------------------------------------------------------------
                                  4.43   slack (MET)


Startpoint: A[4] (input port clocked by __VIRTUAL_CLK__)
Endpoint: out[4] (output port clocked by __VIRTUAL_CLK__)
Path Group: __VIRTUAL_CLK__
Path Type: min

Fanout     Cap    Slew   Delay    Time   Description
-----------------------------------------------------------------------------
                  0.00    0.00    0.00   clock __VIRTUAL_CLK__ (rise edge)
                          0.00    0.00   clock network delay (ideal)
                          2.00    2.00 ^ input external delay
     1    0.00    0.02    0.01    2.01 ^ A[4] (in)
                                         A[4] (net)
                  0.02    0.00    2.01 ^ input5/A (sky130_fd_sc_hd__buf_4)
     4    0.02    0.08    0.12    2.13 ^ input5/X (sky130_fd_sc_hd__buf_4)
                                         net5 (net)
                  0.08    0.00    2.13 ^ _340_/A (sky130_fd_sc_hd__buf_8)
    10    0.05    0.09    0.13    2.27 ^ _340_/X (sky130_fd_sc_hd__buf_8)
                                         _019_ (net)
                  0.09    0.00    2.27 ^ _373_/A1_N (sky130_fd_sc_hd__o2bb2a_1)
     1    0.01    0.07    0.24    2.51 v _373_/X (sky130_fd_sc_hd__o2bb2a_1)
                                         net24 (net)
                  0.07    0.00    2.51 v output24/A (sky130_fd_sc_hd__buf_2)
     1    0.03    0.09    0.18    2.69 v output24/X (sky130_fd_sc_hd__buf_2)
                                         out[4] (net)
                  0.09    0.00    2.69 v out[4] (out)
                                  2.69   data arrival time

                  0.00    0.00    0.00   clock __VIRTUAL_CLK__ (rise edge)
                          0.00    0.00   clock network delay (ideal)
                          0.25    0.25   clock uncertainty
                          0.00    0.25   clock reconvergence pessimism
                         -2.00   -1.75   output external delay
                                 -1.75   data required time
-----------------------------------------------------------------------------
                                 -1.75   data required time
                                 -2.69   data arrival time
-----------------------------------------------------------------------------
                                  4.44   slack (MET)


Startpoint: A[0] (input port clocked by __VIRTUAL_CLK__)
Endpoint: out[0] (output port clocked by __VIRTUAL_CLK__)
Path Group: __VIRTUAL_CLK__
Path Type: min

Fanout     Cap    Slew   Delay    Time   Description
-----------------------------------------------------------------------------
                  0.00    0.00    0.00   clock __VIRTUAL_CLK__ (rise edge)
                          0.00    0.00   clock network delay (ideal)
                          2.00    2.00 v input external delay
     1    0.01    0.02    0.01    2.01 v A[0] (in)
                                         A[0] (net)
                  0.02    0.00    2.01 v input1/A (sky130_fd_sc_hd__buf_6)
     9    0.03    0.04    0.12    2.13 v input1/X (sky130_fd_sc_hd__buf_6)
                                         net1 (net)
                  0.04    0.00    2.13 v _248_/A (sky130_fd_sc_hd__clkbuf_8)
    10    0.03    0.05    0.14    2.27 v _248_/X (sky130_fd_sc_hd__clkbuf_8)
                                         _176_ (net)
                  0.05    0.00    2.27 v _262_/A1_N (sky130_fd_sc_hd__a2bb2o_1)
     1    0.00    0.06    0.25    2.52 ^ _262_/X (sky130_fd_sc_hd__a2bb2o_1)
                                         net20 (net)
                  0.06    0.00    2.52 ^ output20/A (sky130_fd_sc_hd__buf_2)
     1    0.03    0.17    0.19    2.71 ^ output20/X (sky130_fd_sc_hd__buf_2)
                                         out[0] (net)
                  0.17    0.00    2.71 ^ out[0] (out)
                                  2.71   data arrival time

                  0.00    0.00    0.00   clock __VIRTUAL_CLK__ (rise edge)
                          0.00    0.00   clock network delay (ideal)
                          0.25    0.25   clock uncertainty
                          0.00    0.25   clock reconvergence pessimism
                         -2.00   -1.75   output external delay
                                 -1.75   data required time
-----------------------------------------------------------------------------
                                 -1.75   data required time
                                 -2.71   data arrival time
-----------------------------------------------------------------------------
                                  4.46   slack (MET)


Startpoint: A[2] (input port clocked by __VIRTUAL_CLK__)
Endpoint: out[2] (output port clocked by __VIRTUAL_CLK__)
Path Group: __VIRTUAL_CLK__
Path Type: min

Fanout     Cap    Slew   Delay    Time   Description
-----------------------------------------------------------------------------
                  0.00    0.00    0.00   clock __VIRTUAL_CLK__ (rise edge)
                          0.00    0.00   clock network delay (ideal)
                          2.00    2.00 ^ input external delay
     1    0.01    0.04    0.02    2.02 ^ A[2] (in)
                                         A[2] (net)
                  0.04    0.00    2.02 ^ input3/A (sky130_fd_sc_hd__buf_6)
     8    0.04    0.09    0.12    2.14 ^ input3/X (sky130_fd_sc_hd__buf_6)
                                         net3 (net)
                  0.09    0.00    2.14 ^ _288_/A (sky130_fd_sc_hd__clkbuf_8)
    10    0.04    0.08    0.16    2.31 ^ _288_/X (sky130_fd_sc_hd__clkbuf_8)
                                         _217_ (net)
                  0.08    0.00    2.31 ^ _309_/A1_N (sky130_fd_sc_hd__o2bb2a_1)
     1    0.01    0.06    0.23    2.54 v _309_/X (sky130_fd_sc_hd__o2bb2a_1)
                                         net22 (net)
                  0.06    0.00    2.54 v output22/A (sky130_fd_sc_hd__buf_2)
     1    0.03    0.09    0.18    2.72 v output22/X (sky130_fd_sc_hd__buf_2)
                                         out[2] (net)
                  0.09    0.00    2.72 v out[2] (out)
                                  2.72   data arrival time

                  0.00    0.00    0.00   clock __VIRTUAL_CLK__ (rise edge)
                          0.00    0.00   clock network delay (ideal)
                          0.25    0.25   clock uncertainty
                          0.00    0.25   clock reconvergence pessimism
                         -2.00   -1.75   output external delay
                                 -1.75   data required time
-----------------------------------------------------------------------------
                                 -1.75   data required time
                                 -2.72   data arrival time
-----------------------------------------------------------------------------
                                  4.47   slack (MET)



worst slack corner Typical: 4.1830
