
===========================================================================
report_checks -unconstrained
===========================================================================
======================= Typical Corner ===================================

Startpoint: B[0] (input port clocked by __VIRTUAL_CLK__)
Endpoint: out[7] (output port clocked by __VIRTUAL_CLK__)
Path Group: __VIRTUAL_CLK__
Path Type: max

Fanout     Cap    Slew   Delay    Time   Description
-----------------------------------------------------------------------------
                  0.00    0.00    0.00   clock __VIRTUAL_CLK__ (rise edge)
                          0.00    0.00   clock network delay (ideal)
                          2.00    2.00 v input external delay
     1    0.01    0.02    0.01    2.01 v B[0] (in)
                                         B[0] (net)
                  0.02    0.00    2.01 v input9/A (sky130_fd_sc_hd__buf_8)
     5    0.05    0.05    0.14    2.15 v input9/X (sky130_fd_sc_hd__buf_8)
                                         net9 (net)
                  0.05    0.01    2.16 v _347_/D (sky130_fd_sc_hd__and4_4)
     3    0.02    0.05    0.22    2.39 v _347_/X (sky130_fd_sc_hd__and4_4)
                                         _026_ (net)
                  0.05    0.00    2.39 v _349_/B (sky130_fd_sc_hd__or3_4)
     2    0.02    0.09    0.42    2.81 v _349_/X (sky130_fd_sc_hd__or3_4)
                                         _028_ (net)
                  0.09    0.00    2.81 v _353_/A1 (sky130_fd_sc_hd__a21o_4)
     2    0.02    0.06    0.25    3.06 v _353_/X (sky130_fd_sc_hd__a21o_4)
                                         _032_ (net)
                  0.06    0.00    3.06 v _397_/A1 (sky130_fd_sc_hd__a21o_4)
     3    0.02    0.05    0.24    3.30 v _397_/X (sky130_fd_sc_hd__a21o_4)
                                         _075_ (net)
                  0.05    0.00    3.30 v _398_/C (sky130_fd_sc_hd__and3_4)
     2    0.01    0.04    0.19    3.49 v _398_/X (sky130_fd_sc_hd__and3_4)
                                         _076_ (net)
                  0.04    0.00    3.49 v _401_/C (sky130_fd_sc_hd__or3_4)
     2    0.01    0.08    0.36    3.85 v _401_/X (sky130_fd_sc_hd__or3_4)
                                         _079_ (net)
                  0.08    0.00    3.85 v _465_/A1 (sky130_fd_sc_hd__a211o_4)
     2    0.01    0.06    0.36    4.20 v _465_/X (sky130_fd_sc_hd__a211o_4)
                                         _141_ (net)
                  0.06    0.00    4.21 v _494_/C (sky130_fd_sc_hd__or3_4)
     2    0.01    0.08    0.36    4.57 v _494_/X (sky130_fd_sc_hd__or3_4)
                                         _170_ (net)
                  0.08    0.00    4.57 v _496_/A (sky130_fd_sc_hd__and3_4)
     1    0.00    0.03    0.17    4.73 v _496_/X (sky130_fd_sc_hd__and3_4)
                                         _172_ (net)
                  0.03    0.00    4.73 v _498_/A2 (sky130_fd_sc_hd__o21a_4)
     1    0.02    0.06    0.23    4.96 v _498_/X (sky130_fd_sc_hd__o21a_4)
                                         _174_ (net)
                  0.06    0.00    4.96 v _503_/A3 (sky130_fd_sc_hd__o32a_4)
     1    0.01    0.06    0.33    5.29 v _503_/X (sky130_fd_sc_hd__o32a_4)
                                         net27 (net)
                  0.06    0.00    5.29 v output27/A (sky130_fd_sc_hd__buf_8)
     1    0.03    0.04    0.15    5.44 v output27/X (sky130_fd_sc_hd__buf_8)
                                         out[7] (net)
                  0.04    0.00    5.44 v out[7] (out)
                                  5.44   data arrival time

                  0.00   10.00   10.00   clock __VIRTUAL_CLK__ (rise edge)
                          0.00   10.00   clock network delay (ideal)
                         -0.25    9.75   clock uncertainty
                          0.00    9.75   clock reconvergence pessimism
                         -2.00    7.75   output external delay
                                  7.75   data required time
-----------------------------------------------------------------------------
                                  7.75   data required time
                                 -5.44   data arrival time
-----------------------------------------------------------------------------
                                  2.31   slack (MET)




===========================================================================
report_checks --slack_max -0.01
============================================================================
======================= Typical Corner ===================================

No paths found.


===========================================================================
 report_check_types -max_slew -max_cap -max_fanout -violators
============================================================================
======================= Typical Corner ===================================


max slew violations count Typical: 0
max fanout violations count Typical: 0
max cap violations count Typical: 0

===========================================================================
report_parasitic_annotation -report_unannotated
============================================================================
Found 0 unannotated drivers.
Found 187 partially unannotated drivers.
 _248_/X
 _249_/X
 _250_/X
 _251_/X
 _252_/X
 _254_/Y
 _256_/Y
 _259_/Y
 _260_/X
 _263_/X
 _264_/Y
 _265_/X
 _266_/X
 _267_/X
 _268_/Y
 _270_/X
 _273_/X
 _274_/X
 _275_/Y
 _276_/Y
 _277_/X
 _278_/X
 _279_/X
 _283_/X
 _284_/X
 _287_/X
 _288_/X
 _289_/X
 _292_/X
 _293_/X
 _298_/X
 _300_/X
 _301_/X
 _304_/Y
 _305_/X
 _306_/X
 _307_/X
 _308_/X
 _309_/X
 _310_/X
 _311_/X
 _313_/X
 _315_/X
 _316_/Y
 _317_/X
 _318_/X
 _319_/X
 _322_/Y
 _323_/X
 _324_/Y
 _325_/X
 _326_/Y
 _328_/X
 _329_/X
 _330_/X
 _331_/X
 _332_/Y
 _333_/Y
 _334_/X
 _338_/X
 _340_/X
 _342_/X
 _343_/X
 _345_/Y
 _346_/X
 _351_/Y
 _352_/X
 _353_/X
 _356_/Y
 _357_/X
 _362_/Y
 _366_/X
 _367_/Y
 _369_/Y
 _370_/X
 _371_/X
 _372_/X
 _374_/X
 _375_/X
 _376_/X
 _377_/Y
 _379_/Y
 _380_/Y
 _382_/Y
 _383_/X
 _384_/X
 _385_/X
 _386_/Y
 _389_/X
 _390_/Y
 _391_/X
 _393_/X
 _394_/Y
 _395_/X
 _396_/Y
 _397_/X
 _398_/X
 _400_/Y
 _402_/Y
 _406_/X
 _410_/Y
 _412_/X
 _413_/X
 _415_/Y
 _417_/X
 _419_/X
 _420_/Y
 _421_/X
 _422_/Y
 _424_/Y
 _425_/X
 _426_/X
 _429_/X
 _430_/Y
 _431_/X
 _432_/Y
 _434_/X
 _435_/Y
 _436_/Y
 _442_/X
 _443_/X
 _444_/Y
 _445_/X
 _449_/Y
 _450_/X
 _451_/X
 _452_/Y
 _453_/Y
 _454_/X
 _455_/Y
 _456_/Y
 _459_/Y
 _460_/X
 _461_/X
 _464_/X
 _466_/X
 _467_/Y
 _468_/Y
 _469_/X
 _470_/X
 _471_/Y
 _472_/X
 _473_/Y
 _475_/Y
 _477_/X
 _479_/X
 _480_/X
 _481_/Y
 _482_/Y
 _484_/Y
 _485_/Y
 _487_/Y
 _488_/Y
 _489_/X
 _493_/X
 _494_/X
 _496_/X
 _497_/Y
 _503_/X
 clone21/X
 clone30/X
 clone33/X
 input1/X
 input11/X
 input12/X
 input13/X
 input14/X
 input15/X
 input16/X
 input17/X
 input18/X
 input19/X
 input2/X
 input3/X
 input4/X
 input5/X
 input9/X
 max_cap28/X
 rebuffer12/X
 rebuffer13/X
 rebuffer15/X
 rebuffer17/X
 rebuffer20/X
 rebuffer3/X
 rebuffer4/X
 rebuffer6/X
 wire29/X

===========================================================================
max slew violation count 0
max fanout violation count 0
max cap violation count 0
============================================================================

===========================================================================
check_setup -verbose -unconstrained_endpoints -multiple_clock -no_clock -no_input_delay -loops -generated_clocks
===========================================================================
