
===========================================================================
report_checks -path_delay max (Setup)
============================================================================
======================= Typical Corner ===================================

Startpoint: B[1] (input port clocked by __VIRTUAL_CLK__)
Endpoint: out[7] (output port clocked by __VIRTUAL_CLK__)
Path Group: __VIRTUAL_CLK__
Path Type: max

Fanout     Cap    Slew   Delay    Time   Description
-----------------------------------------------------------------------------
                  0.00    0.00    0.00   clock __VIRTUAL_CLK__ (rise edge)
                          0.00    0.00   clock network delay (ideal)
                          2.00    2.00 v input external delay
     1    0.01    0.02    0.01    2.01 v B[1] (in)
                                         B[1] (net)
                  0.02    0.00    2.01 v input10/A (sky130_fd_sc_hd__buf_12)
     5    0.03    0.03    0.13    2.14 v input10/X (sky130_fd_sc_hd__buf_12)
                                         net10 (net)
                  0.03    0.00    2.14 v _266_/A (sky130_fd_sc_hd__buf_12)
     5    0.02    0.03    0.13    2.27 v _266_/X (sky130_fd_sc_hd__buf_12)
                                         _196_ (net)
                  0.03    0.00    2.27 v _383_/A2 (sky130_fd_sc_hd__a22o_4)
     3    0.01    0.05    0.27    2.54 v _383_/X (sky130_fd_sc_hd__a22o_4)
                                         _061_ (net)
                  0.05    0.00    2.54 v _385_/A1 (sky130_fd_sc_hd__a21o_4)
     2    0.01    0.05    0.22    2.76 v _385_/X (sky130_fd_sc_hd__a21o_4)
                                         _063_ (net)
                  0.05    0.00    2.76 v _389_/A2 (sky130_fd_sc_hd__a21o_4)
     3    0.01    0.05    0.24    3.00 v _389_/X (sky130_fd_sc_hd__a21o_4)
                                         _067_ (net)
                  0.05    0.00    3.00 v _395_/A1 (sky130_fd_sc_hd__a21o_4)
     3    0.02    0.05    0.23    3.23 v _395_/X (sky130_fd_sc_hd__a21o_4)
                                         _073_ (net)
                  0.05    0.00    3.23 v _398_/A (sky130_fd_sc_hd__and3_4)
     2    0.00    0.03    0.15    3.38 v _398_/X (sky130_fd_sc_hd__and3_4)
                                         _076_ (net)
                  0.03    0.00    3.38 v _401_/C (sky130_fd_sc_hd__or3_4)
     2    0.01    0.07    0.34    3.72 v _401_/X (sky130_fd_sc_hd__or3_4)
                                         _079_ (net)
                  0.07    0.00    3.72 v _465_/A1 (sky130_fd_sc_hd__a211o_4)
     2    0.00    0.05    0.34    4.06 v _465_/X (sky130_fd_sc_hd__a211o_4)
                                         _141_ (net)
                  0.05    0.00    4.06 v _494_/C (sky130_fd_sc_hd__or3_4)
     2    0.01    0.08    0.36    4.42 v _494_/X (sky130_fd_sc_hd__or3_4)
                                         _170_ (net)
                  0.08    0.00    4.42 v _496_/A (sky130_fd_sc_hd__and3_4)
     1    0.00    0.03    0.17    4.58 v _496_/X (sky130_fd_sc_hd__and3_4)
                                         _172_ (net)
                  0.03    0.00    4.58 v _498_/A2 (sky130_fd_sc_hd__o21a_4)
     1    0.00    0.03    0.19    4.77 v _498_/X (sky130_fd_sc_hd__o21a_4)
                                         _174_ (net)
                  0.03    0.00    4.77 v _503_/A3 (sky130_fd_sc_hd__o32a_4)
     1    0.01    0.06    0.32    5.09 v _503_/X (sky130_fd_sc_hd__o32a_4)
                                         net27 (net)
                  0.06    0.00    5.09 v output27/A (sky130_fd_sc_hd__buf_8)
     1    0.03    0.04    0.15    5.24 v output27/X (sky130_fd_sc_hd__buf_8)
                                         out[7] (net)
                  0.04    0.00    5.24 v out[7] (out)
                                  5.24   data arrival time

                  0.00   10.00   10.00   clock __VIRTUAL_CLK__ (rise edge)
                          0.00   10.00   clock network delay (ideal)
                         -0.25    9.75   clock uncertainty
                          0.00    9.75   clock reconvergence pessimism
                         -2.00    7.75   output external delay
                                  7.75   data required time
-----------------------------------------------------------------------------
                                  7.75   data required time
                                 -5.24   data arrival time
-----------------------------------------------------------------------------
                                  2.51   slack (MET)


Startpoint: B[1] (input port clocked by __VIRTUAL_CLK__)
Endpoint: out[6] (output port clocked by __VIRTUAL_CLK__)
Path Group: __VIRTUAL_CLK__
Path Type: max

Fanout     Cap    Slew   Delay    Time   Description
-----------------------------------------------------------------------------
                  0.00    0.00    0.00   clock __VIRTUAL_CLK__ (rise edge)
                          0.00    0.00   clock network delay (ideal)
                          2.00    2.00 v input external delay
     1    0.01    0.02    0.01    2.01 v B[1] (in)
                                         B[1] (net)
                  0.02    0.00    2.01 v input10/A (sky130_fd_sc_hd__buf_12)
     5    0.03    0.03    0.13    2.14 v input10/X (sky130_fd_sc_hd__buf_12)
                                         net10 (net)
                  0.03    0.00    2.14 v _266_/A (sky130_fd_sc_hd__buf_12)
     5    0.02    0.03    0.13    2.27 v _266_/X (sky130_fd_sc_hd__buf_12)
                                         _196_ (net)
                  0.03    0.00    2.27 v _383_/A2 (sky130_fd_sc_hd__a22o_4)
     3    0.01    0.05    0.27    2.54 v _383_/X (sky130_fd_sc_hd__a22o_4)
                                         _061_ (net)
                  0.05    0.00    2.54 v rebuffer15/A (sky130_fd_sc_hd__buf_4)
     1    0.00    0.03    0.14    2.67 v rebuffer15/X (sky130_fd_sc_hd__buf_4)
                                         net44 (net)
                  0.03    0.00    2.67 v _421_/A1 (sky130_fd_sc_hd__a21bo_4)
     2    0.01    0.05    0.22    2.89 v _421_/X (sky130_fd_sc_hd__a21bo_4)
                                         _098_ (net)
                  0.05    0.00    2.89 v _423_/B1 (sky130_fd_sc_hd__a21o_4)
     2    0.01    0.04    0.20    3.10 v _423_/X (sky130_fd_sc_hd__a21o_4)
                                         _100_ (net)
                  0.04    0.00    3.10 v _429_/A1 (sky130_fd_sc_hd__a21o_4)
     2    0.01    0.05    0.22    3.32 v _429_/X (sky130_fd_sc_hd__a21o_4)
                                         _106_ (net)
                  0.05    0.00    3.32 v _433_/A1 (sky130_fd_sc_hd__a21o_4)
     3    0.02    0.05    0.23    3.55 v _433_/X (sky130_fd_sc_hd__a21o_4)
                                         _110_ (net)
                  0.05    0.00    3.55 v _435_/A2 (sky130_fd_sc_hd__a21oi_4)
     3    0.02    0.17    0.20    3.75 ^ _435_/Y (sky130_fd_sc_hd__a21oi_4)
                                         _112_ (net)
                  0.17    0.00    3.75 ^ _436_/C1 (sky130_fd_sc_hd__a211oi_4)
     2    0.01    0.06    0.06    3.81 v _436_/Y (sky130_fd_sc_hd__a211oi_4)
                                         _113_ (net)
                  0.06    0.00    3.81 v rebuffer11/A (sky130_fd_sc_hd__dlygate4sd1_1)
     1    0.00    0.03    0.24    4.05 v rebuffer11/X (sky130_fd_sc_hd__dlygate4sd1_1)
                                         net40 (net)
                  0.03    0.00    4.05 v _439_/A (sky130_fd_sc_hd__or2_4)
     1    0.00    0.05    0.25    4.30 v _439_/X (sky130_fd_sc_hd__or2_4)
                                         _116_ (net)
                  0.05    0.00    4.30 v _440_/A1 (sky130_fd_sc_hd__a21bo_4)
     1    0.00    0.03    0.20    4.50 v _440_/X (sky130_fd_sc_hd__a21bo_4)
                                         _117_ (net)
                  0.03    0.00    4.50 v _441_/B (sky130_fd_sc_hd__or2_4)
     1    0.01    0.05    0.24    4.74 v _441_/X (sky130_fd_sc_hd__or2_4)
                                         _118_ (net)
                  0.05    0.00    4.74 v _453_/B1 (sky130_fd_sc_hd__a22oi_4)
     1    0.00    0.13    0.12    4.86 ^ _453_/Y (sky130_fd_sc_hd__a22oi_4)
                                         net26 (net)
                  0.13    0.00    4.86 ^ output26/A (sky130_fd_sc_hd__buf_6)
     1    0.03    0.08    0.16    5.02 ^ output26/X (sky130_fd_sc_hd__buf_6)
                                         out[6] (net)
                  0.08    0.00    5.02 ^ out[6] (out)
                                  5.02   data arrival time

                  0.00   10.00   10.00   clock __VIRTUAL_CLK__ (rise edge)
                          0.00   10.00   clock network delay (ideal)
                         -0.25    9.75   clock uncertainty
                          0.00    9.75   clock reconvergence pessimism
                         -2.00    7.75   output external delay
                                  7.75   data required time
-----------------------------------------------------------------------------
                                  7.75   data required time
                                 -5.02   data arrival time
-----------------------------------------------------------------------------
                                  2.73   slack (MET)


Startpoint: B[1] (input port clocked by __VIRTUAL_CLK__)
Endpoint: out[5] (output port clocked by __VIRTUAL_CLK__)
Path Group: __VIRTUAL_CLK__
Path Type: max

Fanout     Cap    Slew   Delay    Time   Description
-----------------------------------------------------------------------------
                  0.00    0.00    0.00   clock __VIRTUAL_CLK__ (rise edge)
                          0.00    0.00   clock network delay (ideal)
                          2.00    2.00 v input external delay
     1    0.01    0.02    0.01    2.01 v B[1] (in)
                                         B[1] (net)
                  0.02    0.00    2.01 v input10/A (sky130_fd_sc_hd__buf_12)
     5    0.03    0.03    0.13    2.14 v input10/X (sky130_fd_sc_hd__buf_12)
                                         net10 (net)
                  0.03    0.00    2.14 v _266_/A (sky130_fd_sc_hd__buf_12)
     5    0.02    0.03    0.13    2.27 v _266_/X (sky130_fd_sc_hd__buf_12)
                                         _196_ (net)
                  0.03    0.00    2.27 v _383_/A2 (sky130_fd_sc_hd__a22o_4)
     3    0.01    0.05    0.27    2.54 v _383_/X (sky130_fd_sc_hd__a22o_4)
                                         _061_ (net)
                  0.05    0.00    2.54 v _385_/A1 (sky130_fd_sc_hd__a21o_4)
     2    0.01    0.05    0.22    2.76 v _385_/X (sky130_fd_sc_hd__a21o_4)
                                         _063_ (net)
                  0.05    0.00    2.76 v _389_/A2 (sky130_fd_sc_hd__a21o_4)
     3    0.01    0.05    0.24    3.00 v _389_/X (sky130_fd_sc_hd__a21o_4)
                                         _067_ (net)
                  0.05    0.00    3.00 v _395_/A1 (sky130_fd_sc_hd__a21o_4)
     3    0.02    0.05    0.23    3.23 v _395_/X (sky130_fd_sc_hd__a21o_4)
                                         _073_ (net)
                  0.05    0.00    3.23 v _398_/A (sky130_fd_sc_hd__and3_4)
     2    0.00    0.03    0.15    3.38 v _398_/X (sky130_fd_sc_hd__and3_4)
                                         _076_ (net)
                  0.03    0.00    3.38 v _401_/C (sky130_fd_sc_hd__or3_4)
     2    0.01    0.07    0.34    3.72 v _401_/X (sky130_fd_sc_hd__or3_4)
                                         _079_ (net)
                  0.07    0.00    3.72 v rebuffer3/A (sky130_fd_sc_hd__clkbuf_2)
     3    0.01    0.04    0.13    3.86 v rebuffer3/X (sky130_fd_sc_hd__clkbuf_2)
                                         net32 (net)
                  0.04    0.00    3.86 v _402_/B (sky130_fd_sc_hd__nand2_2)
     2    0.01    0.08    0.09    3.94 ^ _402_/Y (sky130_fd_sc_hd__nand2_2)
                                         _080_ (net)
                  0.08    0.00    3.94 ^ rebuffer31/A (sky130_fd_sc_hd__dlymetal6s2s_1)
     2    0.00    0.07    0.12    4.07 ^ rebuffer31/X (sky130_fd_sc_hd__dlymetal6s2s_1)
                                         net60 (net)
                  0.07    0.00    4.07 ^ rebuffer32/A (sky130_fd_sc_hd__dlygate4sd1_1)
     1    0.00    0.04    0.20    4.27 ^ rebuffer32/X (sky130_fd_sc_hd__dlygate4sd1_1)
                                         net61 (net)
                  0.04    0.00    4.27 ^ _404_/C (sky130_fd_sc_hd__nand3_1)
     1    0.00    0.05    0.07    4.34 v _404_/Y (sky130_fd_sc_hd__nand3_1)
                                         _082_ (net)
                  0.05    0.00    4.34 v _408_/A3 (sky130_fd_sc_hd__a31o_1)
     1    0.01    0.06    0.25    4.59 v _408_/X (sky130_fd_sc_hd__a31o_1)
                                         _086_ (net)
                  0.06    0.00    4.59 v _409_/B1 (sky130_fd_sc_hd__a21oi_4)
     1    0.01    0.12    0.14    4.73 ^ _409_/Y (sky130_fd_sc_hd__a21oi_4)
                                         _087_ (net)
                  0.12    0.00    4.73 ^ _410_/B1 (sky130_fd_sc_hd__a21oi_4)
     1    0.00    0.04    0.04    4.77 v _410_/Y (sky130_fd_sc_hd__a21oi_4)
                                         net25 (net)
                  0.04    0.00    4.77 v output25/A (sky130_fd_sc_hd__buf_6)
     1    0.03    0.04    0.14    4.91 v output25/X (sky130_fd_sc_hd__buf_6)
                                         out[5] (net)
                  0.04    0.00    4.91 v out[5] (out)
                                  4.91   data arrival time

                  0.00   10.00   10.00   clock __VIRTUAL_CLK__ (rise edge)
                          0.00   10.00   clock network delay (ideal)
                         -0.25    9.75   clock uncertainty
                          0.00    9.75   clock reconvergence pessimism
                         -2.00    7.75   output external delay
                                  7.75   data required time
-----------------------------------------------------------------------------
                                  7.75   data required time
                                 -4.91   data arrival time
-----------------------------------------------------------------------------
                                  2.84   slack (MET)


Startpoint: B[1] (input port clocked by __VIRTUAL_CLK__)
Endpoint: out[4] (output port clocked by __VIRTUAL_CLK__)
Path Group: __VIRTUAL_CLK__
Path Type: max

Fanout     Cap    Slew   Delay    Time   Description
-----------------------------------------------------------------------------
                  0.00    0.00    0.00   clock __VIRTUAL_CLK__ (rise edge)
                          0.00    0.00   clock network delay (ideal)
                          2.00    2.00 v input external delay
     1    0.01    0.02    0.01    2.01 v B[1] (in)
                                         B[1] (net)
                  0.02    0.00    2.01 v input10/A (sky130_fd_sc_hd__buf_12)
     5    0.03    0.03    0.13    2.14 v input10/X (sky130_fd_sc_hd__buf_12)
                                         net10 (net)
                  0.03    0.00    2.14 v _266_/A (sky130_fd_sc_hd__buf_12)
     5    0.02    0.03    0.13    2.27 v _266_/X (sky130_fd_sc_hd__buf_12)
                                         _196_ (net)
                  0.03    0.00    2.27 v _267_/A (sky130_fd_sc_hd__clkbuf_8)
    10    0.03    0.05    0.15    2.42 v _267_/X (sky130_fd_sc_hd__clkbuf_8)
                                         _197_ (net)
                  0.05    0.00    2.42 v _277_/B (sky130_fd_sc_hd__and3_4)
     2    0.00    0.03    0.17    2.59 v _277_/X (sky130_fd_sc_hd__and3_4)
                                         _207_ (net)
                  0.03    0.00    2.59 v _279_/C (sky130_fd_sc_hd__or3_4)
     2    0.00    0.06    0.33    2.92 v _279_/X (sky130_fd_sc_hd__or3_4)
                                         _209_ (net)
                  0.06    0.00    2.92 v _301_/A2 (sky130_fd_sc_hd__a21o_2)
     3    0.01    0.04    0.24    3.16 v _301_/X (sky130_fd_sc_hd__a21o_2)
                                         _230_ (net)
                  0.04    0.00    3.16 v _312_/A2 (sky130_fd_sc_hd__a21o_2)
     3    0.01    0.04    0.23    3.39 v _312_/X (sky130_fd_sc_hd__a21o_2)
                                         _240_ (net)
                  0.04    0.00    3.39 v _366_/A1 (sky130_fd_sc_hd__a21bo_2)
     3    0.01    0.05    0.21    3.60 v _366_/X (sky130_fd_sc_hd__a21bo_2)
                                         _045_ (net)
                  0.05    0.00    3.60 v _368_/B (sky130_fd_sc_hd__or2_1)
     1    0.00    0.05    0.21    3.81 v _368_/X (sky130_fd_sc_hd__or2_1)
                                         _047_ (net)
                  0.05    0.00    3.81 v _372_/A3 (sky130_fd_sc_hd__a31o_1)
     1    0.00    0.03    0.21    4.02 v _372_/X (sky130_fd_sc_hd__a31o_1)
                                         _051_ (net)
                  0.03    0.00    4.02 v _373_/B2 (sky130_fd_sc_hd__o2bb2a_1)
     1    0.00    0.05    0.27    4.29 v _373_/X (sky130_fd_sc_hd__o2bb2a_1)
                                         net24 (net)
                  0.05    0.00    4.29 v output24/A (sky130_fd_sc_hd__buf_2)
     1    0.03    0.09    0.19    4.48 v output24/X (sky130_fd_sc_hd__buf_2)
                                         out[4] (net)
                  0.09    0.00    4.48 v out[4] (out)
                                  4.48   data arrival time

                  0.00   10.00   10.00   clock __VIRTUAL_CLK__ (rise edge)
                          0.00   10.00   clock network delay (ideal)
                         -0.25    9.75   clock uncertainty
                          0.00    9.75   clock reconvergence pessimism
                         -2.00    7.75   output external delay
                                  7.75   data required time
-----------------------------------------------------------------------------
                                  7.75   data required time
                                 -4.48   data arrival time
-----------------------------------------------------------------------------
                                  3.27   slack (MET)


Startpoint: A[2] (input port clocked by __VIRTUAL_CLK__)
Endpoint: out[3] (output port clocked by __VIRTUAL_CLK__)
Path Group: __VIRTUAL_CLK__
Path Type: max

Fanout     Cap    Slew   Delay    Time   Description
-----------------------------------------------------------------------------
                  0.00    0.00    0.00   clock __VIRTUAL_CLK__ (rise edge)
                          0.00    0.00   clock network delay (ideal)
                          2.00    2.00 v input external delay
     1    0.00    0.01    0.01    2.01 v A[2] (in)
                                         A[2] (net)
                  0.01    0.00    2.01 v input3/A (sky130_fd_sc_hd__buf_6)
     9    0.04    0.05    0.13    2.14 v input3/X (sky130_fd_sc_hd__buf_6)
                                         net3 (net)
                  0.05    0.00    2.14 v _323_/C (sky130_fd_sc_hd__and4_2)
     3    0.01    0.06    0.25    2.39 v _323_/X (sky130_fd_sc_hd__and4_2)
                                         _003_ (net)
                  0.06    0.00    2.39 v _325_/B (sky130_fd_sc_hd__or3_4)
     2    0.00    0.06    0.38    2.77 v _325_/X (sky130_fd_sc_hd__or3_4)
                                         _005_ (net)
                  0.06    0.00    2.77 v _330_/A2 (sky130_fd_sc_hd__a21o_1)
     2    0.00    0.04    0.19    2.96 v _330_/X (sky130_fd_sc_hd__a21o_1)
                                         _010_ (net)
                  0.04    0.00    2.96 v _331_/B (sky130_fd_sc_hd__and2b_2)
     1    0.02    0.07    0.24    3.20 v _331_/X (sky130_fd_sc_hd__and2b_2)
                                         _011_ (net)
                  0.07    0.00    3.20 v _332_/A (sky130_fd_sc_hd__xnor2_4)
     2    0.01    0.06    0.16    3.36 v _332_/Y (sky130_fd_sc_hd__xnor2_4)
                                         _012_ (net)
                  0.06    0.00    3.36 v rebuffer13/A (sky130_fd_sc_hd__dlygate4sd1_1)
     2    0.00    0.03    0.24    3.60 v rebuffer13/X (sky130_fd_sc_hd__dlygate4sd1_1)
                                         net42 (net)
                  0.03    0.00    3.60 v _334_/B (sky130_fd_sc_hd__or2_1)
     1    0.00    0.05    0.20    3.80 v _334_/X (sky130_fd_sc_hd__or2_1)
                                         _014_ (net)
                  0.05    0.00    3.80 v _338_/A3 (sky130_fd_sc_hd__a31o_1)
     1    0.00    0.03    0.21    4.01 v _338_/X (sky130_fd_sc_hd__a31o_1)
                                         _018_ (net)
                  0.03    0.00    4.01 v _339_/B2 (sky130_fd_sc_hd__o2bb2a_2)
     1    0.00    0.04    0.24    4.25 v _339_/X (sky130_fd_sc_hd__o2bb2a_2)
                                         net23 (net)
                  0.04    0.00    4.25 v output23/A (sky130_fd_sc_hd__buf_2)
     1    0.03    0.09    0.19    4.44 v output23/X (sky130_fd_sc_hd__buf_2)
                                         out[3] (net)
                  0.09    0.00    4.44 v out[3] (out)
                                  4.44   data arrival time

                  0.00   10.00   10.00   clock __VIRTUAL_CLK__ (rise edge)
                          0.00   10.00   clock network delay (ideal)
                         -0.25    9.75   clock uncertainty
                          0.00    9.75   clock reconvergence pessimism
                         -2.00    7.75   output external delay
                                  7.75   data required time
-----------------------------------------------------------------------------
                                  7.75   data required time
                                 -4.44   data arrival time
-----------------------------------------------------------------------------
                                  3.31   slack (MET)


Startpoint: B[1] (input port clocked by __VIRTUAL_CLK__)
Endpoint: out[2] (output port clocked by __VIRTUAL_CLK__)
Path Group: __VIRTUAL_CLK__
Path Type: max

Fanout     Cap    Slew   Delay    Time   Description
-----------------------------------------------------------------------------
                  0.00    0.00    0.00   clock __VIRTUAL_CLK__ (rise edge)
                          0.00    0.00   clock network delay (ideal)
                          2.00    2.00 v input external delay
     1    0.01    0.02    0.01    2.01 v B[1] (in)
                                         B[1] (net)
                  0.02    0.00    2.01 v input10/A (sky130_fd_sc_hd__buf_12)
     5    0.03    0.03    0.13    2.14 v input10/X (sky130_fd_sc_hd__buf_12)
                                         net10 (net)
                  0.03    0.00    2.14 v _266_/A (sky130_fd_sc_hd__buf_12)
     5    0.02    0.03    0.13    2.27 v _266_/X (sky130_fd_sc_hd__buf_12)
                                         _196_ (net)
                  0.03    0.00    2.27 v _267_/A (sky130_fd_sc_hd__clkbuf_8)
    10    0.03    0.05    0.15    2.42 v _267_/X (sky130_fd_sc_hd__clkbuf_8)
                                         _197_ (net)
                  0.05    0.00    2.42 v _277_/B (sky130_fd_sc_hd__and3_4)
     2    0.00    0.03    0.17    2.59 v _277_/X (sky130_fd_sc_hd__and3_4)
                                         _207_ (net)
                  0.03    0.00    2.59 v _279_/C (sky130_fd_sc_hd__or3_4)
     2    0.00    0.06    0.33    2.92 v _279_/X (sky130_fd_sc_hd__or3_4)
                                         _209_ (net)
                  0.06    0.00    2.92 v _301_/A2 (sky130_fd_sc_hd__a21o_2)
     3    0.01    0.04    0.24    3.16 v _301_/X (sky130_fd_sc_hd__a21o_2)
                                         _230_ (net)
                  0.04    0.00    3.16 v _303_/A2 (sky130_fd_sc_hd__o21a_1)
     1    0.00    0.03    0.17    3.33 v _303_/X (sky130_fd_sc_hd__o21a_1)
                                         _232_ (net)
                  0.03    0.00    3.33 v _308_/A2 (sky130_fd_sc_hd__a211o_1)
     1    0.00    0.04    0.28    3.61 v _308_/X (sky130_fd_sc_hd__a211o_1)
                                         _237_ (net)
                  0.04    0.00    3.61 v _309_/B2 (sky130_fd_sc_hd__o2bb2a_1)
     1    0.00    0.05    0.27    3.88 v _309_/X (sky130_fd_sc_hd__o2bb2a_1)
                                         net22 (net)
                  0.05    0.00    3.88 v output22/A (sky130_fd_sc_hd__buf_2)
     1    0.03    0.09    0.19    4.07 v output22/X (sky130_fd_sc_hd__buf_2)
                                         out[2] (net)
                  0.09    0.00    4.07 v out[2] (out)
                                  4.07   data arrival time

                  0.00   10.00   10.00   clock __VIRTUAL_CLK__ (rise edge)
                          0.00   10.00   clock network delay (ideal)
                         -0.25    9.75   clock uncertainty
                          0.00    9.75   clock reconvergence pessimism
                         -2.00    7.75   output external delay
                                  7.75   data required time
-----------------------------------------------------------------------------
                                  7.75   data required time
                                 -4.07   data arrival time
-----------------------------------------------------------------------------
                                  3.68   slack (MET)


Startpoint: B[1] (input port clocked by __VIRTUAL_CLK__)
Endpoint: out[1] (output port clocked by __VIRTUAL_CLK__)
Path Group: __VIRTUAL_CLK__
Path Type: max

Fanout     Cap    Slew   Delay    Time   Description
-----------------------------------------------------------------------------
                  0.00    0.00    0.00   clock __VIRTUAL_CLK__ (rise edge)
                          0.00    0.00   clock network delay (ideal)
                          2.00    2.00 v input external delay
     1    0.01    0.02    0.01    2.01 v B[1] (in)
                                         B[1] (net)
                  0.02    0.00    2.01 v input10/A (sky130_fd_sc_hd__buf_12)
     5    0.03    0.03    0.13    2.14 v input10/X (sky130_fd_sc_hd__buf_12)
                                         net10 (net)
                  0.03    0.00    2.14 v _266_/A (sky130_fd_sc_hd__buf_12)
     5    0.02    0.03    0.13    2.27 v _266_/X (sky130_fd_sc_hd__buf_12)
                                         _196_ (net)
                  0.03    0.00    2.27 v _267_/A (sky130_fd_sc_hd__clkbuf_8)
    10    0.03    0.05    0.15    2.42 v _267_/X (sky130_fd_sc_hd__clkbuf_8)
                                         _197_ (net)
                  0.05    0.00    2.42 v _277_/B (sky130_fd_sc_hd__and3_4)
     2    0.00    0.03    0.17    2.59 v _277_/X (sky130_fd_sc_hd__and3_4)
                                         _207_ (net)
                  0.03    0.00    2.59 v _279_/C (sky130_fd_sc_hd__or3_4)
     2    0.00    0.06    0.33    2.92 v _279_/X (sky130_fd_sc_hd__or3_4)
                                         _209_ (net)
                  0.06    0.00    2.92 v _280_/B_N (sky130_fd_sc_hd__or2b_1)
     1    0.01    0.09    0.20    3.12 ^ _280_/X (sky130_fd_sc_hd__or2b_1)
                                         _210_ (net)
                  0.09    0.00    3.12 ^ _281_/B (sky130_fd_sc_hd__xnor2_2)
     2    0.00    0.04    0.06    3.18 v _281_/Y (sky130_fd_sc_hd__xnor2_2)
                                         _211_ (net)
                  0.04    0.00    3.18 v _286_/A2 (sky130_fd_sc_hd__a211o_1)
     1    0.00    0.04    0.29    3.47 v _286_/X (sky130_fd_sc_hd__a211o_1)
                                         _216_ (net)
                  0.04    0.00    3.47 v _287_/B2 (sky130_fd_sc_hd__o2bb2a_1)
     2    0.00    0.05    0.28    3.75 v _287_/X (sky130_fd_sc_hd__o2bb2a_1)
                                         net21 (net)
                  0.05    0.00    3.75 v output21/A (sky130_fd_sc_hd__buf_2)
     1    0.03    0.09    0.19    3.94 v output21/X (sky130_fd_sc_hd__buf_2)
                                         out[1] (net)
                  0.09    0.00    3.94 v out[1] (out)
                                  3.94   data arrival time

                  0.00   10.00   10.00   clock __VIRTUAL_CLK__ (rise edge)
                          0.00   10.00   clock network delay (ideal)
                         -0.25    9.75   clock uncertainty
                          0.00    9.75   clock reconvergence pessimism
                         -2.00    7.75   output external delay
                                  7.75   data required time
-----------------------------------------------------------------------------
                                  7.75   data required time
                                 -3.94   data arrival time
-----------------------------------------------------------------------------
                                  3.81   slack (MET)


Startpoint: opcode[1] (input port clocked by __VIRTUAL_CLK__)
Endpoint: out[0] (output port clocked by __VIRTUAL_CLK__)
Path Group: __VIRTUAL_CLK__
Path Type: max

Fanout     Cap    Slew   Delay    Time   Description
-----------------------------------------------------------------------------
                  0.00    0.00    0.00   clock __VIRTUAL_CLK__ (rise edge)
                          0.00    0.00   clock network delay (ideal)
                          2.00    2.00 ^ input external delay
     1    0.00    0.02    0.01    2.01 ^ opcode[1] (in)
                                         opcode[1] (net)
                  0.02    0.00    2.01 ^ input18/A (sky130_fd_sc_hd__buf_4)
     5    0.03    0.10    0.15    2.16 ^ input18/X (sky130_fd_sc_hd__buf_4)
                                         net18 (net)
                  0.10    0.00    2.16 ^ _249_/B (sky130_fd_sc_hd__or2_4)
     6    0.03    0.09    0.18    2.33 ^ _249_/X (sky130_fd_sc_hd__or2_4)
                                         _180_ (net)
                  0.09    0.00    2.33 ^ _258_/B (sky130_fd_sc_hd__nor2_4)
     8    0.02    0.04    0.06    2.39 v _258_/Y (sky130_fd_sc_hd__nor2_4)
                                         _189_ (net)
                  0.04    0.00    2.39 v _260_/A1 (sky130_fd_sc_hd__o211a_1)
     1    0.00    0.04    0.22    2.61 v _260_/X (sky130_fd_sc_hd__o211a_1)
                                         _191_ (net)
                  0.04    0.00    2.61 v _261_/B1 (sky130_fd_sc_hd__a31o_1)
     2    0.00    0.04    0.18    2.79 v _261_/X (sky130_fd_sc_hd__a31o_1)
                                         _192_ (net)
                  0.04    0.00    2.79 v _262_/B2 (sky130_fd_sc_hd__a2bb2o_1)
     1    0.00    0.04    0.24    3.03 v _262_/X (sky130_fd_sc_hd__a2bb2o_1)
                                         net20 (net)
                  0.04    0.00    3.03 v output20/A (sky130_fd_sc_hd__buf_2)
     1    0.03    0.09    0.19    3.22 v output20/X (sky130_fd_sc_hd__buf_2)
                                         out[0] (net)
                  0.09    0.00    3.22 v out[0] (out)
                                  3.22   data arrival time

                  0.00   10.00   10.00   clock __VIRTUAL_CLK__ (rise edge)
                          0.00   10.00   clock network delay (ideal)
                         -0.25    9.75   clock uncertainty
                          0.00    9.75   clock reconvergence pessimism
                         -2.00    7.75   output external delay
                                  7.75   data required time
-----------------------------------------------------------------------------
                                  7.75   data required time
                                 -3.22   data arrival time
-----------------------------------------------------------------------------
                                  4.53   slack (MET)



worst slack corner Typical: 2.5097
