
===========================================================================
report_checks -path_delay min (Hold)
============================================================================
======================= Typical Corner ===================================

Startpoint: _46_ (rising edge-triggered flip-flop clocked by core_clock)
Endpoint: _46_ (rising edge-triggered flip-flop clocked by core_clock)
Path Group: core_clock
Path Type: min

Fanout     Cap    Slew   Delay    Time   Description
-----------------------------------------------------------------------------
                          0.00    0.00   clock core_clock (rise edge)
                          0.00    0.00   clock source latency
     1    0.02    0.00    0.00    0.00 ^ clk (in)
                                         clk (net)
                  0.00    0.00    0.00 ^ clkbuf_0_clk/A (sky130_fd_sc_hd__clkbuf_16)
     2    0.02    0.04    0.11    0.11 ^ clkbuf_0_clk/X (sky130_fd_sc_hd__clkbuf_16)
                                         clknet_0_clk (net)
                  0.04    0.00    0.11 ^ clkbuf_1_0__f_clk/A (sky130_fd_sc_hd__clkbuf_16)
     3    0.03    0.05    0.13    0.24 ^ clkbuf_1_0__f_clk/X (sky130_fd_sc_hd__clkbuf_16)
                                         clknet_1_0__leaf_clk (net)
                  0.05    0.00    0.24 ^ _46_/CLK (sky130_fd_sc_hd__dfxtp_2)
     2    0.01    0.05    0.32    0.56 ^ _46_/Q (sky130_fd_sc_hd__dfxtp_2)
                                         display_out.in[0] (net)
                  0.05    0.00    0.56 ^ _20_/A (sky130_fd_sc_hd__buf_6)
    10    0.04    0.08    0.13    0.69 ^ _20_/X (sky130_fd_sc_hd__buf_6)
                                         _04_ (net)
                  0.08    0.00    0.69 ^ _33_/A (sky130_fd_sc_hd__nor2_2)
     1    0.00    0.02    0.04    0.73 v _33_/Y (sky130_fd_sc_hd__nor2_2)
                                         _00_ (net)
                  0.02    0.00    0.73 v _46_/D (sky130_fd_sc_hd__dfxtp_2)
                                  0.73   data arrival time

                          0.00    0.00   clock core_clock (rise edge)
                          0.00    0.00   clock source latency
     1    0.02    0.00    0.00    0.00 ^ clk (in)
                                         clk (net)
                  0.00    0.00    0.00 ^ clkbuf_0_clk/A (sky130_fd_sc_hd__clkbuf_16)
     2    0.02    0.04    0.11    0.11 ^ clkbuf_0_clk/X (sky130_fd_sc_hd__clkbuf_16)
                                         clknet_0_clk (net)
                  0.04    0.00    0.11 ^ clkbuf_1_0__f_clk/A (sky130_fd_sc_hd__clkbuf_16)
     3    0.03    0.05    0.13    0.24 ^ clkbuf_1_0__f_clk/X (sky130_fd_sc_hd__clkbuf_16)
                                         clknet_1_0__leaf_clk (net)
                  0.05    0.00    0.24 ^ _46_/CLK (sky130_fd_sc_hd__dfxtp_2)
                          0.00    0.24   clock reconvergence pessimism
                         -0.03    0.21   library hold time
                                  0.21   data required time
-----------------------------------------------------------------------------
                                  0.21   data required time
                                 -0.73   data arrival time
-----------------------------------------------------------------------------
                                  0.53   slack (MET)


Startpoint: _47_ (rising edge-triggered flip-flop clocked by core_clock)
Endpoint: _47_ (rising edge-triggered flip-flop clocked by core_clock)
Path Group: core_clock
Path Type: min

Fanout     Cap    Slew   Delay    Time   Description
-----------------------------------------------------------------------------
                          0.00    0.00   clock core_clock (rise edge)
                          0.00    0.00   clock source latency
     1    0.02    0.00    0.00    0.00 ^ clk (in)
                                         clk (net)
                  0.00    0.00    0.00 ^ clkbuf_0_clk/A (sky130_fd_sc_hd__clkbuf_16)
     2    0.02    0.04    0.11    0.11 ^ clkbuf_0_clk/X (sky130_fd_sc_hd__clkbuf_16)
                                         clknet_0_clk (net)
                  0.04    0.00    0.11 ^ clkbuf_1_1__f_clk/A (sky130_fd_sc_hd__clkbuf_16)
     2    0.01    0.03    0.11    0.22 ^ clkbuf_1_1__f_clk/X (sky130_fd_sc_hd__clkbuf_16)
                                         clknet_1_1__leaf_clk (net)
                  0.03    0.00    0.22 ^ _47_/CLK (sky130_fd_sc_hd__dfxtp_4)
    10    0.03    0.06    0.37    0.59 v _47_/Q (sky130_fd_sc_hd__dfxtp_4)
                                         display_out.in[1] (net)
                  0.06    0.00    0.59 v _34_/B (sky130_fd_sc_hd__nand2_1)
     1    0.00    0.04    0.07    0.66 ^ _34_/Y (sky130_fd_sc_hd__nand2_1)
                                         _11_ (net)
                  0.04    0.00    0.66 ^ _36_/C (sky130_fd_sc_hd__and4b_1)
     1    0.01    0.12    0.24    0.89 ^ _36_/X (sky130_fd_sc_hd__and4b_1)
                                         _13_ (net)
                  0.12    0.00    0.89 ^ _37_/A (sky130_fd_sc_hd__buf_1)
     1    0.00    0.03    0.09    0.99 ^ _37_/X (sky130_fd_sc_hd__buf_1)
                                         _01_ (net)
                  0.03    0.00    0.99 ^ _47_/D (sky130_fd_sc_hd__dfxtp_4)
                                  0.99   data arrival time

                          0.00    0.00   clock core_clock (rise edge)
                          0.00    0.00   clock source latency
     1    0.02    0.00    0.00    0.00 ^ clk (in)
                                         clk (net)
                  0.00    0.00    0.00 ^ clkbuf_0_clk/A (sky130_fd_sc_hd__clkbuf_16)
     2    0.02    0.04    0.11    0.11 ^ clkbuf_0_clk/X (sky130_fd_sc_hd__clkbuf_16)
                                         clknet_0_clk (net)
                  0.04    0.00    0.11 ^ clkbuf_1_1__f_clk/A (sky130_fd_sc_hd__clkbuf_16)
     2    0.01    0.03    0.11    0.22 ^ clkbuf_1_1__f_clk/X (sky130_fd_sc_hd__clkbuf_16)
                                         clknet_1_1__leaf_clk (net)
                  0.03    0.00    0.22 ^ _47_/CLK (sky130_fd_sc_hd__dfxtp_4)
                          0.00    0.22   clock reconvergence pessimism
                         -0.03    0.19   library hold time
                                  0.19   data required time
-----------------------------------------------------------------------------
                                  0.19   data required time
                                 -0.99   data arrival time
-----------------------------------------------------------------------------
                                  0.80   slack (MET)


Startpoint: _47_ (rising edge-triggered flip-flop clocked by core_clock)
Endpoint: _48_ (rising edge-triggered flip-flop clocked by core_clock)
Path Group: core_clock
Path Type: min

Fanout     Cap    Slew   Delay    Time   Description
-----------------------------------------------------------------------------
                          0.00    0.00   clock core_clock (rise edge)
                          0.00    0.00   clock source latency
     1    0.02    0.00    0.00    0.00 ^ clk (in)
                                         clk (net)
                  0.00    0.00    0.00 ^ clkbuf_0_clk/A (sky130_fd_sc_hd__clkbuf_16)
     2    0.02    0.04    0.11    0.11 ^ clkbuf_0_clk/X (sky130_fd_sc_hd__clkbuf_16)
                                         clknet_0_clk (net)
                  0.04    0.00    0.11 ^ clkbuf_1_1__f_clk/A (sky130_fd_sc_hd__clkbuf_16)
     2    0.01    0.03    0.11    0.22 ^ clkbuf_1_1__f_clk/X (sky130_fd_sc_hd__clkbuf_16)
                                         clknet_1_1__leaf_clk (net)
                  0.03    0.00    0.22 ^ _47_/CLK (sky130_fd_sc_hd__dfxtp_4)
    10    0.03    0.06    0.37    0.59 v _47_/Q (sky130_fd_sc_hd__dfxtp_4)
                                         display_out.in[1] (net)
                  0.06    0.00    0.59 v _38_/B (sky130_fd_sc_hd__nand3_1)
     1    0.00    0.04    0.08    0.66 ^ _38_/Y (sky130_fd_sc_hd__nand3_1)
                                         _14_ (net)
                  0.04    0.00    0.66 ^ _40_/C (sky130_fd_sc_hd__and4b_2)
     1    0.02    0.13    0.28    0.95 ^ _40_/X (sky130_fd_sc_hd__and4b_2)
                                         _16_ (net)
                  0.13    0.00    0.95 ^ _41_/A (sky130_fd_sc_hd__buf_1)
     1    0.00    0.03    0.09    1.04 ^ _41_/X (sky130_fd_sc_hd__buf_1)
                                         _02_ (net)
                  0.03    0.00    1.04 ^ _48_/D (sky130_fd_sc_hd__dfxtp_4)
                                  1.04   data arrival time

                          0.00    0.00   clock core_clock (rise edge)
                          0.00    0.00   clock source latency
     1    0.02    0.00    0.00    0.00 ^ clk (in)
                                         clk (net)
                  0.00    0.00    0.00 ^ clkbuf_0_clk/A (sky130_fd_sc_hd__clkbuf_16)
     2    0.02    0.04    0.11    0.11 ^ clkbuf_0_clk/X (sky130_fd_sc_hd__clkbuf_16)
                                         clknet_0_clk (net)
                  0.04    0.00    0.11 ^ clkbuf_1_0__f_clk/A (sky130_fd_sc_hd__clkbuf_16)
     3    0.03    0.05    0.13    0.24 ^ clkbuf_1_0__f_clk/X (sky130_fd_sc_hd__clkbuf_16)
                                         clknet_1_0__leaf_clk (net)
                  0.05    0.00    0.24 ^ _48_/CLK (sky130_fd_sc_hd__dfxtp_4)
                          0.00    0.24   clock reconvergence pessimism
                         -0.03    0.21   library hold time
                                  0.21   data required time
-----------------------------------------------------------------------------
                                  0.21   data required time
                                 -1.04   data arrival time
-----------------------------------------------------------------------------
                                  0.83   slack (MET)


Startpoint: _47_ (rising edge-triggered flip-flop clocked by core_clock)
Endpoint: _49_ (rising edge-triggered flip-flop clocked by core_clock)
Path Group: core_clock
Path Type: min

Fanout     Cap    Slew   Delay    Time   Description
-----------------------------------------------------------------------------
                          0.00    0.00   clock core_clock (rise edge)
                          0.00    0.00   clock source latency
     1    0.02    0.00    0.00    0.00 ^ clk (in)
                                         clk (net)
                  0.00    0.00    0.00 ^ clkbuf_0_clk/A (sky130_fd_sc_hd__clkbuf_16)
     2    0.02    0.04    0.11    0.11 ^ clkbuf_0_clk/X (sky130_fd_sc_hd__clkbuf_16)
                                         clknet_0_clk (net)
                  0.04    0.00    0.11 ^ clkbuf_1_1__f_clk/A (sky130_fd_sc_hd__clkbuf_16)
     2    0.01    0.03    0.11    0.22 ^ clkbuf_1_1__f_clk/X (sky130_fd_sc_hd__clkbuf_16)
                                         clknet_1_1__leaf_clk (net)
                  0.03    0.00    0.22 ^ _47_/CLK (sky130_fd_sc_hd__dfxtp_4)
    10    0.03    0.06    0.37    0.59 v _47_/Q (sky130_fd_sc_hd__dfxtp_4)
                                         display_out.in[1] (net)
                  0.06    0.00    0.59 v _42_/B (sky130_fd_sc_hd__nand4_4)
     1    0.02    0.09    0.13    0.72 ^ _42_/Y (sky130_fd_sc_hd__nand4_4)
                                         _17_ (net)
                  0.09    0.00    0.72 ^ _44_/C (sky130_fd_sc_hd__and4b_2)
     1    0.00    0.05    0.21    0.93 ^ _44_/X (sky130_fd_sc_hd__and4b_2)
                                         _19_ (net)
                  0.05    0.00    0.93 ^ _45_/A (sky130_fd_sc_hd__buf_2)
     1    0.01    0.07    0.13    1.05 ^ _45_/X (sky130_fd_sc_hd__buf_2)
                                         _03_ (net)
                  0.07    0.00    1.05 ^ _49_/D (sky130_fd_sc_hd__dfxtp_4)
                                  1.05   data arrival time

                          0.00    0.00   clock core_clock (rise edge)
                          0.00    0.00   clock source latency
     1    0.02    0.00    0.00    0.00 ^ clk (in)
                                         clk (net)
                  0.00    0.00    0.00 ^ clkbuf_0_clk/A (sky130_fd_sc_hd__clkbuf_16)
     2    0.02    0.04    0.11    0.11 ^ clkbuf_0_clk/X (sky130_fd_sc_hd__clkbuf_16)
                                         clknet_0_clk (net)
                  0.04    0.00    0.11 ^ clkbuf_1_1__f_clk/A (sky130_fd_sc_hd__clkbuf_16)
     2    0.01    0.03    0.11    0.22 ^ clkbuf_1_1__f_clk/X (sky130_fd_sc_hd__clkbuf_16)
                                         clknet_1_1__leaf_clk (net)
                  0.03    0.00    0.22 ^ _49_/CLK (sky130_fd_sc_hd__dfxtp_4)
                          0.00    0.22   clock reconvergence pessimism
                         -0.04    0.18   library hold time
                                  0.18   data required time
-----------------------------------------------------------------------------
                                  0.18   data required time
                                 -1.05   data arrival time
-----------------------------------------------------------------------------
                                  0.87   slack (MET)



worst slack corner Typical: 0.5278
