
===========================================================================
report_checks -path_delay max (Setup)
============================================================================
======================= Typical Corner ===================================

Startpoint: _48_ (rising edge-triggered flip-flop clocked by core_clock)
Endpoint: _49_ (rising edge-triggered flip-flop clocked by core_clock)
Path Group: core_clock
Path Type: max

Fanout     Cap    Slew   Delay    Time   Description
-----------------------------------------------------------------------------
                          0.00    0.00   clock core_clock (rise edge)
                          0.00    0.00   clock source latency
     1    0.01    0.00    0.00    0.00 ^ clk (in)
                                         clk (net)
                  0.00    0.00    0.00 ^ clkbuf_0_clk/A (sky130_fd_sc_hd__clkbuf_16)
     2    0.02    0.04    0.11    0.11 ^ clkbuf_0_clk/X (sky130_fd_sc_hd__clkbuf_16)
                                         clknet_0_clk (net)
                  0.04    0.00    0.11 ^ clkbuf_1_0__f_clk/A (sky130_fd_sc_hd__clkbuf_16)
     5    0.01    0.03    0.11    0.22 ^ clkbuf_1_0__f_clk/X (sky130_fd_sc_hd__clkbuf_16)
                                         clknet_1_0__leaf_clk (net)
                  0.03    0.00    0.22 ^ _48_/CLK (sky130_fd_sc_hd__dfxtp_4)
    10    0.04    0.13    0.40    0.62 ^ _48_/Q (sky130_fd_sc_hd__dfxtp_4)
                                         display_out.in[2] (net)
                  0.13    0.00    0.62 ^ _21_/C_N (sky130_fd_sc_hd__or4bb_4)
     6    0.02    0.11    0.58    1.20 v _21_/X (sky130_fd_sc_hd__or4bb_4)
                                         _05_ (net)
                  0.11    0.00    1.20 v _44_/B (sky130_fd_sc_hd__and4b_2)
     2    0.00    0.04    0.23    1.42 v _44_/X (sky130_fd_sc_hd__and4b_2)
                                         _19_ (net)
                  0.04    0.00    1.42 v _45_/A (sky130_fd_sc_hd__buf_2)
     1    0.00    0.02    0.11    1.53 v _45_/X (sky130_fd_sc_hd__buf_2)
                                         _03_ (net)
                  0.02    0.00    1.53 v _49_/D (sky130_fd_sc_hd__dfxtp_4)
                                  1.53   data arrival time

                         10.00   10.00   clock core_clock (rise edge)
                          0.00   10.00   clock source latency
     1    0.01    0.00    0.00   10.00 ^ clk (in)
                                         clk (net)
                  0.00    0.00   10.00 ^ clkbuf_0_clk/A (sky130_fd_sc_hd__clkbuf_16)
     2    0.02    0.04    0.11   10.11 ^ clkbuf_0_clk/X (sky130_fd_sc_hd__clkbuf_16)
                                         clknet_0_clk (net)
                  0.04    0.00   10.11 ^ clkbuf_1_1__f_clk/A (sky130_fd_sc_hd__clkbuf_16)
     2    0.00    0.03    0.11   10.21 ^ clkbuf_1_1__f_clk/X (sky130_fd_sc_hd__clkbuf_16)
                                         clknet_1_1__leaf_clk (net)
                  0.03    0.00   10.21 ^ _49_/CLK (sky130_fd_sc_hd__dfxtp_4)
                          0.00   10.21   clock reconvergence pessimism
                         -0.11   10.11   library setup time
                                 10.11   data required time
-----------------------------------------------------------------------------
                                 10.11   data required time
                                 -1.53   data arrival time
-----------------------------------------------------------------------------
                                  8.58   slack (MET)


Startpoint: _48_ (rising edge-triggered flip-flop clocked by core_clock)
Endpoint: _48_ (rising edge-triggered flip-flop clocked by core_clock)
Path Group: core_clock
Path Type: max

Fanout     Cap    Slew   Delay    Time   Description
-----------------------------------------------------------------------------
                          0.00    0.00   clock core_clock (rise edge)
                          0.00    0.00   clock source latency
     1    0.01    0.00    0.00    0.00 ^ clk (in)
                                         clk (net)
                  0.00    0.00    0.00 ^ clkbuf_0_clk/A (sky130_fd_sc_hd__clkbuf_16)
     2    0.02    0.04    0.11    0.11 ^ clkbuf_0_clk/X (sky130_fd_sc_hd__clkbuf_16)
                                         clknet_0_clk (net)
                  0.04    0.00    0.11 ^ clkbuf_1_0__f_clk/A (sky130_fd_sc_hd__clkbuf_16)
     5    0.01    0.03    0.11    0.22 ^ clkbuf_1_0__f_clk/X (sky130_fd_sc_hd__clkbuf_16)
                                         clknet_1_0__leaf_clk (net)
                  0.03    0.00    0.22 ^ _48_/CLK (sky130_fd_sc_hd__dfxtp_4)
    10    0.04    0.13    0.40    0.62 ^ _48_/Q (sky130_fd_sc_hd__dfxtp_4)
                                         display_out.in[2] (net)
                  0.13    0.00    0.62 ^ _21_/C_N (sky130_fd_sc_hd__or4bb_4)
     6    0.02    0.11    0.58    1.20 v _21_/X (sky130_fd_sc_hd__or4bb_4)
                                         _05_ (net)
                  0.11    0.00    1.20 v _40_/B (sky130_fd_sc_hd__and4b_2)
     2    0.00    0.04    0.23    1.43 v _40_/X (sky130_fd_sc_hd__and4b_2)
                                         _16_ (net)
                  0.04    0.00    1.43 v _41_/A (sky130_fd_sc_hd__buf_1)
     1    0.00    0.02    0.08    1.51 v _41_/X (sky130_fd_sc_hd__buf_1)
                                         _02_ (net)
                  0.02    0.00    1.51 v _48_/D (sky130_fd_sc_hd__dfxtp_4)
                                  1.51   data arrival time

                         10.00   10.00   clock core_clock (rise edge)
                          0.00   10.00   clock source latency
     1    0.01    0.00    0.00   10.00 ^ clk (in)
                                         clk (net)
                  0.00    0.00   10.00 ^ clkbuf_0_clk/A (sky130_fd_sc_hd__clkbuf_16)
     2    0.02    0.04    0.11   10.11 ^ clkbuf_0_clk/X (sky130_fd_sc_hd__clkbuf_16)
                                         clknet_0_clk (net)
                  0.04    0.00   10.11 ^ clkbuf_1_0__f_clk/A (sky130_fd_sc_hd__clkbuf_16)
     5    0.01    0.03    0.11   10.22 ^ clkbuf_1_0__f_clk/X (sky130_fd_sc_hd__clkbuf_16)
                                         clknet_1_0__leaf_clk (net)
                  0.03    0.00   10.22 ^ _48_/CLK (sky130_fd_sc_hd__dfxtp_4)
                          0.00   10.22   clock reconvergence pessimism
                         -0.10   10.11   library setup time
                                 10.11   data required time
-----------------------------------------------------------------------------
                                 10.11   data required time
                                 -1.51   data arrival time
-----------------------------------------------------------------------------
                                  8.61   slack (MET)


Startpoint: _48_ (rising edge-triggered flip-flop clocked by core_clock)
Endpoint: _47_ (rising edge-triggered flip-flop clocked by core_clock)
Path Group: core_clock
Path Type: max

Fanout     Cap    Slew   Delay    Time   Description
-----------------------------------------------------------------------------
                          0.00    0.00   clock core_clock (rise edge)
                          0.00    0.00   clock source latency
     1    0.01    0.00    0.00    0.00 ^ clk (in)
                                         clk (net)
                  0.00    0.00    0.00 ^ clkbuf_0_clk/A (sky130_fd_sc_hd__clkbuf_16)
     2    0.02    0.04    0.11    0.11 ^ clkbuf_0_clk/X (sky130_fd_sc_hd__clkbuf_16)
                                         clknet_0_clk (net)
                  0.04    0.00    0.11 ^ clkbuf_1_0__f_clk/A (sky130_fd_sc_hd__clkbuf_16)
     5    0.01    0.03    0.11    0.22 ^ clkbuf_1_0__f_clk/X (sky130_fd_sc_hd__clkbuf_16)
                                         clknet_1_0__leaf_clk (net)
                  0.03    0.00    0.22 ^ _48_/CLK (sky130_fd_sc_hd__dfxtp_4)
    10    0.04    0.13    0.40    0.62 ^ _48_/Q (sky130_fd_sc_hd__dfxtp_4)
                                         display_out.in[2] (net)
                  0.13    0.00    0.62 ^ _21_/C_N (sky130_fd_sc_hd__or4bb_4)
     6    0.02    0.11    0.58    1.20 v _21_/X (sky130_fd_sc_hd__or4bb_4)
                                         _05_ (net)
                  0.11    0.00    1.20 v _36_/B (sky130_fd_sc_hd__and4b_1)
     1    0.00    0.04    0.19    1.39 v _36_/X (sky130_fd_sc_hd__and4b_1)
                                         _13_ (net)
                  0.04    0.00    1.39 v _37_/A (sky130_fd_sc_hd__buf_1)
     1    0.00    0.02    0.08    1.47 v _37_/X (sky130_fd_sc_hd__buf_1)
                                         _01_ (net)
                  0.02    0.00    1.47 v _47_/D (sky130_fd_sc_hd__dfxtp_4)
                                  1.47   data arrival time

                         10.00   10.00   clock core_clock (rise edge)
                          0.00   10.00   clock source latency
     1    0.01    0.00    0.00   10.00 ^ clk (in)
                                         clk (net)
                  0.00    0.00   10.00 ^ clkbuf_0_clk/A (sky130_fd_sc_hd__clkbuf_16)
     2    0.02    0.04    0.11   10.11 ^ clkbuf_0_clk/X (sky130_fd_sc_hd__clkbuf_16)
                                         clknet_0_clk (net)
                  0.04    0.00   10.11 ^ clkbuf_1_1__f_clk/A (sky130_fd_sc_hd__clkbuf_16)
     2    0.00    0.03    0.11   10.21 ^ clkbuf_1_1__f_clk/X (sky130_fd_sc_hd__clkbuf_16)
                                         clknet_1_1__leaf_clk (net)
                  0.03    0.00   10.21 ^ _47_/CLK (sky130_fd_sc_hd__dfxtp_4)
                          0.00   10.21   clock reconvergence pessimism
                         -0.11   10.11   library setup time
                                 10.11   data required time
-----------------------------------------------------------------------------
                                 10.11   data required time
                                 -1.47   data arrival time
-----------------------------------------------------------------------------
                                  8.64   slack (MET)


Startpoint: _46_ (rising edge-triggered flip-flop clocked by core_clock)
Endpoint: _46_ (rising edge-triggered flip-flop clocked by core_clock)
Path Group: core_clock
Path Type: max

Fanout     Cap    Slew   Delay    Time   Description
-----------------------------------------------------------------------------
                          0.00    0.00   clock core_clock (rise edge)
                          0.00    0.00   clock source latency
     1    0.01    0.00    0.00    0.00 ^ clk (in)
                                         clk (net)
                  0.00    0.00    0.00 ^ clkbuf_0_clk/A (sky130_fd_sc_hd__clkbuf_16)
     2    0.02    0.04    0.11    0.11 ^ clkbuf_0_clk/X (sky130_fd_sc_hd__clkbuf_16)
                                         clknet_0_clk (net)
                  0.04    0.00    0.11 ^ clkbuf_1_0__f_clk/A (sky130_fd_sc_hd__clkbuf_16)
     5    0.01    0.03    0.11    0.22 ^ clkbuf_1_0__f_clk/X (sky130_fd_sc_hd__clkbuf_16)
                                         clknet_1_0__leaf_clk (net)
                  0.03    0.00    0.22 ^ _46_/CLK (sky130_fd_sc_hd__dfxtp_2)
     3    0.01    0.05    0.32    0.53 ^ _46_/Q (sky130_fd_sc_hd__dfxtp_2)
                                         display_out.in[0] (net)
                  0.05    0.00    0.53 ^ _20_/A (sky130_fd_sc_hd__buf_6)
    10    0.04    0.08    0.13    0.67 ^ _20_/X (sky130_fd_sc_hd__buf_6)
                                         _04_ (net)
                  0.08    0.00    0.67 ^ _33_/A (sky130_fd_sc_hd__nor2_2)
     1    0.00    0.02    0.04    0.71 v _33_/Y (sky130_fd_sc_hd__nor2_2)
                                         _00_ (net)
                  0.02    0.00    0.71 v _46_/D (sky130_fd_sc_hd__dfxtp_2)
                                  0.71   data arrival time

                         10.00   10.00   clock core_clock (rise edge)
                          0.00   10.00   clock source latency
     1    0.01    0.00    0.00   10.00 ^ clk (in)
                                         clk (net)
                  0.00    0.00   10.00 ^ clkbuf_0_clk/A (sky130_fd_sc_hd__clkbuf_16)
     2    0.02    0.04    0.11   10.11 ^ clkbuf_0_clk/X (sky130_fd_sc_hd__clkbuf_16)
                                         clknet_0_clk (net)
                  0.04    0.00   10.11 ^ clkbuf_1_0__f_clk/A (sky130_fd_sc_hd__clkbuf_16)
     5    0.01    0.03    0.11   10.22 ^ clkbuf_1_0__f_clk/X (sky130_fd_sc_hd__clkbuf_16)
                                         clknet_1_0__leaf_clk (net)
                  0.03    0.00   10.22 ^ _46_/CLK (sky130_fd_sc_hd__dfxtp_2)
                          0.00   10.22   clock reconvergence pessimism
                         -0.11   10.11   library setup time
                                 10.11   data required time
-----------------------------------------------------------------------------
                                 10.11   data required time
                                 -0.71   data arrival time
-----------------------------------------------------------------------------
                                  9.40   slack (MET)



worst slack corner Typical: 8.5756
