
===========================================================================
 report_power
============================================================================
======================= Fastest Corner ===================================

Group                  Internal  Switching    Leakage      Total
                          Power      Power      Power      Power (Watts)
----------------------------------------------------------------
Sequential             1.93e-05   7.47e-06   1.12e-10   2.67e-05  15.9%
Combinational          9.47e-06   2.55e-05   3.19e-10   3.50e-05  20.8%
Clock                  6.54e-05   4.13e-05   4.61e-09   1.07e-04  63.4%
Macro                  0.00e+00   0.00e+00   0.00e+00   0.00e+00   0.0%
Pad                    0.00e+00   0.00e+00   0.00e+00   0.00e+00   0.0%
----------------------------------------------------------------
Total                  9.42e-05   7.43e-05   5.04e-09   1.68e-04 100.0%
                          55.9%      44.1%       0.0%

======================= Slowest Corner ===================================

Group                  Internal  Switching    Leakage      Total
                          Power      Power      Power      Power (Watts)
----------------------------------------------------------------
Sequential             1.30e-05   5.01e-06   6.51e-08   1.81e-05  15.5%
Combinational          6.93e-06   1.71e-05   2.00e-07   2.43e-05  20.8%
Clock                  4.67e-05   2.76e-05   6.79e-08   7.44e-05  63.7%
Macro                  0.00e+00   0.00e+00   0.00e+00   0.00e+00   0.0%
Pad                    0.00e+00   0.00e+00   0.00e+00   0.00e+00   0.0%
----------------------------------------------------------------
Total                  6.66e-05   4.98e-05   3.33e-07   1.17e-04 100.0%
                          57.1%      42.6%       0.3%

======================= Typical Corner ===================================

Group                  Internal  Switching    Leakage      Total
                          Power      Power      Power      Power (Watts)
----------------------------------------------------------------
Sequential             1.66e-05   6.35e-06   3.52e-11   2.30e-05  15.8%
Combinational          8.49e-06   2.17e-05   1.36e-10   3.02e-05  20.8%
Clock                  5.73e-05   3.51e-05   4.44e-09   9.24e-05  63.5%
Macro                  0.00e+00   0.00e+00   0.00e+00   0.00e+00   0.0%
Pad                    0.00e+00   0.00e+00   0.00e+00   0.00e+00   0.0%
----------------------------------------------------------------
Total                  8.24e-05   6.31e-05   4.61e-09   1.46e-04 100.0%
                          56.6%      43.4%       0.0%

