
===========================================================================
report_checks -path_delay min (Hold)
============================================================================
======================= Fastest Corner ===================================

Startpoint: _46_ (rising edge-triggered flip-flop clocked by core_clock)
Endpoint: _46_ (rising edge-triggered flip-flop clocked by core_clock)
Path Group: core_clock
Path Type: min
Corner: Fastest

Fanout     Cap    Slew   Delay    Time   Description
-----------------------------------------------------------------------------
                          0.00    0.00   clock core_clock (rise edge)
                          0.00    0.00   clock source latency
     1    0.03    0.00    0.00    0.00 ^ clk (in)
                                         clk (net)
                  0.00    0.00    0.00 ^ clkbuf_0_clk/A (sky130_fd_sc_hd__clkbuf_16)
     2    0.03    0.04    0.08    0.08 ^ clkbuf_0_clk/X (sky130_fd_sc_hd__clkbuf_16)
                                         clknet_0_clk (net)
                  0.04    0.00    0.08 ^ clkbuf_1_0__f_clk/A (sky130_fd_sc_hd__clkbuf_16)
     5    0.05    0.06    0.11    0.19 ^ clkbuf_1_0__f_clk/X (sky130_fd_sc_hd__clkbuf_16)
                                         clknet_1_0__leaf_clk (net)
                  0.06    0.00    0.19 ^ _46_/CLK (sky130_fd_sc_hd__dfxtp_2)
     3    0.04    0.17    0.30    0.49 ^ _46_/Q (sky130_fd_sc_hd__dfxtp_2)
                                         display_out.in[0] (net)
                  0.17    0.01    0.50 ^ _20_/A (sky130_fd_sc_hd__buf_6)
    10    0.10    0.16    0.17    0.66 ^ _20_/X (sky130_fd_sc_hd__buf_6)
                                         _04_ (net)
                  0.16    0.01    0.67 ^ _33_/A (sky130_fd_sc_hd__nor2_2)
     1    0.02    0.06    0.07    0.74 v _33_/Y (sky130_fd_sc_hd__nor2_2)
                                         _00_ (net)
                  0.06    0.00    0.74 v _46_/D (sky130_fd_sc_hd__dfxtp_2)
                                  0.74   data arrival time

                          0.00    0.00   clock core_clock (rise edge)
                          0.00    0.00   clock source latency
     1    0.03    0.00    0.00    0.00 ^ clk (in)
                                         clk (net)
                  0.00    0.00    0.00 ^ clkbuf_0_clk/A (sky130_fd_sc_hd__clkbuf_16)
     2    0.03    0.04    0.08    0.08 ^ clkbuf_0_clk/X (sky130_fd_sc_hd__clkbuf_16)
                                         clknet_0_clk (net)
                  0.04    0.00    0.08 ^ clkbuf_1_0__f_clk/A (sky130_fd_sc_hd__clkbuf_16)
     5    0.05    0.06    0.11    0.19 ^ clkbuf_1_0__f_clk/X (sky130_fd_sc_hd__clkbuf_16)
                                         clknet_1_0__leaf_clk (net)
                  0.06    0.00    0.19 ^ _46_/CLK (sky130_fd_sc_hd__dfxtp_2)
                          0.00    0.19   clock reconvergence pessimism
                         -0.04    0.15   library hold time
                                  0.15   data required time
-----------------------------------------------------------------------------
                                  0.15   data required time
                                 -0.74   data arrival time
-----------------------------------------------------------------------------
                                  0.60   slack (MET)


Startpoint: _47_ (rising edge-triggered flip-flop clocked by core_clock)
Endpoint: _47_ (rising edge-triggered flip-flop clocked by core_clock)
Path Group: core_clock
Path Type: min
Corner: Fastest

Fanout     Cap    Slew   Delay    Time   Description
-----------------------------------------------------------------------------
                          0.00    0.00   clock core_clock (rise edge)
                          0.00    0.00   clock source latency
     1    0.03    0.00    0.00    0.00 ^ clk (in)
                                         clk (net)
                  0.00    0.00    0.00 ^ clkbuf_0_clk/A (sky130_fd_sc_hd__clkbuf_16)
     2    0.03    0.04    0.08    0.08 ^ clkbuf_0_clk/X (sky130_fd_sc_hd__clkbuf_16)
                                         clknet_0_clk (net)
                  0.04    0.00    0.08 ^ clkbuf_1_1__f_clk/A (sky130_fd_sc_hd__clkbuf_16)
     2    0.03    0.04    0.09    0.17 ^ clkbuf_1_1__f_clk/X (sky130_fd_sc_hd__clkbuf_16)
                                         clknet_1_1__leaf_clk (net)
                  0.04    0.00    0.17 ^ _47_/CLK (sky130_fd_sc_hd__dfxtp_4)
    10    0.11    0.11    0.29    0.46 v _47_/Q (sky130_fd_sc_hd__dfxtp_4)
                                         display_out.in[1] (net)
                  0.11    0.00    0.47 v _34_/B (sky130_fd_sc_hd__nand2_1)
     1    0.01    0.10    0.13    0.60 ^ _34_/Y (sky130_fd_sc_hd__nand2_1)
                                         _11_ (net)
                  0.10    0.00    0.60 ^ _36_/C (sky130_fd_sc_hd__and4b_1)
     1    0.01    0.11    0.18    0.77 ^ _36_/X (sky130_fd_sc_hd__and4b_1)
                                         _13_ (net)
                  0.11    0.00    0.77 ^ _37_/A (sky130_fd_sc_hd__buf_1)
     1    0.01    0.09    0.10    0.87 ^ _37_/X (sky130_fd_sc_hd__buf_1)
                                         _01_ (net)
                  0.09    0.00    0.87 ^ _47_/D (sky130_fd_sc_hd__dfxtp_4)
                                  0.87   data arrival time

                          0.00    0.00   clock core_clock (rise edge)
                          0.00    0.00   clock source latency
     1    0.03    0.00    0.00    0.00 ^ clk (in)
                                         clk (net)
                  0.00    0.00    0.00 ^ clkbuf_0_clk/A (sky130_fd_sc_hd__clkbuf_16)
     2    0.03    0.04    0.08    0.08 ^ clkbuf_0_clk/X (sky130_fd_sc_hd__clkbuf_16)
                                         clknet_0_clk (net)
                  0.04    0.00    0.08 ^ clkbuf_1_1__f_clk/A (sky130_fd_sc_hd__clkbuf_16)
     2    0.03    0.04    0.09    0.17 ^ clkbuf_1_1__f_clk/X (sky130_fd_sc_hd__clkbuf_16)
                                         clknet_1_1__leaf_clk (net)
                  0.04    0.00    0.17 ^ _47_/CLK (sky130_fd_sc_hd__dfxtp_4)
                          0.00    0.17   clock reconvergence pessimism
                         -0.02    0.15   library hold time
                                  0.15   data required time
-----------------------------------------------------------------------------
                                  0.15   data required time
                                 -0.87   data arrival time
-----------------------------------------------------------------------------
                                  0.72   slack (MET)


Startpoint: _47_ (rising edge-triggered flip-flop clocked by core_clock)
Endpoint: _48_ (rising edge-triggered flip-flop clocked by core_clock)
Path Group: core_clock
Path Type: min
Corner: Fastest

Fanout     Cap    Slew   Delay    Time   Description
-----------------------------------------------------------------------------
                          0.00    0.00   clock core_clock (rise edge)
                          0.00    0.00   clock source latency
     1    0.03    0.00    0.00    0.00 ^ clk (in)
                                         clk (net)
                  0.00    0.00    0.00 ^ clkbuf_0_clk/A (sky130_fd_sc_hd__clkbuf_16)
     2    0.03    0.04    0.08    0.08 ^ clkbuf_0_clk/X (sky130_fd_sc_hd__clkbuf_16)
                                         clknet_0_clk (net)
                  0.04    0.00    0.08 ^ clkbuf_1_1__f_clk/A (sky130_fd_sc_hd__clkbuf_16)
     2    0.03    0.04    0.09    0.17 ^ clkbuf_1_1__f_clk/X (sky130_fd_sc_hd__clkbuf_16)
                                         clknet_1_1__leaf_clk (net)
                  0.04    0.00    0.17 ^ _47_/CLK (sky130_fd_sc_hd__dfxtp_4)
    10    0.11    0.11    0.29    0.46 v _47_/Q (sky130_fd_sc_hd__dfxtp_4)
                                         display_out.in[1] (net)
                  0.11    0.00    0.47 v _38_/B (sky130_fd_sc_hd__nand3_1)
     1    0.01    0.11    0.14    0.61 ^ _38_/Y (sky130_fd_sc_hd__nand3_1)
                                         _14_ (net)
                  0.11    0.00    0.61 ^ _40_/C (sky130_fd_sc_hd__and4b_2)
     2    0.02    0.10    0.19    0.80 ^ _40_/X (sky130_fd_sc_hd__and4b_2)
                                         _16_ (net)
                  0.10    0.00    0.81 ^ _41_/A (sky130_fd_sc_hd__buf_1)
     1    0.01    0.10    0.11    0.92 ^ _41_/X (sky130_fd_sc_hd__buf_1)
                                         _02_ (net)
                  0.10    0.00    0.92 ^ _48_/D (sky130_fd_sc_hd__dfxtp_4)
                                  0.92   data arrival time

                          0.00    0.00   clock core_clock (rise edge)
                          0.00    0.00   clock source latency
     1    0.03    0.00    0.00    0.00 ^ clk (in)
                                         clk (net)
                  0.00    0.00    0.00 ^ clkbuf_0_clk/A (sky130_fd_sc_hd__clkbuf_16)
     2    0.03    0.04    0.08    0.08 ^ clkbuf_0_clk/X (sky130_fd_sc_hd__clkbuf_16)
                                         clknet_0_clk (net)
                  0.04    0.00    0.08 ^ clkbuf_1_0__f_clk/A (sky130_fd_sc_hd__clkbuf_16)
     5    0.05    0.06    0.11    0.19 ^ clkbuf_1_0__f_clk/X (sky130_fd_sc_hd__clkbuf_16)
                                         clknet_1_0__leaf_clk (net)
                  0.06    0.00    0.19 ^ _48_/CLK (sky130_fd_sc_hd__dfxtp_4)
                          0.00    0.19   clock reconvergence pessimism
                         -0.02    0.17   library hold time
                                  0.17   data required time
-----------------------------------------------------------------------------
                                  0.17   data required time
                                 -0.92   data arrival time
-----------------------------------------------------------------------------
                                  0.75   slack (MET)


Startpoint: _49_ (rising edge-triggered flip-flop clocked by core_clock)
Endpoint: _49_ (rising edge-triggered flip-flop clocked by core_clock)
Path Group: core_clock
Path Type: min
Corner: Fastest

Fanout     Cap    Slew   Delay    Time   Description
-----------------------------------------------------------------------------
                          0.00    0.00   clock core_clock (rise edge)
                          0.00    0.00   clock source latency
     1    0.03    0.00    0.00    0.00 ^ clk (in)
                                         clk (net)
                  0.00    0.00    0.00 ^ clkbuf_0_clk/A (sky130_fd_sc_hd__clkbuf_16)
     2    0.03    0.04    0.08    0.08 ^ clkbuf_0_clk/X (sky130_fd_sc_hd__clkbuf_16)
                                         clknet_0_clk (net)
                  0.04    0.00    0.08 ^ clkbuf_1_1__f_clk/A (sky130_fd_sc_hd__clkbuf_16)
     2    0.03    0.04    0.09    0.17 ^ clkbuf_1_1__f_clk/X (sky130_fd_sc_hd__clkbuf_16)
                                         clknet_1_1__leaf_clk (net)
                  0.04    0.00    0.17 ^ _49_/CLK (sky130_fd_sc_hd__dfxtp_4)
     9    0.11    0.11    0.29    0.46 v _49_/Q (sky130_fd_sc_hd__dfxtp_4)
                                         display_out.in[3] (net)
                  0.11    0.01    0.47 v _43_/B1 (sky130_fd_sc_hd__a31o_2)
     1    0.03    0.07    0.16    0.63 v _43_/X (sky130_fd_sc_hd__a31o_2)
                                         _18_ (net)
                  0.07    0.00    0.63 v _44_/D (sky130_fd_sc_hd__and4b_2)
     2    0.04    0.09    0.23    0.86 v _44_/X (sky130_fd_sc_hd__and4b_2)
                                         _19_ (net)
                  0.09    0.00    0.86 v _45_/A (sky130_fd_sc_hd__buf_2)
     1    0.05    0.08    0.15    1.01 v _45_/X (sky130_fd_sc_hd__buf_2)
                                         _03_ (net)
                  0.08    0.01    1.02 v _49_/D (sky130_fd_sc_hd__dfxtp_4)
                                  1.02   data arrival time

                          0.00    0.00   clock core_clock (rise edge)
                          0.00    0.00   clock source latency
     1    0.03    0.00    0.00    0.00 ^ clk (in)
                                         clk (net)
                  0.00    0.00    0.00 ^ clkbuf_0_clk/A (sky130_fd_sc_hd__clkbuf_16)
     2    0.03    0.04    0.08    0.08 ^ clkbuf_0_clk/X (sky130_fd_sc_hd__clkbuf_16)
                                         clknet_0_clk (net)
                  0.04    0.00    0.08 ^ clkbuf_1_1__f_clk/A (sky130_fd_sc_hd__clkbuf_16)
     2    0.03    0.04    0.09    0.17 ^ clkbuf_1_1__f_clk/X (sky130_fd_sc_hd__clkbuf_16)
                                         clknet_1_1__leaf_clk (net)
                  0.04    0.00    0.17 ^ _49_/CLK (sky130_fd_sc_hd__dfxtp_4)
                          0.00    0.17   clock reconvergence pessimism
                         -0.05    0.12   library hold time
                                  0.12   data required time
-----------------------------------------------------------------------------
                                  0.12   data required time
                                 -1.02   data arrival time
-----------------------------------------------------------------------------
                                  0.90   slack (MET)



worst slack corner Fastest: 0.5980
======================= Slowest Corner ===================================

Startpoint: _46_ (rising edge-triggered flip-flop clocked by core_clock)
Endpoint: _46_ (rising edge-triggered flip-flop clocked by core_clock)
Path Group: core_clock
Path Type: min
Corner: Slowest

Fanout     Cap    Slew   Delay    Time   Description
-----------------------------------------------------------------------------
                          0.00    0.00   clock core_clock (rise edge)
                          0.00    0.00   clock source latency
     1    0.03    0.00    0.00    0.00 ^ clk (in)
                                         clk (net)
                  0.00    0.00    0.00 ^ clkbuf_0_clk/A (sky130_fd_sc_hd__clkbuf_16)
     2    0.03    0.08    0.20    0.20 ^ clkbuf_0_clk/X (sky130_fd_sc_hd__clkbuf_16)
                                         clknet_0_clk (net)
                  0.08    0.00    0.20 ^ clkbuf_1_0__f_clk/A (sky130_fd_sc_hd__clkbuf_16)
     5    0.05    0.11    0.27    0.47 ^ clkbuf_1_0__f_clk/X (sky130_fd_sc_hd__clkbuf_16)
                                         clknet_1_0__leaf_clk (net)
                  0.11    0.00    0.47 ^ _46_/CLK (sky130_fd_sc_hd__dfxtp_2)
     3    0.04    0.36    0.89    1.36 ^ _46_/Q (sky130_fd_sc_hd__dfxtp_2)
                                         display_out.in[0] (net)
                  0.36    0.01    1.37 ^ _20_/A (sky130_fd_sc_hd__buf_6)
    10    0.10    0.33    0.48    1.85 ^ _20_/X (sky130_fd_sc_hd__buf_6)
                                         _04_ (net)
                  0.33    0.01    1.87 ^ _33_/A (sky130_fd_sc_hd__nor2_2)
     1    0.02    0.13    0.24    2.11 v _33_/Y (sky130_fd_sc_hd__nor2_2)
                                         _00_ (net)
                  0.13    0.00    2.11 v _46_/D (sky130_fd_sc_hd__dfxtp_2)
                                  2.11   data arrival time

                          0.00    0.00   clock core_clock (rise edge)
                          0.00    0.00   clock source latency
     1    0.03    0.00    0.00    0.00 ^ clk (in)
                                         clk (net)
                  0.00    0.00    0.00 ^ clkbuf_0_clk/A (sky130_fd_sc_hd__clkbuf_16)
     2    0.03    0.08    0.20    0.20 ^ clkbuf_0_clk/X (sky130_fd_sc_hd__clkbuf_16)
                                         clknet_0_clk (net)
                  0.08    0.00    0.20 ^ clkbuf_1_0__f_clk/A (sky130_fd_sc_hd__clkbuf_16)
     5    0.05    0.11    0.27    0.47 ^ clkbuf_1_0__f_clk/X (sky130_fd_sc_hd__clkbuf_16)
                                         clknet_1_0__leaf_clk (net)
                  0.11    0.00    0.47 ^ _46_/CLK (sky130_fd_sc_hd__dfxtp_2)
                          0.00    0.47   clock reconvergence pessimism
                         -0.10    0.37   library hold time
                                  0.37   data required time
-----------------------------------------------------------------------------
                                  0.37   data required time
                                 -2.11   data arrival time
-----------------------------------------------------------------------------
                                  1.74   slack (MET)


Startpoint: _47_ (rising edge-triggered flip-flop clocked by core_clock)
Endpoint: _47_ (rising edge-triggered flip-flop clocked by core_clock)
Path Group: core_clock
Path Type: min
Corner: Slowest

Fanout     Cap    Slew   Delay    Time   Description
-----------------------------------------------------------------------------
                          0.00    0.00   clock core_clock (rise edge)
                          0.00    0.00   clock source latency
     1    0.03    0.00    0.00    0.00 ^ clk (in)
                                         clk (net)
                  0.00    0.00    0.00 ^ clkbuf_0_clk/A (sky130_fd_sc_hd__clkbuf_16)
     2    0.03    0.08    0.20    0.20 ^ clkbuf_0_clk/X (sky130_fd_sc_hd__clkbuf_16)
                                         clknet_0_clk (net)
                  0.08    0.00    0.20 ^ clkbuf_1_1__f_clk/A (sky130_fd_sc_hd__clkbuf_16)
     2    0.03    0.08    0.23    0.44 ^ clkbuf_1_1__f_clk/X (sky130_fd_sc_hd__clkbuf_16)
                                         clknet_1_1__leaf_clk (net)
                  0.08    0.00    0.44 ^ _47_/CLK (sky130_fd_sc_hd__dfxtp_4)
    10    0.11    0.27    0.85    1.29 v _47_/Q (sky130_fd_sc_hd__dfxtp_4)
                                         display_out.in[1] (net)
                  0.27    0.00    1.29 v _34_/B (sky130_fd_sc_hd__nand2_1)
     1    0.01    0.21    0.30    1.60 ^ _34_/Y (sky130_fd_sc_hd__nand2_1)
                                         _11_ (net)
                  0.21    0.00    1.60 ^ _36_/C (sky130_fd_sc_hd__and4b_1)
     1    0.01    0.25    0.58    2.18 ^ _36_/X (sky130_fd_sc_hd__and4b_1)
                                         _13_ (net)
                  0.25    0.00    2.18 ^ _37_/A (sky130_fd_sc_hd__buf_1)
     1    0.01    0.19    0.31    2.48 ^ _37_/X (sky130_fd_sc_hd__buf_1)
                                         _01_ (net)
                  0.19    0.00    2.48 ^ _47_/D (sky130_fd_sc_hd__dfxtp_4)
                                  2.48   data arrival time

                          0.00    0.00   clock core_clock (rise edge)
                          0.00    0.00   clock source latency
     1    0.03    0.00    0.00    0.00 ^ clk (in)
                                         clk (net)
                  0.00    0.00    0.00 ^ clkbuf_0_clk/A (sky130_fd_sc_hd__clkbuf_16)
     2    0.03    0.08    0.20    0.20 ^ clkbuf_0_clk/X (sky130_fd_sc_hd__clkbuf_16)
                                         clknet_0_clk (net)
                  0.08    0.00    0.20 ^ clkbuf_1_1__f_clk/A (sky130_fd_sc_hd__clkbuf_16)
     2    0.03    0.08    0.23    0.44 ^ clkbuf_1_1__f_clk/X (sky130_fd_sc_hd__clkbuf_16)
                                         clknet_1_1__leaf_clk (net)
                  0.08    0.00    0.44 ^ _47_/CLK (sky130_fd_sc_hd__dfxtp_4)
                          0.00    0.44   clock reconvergence pessimism
                         -0.10    0.34   library hold time
                                  0.34   data required time
-----------------------------------------------------------------------------
                                  0.34   data required time
                                 -2.48   data arrival time
-----------------------------------------------------------------------------
                                  2.14   slack (MET)


Startpoint: _47_ (rising edge-triggered flip-flop clocked by core_clock)
Endpoint: _48_ (rising edge-triggered flip-flop clocked by core_clock)
Path Group: core_clock
Path Type: min
Corner: Slowest

Fanout     Cap    Slew   Delay    Time   Description
-----------------------------------------------------------------------------
                          0.00    0.00   clock core_clock (rise edge)
                          0.00    0.00   clock source latency
     1    0.03    0.00    0.00    0.00 ^ clk (in)
                                         clk (net)
                  0.00    0.00    0.00 ^ clkbuf_0_clk/A (sky130_fd_sc_hd__clkbuf_16)
     2    0.03    0.08    0.20    0.20 ^ clkbuf_0_clk/X (sky130_fd_sc_hd__clkbuf_16)
                                         clknet_0_clk (net)
                  0.08    0.00    0.20 ^ clkbuf_1_1__f_clk/A (sky130_fd_sc_hd__clkbuf_16)
     2    0.03    0.08    0.23    0.44 ^ clkbuf_1_1__f_clk/X (sky130_fd_sc_hd__clkbuf_16)
                                         clknet_1_1__leaf_clk (net)
                  0.08    0.00    0.44 ^ _47_/CLK (sky130_fd_sc_hd__dfxtp_4)
    10    0.11    0.27    0.85    1.29 v _47_/Q (sky130_fd_sc_hd__dfxtp_4)
                                         display_out.in[1] (net)
                  0.27    0.01    1.30 v _39_/A2 (sky130_fd_sc_hd__a21o_1)
     1    0.01    0.10    0.44    1.74 v _39_/X (sky130_fd_sc_hd__a21o_1)
                                         _15_ (net)
                  0.10    0.00    1.74 v _40_/D (sky130_fd_sc_hd__and4b_2)
     2    0.02    0.16    0.62    2.35 v _40_/X (sky130_fd_sc_hd__and4b_2)
                                         _16_ (net)
                  0.16    0.00    2.35 v _41_/A (sky130_fd_sc_hd__buf_1)
     1    0.01    0.14    0.27    2.63 v _41_/X (sky130_fd_sc_hd__buf_1)
                                         _02_ (net)
                  0.14    0.00    2.63 v _48_/D (sky130_fd_sc_hd__dfxtp_4)
                                  2.63   data arrival time

                          0.00    0.00   clock core_clock (rise edge)
                          0.00    0.00   clock source latency
     1    0.03    0.00    0.00    0.00 ^ clk (in)
                                         clk (net)
                  0.00    0.00    0.00 ^ clkbuf_0_clk/A (sky130_fd_sc_hd__clkbuf_16)
     2    0.03    0.08    0.20    0.20 ^ clkbuf_0_clk/X (sky130_fd_sc_hd__clkbuf_16)
                                         clknet_0_clk (net)
                  0.08    0.00    0.20 ^ clkbuf_1_0__f_clk/A (sky130_fd_sc_hd__clkbuf_16)
     5    0.05    0.11    0.27    0.47 ^ clkbuf_1_0__f_clk/X (sky130_fd_sc_hd__clkbuf_16)
                                         clknet_1_0__leaf_clk (net)
                  0.11    0.00    0.47 ^ _48_/CLK (sky130_fd_sc_hd__dfxtp_4)
                          0.00    0.47   clock reconvergence pessimism
                         -0.10    0.37   library hold time
                                  0.37   data required time
-----------------------------------------------------------------------------
                                  0.37   data required time
                                 -2.63   data arrival time
-----------------------------------------------------------------------------
                                  2.26   slack (MET)


Startpoint: _49_ (rising edge-triggered flip-flop clocked by core_clock)
Endpoint: _49_ (rising edge-triggered flip-flop clocked by core_clock)
Path Group: core_clock
Path Type: min
Corner: Slowest

Fanout     Cap    Slew   Delay    Time   Description
-----------------------------------------------------------------------------
                          0.00    0.00   clock core_clock (rise edge)
                          0.00    0.00   clock source latency
     1    0.03    0.00    0.00    0.00 ^ clk (in)
                                         clk (net)
                  0.00    0.00    0.00 ^ clkbuf_0_clk/A (sky130_fd_sc_hd__clkbuf_16)
     2    0.03    0.08    0.20    0.20 ^ clkbuf_0_clk/X (sky130_fd_sc_hd__clkbuf_16)
                                         clknet_0_clk (net)
                  0.08    0.00    0.20 ^ clkbuf_1_1__f_clk/A (sky130_fd_sc_hd__clkbuf_16)
     2    0.03    0.08    0.23    0.44 ^ clkbuf_1_1__f_clk/X (sky130_fd_sc_hd__clkbuf_16)
                                         clknet_1_1__leaf_clk (net)
                  0.08    0.00    0.44 ^ _49_/CLK (sky130_fd_sc_hd__dfxtp_4)
     9    0.11    0.26    0.85    1.29 v _49_/Q (sky130_fd_sc_hd__dfxtp_4)
                                         display_out.in[3] (net)
                  0.26    0.00    1.29 v _42_/D (sky130_fd_sc_hd__nand4_4)
     1    0.04    0.19    0.33    1.62 ^ _42_/Y (sky130_fd_sc_hd__nand4_4)
                                         _17_ (net)
                  0.19    0.00    1.62 ^ _44_/C (sky130_fd_sc_hd__and4b_2)
     2    0.04    0.37    0.77    2.39 ^ _44_/X (sky130_fd_sc_hd__and4b_2)
                                         _19_ (net)
                  0.37    0.01    2.39 ^ _45_/A (sky130_fd_sc_hd__buf_2)
     1    0.05    0.36    0.53    2.92 ^ _45_/X (sky130_fd_sc_hd__buf_2)
                                         _03_ (net)
                  0.36    0.01    2.93 ^ _49_/D (sky130_fd_sc_hd__dfxtp_4)
                                  2.93   data arrival time

                          0.00    0.00   clock core_clock (rise edge)
                          0.00    0.00   clock source latency
     1    0.03    0.00    0.00    0.00 ^ clk (in)
                                         clk (net)
                  0.00    0.00    0.00 ^ clkbuf_0_clk/A (sky130_fd_sc_hd__clkbuf_16)
     2    0.03    0.08    0.20    0.20 ^ clkbuf_0_clk/X (sky130_fd_sc_hd__clkbuf_16)
                                         clknet_0_clk (net)
                  0.08    0.00    0.20 ^ clkbuf_1_1__f_clk/A (sky130_fd_sc_hd__clkbuf_16)
     2    0.03    0.08    0.23    0.44 ^ clkbuf_1_1__f_clk/X (sky130_fd_sc_hd__clkbuf_16)
                                         clknet_1_1__leaf_clk (net)
                  0.08    0.00    0.44 ^ _49_/CLK (sky130_fd_sc_hd__dfxtp_4)
                          0.00    0.44   clock reconvergence pessimism
                         -0.14    0.30   library hold time
                                  0.30   data required time
-----------------------------------------------------------------------------
                                  0.30   data required time
                                 -2.93   data arrival time
-----------------------------------------------------------------------------
                                  2.63   slack (MET)



worst slack corner Slowest: 1.7372
======================= Typical Corner ===================================

Startpoint: _46_ (rising edge-triggered flip-flop clocked by core_clock)
Endpoint: _46_ (rising edge-triggered flip-flop clocked by core_clock)
Path Group: core_clock
Path Type: min
Corner: Typical

Fanout     Cap    Slew   Delay    Time   Description
-----------------------------------------------------------------------------
                          0.00    0.00   clock core_clock (rise edge)
                          0.00    0.00   clock source latency
     1    0.03    0.00    0.00    0.00 ^ clk (in)
                                         clk (net)
                  0.00    0.00    0.00 ^ clkbuf_0_clk/A (sky130_fd_sc_hd__clkbuf_16)
     2    0.03    0.05    0.12    0.12 ^ clkbuf_0_clk/X (sky130_fd_sc_hd__clkbuf_16)
                                         clknet_0_clk (net)
                  0.05    0.00    0.12 ^ clkbuf_1_0__f_clk/A (sky130_fd_sc_hd__clkbuf_16)
     5    0.05    0.07    0.15    0.27 ^ clkbuf_1_0__f_clk/X (sky130_fd_sc_hd__clkbuf_16)
                                         clknet_1_0__leaf_clk (net)
                  0.07    0.00    0.27 ^ _46_/CLK (sky130_fd_sc_hd__dfxtp_2)
     3    0.04    0.22    0.46    0.73 ^ _46_/Q (sky130_fd_sc_hd__dfxtp_2)
                                         display_out.in[0] (net)
                  0.22    0.01    0.74 ^ _20_/A (sky130_fd_sc_hd__buf_6)
    10    0.10    0.21    0.26    1.00 ^ _20_/X (sky130_fd_sc_hd__buf_6)
                                         _04_ (net)
                  0.21    0.01    1.01 ^ _33_/A (sky130_fd_sc_hd__nor2_2)
     1    0.02    0.08    0.12    1.13 v _33_/Y (sky130_fd_sc_hd__nor2_2)
                                         _00_ (net)
                  0.08    0.00    1.13 v _46_/D (sky130_fd_sc_hd__dfxtp_2)
                                  1.13   data arrival time

                          0.00    0.00   clock core_clock (rise edge)
                          0.00    0.00   clock source latency
     1    0.03    0.00    0.00    0.00 ^ clk (in)
                                         clk (net)
                  0.00    0.00    0.00 ^ clkbuf_0_clk/A (sky130_fd_sc_hd__clkbuf_16)
     2    0.03    0.05    0.12    0.12 ^ clkbuf_0_clk/X (sky130_fd_sc_hd__clkbuf_16)
                                         clknet_0_clk (net)
                  0.05    0.00    0.12 ^ clkbuf_1_0__f_clk/A (sky130_fd_sc_hd__clkbuf_16)
     5    0.05    0.07    0.15    0.27 ^ clkbuf_1_0__f_clk/X (sky130_fd_sc_hd__clkbuf_16)
                                         clknet_1_0__leaf_clk (net)
                  0.07    0.00    0.27 ^ _46_/CLK (sky130_fd_sc_hd__dfxtp_2)
                          0.00    0.27   clock reconvergence pessimism
                         -0.05    0.22   library hold time
                                  0.22   data required time
-----------------------------------------------------------------------------
                                  0.22   data required time
                                 -1.13   data arrival time
-----------------------------------------------------------------------------
                                  0.91   slack (MET)


Startpoint: _47_ (rising edge-triggered flip-flop clocked by core_clock)
Endpoint: _47_ (rising edge-triggered flip-flop clocked by core_clock)
Path Group: core_clock
Path Type: min
Corner: Typical

Fanout     Cap    Slew   Delay    Time   Description
-----------------------------------------------------------------------------
                          0.00    0.00   clock core_clock (rise edge)
                          0.00    0.00   clock source latency
     1    0.03    0.00    0.00    0.00 ^ clk (in)
                                         clk (net)
                  0.00    0.00    0.00 ^ clkbuf_0_clk/A (sky130_fd_sc_hd__clkbuf_16)
     2    0.03    0.05    0.12    0.12 ^ clkbuf_0_clk/X (sky130_fd_sc_hd__clkbuf_16)
                                         clknet_0_clk (net)
                  0.05    0.00    0.12 ^ clkbuf_1_1__f_clk/A (sky130_fd_sc_hd__clkbuf_16)
     2    0.03    0.05    0.13    0.25 ^ clkbuf_1_1__f_clk/X (sky130_fd_sc_hd__clkbuf_16)
                                         clknet_1_1__leaf_clk (net)
                  0.05    0.00    0.25 ^ _47_/CLK (sky130_fd_sc_hd__dfxtp_4)
    10    0.11    0.15    0.45    0.70 v _47_/Q (sky130_fd_sc_hd__dfxtp_4)
                                         display_out.in[1] (net)
                  0.15    0.00    0.70 v _34_/B (sky130_fd_sc_hd__nand2_1)
     1    0.01    0.14    0.18    0.88 ^ _34_/Y (sky130_fd_sc_hd__nand2_1)
                                         _11_ (net)
                  0.14    0.00    0.88 ^ _36_/C (sky130_fd_sc_hd__and4b_1)
     1    0.01    0.15    0.29    1.16 ^ _36_/X (sky130_fd_sc_hd__and4b_1)
                                         _13_ (net)
                  0.15    0.00    1.17 ^ _37_/A (sky130_fd_sc_hd__buf_1)
     1    0.01    0.12    0.16    1.32 ^ _37_/X (sky130_fd_sc_hd__buf_1)
                                         _01_ (net)
                  0.12    0.00    1.32 ^ _47_/D (sky130_fd_sc_hd__dfxtp_4)
                                  1.32   data arrival time

                          0.00    0.00   clock core_clock (rise edge)
                          0.00    0.00   clock source latency
     1    0.03    0.00    0.00    0.00 ^ clk (in)
                                         clk (net)
                  0.00    0.00    0.00 ^ clkbuf_0_clk/A (sky130_fd_sc_hd__clkbuf_16)
     2    0.03    0.05    0.12    0.12 ^ clkbuf_0_clk/X (sky130_fd_sc_hd__clkbuf_16)
                                         clknet_0_clk (net)
                  0.05    0.00    0.12 ^ clkbuf_1_1__f_clk/A (sky130_fd_sc_hd__clkbuf_16)
     2    0.03    0.05    0.13    0.25 ^ clkbuf_1_1__f_clk/X (sky130_fd_sc_hd__clkbuf_16)
                                         clknet_1_1__leaf_clk (net)
                  0.05    0.00    0.25 ^ _47_/CLK (sky130_fd_sc_hd__dfxtp_4)
                          0.00    0.25   clock reconvergence pessimism
                         -0.05    0.20   library hold time
                                  0.20   data required time
-----------------------------------------------------------------------------
                                  0.20   data required time
                                 -1.32   data arrival time
-----------------------------------------------------------------------------
                                  1.12   slack (MET)


Startpoint: _47_ (rising edge-triggered flip-flop clocked by core_clock)
Endpoint: _48_ (rising edge-triggered flip-flop clocked by core_clock)
Path Group: core_clock
Path Type: min
Corner: Typical

Fanout     Cap    Slew   Delay    Time   Description
-----------------------------------------------------------------------------
                          0.00    0.00   clock core_clock (rise edge)
                          0.00    0.00   clock source latency
     1    0.03    0.00    0.00    0.00 ^ clk (in)
                                         clk (net)
                  0.00    0.00    0.00 ^ clkbuf_0_clk/A (sky130_fd_sc_hd__clkbuf_16)
     2    0.03    0.05    0.12    0.12 ^ clkbuf_0_clk/X (sky130_fd_sc_hd__clkbuf_16)
                                         clknet_0_clk (net)
                  0.05    0.00    0.12 ^ clkbuf_1_1__f_clk/A (sky130_fd_sc_hd__clkbuf_16)
     2    0.03    0.05    0.13    0.25 ^ clkbuf_1_1__f_clk/X (sky130_fd_sc_hd__clkbuf_16)
                                         clknet_1_1__leaf_clk (net)
                  0.05    0.00    0.25 ^ _47_/CLK (sky130_fd_sc_hd__dfxtp_4)
    10    0.11    0.15    0.45    0.70 v _47_/Q (sky130_fd_sc_hd__dfxtp_4)
                                         display_out.in[1] (net)
                  0.15    0.01    0.70 v _39_/A2 (sky130_fd_sc_hd__a21o_1)
     1    0.01    0.05    0.24    0.94 v _39_/X (sky130_fd_sc_hd__a21o_1)
                                         _15_ (net)
                  0.05    0.00    0.94 v _40_/D (sky130_fd_sc_hd__and4b_2)
     2    0.02    0.08    0.29    1.23 v _40_/X (sky130_fd_sc_hd__and4b_2)
                                         _16_ (net)
                  0.08    0.00    1.24 v _41_/A (sky130_fd_sc_hd__buf_1)
     1    0.01    0.07    0.14    1.38 v _41_/X (sky130_fd_sc_hd__buf_1)
                                         _02_ (net)
                  0.07    0.00    1.38 v _48_/D (sky130_fd_sc_hd__dfxtp_4)
                                  1.38   data arrival time

                          0.00    0.00   clock core_clock (rise edge)
                          0.00    0.00   clock source latency
     1    0.03    0.00    0.00    0.00 ^ clk (in)
                                         clk (net)
                  0.00    0.00    0.00 ^ clkbuf_0_clk/A (sky130_fd_sc_hd__clkbuf_16)
     2    0.03    0.05    0.12    0.12 ^ clkbuf_0_clk/X (sky130_fd_sc_hd__clkbuf_16)
                                         clknet_0_clk (net)
                  0.05    0.00    0.12 ^ clkbuf_1_0__f_clk/A (sky130_fd_sc_hd__clkbuf_16)
     5    0.05    0.07    0.15    0.27 ^ clkbuf_1_0__f_clk/X (sky130_fd_sc_hd__clkbuf_16)
                                         clknet_1_0__leaf_clk (net)
                  0.07    0.00    0.27 ^ _48_/CLK (sky130_fd_sc_hd__dfxtp_4)
                          0.00    0.27   clock reconvergence pessimism
                         -0.05    0.22   library hold time
                                  0.22   data required time
-----------------------------------------------------------------------------
                                  0.22   data required time
                                 -1.38   data arrival time
-----------------------------------------------------------------------------
                                  1.15   slack (MET)


Startpoint: _49_ (rising edge-triggered flip-flop clocked by core_clock)
Endpoint: _49_ (rising edge-triggered flip-flop clocked by core_clock)
Path Group: core_clock
Path Type: min
Corner: Typical

Fanout     Cap    Slew   Delay    Time   Description
-----------------------------------------------------------------------------
                          0.00    0.00   clock core_clock (rise edge)
                          0.00    0.00   clock source latency
     1    0.03    0.00    0.00    0.00 ^ clk (in)
                                         clk (net)
                  0.00    0.00    0.00 ^ clkbuf_0_clk/A (sky130_fd_sc_hd__clkbuf_16)
     2    0.03    0.05    0.12    0.12 ^ clkbuf_0_clk/X (sky130_fd_sc_hd__clkbuf_16)
                                         clknet_0_clk (net)
                  0.05    0.00    0.12 ^ clkbuf_1_1__f_clk/A (sky130_fd_sc_hd__clkbuf_16)
     2    0.03    0.05    0.13    0.25 ^ clkbuf_1_1__f_clk/X (sky130_fd_sc_hd__clkbuf_16)
                                         clknet_1_1__leaf_clk (net)
                  0.05    0.00    0.25 ^ _49_/CLK (sky130_fd_sc_hd__dfxtp_4)
     9    0.11    0.15    0.44    0.69 v _49_/Q (sky130_fd_sc_hd__dfxtp_4)
                                         display_out.in[3] (net)
                  0.15    0.00    0.70 v _42_/D (sky130_fd_sc_hd__nand4_4)
     1    0.04    0.12    0.19    0.89 ^ _42_/Y (sky130_fd_sc_hd__nand4_4)
                                         _17_ (net)
                  0.12    0.00    0.90 ^ _44_/C (sky130_fd_sc_hd__and4b_2)
     2    0.04    0.22    0.38    1.28 ^ _44_/X (sky130_fd_sc_hd__and4b_2)
                                         _19_ (net)
                  0.22    0.01    1.28 ^ _45_/A (sky130_fd_sc_hd__buf_2)
     1    0.05    0.22    0.29    1.57 ^ _45_/X (sky130_fd_sc_hd__buf_2)
                                         _03_ (net)
                  0.22    0.01    1.58 ^ _49_/D (sky130_fd_sc_hd__dfxtp_4)
                                  1.58   data arrival time

                          0.00    0.00   clock core_clock (rise edge)
                          0.00    0.00   clock source latency
     1    0.03    0.00    0.00    0.00 ^ clk (in)
                                         clk (net)
                  0.00    0.00    0.00 ^ clkbuf_0_clk/A (sky130_fd_sc_hd__clkbuf_16)
     2    0.03    0.05    0.12    0.12 ^ clkbuf_0_clk/X (sky130_fd_sc_hd__clkbuf_16)
                                         clknet_0_clk (net)
                  0.05    0.00    0.12 ^ clkbuf_1_1__f_clk/A (sky130_fd_sc_hd__clkbuf_16)
     2    0.03    0.05    0.13    0.25 ^ clkbuf_1_1__f_clk/X (sky130_fd_sc_hd__clkbuf_16)
                                         clknet_1_1__leaf_clk (net)
                  0.05    0.00    0.25 ^ _49_/CLK (sky130_fd_sc_hd__dfxtp_4)
                          0.00    0.25   clock reconvergence pessimism
                         -0.07    0.18   library hold time
                                  0.18   data required time
-----------------------------------------------------------------------------
                                  0.18   data required time
                                 -1.58   data arrival time
-----------------------------------------------------------------------------
                                  1.40   slack (MET)



worst slack corner Typical: 0.9125
