
===========================================================================
 report_power
============================================================================
======================= Fastest Corner ===================================

Group                  Internal  Switching    Leakage      Total
                          Power      Power      Power      Power (Watts)
----------------------------------------------------------------
Sequential             9.27e-04   1.37e-03   3.76e-09   2.30e-03  34.3%
Combinational          6.38e-04   2.71e-03   1.35e-08   3.35e-03  49.9%
Clock                  4.66e-04   5.87e-04   1.64e-08   1.05e-03  15.7%
Macro                  0.00e+00   0.00e+00   0.00e+00   0.00e+00   0.0%
Pad                    0.00e+00   0.00e+00   0.00e+00   0.00e+00   0.0%
----------------------------------------------------------------
Total                  2.03e-03   4.67e-03   3.37e-08   6.70e-03 100.0%
                          30.3%      69.7%       0.0%

======================= Slowest Corner ===================================

Group                  Internal  Switching    Leakage      Total
                          Power      Power      Power      Power (Watts)
----------------------------------------------------------------
Sequential             6.38e-04   9.28e-04   2.40e-06   1.57e-03  34.1%
Combinational          4.58e-04   1.83e-03   5.50e-06   2.30e-03  50.0%
Clock                  3.35e-04   3.96e-04   4.68e-07   7.31e-04  15.9%
Macro                  0.00e+00   0.00e+00   0.00e+00   0.00e+00   0.0%
Pad                    0.00e+00   0.00e+00   0.00e+00   0.00e+00   0.0%
----------------------------------------------------------------
Total                  1.43e-03   3.16e-03   8.37e-06   4.60e-03 100.0%
                          31.1%      68.7%       0.2%

======================= Typical Corner ===================================

Group                  Internal  Switching    Leakage      Total
                          Power      Power      Power      Power (Watts)
----------------------------------------------------------------
Sequential             8.05e-04   1.17e-03   1.27e-09   1.98e-03  34.3%
Combinational          5.63e-04   2.31e-03   4.18e-09   2.88e-03  49.9%
Clock                  4.10e-04   5.01e-04   1.52e-08   9.11e-04  15.8%
Macro                  0.00e+00   0.00e+00   0.00e+00   0.00e+00   0.0%
Pad                    0.00e+00   0.00e+00   0.00e+00   0.00e+00   0.0%
----------------------------------------------------------------
Total                  1.78e-03   3.99e-03   2.07e-08   5.76e-03 100.0%
                          30.8%      69.2%       0.0%

