
===========================================================================
report_checks -unconstrained
===========================================================================
======================= Fastest Corner ===================================

Startpoint: A2[1] (input port clocked by clk)
Endpoint: _1385_ (rising edge-triggered flip-flop clocked by clk)
Path Group: clk
Path Type: max
Corner: Fastest

Fanout     Cap    Slew   Delay    Time   Description
-----------------------------------------------------------------------------
                          0.00    0.00   clock clk (rise edge)
                          0.00    0.00   clock network delay (propagated)
                          2.00    2.00 ^ input external delay
     6    0.21    0.69    0.51    2.51 ^ A2[1] (in)
                                         A2[1] (net)
                  0.69    0.00    2.51 ^ _1123_/A (sky130_fd_sc_hd__clkbuf_16)
    20    0.24    0.20    0.25    2.76 ^ _1123_/X (sky130_fd_sc_hd__clkbuf_16)
                                         _0506_ (net)
                  0.21    0.03    2.79 ^ _1124_/A (sky130_fd_sc_hd__clkbuf_16)
    20    0.20    0.16    0.20    2.99 ^ _1124_/X (sky130_fd_sc_hd__clkbuf_16)
                                         _0507_ (net)
                  0.19    0.05    3.05 ^ _1215_/S1 (sky130_fd_sc_hd__mux4_2)
     2    0.08    0.20    0.34    3.39 v _1215_/X (sky130_fd_sc_hd__mux4_2)
                                         _0595_ (net)
                  0.20    0.02    3.41 v _1220_/A2 (sky130_fd_sc_hd__a21o_4)
    11    0.08    0.09    0.27    3.68 v _1220_/X (sky130_fd_sc_hd__a21o_4)
                                         _0600_ (net)
                  0.10    0.02    3.70 v _1239_/A0 (sky130_fd_sc_hd__mux4_2)
     2    0.05    0.14    0.40    4.10 v _1239_/X (sky130_fd_sc_hd__mux4_2)
                                         _0619_ (net)
                  0.14    0.01    4.10 v _1240_/A0 (sky130_fd_sc_hd__mux2_4)
     2    0.05    0.10    0.27    4.37 v _1240_/X (sky130_fd_sc_hd__mux2_4)
                                         _0620_ (net)
                  0.10    0.01    4.38 v _1241_/A (sky130_fd_sc_hd__buf_4)
     2    0.10    0.09    0.19    4.57 v _1241_/X (sky130_fd_sc_hd__buf_4)
                                         _0135_ (net)
                  0.09    0.01    4.58 v _1385_/D (sky130_fd_sc_hd__dfxtp_4)
                                  4.58   data arrival time

                         10.00   10.00   clock clk (rise edge)
                          0.00   10.00   clock source latency
     2    0.07    0.25    0.17   10.17 ^ clk (in)
                                         clk (net)
                  0.25    0.00   10.17 ^ clkbuf_0_clk/A (sky130_fd_sc_hd__clkbuf_16)
    16    0.17    0.14    0.20   10.36 ^ clkbuf_0_clk/X (sky130_fd_sc_hd__clkbuf_16)
                                         clknet_0_clk (net)
                  0.14    0.00   10.37 ^ clkbuf_3_5_0_clk/A (sky130_fd_sc_hd__clkbuf_8)
     4    0.04    0.06    0.13   10.49 ^ clkbuf_3_5_0_clk/X (sky130_fd_sc_hd__clkbuf_8)
                                         clknet_3_5_0_clk (net)
                  0.06    0.00   10.49 ^ clkbuf_4_10__f_clk/A (sky130_fd_sc_hd__clkbuf_16)
    20    0.07    0.07    0.11   10.61 ^ clkbuf_4_10__f_clk/X (sky130_fd_sc_hd__clkbuf_16)
                                         clknet_4_10__leaf_clk (net)
                  0.07    0.00   10.61 ^ _1385_/CLK (sky130_fd_sc_hd__dfxtp_4)
                         -0.25   10.36   clock uncertainty
                          0.00   10.36   clock reconvergence pessimism
                         -0.09   10.27   library setup time
                                 10.27   data required time
-----------------------------------------------------------------------------
                                 10.27   data required time
                                 -4.58   data arrival time
-----------------------------------------------------------------------------
                                  5.69   slack (MET)



======================= Slowest Corner ===================================

Startpoint: A2[1] (input port clocked by clk)
Endpoint: _1382_ (rising edge-triggered flip-flop clocked by clk)
Path Group: clk
Path Type: max
Corner: Slowest

Fanout     Cap    Slew   Delay    Time   Description
-----------------------------------------------------------------------------
                          0.00    0.00   clock clk (rise edge)
                          0.00    0.00   clock network delay (propagated)
                          2.00    2.00 ^ input external delay
     6    0.21    1.49    1.10    3.10 ^ A2[1] (in)
                                         A2[1] (net)
                  1.49    0.00    3.10 ^ _1123_/A (sky130_fd_sc_hd__clkbuf_16)
    20    0.24    0.39    0.96    4.06 ^ _1123_/X (sky130_fd_sc_hd__clkbuf_16)
                                         _0506_ (net)
                  0.39    0.03    4.09 ^ _1124_/A (sky130_fd_sc_hd__clkbuf_16)
    20    0.20    0.33    0.56    4.65 ^ _1124_/X (sky130_fd_sc_hd__clkbuf_16)
                                         _0507_ (net)
                  0.34    0.06    4.71 ^ _1125_/S1 (sky130_fd_sc_hd__mux4_2)
     2    0.05    0.42    1.18    5.89 v _1125_/X (sky130_fd_sc_hd__mux4_2)
                                         _0508_ (net)
                  0.42    0.01    5.90 v _1136_/A2 (sky130_fd_sc_hd__a21o_2)
     5    0.06    0.28    0.77    6.67 v _1136_/X (sky130_fd_sc_hd__a21o_2)
                                         _0519_ (net)
                  0.28    0.01    6.68 v _1158_/A0 (sky130_fd_sc_hd__mux4_2)
     2    0.06    0.42    1.55    8.23 v _1158_/X (sky130_fd_sc_hd__mux4_2)
                                         _0541_ (net)
                  0.42    0.01    8.25 v _1159_/A0 (sky130_fd_sc_hd__mux2_4)
     2    0.07    0.22    0.85    9.10 v _1159_/X (sky130_fd_sc_hd__mux2_4)
                                         _0542_ (net)
                  0.22    0.00    9.10 v _1160_/A (sky130_fd_sc_hd__clkbuf_2)
     8    0.05    0.32    0.49    9.58 v _1160_/X (sky130_fd_sc_hd__clkbuf_2)
                                         _0132_ (net)
                  0.32    0.01    9.59 v _1382_/D (sky130_fd_sc_hd__dfxtp_4)
                                  9.59   data arrival time

                         10.00   10.00   clock clk (rise edge)
                          0.00   10.00   clock source latency
     2    0.07    0.54    0.35   10.35 ^ clk (in)
                                         clk (net)
                  0.54    0.00   10.35 ^ clkbuf_0_clk/A (sky130_fd_sc_hd__clkbuf_16)
    16    0.17    0.28    0.56   10.91 ^ clkbuf_0_clk/X (sky130_fd_sc_hd__clkbuf_16)
                                         clknet_0_clk (net)
                  0.28    0.00   10.92 ^ clkbuf_3_4_0_clk/A (sky130_fd_sc_hd__clkbuf_8)
     4    0.04    0.14    0.36   11.28 ^ clkbuf_3_4_0_clk/X (sky130_fd_sc_hd__clkbuf_8)
                                         clknet_3_4_0_clk (net)
                  0.14    0.00   11.28 ^ clkbuf_4_9__f_clk/A (sky130_fd_sc_hd__clkbuf_16)
    18    0.05    0.11    0.28   11.55 ^ clkbuf_4_9__f_clk/X (sky130_fd_sc_hd__clkbuf_16)
                                         clknet_4_9__leaf_clk (net)
                  0.11    0.00   11.56 ^ _1382_/CLK (sky130_fd_sc_hd__dfxtp_4)
                         -0.25   11.31   clock uncertainty
                          0.00   11.31   clock reconvergence pessimism
                         -0.37   10.94   library setup time
                                 10.94   data required time
-----------------------------------------------------------------------------
                                 10.94   data required time
                                 -9.59   data arrival time
-----------------------------------------------------------------------------
                                  1.35   slack (MET)



======================= Typical Corner ===================================

Startpoint: A2[1] (input port clocked by clk)
Endpoint: _1382_ (rising edge-triggered flip-flop clocked by clk)
Path Group: clk
Path Type: max
Corner: Typical

Fanout     Cap    Slew   Delay    Time   Description
-----------------------------------------------------------------------------
                          0.00    0.00   clock clk (rise edge)
                          0.00    0.00   clock network delay (propagated)
                          2.00    2.00 ^ input external delay
     6    0.21    0.92    0.67    2.67 ^ A2[1] (in)
                                         A2[1] (net)
                  0.92    0.00    2.67 ^ _1123_/A (sky130_fd_sc_hd__clkbuf_16)
    20    0.24    0.26    0.45    3.13 ^ _1123_/X (sky130_fd_sc_hd__clkbuf_16)
                                         _0506_ (net)
                  0.27    0.03    3.16 ^ _1124_/A (sky130_fd_sc_hd__clkbuf_16)
    20    0.20    0.22    0.31    3.47 ^ _1124_/X (sky130_fd_sc_hd__clkbuf_16)
                                         _0507_ (net)
                  0.24    0.05    3.52 ^ _1125_/S1 (sky130_fd_sc_hd__mux4_2)
     2    0.05    0.21    0.53    4.06 v _1125_/X (sky130_fd_sc_hd__mux4_2)
                                         _0508_ (net)
                  0.21    0.01    4.07 v _1136_/A2 (sky130_fd_sc_hd__a21o_2)
     5    0.06    0.15    0.40    4.47 v _1136_/X (sky130_fd_sc_hd__a21o_2)
                                         _0519_ (net)
                  0.15    0.01    4.48 v _1158_/A0 (sky130_fd_sc_hd__mux4_2)
     2    0.06    0.22    0.71    5.19 v _1158_/X (sky130_fd_sc_hd__mux4_2)
                                         _0541_ (net)
                  0.23    0.01    5.20 v _1159_/A0 (sky130_fd_sc_hd__mux2_4)
     2    0.07    0.13    0.46    5.67 v _1159_/X (sky130_fd_sc_hd__mux2_4)
                                         _0542_ (net)
                  0.13    0.00    5.67 v _1160_/A (sky130_fd_sc_hd__clkbuf_2)
     8    0.05    0.17    0.26    5.93 v _1160_/X (sky130_fd_sc_hd__clkbuf_2)
                                         _0132_ (net)
                  0.17    0.01    5.94 v _1382_/D (sky130_fd_sc_hd__dfxtp_4)
                                  5.94   data arrival time

                         10.00   10.00   clock clk (rise edge)
                          0.00   10.00   clock source latency
     2    0.07    0.34    0.22   10.22 ^ clk (in)
                                         clk (net)
                  0.34    0.00   10.22 ^ clkbuf_0_clk/A (sky130_fd_sc_hd__clkbuf_16)
    16    0.17    0.18    0.30   10.53 ^ clkbuf_0_clk/X (sky130_fd_sc_hd__clkbuf_16)
                                         clknet_0_clk (net)
                  0.18    0.00   10.53 ^ clkbuf_3_4_0_clk/A (sky130_fd_sc_hd__clkbuf_8)
     4    0.04    0.09    0.20   10.73 ^ clkbuf_3_4_0_clk/X (sky130_fd_sc_hd__clkbuf_8)
                                         clknet_3_4_0_clk (net)
                  0.09    0.00   10.73 ^ clkbuf_4_9__f_clk/A (sky130_fd_sc_hd__clkbuf_16)
    18    0.05    0.07    0.16   10.88 ^ clkbuf_4_9__f_clk/X (sky130_fd_sc_hd__clkbuf_16)
                                         clknet_4_9__leaf_clk (net)
                  0.07    0.00   10.89 ^ _1382_/CLK (sky130_fd_sc_hd__dfxtp_4)
                         -0.25   10.64   clock uncertainty
                          0.00   10.64   clock reconvergence pessimism
                         -0.16   10.47   library setup time
                                 10.47   data required time
-----------------------------------------------------------------------------
                                 10.47   data required time
                                 -5.94   data arrival time
-----------------------------------------------------------------------------
                                  4.53   slack (MET)




===========================================================================
report_checks --slack_max -0.01
============================================================================
======================= Fastest Corner ===================================

No paths found.

======================= Slowest Corner ===================================

No paths found.

======================= Typical Corner ===================================

No paths found.


===========================================================================
 report_check_types -max_slew -max_cap -max_fanout -violators
============================================================================
======================= Fastest Corner ===================================

max fanout

Pin                                   Limit Fanout  Slack
---------------------------------------------------------
_1130_/X                                 10     24    -14 (VIOLATED)
clkbuf_4_5__f_clk/X                      10     24    -14 (VIOLATED)
_0974_/X                                 10     23    -13 (VIOLATED)
_1001_/X                                 10     23    -13 (VIOLATED)
_1101_/X                                 10     23    -13 (VIOLATED)
_1251_/Q                                 10     22    -12 (VIOLATED)
clkbuf_4_6__f_clk/X                      10     22    -12 (VIOLATED)
_0881_/X                                 10     21    -11 (VIOLATED)
_0941_/X                                 10     21    -11 (VIOLATED)
_1121_/X                                 10     21    -11 (VIOLATED)
_1126_/X                                 10     21    -11 (VIOLATED)
_0621_/X                                 10     20    -10 (VIOLATED)
_0674_/X                                 10     20    -10 (VIOLATED)
_0675_/X                                 10     20    -10 (VIOLATED)
_0676_/X                                 10     20    -10 (VIOLATED)
_0677_/X                                 10     20    -10 (VIOLATED)
_0678_/X                                 10     20    -10 (VIOLATED)
_0679_/X                                 10     20    -10 (VIOLATED)
_0680_/X                                 10     20    -10 (VIOLATED)
_0681_/X                                 10     20    -10 (VIOLATED)
_0683_/X                                 10     20    -10 (VIOLATED)
_0684_/X                                 10     20    -10 (VIOLATED)
_0687_/X                                 10     20    -10 (VIOLATED)
_0690_/X                                 10     20    -10 (VIOLATED)
_0695_/X                                 10     20    -10 (VIOLATED)
_0717_/X                                 10     20    -10 (VIOLATED)
_0803_/X                                 10     20    -10 (VIOLATED)
_0810_/X                                 10     20    -10 (VIOLATED)
_0813_/X                                 10     20    -10 (VIOLATED)
_0816_/X                                 10     20    -10 (VIOLATED)
_0828_/X                                 10     20    -10 (VIOLATED)
_0841_/X                                 10     20    -10 (VIOLATED)
_0847_/X                                 10     20    -10 (VIOLATED)
_0850_/X                                 10     20    -10 (VIOLATED)
_0853_/X                                 10     20    -10 (VIOLATED)
_0933_/X                                 10     20    -10 (VIOLATED)
_0938_/X                                 10     20    -10 (VIOLATED)
_0944_/X                                 10     20    -10 (VIOLATED)
_0981_/X                                 10     20    -10 (VIOLATED)
_1105_/X                                 10     20    -10 (VIOLATED)
_1122_/X                                 10     20    -10 (VIOLATED)
_1123_/X                                 10     20    -10 (VIOLATED)
_1124_/X                                 10     20    -10 (VIOLATED)
_1127_/X                                 10     20    -10 (VIOLATED)
_1128_/X                                 10     20    -10 (VIOLATED)
_1132_/X                                 10     20    -10 (VIOLATED)
_1134_/X                                 10     20    -10 (VIOLATED)
_1137_/X                                 10     20    -10 (VIOLATED)
_1141_/X                                 10     20    -10 (VIOLATED)
_1146_/X                                 10     20    -10 (VIOLATED)
clkbuf_4_0__f_clk/X                      10     20    -10 (VIOLATED)
clkbuf_4_10__f_clk/X                     10     20    -10 (VIOLATED)
clkbuf_4_11__f_clk/X                     10     20    -10 (VIOLATED)
clkbuf_4_15__f_clk/X                     10     20    -10 (VIOLATED)
clkbuf_4_1__f_clk/X                      10     20    -10 (VIOLATED)
clkbuf_4_3__f_clk/X                      10     20    -10 (VIOLATED)
input1/X                                 10     20    -10 (VIOLATED)
input25/X                                10     20    -10 (VIOLATED)
input6/X                                 10     20    -10 (VIOLATED)
_0904_/X                                 10     18     -8 (VIOLATED)
_1115_/X                                 10     18     -8 (VIOLATED)
clkbuf_4_13__f_clk/X                     10     18     -8 (VIOLATED)
clkbuf_4_2__f_clk/X                      10     18     -8 (VIOLATED)
clkbuf_4_4__f_clk/X                      10     18     -8 (VIOLATED)
clkbuf_4_7__f_clk/X                      10     18     -8 (VIOLATED)
clkbuf_4_9__f_clk/X                      10     18     -8 (VIOLATED)
input29/X                                10     18     -8 (VIOLATED)
input4/X                                 10     18     -8 (VIOLATED)
_0663_/X                                 10     17     -7 (VIOLATED)
_0863_/X                                 10     17     -7 (VIOLATED)
_0891_/X                                 10     17     -7 (VIOLATED)
_0902_/X                                 10     17     -7 (VIOLATED)
_0912_/X                                 10     17     -7 (VIOLATED)
_0955_/X                                 10     17     -7 (VIOLATED)
_1019_/X                                 10     17     -7 (VIOLATED)
_1108_/X                                 10     17     -7 (VIOLATED)
_1151_/X                                 10     17     -7 (VIOLATED)
_0821_/X                                 10     16     -6 (VIOLATED)
clkbuf_0_clk/X                           10     16     -6 (VIOLATED)
clkbuf_4_14__f_clk/X                     10     16     -6 (VIOLATED)
clkbuf_4_8__f_clk/X                      10     16     -6 (VIOLATED)
input12/X                                10     16     -6 (VIOLATED)
input13/X                                10     16     -6 (VIOLATED)
input14/X                                10     16     -6 (VIOLATED)
input3/X                                 10     16     -6 (VIOLATED)
input7/X                                 10     16     -6 (VIOLATED)
_0689_/Y                                 10     15     -5 (VIOLATED)
input19/X                                10     15     -5 (VIOLATED)
_0809_/X                                 10     14     -4 (VIOLATED)
_0838_/X                                 10     14     -4 (VIOLATED)
_0869_/X                                 10     14     -4 (VIOLATED)
_1008_/X                                 10     14     -4 (VIOLATED)
_1047_/X                                 10     14     -4 (VIOLATED)
_1054_/X                                 10     14     -4 (VIOLATED)
_1056_/X                                 10     14     -4 (VIOLATED)
_1069_/X                                 10     14     -4 (VIOLATED)
_1099_/X                                 10     14     -4 (VIOLATED)
_1120_/Y                                 10     14     -4 (VIOLATED)
_1178_/X                                 10     14     -4 (VIOLATED)
clkbuf_4_12__f_clk/X                     10     14     -4 (VIOLATED)
input11/X                                10     14     -4 (VIOLATED)
_0919_/X                                 10     12     -2 (VIOLATED)
_1324_/Q                                 10     12     -2 (VIOLATED)
input10/X                                10     12     -2 (VIOLATED)
input5/X                                 10     12     -2 (VIOLATED)
_0864_/X                                 10     11        (VIOLATED)
_0890_/X                                 10     11        (VIOLATED)
_0937_/X                                 10     11        (VIOLATED)
_0951_/X                                 10     11        (VIOLATED)
_0954_/X                                 10     11        (VIOLATED)
_0985_/X                                 10     11        (VIOLATED)
_1077_/X                                 10     11        (VIOLATED)
_1083_/X                                 10     11        (VIOLATED)
_1095_/X                                 10     11        (VIOLATED)
_1106_/X                                 10     11        (VIOLATED)
_1110_/X                                 10     11        (VIOLATED)
_1184_/X                                 10     11        (VIOLATED)
_1220_/X                                 10     11        (VIOLATED)
_1340_/Q                                 10     11        (VIOLATED)
input15/X                                10     11        (VIOLATED)


max slew violations count Fastest: 0
max fanout violations count Fastest: 120
max cap violations count Fastest: 0
======================= Slowest Corner ===================================

max slew

Pin                                    Limit    Slew   Slack
------------------------------------------------------------
_1126_/A                                0.75    1.49   -0.74 (VIOLATED)
INSDIODE1__1126__A/DIODE                0.75    1.49   -0.74 (VIOLATED)
_1137_/A                                0.75    1.49   -0.74 (VIOLATED)
INSDIODE1__1137__A/DIODE                0.75    1.49   -0.74 (VIOLATED)
INSDIODE1__1123__A/DIODE                0.75    1.49   -0.74 (VIOLATED)
_1123_/A                                0.75    1.49   -0.74 (VIOLATED)
A2[1]                                   0.75    1.49   -0.74 (VIOLATED)
_1039_/A                                0.75    1.19   -0.44 (VIOLATED)
INSDIODE1__1039__A/DIODE                0.75    1.19   -0.44 (VIOLATED)
_0935_/A                                0.75    1.19   -0.44 (VIOLATED)
INSDIODE1__0935__A/DIODE                0.75    1.19   -0.44 (VIOLATED)
_1093_/B                                0.75    1.19   -0.44 (VIOLATED)
INSDIODE1__1093__B/DIODE                0.75    1.19   -0.44 (VIOLATED)
_0984_/B                                0.75    1.19   -0.44 (VIOLATED)
INSDIODE1__0984__B/DIODE                0.75    1.19   -0.44 (VIOLATED)
_0934_/Y                                0.75    1.19   -0.44 (VIOLATED)
_0654_/A2                               0.75    1.19   -0.44 (VIOLATED)
INSDIODE1__0654__A2/DIODE               0.75    1.19   -0.44 (VIOLATED)
_0632_/A2                               0.75    1.19   -0.44 (VIOLATED)
INSDIODE1__0632__A2/DIODE               0.75    1.19   -0.44 (VIOLATED)
_0629_/Y                                0.75    1.19   -0.44 (VIOLATED)
_0714_/A1                               0.75    1.18   -0.43 (VIOLATED)
INSDIODE1__0714__A1/DIODE               0.75    1.18   -0.43 (VIOLATED)
_0713_/Y                                0.75    1.18   -0.43 (VIOLATED)
_0667_/B                                0.75    1.16   -0.41 (VIOLATED)
INSDIODE1__0667__B/DIODE                0.75    1.16   -0.41 (VIOLATED)
_0660_/B                                0.75    1.16   -0.41 (VIOLATED)
INSDIODE1__0660__B/DIODE                0.75    1.16   -0.41 (VIOLATED)
_0659_/Y                                0.75    1.16   -0.41 (VIOLATED)
_1020_/A                                0.75    1.15   -0.40 (VIOLATED)
INSDIODE1__1020__A/DIODE                0.75    1.15   -0.40 (VIOLATED)
_0984_/A                                0.75    1.15   -0.40 (VIOLATED)
INSDIODE1__0984__A/DIODE                0.75    1.15   -0.40 (VIOLATED)
_0807_/A                                0.75    1.15   -0.40 (VIOLATED)
INSDIODE1__0807__A/DIODE                0.75    1.15   -0.40 (VIOLATED)
_0966_/A                                0.75    1.15   -0.40 (VIOLATED)
INSDIODE1__0966__A/DIODE                0.75    1.15   -0.40 (VIOLATED)
_0804_/X                                0.75    1.15   -0.40 (VIOLATED)
_0670_/A                                0.75    1.14   -0.39 (VIOLATED)
INSDIODE1__0670__A/DIODE                0.75    1.14   -0.39 (VIOLATED)
_0668_/Y                                0.75    1.14   -0.39 (VIOLATED)
_0661_/B                                0.75    1.12   -0.37 (VIOLATED)
INSDIODE1__0661__B/DIODE                0.75    1.12   -0.37 (VIOLATED)
_0662_/A2                               0.75    1.12   -0.37 (VIOLATED)
INSDIODE1__0662__A2/DIODE               0.75    1.12   -0.37 (VIOLATED)
_0660_/X                                0.75    1.12   -0.37 (VIOLATED)
_1066_/A                                0.75    1.11   -0.36 (VIOLATED)
INSDIODE1__1066__A/DIODE                0.75    1.10   -0.35 (VIOLATED)
_1075_/A                                0.75    1.10   -0.35 (VIOLATED)
INSDIODE1__1075__A/DIODE                0.75    1.10   -0.35 (VIOLATED)
_1111_/B                                0.75    1.10   -0.35 (VIOLATED)
INSDIODE1__1111__B/DIODE                0.75    1.10   -0.35 (VIOLATED)
_0966_/B                                0.75    1.10   -0.35 (VIOLATED)
INSDIODE1__0966__B/DIODE                0.75    1.10   -0.35 (VIOLATED)
_0965_/Y                                0.75    1.10   -0.35 (VIOLATED)
_0642_/A2                               0.75    1.10   -0.35 (VIOLATED)
INSDIODE1__0642__A2/DIODE               0.75    1.10   -0.35 (VIOLATED)
_0638_/Y                                0.75    1.10   -0.35 (VIOLATED)
_1100_/S                                0.75    1.09   -0.34 (VIOLATED)
INSDIODE1__1100__S/DIODE                0.75    1.09   -0.34 (VIOLATED)
_1098_/S                                0.75    1.09   -0.34 (VIOLATED)
INSDIODE1__1098__S/DIODE                0.75    1.09   -0.34 (VIOLATED)
_1094_/S                                0.75    1.09   -0.34 (VIOLATED)
INSDIODE1__1094__S/DIODE                0.75    1.09   -0.34 (VIOLATED)
_1096_/S                                0.75    1.09   -0.34 (VIOLATED)
INSDIODE1__1096__S/DIODE                0.75    1.09   -0.34 (VIOLATED)
_1093_/Y                                0.75    1.09   -0.34 (VIOLATED)
ANTENNA_115/DIODE                       0.75    1.08   -0.33 (VIOLATED)
ANTENNA_116/DIODE                       0.75    1.08   -0.33 (VIOLATED)
_0673_/B2                               0.75    1.08   -0.33 (VIOLATED)
INSDIODE1__0673__B2/DIODE               0.75    1.08   -0.33 (VIOLATED)
ANTENNA_114/DIODE                       0.75    1.08   -0.33 (VIOLATED)
_0672_/Y                                0.75    1.08   -0.33 (VIOLATED)
INSDIODE1_270/DIODE                     0.75    1.06   -0.31 (VIOLATED)
_0800_/A1                               0.75    1.06   -0.31 (VIOLATED)
INSDIODE1_269/DIODE                     0.75    1.06   -0.31 (VIOLATED)
INSDIODE1_271/DIODE                     0.75    1.06   -0.31 (VIOLATED)
INSDIODE1_272/DIODE                     0.75    1.06   -0.31 (VIOLATED)
INSDIODE1__0800__A1/DIODE               0.75    1.06   -0.31 (VIOLATED)
INSDIODE1_267/DIODE                     0.75    1.06   -0.31 (VIOLATED)
INSDIODE1_268/DIODE                     0.75    1.06   -0.31 (VIOLATED)
_0799_/Y                                0.75    1.06   -0.31 (VIOLATED)
_0967_/S                                0.75    1.04   -0.29 (VIOLATED)
INSDIODE1__0967__S/DIODE                0.75    1.04   -0.29 (VIOLATED)
_0971_/S                                0.75    1.04   -0.29 (VIOLATED)
INSDIODE1__0971__S/DIODE                0.75    1.04   -0.29 (VIOLATED)
INSDIODE1__0969__S/DIODE                0.75    1.04   -0.29 (VIOLATED)
_0969_/S                                0.75    1.04   -0.29 (VIOLATED)
INSDIODE1__0973__S/DIODE                0.75    1.04   -0.29 (VIOLATED)
_0973_/S                                0.75    1.04   -0.29 (VIOLATED)
_0966_/Y                                0.75    1.04   -0.29 (VIOLATED)
_1048_/A                                0.75    1.02   -0.27 (VIOLATED)
INSDIODE1__1048__A/DIODE                0.75    1.02   -0.27 (VIOLATED)
_0867_/A                                0.75    1.02   -0.27 (VIOLATED)
INSDIODE1__0867__A/DIODE                0.75    1.02   -0.27 (VIOLATED)
_1002_/A                                0.75    1.02   -0.27 (VIOLATED)
INSDIODE1__1002__A/DIODE                0.75    1.02   -0.27 (VIOLATED)
_1011_/A                                0.75    1.02   -0.27 (VIOLATED)
INSDIODE1__1011__A/DIODE                0.75    1.02   -0.27 (VIOLATED)
_0866_/Y                                0.75    1.02   -0.27 (VIOLATED)
INSDIODE1__0673__A1/DIODE               0.75    1.01   -0.26 (VIOLATED)
_0673_/A1                               0.75    1.01   -0.26 (VIOLATED)
INSDIODE1__0663__A1/DIODE               0.75    1.01   -0.26 (VIOLATED)
_0663_/A1                               0.75    1.01   -0.26 (VIOLATED)
_0635_/A2                               0.75    1.01   -0.26 (VIOLATED)
INSDIODE1__0635__A2/DIODE               0.75    1.01   -0.26 (VIOLATED)
_0653_/A1                               0.75    1.01   -0.26 (VIOLATED)
INSDIODE1__0653__A1/DIODE               0.75    1.01   -0.26 (VIOLATED)
_0628_/Y                                0.75    1.01   -0.26 (VIOLATED)
INSDIODE1__0786__B/DIODE                0.75    1.00   -0.25 (VIOLATED)
_0786_/B                                0.75    1.00   -0.25 (VIOLATED)
_0785_/Y                                0.75    1.00   -0.25 (VIOLATED)
_0947_/B                                0.75    0.99   -0.24 (VIOLATED)
INSDIODE1__0947__B/DIODE                0.75    0.99   -0.24 (VIOLATED)
INSDIODE1__0844__B/DIODE                0.75    0.99   -0.24 (VIOLATED)
_0844_/B                                0.75    0.99   -0.24 (VIOLATED)
_1102_/A                                0.75    0.99   -0.24 (VIOLATED)
INSDIODE1__1102__A/DIODE                0.75    0.99   -0.24 (VIOLATED)
_0915_/A                                0.75    0.99   -0.24 (VIOLATED)
INSDIODE1__0915__A/DIODE                0.75    0.99   -0.24 (VIOLATED)
_0843_/X                                0.75    0.99   -0.24 (VIOLATED)
_1118_/S                                0.75    0.98   -0.23 (VIOLATED)
INSDIODE1__1118__S/DIODE                0.75    0.98   -0.23 (VIOLATED)
INSDIODE1__1112__S/DIODE                0.75    0.98   -0.23 (VIOLATED)
_1112_/S                                0.75    0.98   -0.23 (VIOLATED)
INSDIODE1__1114__S/DIODE                0.75    0.98   -0.23 (VIOLATED)
_1114_/S                                0.75    0.98   -0.23 (VIOLATED)
_1116_/S                                0.75    0.98   -0.23 (VIOLATED)
INSDIODE1__1116__S/DIODE                0.75    0.98   -0.23 (VIOLATED)
_1111_/Y                                0.75    0.98   -0.23 (VIOLATED)
_0811_/S                                0.75    0.95   -0.20 (VIOLATED)
INSDIODE1__0811__S/DIODE                0.75    0.95   -0.20 (VIOLATED)
_0808_/S                                0.75    0.95   -0.20 (VIOLATED)
INSDIODE1__0808__S/DIODE                0.75    0.95   -0.20 (VIOLATED)
INSDIODE1__0814__S/DIODE                0.75    0.95   -0.20 (VIOLATED)
_0814_/S                                0.75    0.95   -0.20 (VIOLATED)
_0817_/S                                0.75    0.95   -0.20 (VIOLATED)
INSDIODE1__0817__S/DIODE                0.75    0.95   -0.20 (VIOLATED)
_0807_/Y                                0.75    0.95   -0.20 (VIOLATED)
_0652_/B1                               0.75    0.93   -0.18 (VIOLATED)
INSDIODE1__0652__B1/DIODE               0.75    0.93   -0.18 (VIOLATED)
_0787_/B1                               0.75    0.93   -0.18 (VIOLATED)
INSDIODE1__0787__B1/DIODE               0.75    0.93   -0.18 (VIOLATED)
_0786_/Y                                0.75    0.93   -0.18 (VIOLATED)
_0651_/Y                                0.75    0.93   -0.18 (VIOLATED)
_0793_/A2                               0.75    0.92   -0.17 (VIOLATED)
INSDIODE1__0793__A2/DIODE               0.75    0.92   -0.17 (VIOLATED)
_0788_/X                                0.75    0.92   -0.17 (VIOLATED)
_0649_/B                                0.75    0.90   -0.15 (VIOLATED)
INSDIODE1__0649__B/DIODE                0.75    0.90   -0.15 (VIOLATED)
_0648_/A1                               0.75    0.90   -0.15 (VIOLATED)
INSDIODE1__0648__A1/DIODE               0.75    0.90   -0.15 (VIOLATED)
_0646_/Y                                0.75    0.90   -0.15 (VIOLATED)
_0759_/A2                               0.75    0.90   -0.15 (VIOLATED)
INSDIODE1__0759__A2/DIODE               0.75    0.90   -0.15 (VIOLATED)
_0980_/A1                               0.75    0.90   -0.15 (VIOLATED)
INSDIODE1__0980__A1/DIODE               0.75    0.90   -0.15 (VIOLATED)
_1200_/A2                               0.75    0.90   -0.15 (VIOLATED)
INSDIODE1__1200__A2/DIODE               0.75    0.90   -0.15 (VIOLATED)
_1312_/Q                                0.75    0.90   -0.15 (VIOLATED)
_1042_/S                                0.75    0.89   -0.14 (VIOLATED)
INSDIODE1__1042__S/DIODE                0.75    0.89   -0.14 (VIOLATED)
_1046_/S                                0.75    0.89   -0.14 (VIOLATED)
INSDIODE1__1046__S/DIODE                0.75    0.89   -0.14 (VIOLATED)
_1040_/S                                0.75    0.89   -0.14 (VIOLATED)
INSDIODE1__1040__S/DIODE                0.75    0.89   -0.14 (VIOLATED)
_1044_/S                                0.75    0.88   -0.13 (VIOLATED)
INSDIODE1__1044__S/DIODE                0.75    0.88   -0.13 (VIOLATED)
_1039_/Y                                0.75    0.88   -0.13 (VIOLATED)
INSDIODE1__1058__S/DIODE                0.75    0.88   -0.13 (VIOLATED)
_1058_/S                                0.75    0.88   -0.13 (VIOLATED)
_1064_/S                                0.75    0.88   -0.13 (VIOLATED)
INSDIODE1__1064__S/DIODE                0.75    0.88   -0.13 (VIOLATED)
_1060_/S                                0.75    0.88   -0.13 (VIOLATED)
INSDIODE1__1060__S/DIODE                0.75    0.88   -0.13 (VIOLATED)
_1062_/S                                0.75    0.88   -0.13 (VIOLATED)
INSDIODE1__1062__S/DIODE                0.75    0.88   -0.13 (VIOLATED)
_1057_/Y                                0.75    0.88   -0.13 (VIOLATED)
_1030_/B                                0.75    0.88   -0.13 (VIOLATED)
INSDIODE1__1030__B/DIODE                0.75    0.88   -0.13 (VIOLATED)
_1075_/B                                0.75    0.88   -0.13 (VIOLATED)
INSDIODE1__1075__B/DIODE                0.75    0.88   -0.13 (VIOLATED)
_0635_/B1                               0.75    0.87   -0.12 (VIOLATED)
INSDIODE1__0635__B1/DIODE               0.75    0.87   -0.12 (VIOLATED)
_0634_/Y                                0.75    0.87   -0.12 (VIOLATED)
_1039_/B                                0.75    0.87   -0.12 (VIOLATED)
INSDIODE1__1039__B/DIODE                0.75    0.87   -0.12 (VIOLATED)
_1057_/B                                0.75    0.87   -0.12 (VIOLATED)
INSDIODE1__1057__B/DIODE                0.75    0.87   -0.12 (VIOLATED)
_1029_/X                                0.75    0.87   -0.12 (VIOLATED)
_0989_/S                                0.75    0.86   -0.11 (VIOLATED)
INSDIODE1__0989__S/DIODE                0.75    0.86   -0.11 (VIOLATED)
_0987_/S                                0.75    0.86   -0.11 (VIOLATED)
INSDIODE1__0987__S/DIODE                0.75    0.86   -0.11 (VIOLATED)
_0985_/S                                0.75    0.86   -0.11 (VIOLATED)
INSDIODE1__0985__S/DIODE                0.75    0.86   -0.11 (VIOLATED)
_0991_/S                                0.75    0.86   -0.11 (VIOLATED)
INSDIODE1__0991__S/DIODE                0.75    0.86   -0.11 (VIOLATED)
_0984_/Y                                0.75    0.86   -0.11 (VIOLATED)
_0829_/S                                0.75    0.86   -0.11 (VIOLATED)
INSDIODE1__0829__S/DIODE                0.75    0.86   -0.11 (VIOLATED)
_0825_/S                                0.75    0.85   -0.10 (VIOLATED)
INSDIODE1__0825__S/DIODE                0.75    0.85   -0.10 (VIOLATED)
INSDIODE1__0823__S/DIODE                0.75    0.85   -0.10 (VIOLATED)
_0823_/S                                0.75    0.85   -0.10 (VIOLATED)
_0827_/S                                0.75    0.85   -0.10 (VIOLATED)
INSDIODE1__0827__S/DIODE                0.75    0.85   -0.10 (VIOLATED)
_0714_/A0                               0.75    0.85   -0.10 (VIOLATED)
INSDIODE1__0714__A0/DIODE               0.75    0.85   -0.10 (VIOLATED)
_0822_/Y                                0.75    0.85   -0.10 (VIOLATED)
_0707_/Y                                0.75    0.85   -0.10 (VIOLATED)
_0886_/B                                0.75    0.85   -0.10 (VIOLATED)
INSDIODE1__0886__B/DIODE                0.75    0.85   -0.10 (VIOLATED)
_0844_/A                                0.75    0.85   -0.10 (VIOLATED)
INSDIODE1__0844__A/DIODE                0.75    0.85   -0.10 (VIOLATED)
_0857_/A                                0.75    0.85   -0.10 (VIOLATED)
INSDIODE1__0857__A/DIODE                0.75    0.85   -0.10 (VIOLATED)
_0867_/B                                0.75    0.84   -0.09 (VIOLATED)
INSDIODE1__0867__B/DIODE                0.75    0.84   -0.09 (VIOLATED)
_0935_/B                                0.75    0.84   -0.09 (VIOLATED)
INSDIODE1__0935__B/DIODE                0.75    0.84   -0.09 (VIOLATED)
_0896_/B                                0.75    0.84   -0.09 (VIOLATED)
INSDIODE1__0896__B/DIODE                0.75    0.84   -0.09 (VIOLATED)
_0842_/X                                0.75    0.84   -0.09 (VIOLATED)
_0956_/B                                0.75    0.84   -0.09 (VIOLATED)
INSDIODE1__0956__B/DIODE                0.75    0.84   -0.09 (VIOLATED)
_1066_/B                                0.75    0.84   -0.09 (VIOLATED)
INSDIODE1__1066__B/DIODE                0.75    0.84   -0.09 (VIOLATED)
_0895_/X                                0.75    0.84   -0.09 (VIOLATED)
INSDIODE1__0936__S/DIODE                0.75    0.83   -0.08 (VIOLATED)
_0936_/S                                0.75    0.83   -0.08 (VIOLATED)
_0942_/S                                0.75    0.83   -0.08 (VIOLATED)
INSDIODE1__0942__S/DIODE                0.75    0.83   -0.08 (VIOLATED)
_0945_/S                                0.75    0.83   -0.08 (VIOLATED)
INSDIODE1__0945__S/DIODE                0.75    0.83   -0.08 (VIOLATED)
_0939_/S                                0.75    0.83   -0.08 (VIOLATED)
INSDIODE1__0939__S/DIODE                0.75    0.83   -0.08 (VIOLATED)
_0935_/Y                                0.75    0.83   -0.08 (VIOLATED)
_1073_/S                                0.75    0.83   -0.08 (VIOLATED)
INSDIODE1__1073__S/DIODE                0.75    0.83   -0.08 (VIOLATED)
_1067_/S                                0.75    0.83   -0.08 (VIOLATED)
INSDIODE1__1067__S/DIODE                0.75    0.83   -0.08 (VIOLATED)
_1071_/S                                0.75    0.83   -0.08 (VIOLATED)
INSDIODE1__1071__S/DIODE                0.75    0.83   -0.08 (VIOLATED)
_1069_/S                                0.75    0.83   -0.08 (VIOLATED)
INSDIODE1__1069__S/DIODE                0.75    0.83   -0.08 (VIOLATED)
_1066_/Y                                0.75    0.83   -0.08 (VIOLATED)
_1093_/A                                0.75    0.81   -0.06 (VIOLATED)
INSDIODE1__1093__A/DIODE                0.75    0.81   -0.06 (VIOLATED)
_1111_/A                                0.75    0.81   -0.06 (VIOLATED)
INSDIODE1__1111__A/DIODE                0.75    0.81   -0.06 (VIOLATED)
_0822_/A                                0.75    0.81   -0.06 (VIOLATED)
INSDIODE1__0822__A/DIODE                0.75    0.81   -0.06 (VIOLATED)
_0924_/B                                0.75    0.81   -0.06 (VIOLATED)
INSDIODE1__0924__B/DIODE                0.75    0.81   -0.06 (VIOLATED)
_0819_/X                                0.75    0.81   -0.06 (VIOLATED)
_0857_/B                                0.75    0.80   -0.05 (VIOLATED)
INSDIODE1__0857__B/DIODE                0.75    0.80   -0.05 (VIOLATED)
_0993_/B                                0.75    0.80   -0.05 (VIOLATED)
INSDIODE1__0993__B/DIODE                0.75    0.80   -0.05 (VIOLATED)
_1084_/A                                0.75    0.80   -0.05 (VIOLATED)
INSDIODE1__1084__A/DIODE                0.75    0.80   -0.05 (VIOLATED)
_0975_/A                                0.75    0.80   -0.05 (VIOLATED)
INSDIODE1__0975__A/DIODE                0.75    0.80   -0.05 (VIOLATED)
_0856_/X                                0.75    0.80   -0.05 (VIOLATED)
_0947_/A                                0.75    0.80   -0.05 (VIOLATED)
INSDIODE1__0947__A/DIODE                0.75    0.80   -0.05 (VIOLATED)
INSDIODE1__0993__A/DIODE                0.75    0.80   -0.05 (VIOLATED)
_0993_/A                                0.75    0.80   -0.05 (VIOLATED)
_0832_/B                                0.75    0.80   -0.05 (VIOLATED)
INSDIODE1__0832__B/DIODE                0.75    0.80   -0.05 (VIOLATED)
_1002_/B                                0.75    0.80   -0.05 (VIOLATED)
INSDIODE1__1002__B/DIODE                0.75    0.80   -0.05 (VIOLATED)
_0831_/X                                0.75    0.79   -0.04 (VIOLATED)
_1205_/A2                               0.75    0.79   -0.04 (VIOLATED)
INSDIODE1__1205__A2/DIODE               0.75    0.79   -0.04 (VIOLATED)
_1200_/X                                0.75    0.79   -0.04 (VIOLATED)
INSDIODE1__1184__A2/DIODE               0.75    0.79   -0.04 (VIOLATED)
_1184_/A2                               0.75    0.79   -0.04 (VIOLATED)
_1179_/X                                0.75    0.79   -0.04 (VIOLATED)
_0975_/B                                0.75    0.78   -0.03 (VIOLATED)
INSDIODE1__0975__B/DIODE                0.75    0.78   -0.03 (VIOLATED)
_0915_/B                                0.75    0.78   -0.03 (VIOLATED)
INSDIODE1__0915__B/DIODE                0.75    0.78   -0.03 (VIOLATED)
_1011_/B                                0.75    0.78   -0.03 (VIOLATED)
INSDIODE1__1011__B/DIODE                0.75    0.78   -0.03 (VIOLATED)
_0906_/B                                0.75    0.78   -0.03 (VIOLATED)
INSDIODE1__0906__B/DIODE                0.75    0.78   -0.03 (VIOLATED)
_0905_/X                                0.75    0.78   -0.03 (VIOLATED)
_0736_/A2                               0.75    0.78   -0.03 (VIOLATED)
INSDIODE1__0736__A2/DIODE               0.75    0.78   -0.03 (VIOLATED)
_0731_/X                                0.75    0.78   -0.03 (VIOLATED)
_0925_/S                                0.75    0.77   -0.02 (VIOLATED)
INSDIODE1__0925__S/DIODE                0.75    0.77   -0.02 (VIOLATED)
INSDIODE1__0929__S/DIODE                0.75    0.77   -0.02 (VIOLATED)
_0929_/S                                0.75    0.77   -0.02 (VIOLATED)
_0927_/S                                0.75    0.77   -0.02 (VIOLATED)
INSDIODE1__0927__S/DIODE                0.75    0.77   -0.02 (VIOLATED)
_0931_/S                                0.75    0.77   -0.02 (VIOLATED)
INSDIODE1__0931__S/DIODE                0.75    0.77   -0.02 (VIOLATED)
_0924_/Y                                0.75    0.77   -0.02 (VIOLATED)
_1084_/B                                0.75    0.77   -0.02 (VIOLATED)
INSDIODE1__1084__B/DIODE                0.75    0.77   -0.02 (VIOLATED)
_0877_/B_N                              0.75    0.77   -0.02 (VIOLATED)
INSDIODE1__0877__B_N/DIODE              0.75    0.77   -0.02 (VIOLATED)
_1102_/B                                0.75    0.77   -0.02 (VIOLATED)
INSDIODE1__1102__B/DIODE                0.75    0.77   -0.02 (VIOLATED)
_1048_/B                                0.75    0.76   -0.01 (VIOLATED)
INSDIODE1__1048__B/DIODE                0.75    0.76   -0.01 (VIOLATED)
_0876_/X                                0.75    0.76   -0.01 (VIOLATED)
_0807_/B                                0.75    0.76   -0.01 (VIOLATED)
INSDIODE1__0807__B/DIODE                0.75    0.76   -0.01 (VIOLATED)
_0956_/A                                0.75    0.75   -0.00 (VIOLATED)
INSDIODE1__0956__A/DIODE                0.75    0.75   -0.00 (VIOLATED)
_1057_/A                                0.75    0.75   -0.00 (VIOLATED)
INSDIODE1__1057__A/DIODE                0.75    0.75   -0.00 (VIOLATED)
_0924_/A                                0.75    0.75   -0.00 (VIOLATED)
INSDIODE1__0924__A/DIODE                0.75    0.75   -0.00 (VIOLATED)
_0806_/X                                0.75    0.75   -0.00 (VIOLATED)

max fanout

Pin                                   Limit Fanout  Slack
---------------------------------------------------------
_1130_/X                                 10     24    -14 (VIOLATED)
clkbuf_4_5__f_clk/X                      10     24    -14 (VIOLATED)
_0974_/X                                 10     23    -13 (VIOLATED)
_1001_/X                                 10     23    -13 (VIOLATED)
_1101_/X                                 10     23    -13 (VIOLATED)
_1251_/Q                                 10     22    -12 (VIOLATED)
clkbuf_4_6__f_clk/X                      10     22    -12 (VIOLATED)
_0881_/X                                 10     21    -11 (VIOLATED)
_0941_/X                                 10     21    -11 (VIOLATED)
_1121_/X                                 10     21    -11 (VIOLATED)
_1126_/X                                 10     21    -11 (VIOLATED)
_0621_/X                                 10     20    -10 (VIOLATED)
_0674_/X                                 10     20    -10 (VIOLATED)
_0675_/X                                 10     20    -10 (VIOLATED)
_0676_/X                                 10     20    -10 (VIOLATED)
_0677_/X                                 10     20    -10 (VIOLATED)
_0678_/X                                 10     20    -10 (VIOLATED)
_0679_/X                                 10     20    -10 (VIOLATED)
_0680_/X                                 10     20    -10 (VIOLATED)
_0681_/X                                 10     20    -10 (VIOLATED)
_0683_/X                                 10     20    -10 (VIOLATED)
_0684_/X                                 10     20    -10 (VIOLATED)
_0687_/X                                 10     20    -10 (VIOLATED)
_0690_/X                                 10     20    -10 (VIOLATED)
_0695_/X                                 10     20    -10 (VIOLATED)
_0717_/X                                 10     20    -10 (VIOLATED)
_0803_/X                                 10     20    -10 (VIOLATED)
_0810_/X                                 10     20    -10 (VIOLATED)
_0813_/X                                 10     20    -10 (VIOLATED)
_0816_/X                                 10     20    -10 (VIOLATED)
_0828_/X                                 10     20    -10 (VIOLATED)
_0841_/X                                 10     20    -10 (VIOLATED)
_0847_/X                                 10     20    -10 (VIOLATED)
_0850_/X                                 10     20    -10 (VIOLATED)
_0853_/X                                 10     20    -10 (VIOLATED)
_0933_/X                                 10     20    -10 (VIOLATED)
_0938_/X                                 10     20    -10 (VIOLATED)
_0944_/X                                 10     20    -10 (VIOLATED)
_0981_/X                                 10     20    -10 (VIOLATED)
_1105_/X                                 10     20    -10 (VIOLATED)
_1122_/X                                 10     20    -10 (VIOLATED)
_1123_/X                                 10     20    -10 (VIOLATED)
_1124_/X                                 10     20    -10 (VIOLATED)
_1127_/X                                 10     20    -10 (VIOLATED)
_1128_/X                                 10     20    -10 (VIOLATED)
_1132_/X                                 10     20    -10 (VIOLATED)
_1134_/X                                 10     20    -10 (VIOLATED)
_1137_/X                                 10     20    -10 (VIOLATED)
_1141_/X                                 10     20    -10 (VIOLATED)
_1146_/X                                 10     20    -10 (VIOLATED)
clkbuf_4_0__f_clk/X                      10     20    -10 (VIOLATED)
clkbuf_4_10__f_clk/X                     10     20    -10 (VIOLATED)
clkbuf_4_11__f_clk/X                     10     20    -10 (VIOLATED)
clkbuf_4_15__f_clk/X                     10     20    -10 (VIOLATED)
clkbuf_4_1__f_clk/X                      10     20    -10 (VIOLATED)
clkbuf_4_3__f_clk/X                      10     20    -10 (VIOLATED)
input1/X                                 10     20    -10 (VIOLATED)
input25/X                                10     20    -10 (VIOLATED)
input6/X                                 10     20    -10 (VIOLATED)
_0904_/X                                 10     18     -8 (VIOLATED)
_1115_/X                                 10     18     -8 (VIOLATED)
clkbuf_4_13__f_clk/X                     10     18     -8 (VIOLATED)
clkbuf_4_2__f_clk/X                      10     18     -8 (VIOLATED)
clkbuf_4_4__f_clk/X                      10     18     -8 (VIOLATED)
clkbuf_4_7__f_clk/X                      10     18     -8 (VIOLATED)
clkbuf_4_9__f_clk/X                      10     18     -8 (VIOLATED)
input29/X                                10     18     -8 (VIOLATED)
input4/X                                 10     18     -8 (VIOLATED)
_0663_/X                                 10     17     -7 (VIOLATED)
_0863_/X                                 10     17     -7 (VIOLATED)
_0891_/X                                 10     17     -7 (VIOLATED)
_0902_/X                                 10     17     -7 (VIOLATED)
_0912_/X                                 10     17     -7 (VIOLATED)
_0955_/X                                 10     17     -7 (VIOLATED)
_1019_/X                                 10     17     -7 (VIOLATED)
_1108_/X                                 10     17     -7 (VIOLATED)
_1151_/X                                 10     17     -7 (VIOLATED)
_0821_/X                                 10     16     -6 (VIOLATED)
clkbuf_0_clk/X                           10     16     -6 (VIOLATED)
clkbuf_4_14__f_clk/X                     10     16     -6 (VIOLATED)
clkbuf_4_8__f_clk/X                      10     16     -6 (VIOLATED)
input12/X                                10     16     -6 (VIOLATED)
input13/X                                10     16     -6 (VIOLATED)
input14/X                                10     16     -6 (VIOLATED)
input3/X                                 10     16     -6 (VIOLATED)
input7/X                                 10     16     -6 (VIOLATED)
_0689_/Y                                 10     15     -5 (VIOLATED)
input19/X                                10     15     -5 (VIOLATED)
_0809_/X                                 10     14     -4 (VIOLATED)
_0838_/X                                 10     14     -4 (VIOLATED)
_0869_/X                                 10     14     -4 (VIOLATED)
_1008_/X                                 10     14     -4 (VIOLATED)
_1047_/X                                 10     14     -4 (VIOLATED)
_1054_/X                                 10     14     -4 (VIOLATED)
_1056_/X                                 10     14     -4 (VIOLATED)
_1069_/X                                 10     14     -4 (VIOLATED)
_1099_/X                                 10     14     -4 (VIOLATED)
_1120_/Y                                 10     14     -4 (VIOLATED)
_1178_/X                                 10     14     -4 (VIOLATED)
clkbuf_4_12__f_clk/X                     10     14     -4 (VIOLATED)
input11/X                                10     14     -4 (VIOLATED)
_0919_/X                                 10     12     -2 (VIOLATED)
_1324_/Q                                 10     12     -2 (VIOLATED)
input10/X                                10     12     -2 (VIOLATED)
input5/X                                 10     12     -2 (VIOLATED)
_0864_/X                                 10     11        (VIOLATED)
_0890_/X                                 10     11        (VIOLATED)
_0937_/X                                 10     11        (VIOLATED)
_0951_/X                                 10     11        (VIOLATED)
_0954_/X                                 10     11        (VIOLATED)
_0985_/X                                 10     11        (VIOLATED)
_1077_/X                                 10     11        (VIOLATED)
_1083_/X                                 10     11        (VIOLATED)
_1095_/X                                 10     11        (VIOLATED)
_1106_/X                                 10     11        (VIOLATED)
_1110_/X                                 10     11        (VIOLATED)
_1184_/X                                 10     11        (VIOLATED)
_1220_/X                                 10     11        (VIOLATED)
_1340_/Q                                 10     11        (VIOLATED)
input15/X                                10     11        (VIOLATED)


max slew violations count Slowest: 319
max fanout violations count Slowest: 120
max cap violations count Slowest: 0
======================= Typical Corner ===================================

max slew

Pin                                    Limit    Slew   Slack
------------------------------------------------------------
_1126_/A                                0.75    0.92   -0.17 (VIOLATED)
INSDIODE1__1126__A/DIODE                0.75    0.92   -0.17 (VIOLATED)
_1137_/A                                0.75    0.92   -0.17 (VIOLATED)
INSDIODE1__1137__A/DIODE                0.75    0.92   -0.17 (VIOLATED)
_1123_/A                                0.75    0.92   -0.17 (VIOLATED)
INSDIODE1__1123__A/DIODE                0.75    0.92   -0.17 (VIOLATED)
A2[1]                                   0.75    0.92   -0.17 (VIOLATED)
_0654_/A2                               0.75    0.76   -0.01 (VIOLATED)
INSDIODE1__0654__A2/DIODE               0.75    0.76   -0.01 (VIOLATED)
_0632_/A2                               0.75    0.76   -0.01 (VIOLATED)
INSDIODE1__0632__A2/DIODE               0.75    0.76   -0.01 (VIOLATED)
_0629_/Y                                0.75    0.76   -0.01 (VIOLATED)
_1020_/A                                0.75    0.75   -0.00 (VIOLATED)
INSDIODE1__1020__A/DIODE                0.75    0.75   -0.00 (VIOLATED)
_0984_/A                                0.75    0.75   -0.00 (VIOLATED)
INSDIODE1__0984__A/DIODE                0.75    0.75   -0.00 (VIOLATED)
_0807_/A                                0.75    0.75   -0.00 (VIOLATED)
_0714_/A1                               0.75    0.75   -0.00 (VIOLATED)
INSDIODE1__0714__A1/DIODE               0.75    0.75   -0.00 (VIOLATED)
INSDIODE1__0807__A/DIODE                0.75    0.75   -0.00 (VIOLATED)

max fanout

Pin                                   Limit Fanout  Slack
---------------------------------------------------------
_1130_/X                                 10     24    -14 (VIOLATED)
clkbuf_4_5__f_clk/X                      10     24    -14 (VIOLATED)
_0974_/X                                 10     23    -13 (VIOLATED)
_1001_/X                                 10     23    -13 (VIOLATED)
_1101_/X                                 10     23    -13 (VIOLATED)
_1251_/Q                                 10     22    -12 (VIOLATED)
clkbuf_4_6__f_clk/X                      10     22    -12 (VIOLATED)
_0881_/X                                 10     21    -11 (VIOLATED)
_0941_/X                                 10     21    -11 (VIOLATED)
_1121_/X                                 10     21    -11 (VIOLATED)
_1126_/X                                 10     21    -11 (VIOLATED)
_0621_/X                                 10     20    -10 (VIOLATED)
_0674_/X                                 10     20    -10 (VIOLATED)
_0675_/X                                 10     20    -10 (VIOLATED)
_0676_/X                                 10     20    -10 (VIOLATED)
_0677_/X                                 10     20    -10 (VIOLATED)
_0678_/X                                 10     20    -10 (VIOLATED)
_0679_/X                                 10     20    -10 (VIOLATED)
_0680_/X                                 10     20    -10 (VIOLATED)
_0681_/X                                 10     20    -10 (VIOLATED)
_0683_/X                                 10     20    -10 (VIOLATED)
_0684_/X                                 10     20    -10 (VIOLATED)
_0687_/X                                 10     20    -10 (VIOLATED)
_0690_/X                                 10     20    -10 (VIOLATED)
_0695_/X                                 10     20    -10 (VIOLATED)
_0717_/X                                 10     20    -10 (VIOLATED)
_0803_/X                                 10     20    -10 (VIOLATED)
_0810_/X                                 10     20    -10 (VIOLATED)
_0813_/X                                 10     20    -10 (VIOLATED)
_0816_/X                                 10     20    -10 (VIOLATED)
_0828_/X                                 10     20    -10 (VIOLATED)
_0841_/X                                 10     20    -10 (VIOLATED)
_0847_/X                                 10     20    -10 (VIOLATED)
_0850_/X                                 10     20    -10 (VIOLATED)
_0853_/X                                 10     20    -10 (VIOLATED)
_0933_/X                                 10     20    -10 (VIOLATED)
_0938_/X                                 10     20    -10 (VIOLATED)
_0944_/X                                 10     20    -10 (VIOLATED)
_0981_/X                                 10     20    -10 (VIOLATED)
_1105_/X                                 10     20    -10 (VIOLATED)
_1122_/X                                 10     20    -10 (VIOLATED)
_1123_/X                                 10     20    -10 (VIOLATED)
_1124_/X                                 10     20    -10 (VIOLATED)
_1127_/X                                 10     20    -10 (VIOLATED)
_1128_/X                                 10     20    -10 (VIOLATED)
_1132_/X                                 10     20    -10 (VIOLATED)
_1134_/X                                 10     20    -10 (VIOLATED)
_1137_/X                                 10     20    -10 (VIOLATED)
_1141_/X                                 10     20    -10 (VIOLATED)
_1146_/X                                 10     20    -10 (VIOLATED)
clkbuf_4_0__f_clk/X                      10     20    -10 (VIOLATED)
clkbuf_4_10__f_clk/X                     10     20    -10 (VIOLATED)
clkbuf_4_11__f_clk/X                     10     20    -10 (VIOLATED)
clkbuf_4_15__f_clk/X                     10     20    -10 (VIOLATED)
clkbuf_4_1__f_clk/X                      10     20    -10 (VIOLATED)
clkbuf_4_3__f_clk/X                      10     20    -10 (VIOLATED)
input1/X                                 10     20    -10 (VIOLATED)
input25/X                                10     20    -10 (VIOLATED)
input6/X                                 10     20    -10 (VIOLATED)
_0904_/X                                 10     18     -8 (VIOLATED)
_1115_/X                                 10     18     -8 (VIOLATED)
clkbuf_4_13__f_clk/X                     10     18     -8 (VIOLATED)
clkbuf_4_2__f_clk/X                      10     18     -8 (VIOLATED)
clkbuf_4_4__f_clk/X                      10     18     -8 (VIOLATED)
clkbuf_4_7__f_clk/X                      10     18     -8 (VIOLATED)
clkbuf_4_9__f_clk/X                      10     18     -8 (VIOLATED)
input29/X                                10     18     -8 (VIOLATED)
input4/X                                 10     18     -8 (VIOLATED)
_0663_/X                                 10     17     -7 (VIOLATED)
_0863_/X                                 10     17     -7 (VIOLATED)
_0891_/X                                 10     17     -7 (VIOLATED)
_0902_/X                                 10     17     -7 (VIOLATED)
_0912_/X                                 10     17     -7 (VIOLATED)
_0955_/X                                 10     17     -7 (VIOLATED)
_1019_/X                                 10     17     -7 (VIOLATED)
_1108_/X                                 10     17     -7 (VIOLATED)
_1151_/X                                 10     17     -7 (VIOLATED)
_0821_/X                                 10     16     -6 (VIOLATED)
clkbuf_0_clk/X                           10     16     -6 (VIOLATED)
clkbuf_4_14__f_clk/X                     10     16     -6 (VIOLATED)
clkbuf_4_8__f_clk/X                      10     16     -6 (VIOLATED)
input12/X                                10     16     -6 (VIOLATED)
input13/X                                10     16     -6 (VIOLATED)
input14/X                                10     16     -6 (VIOLATED)
input3/X                                 10     16     -6 (VIOLATED)
input7/X                                 10     16     -6 (VIOLATED)
_0689_/Y                                 10     15     -5 (VIOLATED)
input19/X                                10     15     -5 (VIOLATED)
_0809_/X                                 10     14     -4 (VIOLATED)
_0838_/X                                 10     14     -4 (VIOLATED)
_0869_/X                                 10     14     -4 (VIOLATED)
_1008_/X                                 10     14     -4 (VIOLATED)
_1047_/X                                 10     14     -4 (VIOLATED)
_1054_/X                                 10     14     -4 (VIOLATED)
_1056_/X                                 10     14     -4 (VIOLATED)
_1069_/X                                 10     14     -4 (VIOLATED)
_1099_/X                                 10     14     -4 (VIOLATED)
_1120_/Y                                 10     14     -4 (VIOLATED)
_1178_/X                                 10     14     -4 (VIOLATED)
clkbuf_4_12__f_clk/X                     10     14     -4 (VIOLATED)
input11/X                                10     14     -4 (VIOLATED)
_0919_/X                                 10     12     -2 (VIOLATED)
_1324_/Q                                 10     12     -2 (VIOLATED)
input10/X                                10     12     -2 (VIOLATED)
input5/X                                 10     12     -2 (VIOLATED)
_0864_/X                                 10     11        (VIOLATED)
_0890_/X                                 10     11        (VIOLATED)
_0937_/X                                 10     11        (VIOLATED)
_0951_/X                                 10     11        (VIOLATED)
_0954_/X                                 10     11        (VIOLATED)
_0985_/X                                 10     11        (VIOLATED)
_1077_/X                                 10     11        (VIOLATED)
_1083_/X                                 10     11        (VIOLATED)
_1095_/X                                 10     11        (VIOLATED)
_1106_/X                                 10     11        (VIOLATED)
_1110_/X                                 10     11        (VIOLATED)
_1184_/X                                 10     11        (VIOLATED)
_1220_/X                                 10     11        (VIOLATED)
_1340_/Q                                 10     11        (VIOLATED)
input15/X                                10     11        (VIOLATED)


max slew violations count Typical: 20
max fanout violations count Typical: 120
max cap violations count Typical: 0

===========================================================================
report_parasitic_annotation -report_unannotated
============================================================================
Found 7 unannotated drivers.
 clkload0/X
 clkload1/Y
 clkload2/Y
 clkload3/Y
 clkload4/Y
 clkload5/Y
 clkload6/Y
Found 0 partially unannotated drivers.

===========================================================================
max slew violation count 319
max fanout violation count 120
max cap violation count 0
============================================================================

===========================================================================
check_setup -verbose -unconstrained_endpoints -multiple_clock -no_clock -no_input_delay -loops -generated_clocks
===========================================================================
