[INFO]: Run Directory: /openlane/designs/semi_cpu/runs/RUN_2025.06.07_09.36.33
[WARNING]: DIODE_INSERTION_STRATEGY is now deprecated; use GRT_REPAIR_ANTENNAS, DIODE_ON_PORTS and RUN_HEURISTIC_DIODE_INSERTION instead.
[INFO]: DIODE_INSERTION_STRATEGY set to 3. Setting GRT_REPAIR_ANTENNAS to 1
[INFO]: Saving runtime environment...
[INFO]: Preparing LEF files for the nom corner...
[INFO]: Preparing LEF files for the min corner...
[INFO]: Preparing LEF files for the max corner...
[WARNING]: SIGNOFF_SDC_FILE is not set. It is recommended to write a custom SDC file for the design. Defaulting to BASE_SDC_FILE
[INFO]: Running Synthesis (log: designs/semi_cpu/runs/RUN_2025.06.07_09.36.33/logs/synthesis/1-synthesis.log)...
[INFO]: Running Single-Corner Static Timing Analysis (log: designs/semi_cpu/runs/RUN_2025.06.07_09.36.33/logs/synthesis/2-sta.log)...
[INFO]: Running Initial Floorplanning (log: designs/semi_cpu/runs/RUN_2025.06.07_09.36.33/logs/floorplan/3-initial_fp.log)...
[INFO]: Floorplanned with width 148.58 and height 217.6.
[INFO]: Running IO Placement (log: designs/semi_cpu/runs/RUN_2025.06.07_09.36.33/logs/floorplan/4-place_io.log)...
[INFO]: Running Tap/Decap Insertion (log: designs/semi_cpu/runs/RUN_2025.06.07_09.36.33/logs/floorplan/5-tap.log)...
[INFO]: Power planning with power {VPWR} and ground {VGND}...
[INFO]: Generating PDN (log: designs/semi_cpu/runs/RUN_2025.06.07_09.36.33/logs/floorplan/6-pdn.log)...
[INFO]: Running Global Placement (log: designs/semi_cpu/runs/RUN_2025.06.07_09.36.33/logs/placement/6-global.log)...
[INFO]: Running Single-Corner Static Timing Analysis (log: designs/semi_cpu/runs/RUN_2025.06.07_09.36.33/logs/placement/8-gpl_sta.log)...
[INFO]: Running Placement Resizer Design Optimizations (log: designs/semi_cpu/runs/RUN_2025.06.07_09.36.33/logs/placement/9-resizer.log)...
[INFO]: Running Detailed Placement (log: designs/semi_cpu/runs/RUN_2025.06.07_09.36.33/logs/placement/10-detailed.log)...
[INFO]: Running Single-Corner Static Timing Analysis (log: designs/semi_cpu/runs/RUN_2025.06.07_09.36.33/logs/placement/11-dpl_sta.log)...
[INFO]: Running Clock Tree Synthesis (log: designs/semi_cpu/runs/RUN_2025.06.07_09.36.33/logs/cts/12-cts.log)...
[INFO]: Running Single-Corner Static Timing Analysis (log: designs/semi_cpu/runs/RUN_2025.06.07_09.36.33/logs/cts/13-cts_sta.log)...
[INFO]: Running Placement Resizer Timing Optimizations (log: designs/semi_cpu/runs/RUN_2025.06.07_09.36.33/logs/cts/14-resizer.log)...
[INFO]: Running Global Routing Resizer Design Optimizations (log: designs/semi_cpu/runs/RUN_2025.06.07_09.36.33/logs/routing/15-resizer_design.log)...
[INFO]: Running Single-Corner Static Timing Analysis (log: designs/semi_cpu/runs/RUN_2025.06.07_09.36.33/logs/routing/16-rsz_design_sta.log)...
[INFO]: Running Global Routing Resizer Timing Optimizations (log: designs/semi_cpu/runs/RUN_2025.06.07_09.36.33/logs/routing/17-resizer_timing.log)...
[INFO]: Running Single-Corner Static Timing Analysis (log: designs/semi_cpu/runs/RUN_2025.06.07_09.36.33/logs/routing/18-rsz_timing_sta.log)...
[INFO]: Running Global Routing (log: designs/semi_cpu/runs/RUN_2025.06.07_09.36.33/logs/routing/19-global.log)...
[INFO]: Writing Verilog (log: designs/semi_cpu/runs/RUN_2025.06.07_09.36.33/logs/routing/19-global_write_netlist.log)...
[INFO]: Running Single-Corner Static Timing Analysis (log: designs/semi_cpu/runs/RUN_2025.06.07_09.36.33/logs/routing/21-grt_sta.log)...
[INFO]: Running Fill Insertion (log: designs/semi_cpu/runs/RUN_2025.06.07_09.36.33/logs/routing/22-fill.log)...
[INFO]: Running Detailed Routing (log: designs/semi_cpu/runs/RUN_2025.06.07_09.36.33/logs/routing/23-detailed.log)...
[INFO]: No Magic DRC violations after detailed routing.
[INFO]: Checking Wire Lengths (log: designs/semi_cpu/runs/RUN_2025.06.07_09.36.33/logs/routing/24-wire_lengths.log)...
[INFO]: Running SPEF Extraction at the min process corner (log: designs/semi_cpu/runs/RUN_2025.06.07_09.36.33/logs/signoff/25-parasitics_extraction.min.log)...
[INFO]: Running Multi-Corner Static Timing Analysis at the min process corner (log: designs/semi_cpu/runs/RUN_2025.06.07_09.36.33/logs/signoff/26-rcx_mcsta.min.log)...
[INFO]: Running SPEF Extraction at the max process corner (log: designs/semi_cpu/runs/RUN_2025.06.07_09.36.33/logs/signoff/27-parasitics_extraction.max.log)...
[INFO]: Running Multi-Corner Static Timing Analysis at the max process corner (log: designs/semi_cpu/runs/RUN_2025.06.07_09.36.33/logs/signoff/28-rcx_mcsta.max.log)...
[INFO]: Running SPEF Extraction at the nom process corner (log: designs/semi_cpu/runs/RUN_2025.06.07_09.36.33/logs/signoff/29-parasitics_extraction.nom.log)...
[INFO]: Running Multi-Corner Static Timing Analysis at the nom process corner (log: designs/semi_cpu/runs/RUN_2025.06.07_09.36.33/logs/signoff/30-rcx_mcsta.nom.log)...
[WARNING]: VSRC_LOC_FILES was not given a value, which may make the results of IR drop analysis inaccurate. If you are not integrating a top-level chip for manufacture, you may ignore this warning, otherwise, see the documentation for VSRC_LOC_FILES.
[INFO]: Creating IR Drop Report (log: designs/semi_cpu/runs/RUN_2025.06.07_09.36.33/logs/signoff/31-irdrop.log)...
[INFO]: Running Magic to generate various views...
[INFO]: Streaming out GDSII with Magic (log: designs/semi_cpu/runs/RUN_2025.06.07_09.36.33/logs/signoff/32-gdsii.log)...
[INFO]: Generating MAGLEF views...
[INFO]: Generating lef with Magic (/openlane/designs/semi_cpu/runs/RUN_2025.06.07_09.36.33/logs/signoff/32-lef.log)...
[INFO]: Streaming out GDSII with KLayout (log: designs/semi_cpu/runs/RUN_2025.06.07_09.36.33/logs/signoff/33-gdsii-klayout.log)...
[INFO]: Running XOR on the layouts using KLayout (log: designs/semi_cpu/runs/RUN_2025.06.07_09.36.33/logs/signoff/34-xor.log)...
[INFO]: No XOR differences between KLayout and Magic gds.
[INFO]: Running Magic Spice Export from LEF (log: designs/semi_cpu/runs/RUN_2025.06.07_09.36.33/logs/signoff/35-spice.log)...
[INFO]: Writing Powered Verilog (logs: designs/semi_cpu/runs/RUN_2025.06.07_09.36.33/logs/signoff/36-write_powered_def.log, designs/semi_cpu/runs/RUN_2025.06.07_09.36.33/logs/signoff/36-write_powered_verilog.log)...
[INFO]: Writing Verilog (log: designs/semi_cpu/runs/RUN_2025.06.07_09.36.33/logs/signoff/36-write_powered_verilog.log)...
[INFO]: Running LVS (log: designs/semi_cpu/runs/RUN_2025.06.07_09.36.33/logs/signoff/38-lvs.lef.log)...
[INFO]: Running Magic DRC (log: designs/semi_cpu/runs/RUN_2025.06.07_09.36.33/logs/signoff/39-drc.log)...
[INFO]: Converting Magic DRC database to various tool-readable formats...
[INFO]: No Magic DRC violations after GDS streaming out.
[INFO]: Running KLayout DRC (log: designs/semi_cpu/runs/RUN_2025.06.07_09.36.33/logs/signoff/40-drc-klayout.log)...
[INFO]: No KLayout DRC violations after GDS streaming out.
[INFO]: Running OpenROAD Antenna Rule Checker (log: designs/semi_cpu/runs/RUN_2025.06.07_09.36.33/logs/signoff/41-arc.log)...
[INFO]: Saving current set of views in 'designs/semi_cpu/runs/RUN_2025.06.07_09.36.33/results/final'...
[INFO]: Saving runtime environment...
[INFO]: Generating final set of reports...
[INFO]: Created manufacturability report at 'designs/semi_cpu/runs/RUN_2025.06.07_09.36.33/reports/manufacturability.rpt'.
[INFO]: Created metrics report at 'designs/semi_cpu/runs/RUN_2025.06.07_09.36.33/reports/metrics.csv'.
[WARNING]: There are max fanout violations in the design at the Typical corner. Please refer to 'designs/semi_cpu/runs/RUN_2025.06.07_09.36.33/reports/signoff/30-sta-rcx_nom/multi_corner_sta.checks.rpt'.
[INFO]: There are no hold violations in the design at the Typical corner.
[INFO]: There are no setup violations in the design at the Typical corner.
[SUCCESS]: Flow complete.
[INFO]: Note that the following warnings have been generated:
