[INFO]: Run Directory: /openlane/designs/lab4/runs/RUN_2025.05.31_14.46.37
[INFO]: Saving runtime environment...
[INFO]: Preparing LEF files for the nom corner...
[INFO]: Preparing LEF files for the min corner...
[INFO]: Preparing LEF files for the max corner...
[WARNING]: SIGNOFF_SDC_FILE is not set. It is recommended to write a custom SDC file for the design. Defaulting to BASE_SDC_FILE
[INFO]: Running linter (Verilator) (log: designs/lab4/runs/RUN_2025.05.31_14.46.37/logs/synthesis/linter.log)...
[INFO]: 0 errors found by linter
[INFO]: 0 warnings found by linter
[INFO]: Running Synthesis (log: designs/lab4/runs/RUN_2025.05.31_14.46.37/logs/synthesis/1-synthesis.log)...
[INFO]: Running Single-Corner Static Timing Analysis (log: designs/lab4/runs/RUN_2025.05.31_14.46.37/logs/synthesis/2-sta.log)...
[INFO]: Running Initial Floorplanning (log: designs/lab4/runs/RUN_2025.05.31_14.46.37/logs/floorplan/3-initial_fp.log)...
[INFO]: Floorplanned with width 388.7 and height 576.64.
[INFO]: Running IO Placement (log: designs/lab4/runs/RUN_2025.05.31_14.46.37/logs/floorplan/4-place_io.log)...
[INFO]: Running Tap/Decap Insertion (log: designs/lab4/runs/RUN_2025.05.31_14.46.37/logs/floorplan/5-tap.log)...
[INFO]: Power planning with power {VPWR} and ground {VGND}...
[INFO]: Generating PDN (log: designs/lab4/runs/RUN_2025.05.31_14.46.37/logs/floorplan/6-pdn.log)...
[INFO]: Performing Random Global Placement (log: designs/lab4/runs/RUN_2025.05.31_14.46.37/logs/placement/7-global.log)...
[INFO]: Running Placement Resizer Design Optimizations (log: designs/lab4/runs/RUN_2025.05.31_14.46.37/logs/placement/8-resizer.log)...
[INFO]: Running Detailed Placement (log: designs/lab4/runs/RUN_2025.05.31_14.46.37/logs/placement/9-detailed.log)...
[INFO]: Running Single-Corner Static Timing Analysis (log: designs/lab4/runs/RUN_2025.05.31_14.46.37/logs/placement/10-dpl_sta.log)...
[INFO]: Running Clock Tree Synthesis (log: designs/lab4/runs/RUN_2025.05.31_14.46.37/logs/cts/11-cts.log)...
[INFO]: Running Single-Corner Static Timing Analysis (log: designs/lab4/runs/RUN_2025.05.31_14.46.37/logs/cts/12-cts_sta.log)...
[INFO]: Running Placement Resizer Timing Optimizations (log: designs/lab4/runs/RUN_2025.05.31_14.46.37/logs/cts/13-resizer.log)...
[INFO]: Running Global Routing Resizer Design Optimizations (log: designs/lab4/runs/RUN_2025.05.31_14.46.37/logs/routing/14-resizer_design.log)...
[INFO]: Running Single-Corner Static Timing Analysis (log: designs/lab4/runs/RUN_2025.05.31_14.46.37/logs/routing/15-rsz_design_sta.log)...
[INFO]: Running Global Routing Resizer Timing Optimizations (log: designs/lab4/runs/RUN_2025.05.31_14.46.37/logs/routing/16-resizer_timing.log)...
[INFO]: Running Single-Corner Static Timing Analysis (log: designs/lab4/runs/RUN_2025.05.31_14.46.37/logs/routing/17-rsz_timing_sta.log)...
[INFO]: Running I/O Diode Insertion (log: designs/lab4/runs/RUN_2025.05.31_14.46.37/logs/routing/18-io_diodes.log)...
[INFO]: Running Detailed Placement (log: designs/lab4/runs/RUN_2025.05.31_14.46.37/logs/routing/19-io_diode_legalization.log)...
[INFO]: Running Heuristic Diode Insertion (log: designs/lab4/runs/RUN_2025.05.31_14.46.37/logs/routing/20-diodes.log)...
[INFO]: Running Detailed Placement (log: designs/lab4/runs/RUN_2025.05.31_14.46.37/logs/routing/21-diode_legalization.log)...
[INFO]: Running Global Routing (log: designs/lab4/runs/RUN_2025.05.31_14.46.37/logs/routing/22-global.log)...
[INFO]: Starting antenna repair iteration 1 with 1 violations...
[INFO]: [Iteration 1] Reduced antenna violations (1 -> 0)
[INFO]: Writing Verilog (log: designs/lab4/runs/RUN_2025.05.31_14.46.37/logs/routing/22-global_write_netlist.log)...
[INFO]: Running Single-Corner Static Timing Analysis (log: designs/lab4/runs/RUN_2025.05.31_14.46.37/logs/routing/24-grt_sta.log)...
[INFO]: Running Fill Insertion (log: designs/lab4/runs/RUN_2025.05.31_14.46.37/logs/routing/25-fill.log)...
[INFO]: Running Detailed Routing (log: designs/lab4/runs/RUN_2025.05.31_14.46.37/logs/routing/26-detailed.log)...
[INFO]: No Magic DRC violations after detailed routing.
[INFO]: Checking Wire Lengths (log: designs/lab4/runs/RUN_2025.05.31_14.46.37/logs/routing/27-wire_lengths.log)...
[INFO]: Running SPEF Extraction at the min process corner (log: designs/lab4/runs/RUN_2025.05.31_14.46.37/logs/signoff/28-parasitics_extraction.min.log)...
[INFO]: Running Multi-Corner Static Timing Analysis at the min process corner (log: designs/lab4/runs/RUN_2025.05.31_14.46.37/logs/signoff/29-rcx_mcsta.min.log)...
[INFO]: Running SPEF Extraction at the max process corner (log: designs/lab4/runs/RUN_2025.05.31_14.46.37/logs/signoff/30-parasitics_extraction.max.log)...
[INFO]: Running Multi-Corner Static Timing Analysis at the max process corner (log: designs/lab4/runs/RUN_2025.05.31_14.46.37/logs/signoff/31-rcx_mcsta.max.log)...
[INFO]: Running SPEF Extraction at the nom process corner (log: designs/lab4/runs/RUN_2025.05.31_14.46.37/logs/signoff/32-parasitics_extraction.nom.log)...
[INFO]: Running Multi-Corner Static Timing Analysis at the nom process corner (log: designs/lab4/runs/RUN_2025.05.31_14.46.37/logs/signoff/33-rcx_mcsta.nom.log)...
[WARNING]: VSRC_LOC_FILES was not given a value, which may make the results of IR drop analysis inaccurate. If you are not integrating a top-level chip for manufacture, you may ignore this warning, otherwise, see the documentation for VSRC_LOC_FILES.
[INFO]: Creating IR Drop Report (log: designs/lab4/runs/RUN_2025.05.31_14.46.37/logs/signoff/34-irdrop.log)...
[INFO]: Running Magic to generate various views...
[INFO]: Streaming out GDSII with Magic (log: designs/lab4/runs/RUN_2025.05.31_14.46.37/logs/signoff/35-gdsii.log)...
[INFO]: Generating MAGLEF views...
[INFO]: Generating lef with Magic (/openlane/designs/lab4/runs/RUN_2025.05.31_14.46.37/logs/signoff/35-lef.log)...
[INFO]: Streaming out GDSII with KLayout (log: designs/lab4/runs/RUN_2025.05.31_14.46.37/logs/signoff/36-gdsii-klayout.log)...
[INFO]: Running XOR on the layouts using KLayout (log: designs/lab4/runs/RUN_2025.05.31_14.46.37/logs/signoff/37-xor.log)...
[INFO]: No XOR differences between KLayout and Magic gds.
[INFO]: Running Magic Spice Export from LEF (log: designs/lab4/runs/RUN_2025.05.31_14.46.37/logs/signoff/38-spice.log)...
[INFO]: Writing Powered Verilog (logs: designs/lab4/runs/RUN_2025.05.31_14.46.37/logs/signoff/39-write_powered_def.log, designs/lab4/runs/RUN_2025.05.31_14.46.37/logs/signoff/39-write_powered_verilog.log)...
[INFO]: Writing Verilog (log: designs/lab4/runs/RUN_2025.05.31_14.46.37/logs/signoff/39-write_powered_verilog.log)...
[INFO]: Running LVS (log: designs/lab4/runs/RUN_2025.05.31_14.46.37/logs/signoff/41-lvs.lef.log)...
[INFO]: Running Magic DRC (log: designs/lab4/runs/RUN_2025.05.31_14.46.37/logs/signoff/42-drc.log)...
[INFO]: Converting Magic DRC database to various tool-readable formats...
[INFO]: No Magic DRC violations after GDS streaming out.
[INFO]: Running KLayout DRC (log: designs/lab4/runs/RUN_2025.05.31_14.46.37/logs/signoff/43-drc-klayout.log)...
[INFO]: No KLayout DRC violations after GDS streaming out.
[INFO]: Running OpenROAD Antenna Rule Checker (log: designs/lab4/runs/RUN_2025.05.31_14.46.37/logs/signoff/44-arc.log)...
[INFO]: Saving current set of views in 'designs/lab4/runs/RUN_2025.05.31_14.46.37/results/final'...
[INFO]: Saving runtime environment...
[INFO]: Generating final set of reports...
[INFO]: Created manufacturability report at 'designs/lab4/runs/RUN_2025.05.31_14.46.37/reports/manufacturability.rpt'.
[INFO]: Created metrics report at 'designs/lab4/runs/RUN_2025.05.31_14.46.37/reports/metrics.csv'.
[WARNING]: There are max slew violations in the design at the Typical corner. Please refer to 'designs/lab4/runs/RUN_2025.05.31_14.46.37/reports/signoff/33-sta-rcx_nom/multi_corner_sta.checks.rpt'.
[WARNING]: There are max fanout violations in the design at the Typical corner. Please refer to 'designs/lab4/runs/RUN_2025.05.31_14.46.37/reports/signoff/33-sta-rcx_nom/multi_corner_sta.checks.rpt'.
[INFO]: There are no hold violations in the design at the Typical corner.
[INFO]: There are no setup violations in the design at the Typical corner.
[SUCCESS]: Flow complete.
[INFO]: Note that the following warnings have been generated:
