
===========================================================================
 report_power
============================================================================
======================= Fastest Corner ===================================

Group                  Internal  Switching    Leakage      Total
                          Power      Power      Power      Power (Watts)
----------------------------------------------------------------
Sequential             9.26e-04   1.51e-03   3.76e-09   2.44e-03  34.2%
Combinational          6.39e-04   2.97e-03   1.35e-08   3.61e-03  50.5%
Clock                  4.67e-04   6.26e-04   1.64e-08   1.09e-03  15.3%
Macro                  0.00e+00   0.00e+00   0.00e+00   0.00e+00   0.0%
Pad                    0.00e+00   0.00e+00   0.00e+00   0.00e+00   0.0%
----------------------------------------------------------------
Total                  2.03e-03   5.11e-03   3.37e-08   7.14e-03 100.0%
                          28.5%      71.5%       0.0%

======================= Slowest Corner ===================================

Group                  Internal  Switching    Leakage      Total
                          Power      Power      Power      Power (Watts)
----------------------------------------------------------------
Sequential             6.37e-04   1.02e-03   2.40e-06   1.66e-03  34.0%
Combinational          4.58e-04   2.01e-03   5.50e-06   2.47e-03  50.6%
Clock                  3.35e-04   4.22e-04   4.68e-07   7.58e-04  15.5%
Macro                  0.00e+00   0.00e+00   0.00e+00   0.00e+00   0.0%
Pad                    0.00e+00   0.00e+00   0.00e+00   0.00e+00   0.0%
----------------------------------------------------------------
Total                  1.43e-03   3.45e-03   8.37e-06   4.89e-03 100.0%
                          29.2%      70.6%       0.2%

======================= Typical Corner ===================================

Group                  Internal  Switching    Leakage      Total
                          Power      Power      Power      Power (Watts)
----------------------------------------------------------------
Sequential             8.05e-04   1.29e-03   1.27e-09   2.09e-03  34.1%
Combinational          5.63e-04   2.54e-03   4.18e-09   3.10e-03  50.5%
Clock                  4.11e-04   5.34e-04   1.52e-08   9.45e-04  15.4%
Macro                  0.00e+00   0.00e+00   0.00e+00   0.00e+00   0.0%
Pad                    0.00e+00   0.00e+00   0.00e+00   0.00e+00   0.0%
----------------------------------------------------------------
Total                  1.78e-03   4.36e-03   2.07e-08   6.14e-03 100.0%
                          29.0%      71.0%       0.0%

