
===========================================================================
report_checks -path_delay min (Hold)
============================================================================
======================= Fastest Corner ===================================

Startpoint: _46_ (rising edge-triggered flip-flop clocked by core_clock)
Endpoint: _46_ (rising edge-triggered flip-flop clocked by core_clock)
Path Group: core_clock
Path Type: min
Corner: Fastest

Fanout     Cap    Slew   Delay    Time   Description
-----------------------------------------------------------------------------
                          0.00    0.00   clock core_clock (rise edge)
                          0.00    0.00   clock source latency
     1    0.03    0.00    0.00    0.00 ^ clk (in)
                                         clk (net)
                  0.00    0.00    0.00 ^ clkbuf_0_clk/A (sky130_fd_sc_hd__clkbuf_16)
     2    0.03    0.04    0.08    0.08 ^ clkbuf_0_clk/X (sky130_fd_sc_hd__clkbuf_16)
                                         clknet_0_clk (net)
                  0.04    0.00    0.08 ^ clkbuf_1_0__f_clk/A (sky130_fd_sc_hd__clkbuf_16)
     5    0.06    0.06    0.11    0.19 ^ clkbuf_1_0__f_clk/X (sky130_fd_sc_hd__clkbuf_16)
                                         clknet_1_0__leaf_clk (net)
                  0.06    0.00    0.19 ^ _46_/CLK (sky130_fd_sc_hd__dfxtp_2)
     3    0.05    0.18    0.31    0.50 ^ _46_/Q (sky130_fd_sc_hd__dfxtp_2)
                                         display_out.in[0] (net)
                  0.18    0.01    0.51 ^ _20_/A (sky130_fd_sc_hd__buf_6)
    10    0.11    0.17    0.17    0.68 ^ _20_/X (sky130_fd_sc_hd__buf_6)
                                         _04_ (net)
                  0.17    0.02    0.70 ^ _33_/A (sky130_fd_sc_hd__nor2_2)
     1    0.02    0.07    0.07    0.77 v _33_/Y (sky130_fd_sc_hd__nor2_2)
                                         _00_ (net)
                  0.07    0.00    0.77 v _46_/D (sky130_fd_sc_hd__dfxtp_2)
                                  0.77   data arrival time

                          0.00    0.00   clock core_clock (rise edge)
                          0.00    0.00   clock source latency
     1    0.03    0.00    0.00    0.00 ^ clk (in)
                                         clk (net)
                  0.00    0.00    0.00 ^ clkbuf_0_clk/A (sky130_fd_sc_hd__clkbuf_16)
     2    0.03    0.04    0.08    0.08 ^ clkbuf_0_clk/X (sky130_fd_sc_hd__clkbuf_16)
                                         clknet_0_clk (net)
                  0.04    0.00    0.08 ^ clkbuf_1_0__f_clk/A (sky130_fd_sc_hd__clkbuf_16)
     5    0.06    0.06    0.11    0.19 ^ clkbuf_1_0__f_clk/X (sky130_fd_sc_hd__clkbuf_16)
                                         clknet_1_0__leaf_clk (net)
                  0.06    0.00    0.19 ^ _46_/CLK (sky130_fd_sc_hd__dfxtp_2)
                          0.00    0.19   clock reconvergence pessimism
                         -0.05    0.15   library hold time
                                  0.15   data required time
-----------------------------------------------------------------------------
                                  0.15   data required time
                                 -0.77   data arrival time
-----------------------------------------------------------------------------
                                  0.62   slack (MET)


Startpoint: _47_ (rising edge-triggered flip-flop clocked by core_clock)
Endpoint: _47_ (rising edge-triggered flip-flop clocked by core_clock)
Path Group: core_clock
Path Type: min
Corner: Fastest

Fanout     Cap    Slew   Delay    Time   Description
-----------------------------------------------------------------------------
                          0.00    0.00   clock core_clock (rise edge)
                          0.00    0.00   clock source latency
     1    0.03    0.00    0.00    0.00 ^ clk (in)
                                         clk (net)
                  0.00    0.00    0.00 ^ clkbuf_0_clk/A (sky130_fd_sc_hd__clkbuf_16)
     2    0.03    0.04    0.08    0.08 ^ clkbuf_0_clk/X (sky130_fd_sc_hd__clkbuf_16)
                                         clknet_0_clk (net)
                  0.04    0.00    0.08 ^ clkbuf_1_1__f_clk/A (sky130_fd_sc_hd__clkbuf_16)
     2    0.03    0.04    0.09    0.18 ^ clkbuf_1_1__f_clk/X (sky130_fd_sc_hd__clkbuf_16)
                                         clknet_1_1__leaf_clk (net)
                  0.04    0.00    0.18 ^ _47_/CLK (sky130_fd_sc_hd__dfxtp_4)
    10    0.12    0.12    0.29    0.47 v _47_/Q (sky130_fd_sc_hd__dfxtp_4)
                                         display_out.in[1] (net)
                  0.12    0.01    0.48 v _34_/B (sky130_fd_sc_hd__nand2_1)
     1    0.02    0.11    0.14    0.61 ^ _34_/Y (sky130_fd_sc_hd__nand2_1)
                                         _11_ (net)
                  0.11    0.00    0.61 ^ _36_/C (sky130_fd_sc_hd__and4b_1)
     1    0.02    0.12    0.18    0.80 ^ _36_/X (sky130_fd_sc_hd__and4b_1)
                                         _13_ (net)
                  0.12    0.00    0.80 ^ _37_/A (sky130_fd_sc_hd__buf_1)
     1    0.01    0.09    0.10    0.90 ^ _37_/X (sky130_fd_sc_hd__buf_1)
                                         _01_ (net)
                  0.09    0.00    0.90 ^ _47_/D (sky130_fd_sc_hd__dfxtp_4)
                                  0.90   data arrival time

                          0.00    0.00   clock core_clock (rise edge)
                          0.00    0.00   clock source latency
     1    0.03    0.00    0.00    0.00 ^ clk (in)
                                         clk (net)
                  0.00    0.00    0.00 ^ clkbuf_0_clk/A (sky130_fd_sc_hd__clkbuf_16)
     2    0.03    0.04    0.08    0.08 ^ clkbuf_0_clk/X (sky130_fd_sc_hd__clkbuf_16)
                                         clknet_0_clk (net)
                  0.04    0.00    0.08 ^ clkbuf_1_1__f_clk/A (sky130_fd_sc_hd__clkbuf_16)
     2    0.03    0.04    0.09    0.18 ^ clkbuf_1_1__f_clk/X (sky130_fd_sc_hd__clkbuf_16)
                                         clknet_1_1__leaf_clk (net)
                  0.04    0.00    0.18 ^ _47_/CLK (sky130_fd_sc_hd__dfxtp_4)
                          0.00    0.18   clock reconvergence pessimism
                         -0.02    0.16   library hold time
                                  0.16   data required time
-----------------------------------------------------------------------------
                                  0.16   data required time
                                 -0.90   data arrival time
-----------------------------------------------------------------------------
                                  0.75   slack (MET)


Startpoint: _47_ (rising edge-triggered flip-flop clocked by core_clock)
Endpoint: _48_ (rising edge-triggered flip-flop clocked by core_clock)
Path Group: core_clock
Path Type: min
Corner: Fastest

Fanout     Cap    Slew   Delay    Time   Description
-----------------------------------------------------------------------------
                          0.00    0.00   clock core_clock (rise edge)
                          0.00    0.00   clock source latency
     1    0.03    0.00    0.00    0.00 ^ clk (in)
                                         clk (net)
                  0.00    0.00    0.00 ^ clkbuf_0_clk/A (sky130_fd_sc_hd__clkbuf_16)
     2    0.03    0.04    0.08    0.08 ^ clkbuf_0_clk/X (sky130_fd_sc_hd__clkbuf_16)
                                         clknet_0_clk (net)
                  0.04    0.00    0.08 ^ clkbuf_1_1__f_clk/A (sky130_fd_sc_hd__clkbuf_16)
     2    0.03    0.04    0.09    0.18 ^ clkbuf_1_1__f_clk/X (sky130_fd_sc_hd__clkbuf_16)
                                         clknet_1_1__leaf_clk (net)
                  0.04    0.00    0.18 ^ _47_/CLK (sky130_fd_sc_hd__dfxtp_4)
    10    0.12    0.12    0.29    0.47 v _47_/Q (sky130_fd_sc_hd__dfxtp_4)
                                         display_out.in[1] (net)
                  0.12    0.00    0.47 v _38_/B (sky130_fd_sc_hd__nand3_1)
     1    0.01    0.12    0.15    0.62 ^ _38_/Y (sky130_fd_sc_hd__nand3_1)
                                         _14_ (net)
                  0.12    0.00    0.63 ^ _40_/C (sky130_fd_sc_hd__and4b_2)
     2    0.02    0.11    0.20    0.82 ^ _40_/X (sky130_fd_sc_hd__and4b_2)
                                         _16_ (net)
                  0.11    0.00    0.83 ^ _41_/A (sky130_fd_sc_hd__buf_1)
     1    0.01    0.11    0.11    0.94 ^ _41_/X (sky130_fd_sc_hd__buf_1)
                                         _02_ (net)
                  0.11    0.00    0.94 ^ _48_/D (sky130_fd_sc_hd__dfxtp_4)
                                  0.94   data arrival time

                          0.00    0.00   clock core_clock (rise edge)
                          0.00    0.00   clock source latency
     1    0.03    0.00    0.00    0.00 ^ clk (in)
                                         clk (net)
                  0.00    0.00    0.00 ^ clkbuf_0_clk/A (sky130_fd_sc_hd__clkbuf_16)
     2    0.03    0.04    0.08    0.08 ^ clkbuf_0_clk/X (sky130_fd_sc_hd__clkbuf_16)
                                         clknet_0_clk (net)
                  0.04    0.00    0.08 ^ clkbuf_1_0__f_clk/A (sky130_fd_sc_hd__clkbuf_16)
     5    0.06    0.06    0.11    0.19 ^ clkbuf_1_0__f_clk/X (sky130_fd_sc_hd__clkbuf_16)
                                         clknet_1_0__leaf_clk (net)
                  0.06    0.01    0.20 ^ _48_/CLK (sky130_fd_sc_hd__dfxtp_4)
                          0.00    0.20   clock reconvergence pessimism
                         -0.02    0.18   library hold time
                                  0.18   data required time
-----------------------------------------------------------------------------
                                  0.18   data required time
                                 -0.94   data arrival time
-----------------------------------------------------------------------------
                                  0.77   slack (MET)


Startpoint: _49_ (rising edge-triggered flip-flop clocked by core_clock)
Endpoint: _49_ (rising edge-triggered flip-flop clocked by core_clock)
Path Group: core_clock
Path Type: min
Corner: Fastest

Fanout     Cap    Slew   Delay    Time   Description
-----------------------------------------------------------------------------
                          0.00    0.00   clock core_clock (rise edge)
                          0.00    0.00   clock source latency
     1    0.03    0.00    0.00    0.00 ^ clk (in)
                                         clk (net)
                  0.00    0.00    0.00 ^ clkbuf_0_clk/A (sky130_fd_sc_hd__clkbuf_16)
     2    0.03    0.04    0.08    0.08 ^ clkbuf_0_clk/X (sky130_fd_sc_hd__clkbuf_16)
                                         clknet_0_clk (net)
                  0.04    0.00    0.08 ^ clkbuf_1_1__f_clk/A (sky130_fd_sc_hd__clkbuf_16)
     2    0.03    0.04    0.09    0.18 ^ clkbuf_1_1__f_clk/X (sky130_fd_sc_hd__clkbuf_16)
                                         clknet_1_1__leaf_clk (net)
                  0.04    0.00    0.18 ^ _49_/CLK (sky130_fd_sc_hd__dfxtp_4)
     9    0.12    0.11    0.29    0.47 v _49_/Q (sky130_fd_sc_hd__dfxtp_4)
                                         display_out.in[3] (net)
                  0.11    0.01    0.48 v _43_/B1 (sky130_fd_sc_hd__a31o_2)
     1    0.04    0.07    0.16    0.64 v _43_/X (sky130_fd_sc_hd__a31o_2)
                                         _18_ (net)
                  0.07    0.01    0.65 v _44_/D (sky130_fd_sc_hd__and4b_2)
     2    0.04    0.09    0.24    0.88 v _44_/X (sky130_fd_sc_hd__and4b_2)
                                         _19_ (net)
                  0.09    0.01    0.89 v _45_/A (sky130_fd_sc_hd__buf_2)
     1    0.05    0.09    0.16    1.05 v _45_/X (sky130_fd_sc_hd__buf_2)
                                         _03_ (net)
                  0.09    0.01    1.06 v _49_/D (sky130_fd_sc_hd__dfxtp_4)
                                  1.06   data arrival time

                          0.00    0.00   clock core_clock (rise edge)
                          0.00    0.00   clock source latency
     1    0.03    0.00    0.00    0.00 ^ clk (in)
                                         clk (net)
                  0.00    0.00    0.00 ^ clkbuf_0_clk/A (sky130_fd_sc_hd__clkbuf_16)
     2    0.03    0.04    0.08    0.08 ^ clkbuf_0_clk/X (sky130_fd_sc_hd__clkbuf_16)
                                         clknet_0_clk (net)
                  0.04    0.00    0.08 ^ clkbuf_1_1__f_clk/A (sky130_fd_sc_hd__clkbuf_16)
     2    0.03    0.04    0.09    0.18 ^ clkbuf_1_1__f_clk/X (sky130_fd_sc_hd__clkbuf_16)
                                         clknet_1_1__leaf_clk (net)
                  0.04    0.00    0.18 ^ _49_/CLK (sky130_fd_sc_hd__dfxtp_4)
                          0.00    0.18   clock reconvergence pessimism
                         -0.05    0.13   library hold time
                                  0.13   data required time
-----------------------------------------------------------------------------
                                  0.13   data required time
                                 -1.06   data arrival time
-----------------------------------------------------------------------------
                                  0.93   slack (MET)



worst slack corner Fastest: 0.6217
======================= Slowest Corner ===================================

Startpoint: _46_ (rising edge-triggered flip-flop clocked by core_clock)
Endpoint: _46_ (rising edge-triggered flip-flop clocked by core_clock)
Path Group: core_clock
Path Type: min
Corner: Slowest

Fanout     Cap    Slew   Delay    Time   Description
-----------------------------------------------------------------------------
                          0.00    0.00   clock core_clock (rise edge)
                          0.00    0.00   clock source latency
     1    0.03    0.00    0.00    0.00 ^ clk (in)
                                         clk (net)
                  0.00    0.00    0.00 ^ clkbuf_0_clk/A (sky130_fd_sc_hd__clkbuf_16)
     2    0.03    0.08    0.20    0.20 ^ clkbuf_0_clk/X (sky130_fd_sc_hd__clkbuf_16)
                                         clknet_0_clk (net)
                  0.08    0.00    0.20 ^ clkbuf_1_0__f_clk/A (sky130_fd_sc_hd__clkbuf_16)
     5    0.06    0.12    0.27    0.48 ^ clkbuf_1_0__f_clk/X (sky130_fd_sc_hd__clkbuf_16)
                                         clknet_1_0__leaf_clk (net)
                  0.12    0.00    0.48 ^ _46_/CLK (sky130_fd_sc_hd__dfxtp_2)
     3    0.05    0.38    0.91    1.39 ^ _46_/Q (sky130_fd_sc_hd__dfxtp_2)
                                         display_out.in[0] (net)
                  0.38    0.01    1.40 ^ _20_/A (sky130_fd_sc_hd__buf_6)
    10    0.11    0.35    0.50    1.90 ^ _20_/X (sky130_fd_sc_hd__buf_6)
                                         _04_ (net)
                  0.35    0.02    1.92 ^ _33_/A (sky130_fd_sc_hd__nor2_2)
     1    0.02    0.14    0.25    2.17 v _33_/Y (sky130_fd_sc_hd__nor2_2)
                                         _00_ (net)
                  0.14    0.00    2.18 v _46_/D (sky130_fd_sc_hd__dfxtp_2)
                                  2.18   data arrival time

                          0.00    0.00   clock core_clock (rise edge)
                          0.00    0.00   clock source latency
     1    0.03    0.00    0.00    0.00 ^ clk (in)
                                         clk (net)
                  0.00    0.00    0.00 ^ clkbuf_0_clk/A (sky130_fd_sc_hd__clkbuf_16)
     2    0.03    0.08    0.20    0.20 ^ clkbuf_0_clk/X (sky130_fd_sc_hd__clkbuf_16)
                                         clknet_0_clk (net)
                  0.08    0.00    0.20 ^ clkbuf_1_0__f_clk/A (sky130_fd_sc_hd__clkbuf_16)
     5    0.06    0.12    0.27    0.48 ^ clkbuf_1_0__f_clk/X (sky130_fd_sc_hd__clkbuf_16)
                                         clknet_1_0__leaf_clk (net)
                  0.12    0.00    0.48 ^ _46_/CLK (sky130_fd_sc_hd__dfxtp_2)
                          0.00    0.48   clock reconvergence pessimism
                         -0.10    0.38   library hold time
                                  0.38   data required time
-----------------------------------------------------------------------------
                                  0.38   data required time
                                 -2.18   data arrival time
-----------------------------------------------------------------------------
                                  1.80   slack (MET)


Startpoint: _47_ (rising edge-triggered flip-flop clocked by core_clock)
Endpoint: _47_ (rising edge-triggered flip-flop clocked by core_clock)
Path Group: core_clock
Path Type: min
Corner: Slowest

Fanout     Cap    Slew   Delay    Time   Description
-----------------------------------------------------------------------------
                          0.00    0.00   clock core_clock (rise edge)
                          0.00    0.00   clock source latency
     1    0.03    0.00    0.00    0.00 ^ clk (in)
                                         clk (net)
                  0.00    0.00    0.00 ^ clkbuf_0_clk/A (sky130_fd_sc_hd__clkbuf_16)
     2    0.03    0.08    0.20    0.20 ^ clkbuf_0_clk/X (sky130_fd_sc_hd__clkbuf_16)
                                         clknet_0_clk (net)
                  0.08    0.00    0.20 ^ clkbuf_1_1__f_clk/A (sky130_fd_sc_hd__clkbuf_16)
     2    0.03    0.08    0.24    0.44 ^ clkbuf_1_1__f_clk/X (sky130_fd_sc_hd__clkbuf_16)
                                         clknet_1_1__leaf_clk (net)
                  0.08    0.00    0.44 ^ _47_/CLK (sky130_fd_sc_hd__dfxtp_4)
    10    0.12    0.28    0.86    1.31 v _47_/Q (sky130_fd_sc_hd__dfxtp_4)
                                         display_out.in[1] (net)
                  0.28    0.01    1.31 v _34_/B (sky130_fd_sc_hd__nand2_1)
     1    0.02    0.23    0.32    1.63 ^ _34_/Y (sky130_fd_sc_hd__nand2_1)
                                         _11_ (net)
                  0.23    0.00    1.64 ^ _36_/C (sky130_fd_sc_hd__and4b_1)
     1    0.02    0.27    0.60    2.23 ^ _36_/X (sky130_fd_sc_hd__and4b_1)
                                         _13_ (net)
                  0.27    0.00    2.23 ^ _37_/A (sky130_fd_sc_hd__buf_1)
     1    0.01    0.20    0.32    2.55 ^ _37_/X (sky130_fd_sc_hd__buf_1)
                                         _01_ (net)
                  0.20    0.00    2.55 ^ _47_/D (sky130_fd_sc_hd__dfxtp_4)
                                  2.55   data arrival time

                          0.00    0.00   clock core_clock (rise edge)
                          0.00    0.00   clock source latency
     1    0.03    0.00    0.00    0.00 ^ clk (in)
                                         clk (net)
                  0.00    0.00    0.00 ^ clkbuf_0_clk/A (sky130_fd_sc_hd__clkbuf_16)
     2    0.03    0.08    0.20    0.20 ^ clkbuf_0_clk/X (sky130_fd_sc_hd__clkbuf_16)
                                         clknet_0_clk (net)
                  0.08    0.00    0.20 ^ clkbuf_1_1__f_clk/A (sky130_fd_sc_hd__clkbuf_16)
     2    0.03    0.08    0.24    0.44 ^ clkbuf_1_1__f_clk/X (sky130_fd_sc_hd__clkbuf_16)
                                         clknet_1_1__leaf_clk (net)
                  0.08    0.00    0.44 ^ _47_/CLK (sky130_fd_sc_hd__dfxtp_4)
                          0.00    0.44   clock reconvergence pessimism
                         -0.10    0.34   library hold time
                                  0.34   data required time
-----------------------------------------------------------------------------
                                  0.34   data required time
                                 -2.55   data arrival time
-----------------------------------------------------------------------------
                                  2.21   slack (MET)


Startpoint: _47_ (rising edge-triggered flip-flop clocked by core_clock)
Endpoint: _48_ (rising edge-triggered flip-flop clocked by core_clock)
Path Group: core_clock
Path Type: min
Corner: Slowest

Fanout     Cap    Slew   Delay    Time   Description
-----------------------------------------------------------------------------
                          0.00    0.00   clock core_clock (rise edge)
                          0.00    0.00   clock source latency
     1    0.03    0.00    0.00    0.00 ^ clk (in)
                                         clk (net)
                  0.00    0.00    0.00 ^ clkbuf_0_clk/A (sky130_fd_sc_hd__clkbuf_16)
     2    0.03    0.08    0.20    0.20 ^ clkbuf_0_clk/X (sky130_fd_sc_hd__clkbuf_16)
                                         clknet_0_clk (net)
                  0.08    0.00    0.20 ^ clkbuf_1_1__f_clk/A (sky130_fd_sc_hd__clkbuf_16)
     2    0.03    0.08    0.24    0.44 ^ clkbuf_1_1__f_clk/X (sky130_fd_sc_hd__clkbuf_16)
                                         clknet_1_1__leaf_clk (net)
                  0.08    0.00    0.44 ^ _47_/CLK (sky130_fd_sc_hd__dfxtp_4)
    10    0.12    0.28    0.86    1.31 v _47_/Q (sky130_fd_sc_hd__dfxtp_4)
                                         display_out.in[1] (net)
                  0.28    0.01    1.32 v _39_/A2 (sky130_fd_sc_hd__a21o_1)
     1    0.01    0.10    0.45    1.77 v _39_/X (sky130_fd_sc_hd__a21o_1)
                                         _15_ (net)
                  0.10    0.00    1.77 v _40_/D (sky130_fd_sc_hd__and4b_2)
     2    0.02    0.16    0.62    2.39 v _40_/X (sky130_fd_sc_hd__and4b_2)
                                         _16_ (net)
                  0.16    0.00    2.39 v _41_/A (sky130_fd_sc_hd__buf_1)
     1    0.01    0.14    0.28    2.67 v _41_/X (sky130_fd_sc_hd__buf_1)
                                         _02_ (net)
                  0.14    0.00    2.68 v _48_/D (sky130_fd_sc_hd__dfxtp_4)
                                  2.68   data arrival time

                          0.00    0.00   clock core_clock (rise edge)
                          0.00    0.00   clock source latency
     1    0.03    0.00    0.00    0.00 ^ clk (in)
                                         clk (net)
                  0.00    0.00    0.00 ^ clkbuf_0_clk/A (sky130_fd_sc_hd__clkbuf_16)
     2    0.03    0.08    0.20    0.20 ^ clkbuf_0_clk/X (sky130_fd_sc_hd__clkbuf_16)
                                         clknet_0_clk (net)
                  0.08    0.00    0.20 ^ clkbuf_1_0__f_clk/A (sky130_fd_sc_hd__clkbuf_16)
     5    0.06    0.12    0.27    0.48 ^ clkbuf_1_0__f_clk/X (sky130_fd_sc_hd__clkbuf_16)
                                         clknet_1_0__leaf_clk (net)
                  0.12    0.01    0.48 ^ _48_/CLK (sky130_fd_sc_hd__dfxtp_4)
                          0.00    0.48   clock reconvergence pessimism
                         -0.11    0.38   library hold time
                                  0.38   data required time
-----------------------------------------------------------------------------
                                  0.38   data required time
                                 -2.68   data arrival time
-----------------------------------------------------------------------------
                                  2.30   slack (MET)


Startpoint: _49_ (rising edge-triggered flip-flop clocked by core_clock)
Endpoint: _49_ (rising edge-triggered flip-flop clocked by core_clock)
Path Group: core_clock
Path Type: min
Corner: Slowest

Fanout     Cap    Slew   Delay    Time   Description
-----------------------------------------------------------------------------
                          0.00    0.00   clock core_clock (rise edge)
                          0.00    0.00   clock source latency
     1    0.03    0.00    0.00    0.00 ^ clk (in)
                                         clk (net)
                  0.00    0.00    0.00 ^ clkbuf_0_clk/A (sky130_fd_sc_hd__clkbuf_16)
     2    0.03    0.08    0.20    0.20 ^ clkbuf_0_clk/X (sky130_fd_sc_hd__clkbuf_16)
                                         clknet_0_clk (net)
                  0.08    0.00    0.20 ^ clkbuf_1_1__f_clk/A (sky130_fd_sc_hd__clkbuf_16)
     2    0.03    0.08    0.24    0.44 ^ clkbuf_1_1__f_clk/X (sky130_fd_sc_hd__clkbuf_16)
                                         clknet_1_1__leaf_clk (net)
                  0.08    0.00    0.44 ^ _49_/CLK (sky130_fd_sc_hd__dfxtp_4)
     9    0.12    0.27    0.86    1.30 v _49_/Q (sky130_fd_sc_hd__dfxtp_4)
                                         display_out.in[3] (net)
                  0.27    0.01    1.31 v _42_/D (sky130_fd_sc_hd__nand4_4)
     1    0.04    0.21    0.34    1.65 ^ _42_/Y (sky130_fd_sc_hd__nand4_4)
                                         _17_ (net)
                  0.21    0.01    1.66 ^ _44_/C (sky130_fd_sc_hd__and4b_2)
     2    0.05    0.41    0.80    2.46 ^ _44_/X (sky130_fd_sc_hd__and4b_2)
                                         _19_ (net)
                  0.41    0.01    2.47 ^ _45_/A (sky130_fd_sc_hd__buf_2)
     1    0.05    0.39    0.57    3.04 ^ _45_/X (sky130_fd_sc_hd__buf_2)
                                         _03_ (net)
                  0.39    0.01    3.05 ^ _49_/D (sky130_fd_sc_hd__dfxtp_4)
                                  3.05   data arrival time

                          0.00    0.00   clock core_clock (rise edge)
                          0.00    0.00   clock source latency
     1    0.03    0.00    0.00    0.00 ^ clk (in)
                                         clk (net)
                  0.00    0.00    0.00 ^ clkbuf_0_clk/A (sky130_fd_sc_hd__clkbuf_16)
     2    0.03    0.08    0.20    0.20 ^ clkbuf_0_clk/X (sky130_fd_sc_hd__clkbuf_16)
                                         clknet_0_clk (net)
                  0.08    0.00    0.20 ^ clkbuf_1_1__f_clk/A (sky130_fd_sc_hd__clkbuf_16)
     2    0.03    0.08    0.24    0.44 ^ clkbuf_1_1__f_clk/X (sky130_fd_sc_hd__clkbuf_16)
                                         clknet_1_1__leaf_clk (net)
                  0.08    0.00    0.44 ^ _49_/CLK (sky130_fd_sc_hd__dfxtp_4)
                          0.00    0.44   clock reconvergence pessimism
                         -0.14    0.30   library hold time
                                  0.30   data required time
-----------------------------------------------------------------------------
                                  0.30   data required time
                                 -3.05   data arrival time
-----------------------------------------------------------------------------
                                  2.75   slack (MET)



worst slack corner Slowest: 1.7969
======================= Typical Corner ===================================

Startpoint: _46_ (rising edge-triggered flip-flop clocked by core_clock)
Endpoint: _46_ (rising edge-triggered flip-flop clocked by core_clock)
Path Group: core_clock
Path Type: min
Corner: Typical

Fanout     Cap    Slew   Delay    Time   Description
-----------------------------------------------------------------------------
                          0.00    0.00   clock core_clock (rise edge)
                          0.00    0.00   clock source latency
     1    0.03    0.00    0.00    0.00 ^ clk (in)
                                         clk (net)
                  0.00    0.00    0.00 ^ clkbuf_0_clk/A (sky130_fd_sc_hd__clkbuf_16)
     2    0.03    0.05    0.12    0.12 ^ clkbuf_0_clk/X (sky130_fd_sc_hd__clkbuf_16)
                                         clknet_0_clk (net)
                  0.05    0.00    0.12 ^ clkbuf_1_0__f_clk/A (sky130_fd_sc_hd__clkbuf_16)
     5    0.06    0.08    0.16    0.28 ^ clkbuf_1_0__f_clk/X (sky130_fd_sc_hd__clkbuf_16)
                                         clknet_1_0__leaf_clk (net)
                  0.08    0.00    0.28 ^ _46_/CLK (sky130_fd_sc_hd__dfxtp_2)
     3    0.05    0.24    0.47    0.75 ^ _46_/Q (sky130_fd_sc_hd__dfxtp_2)
                                         display_out.in[0] (net)
                  0.24    0.01    0.76 ^ _20_/A (sky130_fd_sc_hd__buf_6)
    10    0.11    0.22    0.27    1.03 ^ _20_/X (sky130_fd_sc_hd__buf_6)
                                         _04_ (net)
                  0.22    0.02    1.04 ^ _33_/A (sky130_fd_sc_hd__nor2_2)
     1    0.02    0.09    0.13    1.17 v _33_/Y (sky130_fd_sc_hd__nor2_2)
                                         _00_ (net)
                  0.09    0.00    1.17 v _46_/D (sky130_fd_sc_hd__dfxtp_2)
                                  1.17   data arrival time

                          0.00    0.00   clock core_clock (rise edge)
                          0.00    0.00   clock source latency
     1    0.03    0.00    0.00    0.00 ^ clk (in)
                                         clk (net)
                  0.00    0.00    0.00 ^ clkbuf_0_clk/A (sky130_fd_sc_hd__clkbuf_16)
     2    0.03    0.05    0.12    0.12 ^ clkbuf_0_clk/X (sky130_fd_sc_hd__clkbuf_16)
                                         clknet_0_clk (net)
                  0.05    0.00    0.12 ^ clkbuf_1_0__f_clk/A (sky130_fd_sc_hd__clkbuf_16)
     5    0.06    0.08    0.16    0.28 ^ clkbuf_1_0__f_clk/X (sky130_fd_sc_hd__clkbuf_16)
                                         clknet_1_0__leaf_clk (net)
                  0.08    0.00    0.28 ^ _46_/CLK (sky130_fd_sc_hd__dfxtp_2)
                          0.00    0.28   clock reconvergence pessimism
                         -0.06    0.22   library hold time
                                  0.22   data required time
-----------------------------------------------------------------------------
                                  0.22   data required time
                                 -1.17   data arrival time
-----------------------------------------------------------------------------
                                  0.95   slack (MET)


Startpoint: _47_ (rising edge-triggered flip-flop clocked by core_clock)
Endpoint: _47_ (rising edge-triggered flip-flop clocked by core_clock)
Path Group: core_clock
Path Type: min
Corner: Typical

Fanout     Cap    Slew   Delay    Time   Description
-----------------------------------------------------------------------------
                          0.00    0.00   clock core_clock (rise edge)
                          0.00    0.00   clock source latency
     1    0.03    0.00    0.00    0.00 ^ clk (in)
                                         clk (net)
                  0.00    0.00    0.00 ^ clkbuf_0_clk/A (sky130_fd_sc_hd__clkbuf_16)
     2    0.03    0.05    0.12    0.12 ^ clkbuf_0_clk/X (sky130_fd_sc_hd__clkbuf_16)
                                         clknet_0_clk (net)
                  0.05    0.00    0.12 ^ clkbuf_1_1__f_clk/A (sky130_fd_sc_hd__clkbuf_16)
     2    0.03    0.05    0.13    0.25 ^ clkbuf_1_1__f_clk/X (sky130_fd_sc_hd__clkbuf_16)
                                         clknet_1_1__leaf_clk (net)
                  0.05    0.00    0.25 ^ _47_/CLK (sky130_fd_sc_hd__dfxtp_4)
    10    0.12    0.16    0.45    0.71 v _47_/Q (sky130_fd_sc_hd__dfxtp_4)
                                         display_out.in[1] (net)
                  0.16    0.01    0.71 v _34_/B (sky130_fd_sc_hd__nand2_1)
     1    0.02    0.14    0.19    0.90 ^ _34_/Y (sky130_fd_sc_hd__nand2_1)
                                         _11_ (net)
                  0.14    0.00    0.90 ^ _36_/C (sky130_fd_sc_hd__and4b_1)
     1    0.02    0.17    0.30    1.20 ^ _36_/X (sky130_fd_sc_hd__and4b_1)
                                         _13_ (net)
                  0.17    0.00    1.20 ^ _37_/A (sky130_fd_sc_hd__buf_1)
     1    0.01    0.13    0.17    1.36 ^ _37_/X (sky130_fd_sc_hd__buf_1)
                                         _01_ (net)
                  0.13    0.00    1.36 ^ _47_/D (sky130_fd_sc_hd__dfxtp_4)
                                  1.36   data arrival time

                          0.00    0.00   clock core_clock (rise edge)
                          0.00    0.00   clock source latency
     1    0.03    0.00    0.00    0.00 ^ clk (in)
                                         clk (net)
                  0.00    0.00    0.00 ^ clkbuf_0_clk/A (sky130_fd_sc_hd__clkbuf_16)
     2    0.03    0.05    0.12    0.12 ^ clkbuf_0_clk/X (sky130_fd_sc_hd__clkbuf_16)
                                         clknet_0_clk (net)
                  0.05    0.00    0.12 ^ clkbuf_1_1__f_clk/A (sky130_fd_sc_hd__clkbuf_16)
     2    0.03    0.05    0.13    0.25 ^ clkbuf_1_1__f_clk/X (sky130_fd_sc_hd__clkbuf_16)
                                         clknet_1_1__leaf_clk (net)
                  0.05    0.00    0.25 ^ _47_/CLK (sky130_fd_sc_hd__dfxtp_4)
                          0.00    0.25   clock reconvergence pessimism
                         -0.05    0.21   library hold time
                                  0.21   data required time
-----------------------------------------------------------------------------
                                  0.21   data required time
                                 -1.36   data arrival time
-----------------------------------------------------------------------------
                                  1.16   slack (MET)


Startpoint: _47_ (rising edge-triggered flip-flop clocked by core_clock)
Endpoint: _48_ (rising edge-triggered flip-flop clocked by core_clock)
Path Group: core_clock
Path Type: min
Corner: Typical

Fanout     Cap    Slew   Delay    Time   Description
-----------------------------------------------------------------------------
                          0.00    0.00   clock core_clock (rise edge)
                          0.00    0.00   clock source latency
     1    0.03    0.00    0.00    0.00 ^ clk (in)
                                         clk (net)
                  0.00    0.00    0.00 ^ clkbuf_0_clk/A (sky130_fd_sc_hd__clkbuf_16)
     2    0.03    0.05    0.12    0.12 ^ clkbuf_0_clk/X (sky130_fd_sc_hd__clkbuf_16)
                                         clknet_0_clk (net)
                  0.05    0.00    0.12 ^ clkbuf_1_1__f_clk/A (sky130_fd_sc_hd__clkbuf_16)
     2    0.03    0.05    0.13    0.25 ^ clkbuf_1_1__f_clk/X (sky130_fd_sc_hd__clkbuf_16)
                                         clknet_1_1__leaf_clk (net)
                  0.05    0.00    0.25 ^ _47_/CLK (sky130_fd_sc_hd__dfxtp_4)
    10    0.12    0.16    0.45    0.71 v _47_/Q (sky130_fd_sc_hd__dfxtp_4)
                                         display_out.in[1] (net)
                  0.16    0.01    0.72 v _39_/A2 (sky130_fd_sc_hd__a21o_1)
     1    0.01    0.06    0.24    0.96 v _39_/X (sky130_fd_sc_hd__a21o_1)
                                         _15_ (net)
                  0.06    0.00    0.96 v _40_/D (sky130_fd_sc_hd__and4b_2)
     2    0.02    0.09    0.30    1.26 v _40_/X (sky130_fd_sc_hd__and4b_2)
                                         _16_ (net)
                  0.09    0.00    1.26 v _41_/A (sky130_fd_sc_hd__buf_1)
     1    0.01    0.08    0.15    1.41 v _41_/X (sky130_fd_sc_hd__buf_1)
                                         _02_ (net)
                  0.08    0.00    1.41 v _48_/D (sky130_fd_sc_hd__dfxtp_4)
                                  1.41   data arrival time

                          0.00    0.00   clock core_clock (rise edge)
                          0.00    0.00   clock source latency
     1    0.03    0.00    0.00    0.00 ^ clk (in)
                                         clk (net)
                  0.00    0.00    0.00 ^ clkbuf_0_clk/A (sky130_fd_sc_hd__clkbuf_16)
     2    0.03    0.05    0.12    0.12 ^ clkbuf_0_clk/X (sky130_fd_sc_hd__clkbuf_16)
                                         clknet_0_clk (net)
                  0.05    0.00    0.12 ^ clkbuf_1_0__f_clk/A (sky130_fd_sc_hd__clkbuf_16)
     5    0.06    0.08    0.16    0.28 ^ clkbuf_1_0__f_clk/X (sky130_fd_sc_hd__clkbuf_16)
                                         clknet_1_0__leaf_clk (net)
                  0.08    0.01    0.28 ^ _48_/CLK (sky130_fd_sc_hd__dfxtp_4)
                          0.00    0.28   clock reconvergence pessimism
                         -0.05    0.23   library hold time
                                  0.23   data required time
-----------------------------------------------------------------------------
                                  0.23   data required time
                                 -1.41   data arrival time
-----------------------------------------------------------------------------
                                  1.18   slack (MET)


Startpoint: _49_ (rising edge-triggered flip-flop clocked by core_clock)
Endpoint: _49_ (rising edge-triggered flip-flop clocked by core_clock)
Path Group: core_clock
Path Type: min
Corner: Typical

Fanout     Cap    Slew   Delay    Time   Description
-----------------------------------------------------------------------------
                          0.00    0.00   clock core_clock (rise edge)
                          0.00    0.00   clock source latency
     1    0.03    0.00    0.00    0.00 ^ clk (in)
                                         clk (net)
                  0.00    0.00    0.00 ^ clkbuf_0_clk/A (sky130_fd_sc_hd__clkbuf_16)
     2    0.03    0.05    0.12    0.12 ^ clkbuf_0_clk/X (sky130_fd_sc_hd__clkbuf_16)
                                         clknet_0_clk (net)
                  0.05    0.00    0.12 ^ clkbuf_1_1__f_clk/A (sky130_fd_sc_hd__clkbuf_16)
     2    0.03    0.05    0.13    0.25 ^ clkbuf_1_1__f_clk/X (sky130_fd_sc_hd__clkbuf_16)
                                         clknet_1_1__leaf_clk (net)
                  0.05    0.00    0.26 ^ _49_/CLK (sky130_fd_sc_hd__dfxtp_4)
     9    0.12    0.16    0.45    0.70 v _49_/Q (sky130_fd_sc_hd__dfxtp_4)
                                         display_out.in[3] (net)
                  0.16    0.01    0.71 v _42_/D (sky130_fd_sc_hd__nand4_4)
     1    0.04    0.13    0.21    0.91 ^ _42_/Y (sky130_fd_sc_hd__nand4_4)
                                         _17_ (net)
                  0.13    0.01    0.92 ^ _44_/C (sky130_fd_sc_hd__and4b_2)
     2    0.05    0.25    0.40    1.32 ^ _44_/X (sky130_fd_sc_hd__and4b_2)
                                         _19_ (net)
                  0.25    0.01    1.33 ^ _45_/A (sky130_fd_sc_hd__buf_2)
     1    0.05    0.24    0.31    1.64 ^ _45_/X (sky130_fd_sc_hd__buf_2)
                                         _03_ (net)
                  0.25    0.01    1.65 ^ _49_/D (sky130_fd_sc_hd__dfxtp_4)
                                  1.65   data arrival time

                          0.00    0.00   clock core_clock (rise edge)
                          0.00    0.00   clock source latency
     1    0.03    0.00    0.00    0.00 ^ clk (in)
                                         clk (net)
                  0.00    0.00    0.00 ^ clkbuf_0_clk/A (sky130_fd_sc_hd__clkbuf_16)
     2    0.03    0.05    0.12    0.12 ^ clkbuf_0_clk/X (sky130_fd_sc_hd__clkbuf_16)
                                         clknet_0_clk (net)
                  0.05    0.00    0.12 ^ clkbuf_1_1__f_clk/A (sky130_fd_sc_hd__clkbuf_16)
     2    0.03    0.05    0.13    0.25 ^ clkbuf_1_1__f_clk/X (sky130_fd_sc_hd__clkbuf_16)
                                         clknet_1_1__leaf_clk (net)
                  0.05    0.00    0.26 ^ _49_/CLK (sky130_fd_sc_hd__dfxtp_4)
                          0.00    0.26   clock reconvergence pessimism
                         -0.07    0.18   library hold time
                                  0.18   data required time
-----------------------------------------------------------------------------
                                  0.18   data required time
                                 -1.65   data arrival time
-----------------------------------------------------------------------------
                                  1.46   slack (MET)



worst slack corner Typical: 0.9473
