
===========================================================================
 report_power
============================================================================
======================= Fastest Corner ===================================

Group                  Internal  Switching    Leakage      Total
                          Power      Power      Power      Power (Watts)
----------------------------------------------------------------
Sequential             1.93e-05   7.96e-06   1.12e-10   2.72e-05  15.6%
Combinational          9.49e-06   2.76e-05   3.19e-10   3.71e-05  21.2%
Clock                  6.56e-05   4.46e-05   4.61e-09   1.10e-04  63.2%
Macro                  0.00e+00   0.00e+00   0.00e+00   0.00e+00   0.0%
Pad                    0.00e+00   0.00e+00   0.00e+00   0.00e+00   0.0%
----------------------------------------------------------------
Total                  9.43e-05   8.02e-05   5.04e-09   1.75e-04 100.0%
                          54.1%      45.9%       0.0%

======================= Slowest Corner ===================================

Group                  Internal  Switching    Leakage      Total
                          Power      Power      Power      Power (Watts)
----------------------------------------------------------------
Sequential             1.30e-05   5.34e-06   6.51e-08   1.84e-05  15.2%
Combinational          6.93e-06   1.85e-05   2.00e-07   2.57e-05  21.2%
Clock                  4.68e-05   2.99e-05   6.79e-08   7.67e-05  63.5%
Macro                  0.00e+00   0.00e+00   0.00e+00   0.00e+00   0.0%
Pad                    0.00e+00   0.00e+00   0.00e+00   0.00e+00   0.0%
----------------------------------------------------------------
Total                  6.67e-05   5.37e-05   3.33e-07   1.21e-04 100.0%
                          55.2%      44.5%       0.3%

======================= Typical Corner ===================================

Group                  Internal  Switching    Leakage      Total
                          Power      Power      Power      Power (Watts)
----------------------------------------------------------------
Sequential             1.66e-05   6.77e-06   3.52e-11   2.34e-05  15.5%
Combinational          8.50e-06   2.35e-05   1.36e-10   3.20e-05  21.2%
Clock                  5.74e-05   3.79e-05   4.44e-09   9.53e-05  63.3%
Macro                  0.00e+00   0.00e+00   0.00e+00   0.00e+00   0.0%
Pad                    0.00e+00   0.00e+00   0.00e+00   0.00e+00   0.0%
----------------------------------------------------------------
Total                  8.25e-05   6.81e-05   4.61e-09   1.51e-04 100.0%
                          54.8%      45.2%       0.0%

