
===========================================================================
report_checks -path_delay max (Setup)
============================================================================
======================= Fastest Corner ===================================

Startpoint: _46_ (rising edge-triggered flip-flop clocked by core_clock)
Endpoint: _49_ (rising edge-triggered flip-flop clocked by core_clock)
Path Group: core_clock
Path Type: max
Corner: Fastest

Fanout     Cap    Slew   Delay    Time   Description
-----------------------------------------------------------------------------
                          0.00    0.00   clock core_clock (rise edge)
                          0.00    0.00   clock source latency
     1    0.03    0.00    0.00    0.00 ^ clk (in)
                                         clk (net)
                  0.00    0.00    0.00 ^ clkbuf_0_clk/A (sky130_fd_sc_hd__clkbuf_16)
     2    0.03    0.04    0.08    0.08 ^ clkbuf_0_clk/X (sky130_fd_sc_hd__clkbuf_16)
                                         clknet_0_clk (net)
                  0.04    0.00    0.08 ^ clkbuf_1_0__f_clk/A (sky130_fd_sc_hd__clkbuf_16)
     5    0.06    0.06    0.11    0.19 ^ clkbuf_1_0__f_clk/X (sky130_fd_sc_hd__clkbuf_16)
                                         clknet_1_0__leaf_clk (net)
                  0.06    0.00    0.19 ^ _46_/CLK (sky130_fd_sc_hd__dfxtp_2)
     3    0.05    0.18    0.31    0.50 ^ _46_/Q (sky130_fd_sc_hd__dfxtp_2)
                                         display_out.in[0] (net)
                  0.18    0.01    0.51 ^ _20_/A (sky130_fd_sc_hd__buf_6)
    10    0.11    0.17    0.17    0.68 ^ _20_/X (sky130_fd_sc_hd__buf_6)
                                         _04_ (net)
                  0.17    0.01    0.69 ^ _21_/D_N (sky130_fd_sc_hd__or4bb_4)
     6    0.08    0.14    0.38    1.07 v _21_/X (sky130_fd_sc_hd__or4bb_4)
                                         _05_ (net)
                  0.14    0.01    1.08 v _44_/B (sky130_fd_sc_hd__and4b_2)
     2    0.04    0.09    0.24    1.32 v _44_/X (sky130_fd_sc_hd__and4b_2)
                                         _19_ (net)
                  0.09    0.01    1.33 v _45_/A (sky130_fd_sc_hd__buf_2)
     1    0.05    0.09    0.16    1.48 v _45_/X (sky130_fd_sc_hd__buf_2)
                                         _03_ (net)
                  0.09    0.01    1.49 v _49_/D (sky130_fd_sc_hd__dfxtp_4)
                                  1.49   data arrival time

                         10.00   10.00   clock core_clock (rise edge)
                          0.00   10.00   clock source latency
     1    0.03    0.00    0.00   10.00 ^ clk (in)
                                         clk (net)
                  0.00    0.00   10.00 ^ clkbuf_0_clk/A (sky130_fd_sc_hd__clkbuf_16)
     2    0.03    0.04    0.08   10.08 ^ clkbuf_0_clk/X (sky130_fd_sc_hd__clkbuf_16)
                                         clknet_0_clk (net)
                  0.04    0.00   10.08 ^ clkbuf_1_1__f_clk/A (sky130_fd_sc_hd__clkbuf_16)
     2    0.03    0.04    0.09   10.18 ^ clkbuf_1_1__f_clk/X (sky130_fd_sc_hd__clkbuf_16)
                                         clknet_1_1__leaf_clk (net)
                  0.04    0.00   10.18 ^ _49_/CLK (sky130_fd_sc_hd__dfxtp_4)
                          0.00   10.18   clock reconvergence pessimism
                         -0.09   10.09   library setup time
                                 10.09   data required time
-----------------------------------------------------------------------------
                                 10.09   data required time
                                 -1.49   data arrival time
-----------------------------------------------------------------------------
                                  8.59   slack (MET)


Startpoint: _46_ (rising edge-triggered flip-flop clocked by core_clock)
Endpoint: _48_ (rising edge-triggered flip-flop clocked by core_clock)
Path Group: core_clock
Path Type: max
Corner: Fastest

Fanout     Cap    Slew   Delay    Time   Description
-----------------------------------------------------------------------------
                          0.00    0.00   clock core_clock (rise edge)
                          0.00    0.00   clock source latency
     1    0.03    0.00    0.00    0.00 ^ clk (in)
                                         clk (net)
                  0.00    0.00    0.00 ^ clkbuf_0_clk/A (sky130_fd_sc_hd__clkbuf_16)
     2    0.03    0.04    0.08    0.08 ^ clkbuf_0_clk/X (sky130_fd_sc_hd__clkbuf_16)
                                         clknet_0_clk (net)
                  0.04    0.00    0.08 ^ clkbuf_1_0__f_clk/A (sky130_fd_sc_hd__clkbuf_16)
     5    0.06    0.06    0.11    0.19 ^ clkbuf_1_0__f_clk/X (sky130_fd_sc_hd__clkbuf_16)
                                         clknet_1_0__leaf_clk (net)
                  0.06    0.00    0.19 ^ _46_/CLK (sky130_fd_sc_hd__dfxtp_2)
     3    0.05    0.18    0.31    0.50 ^ _46_/Q (sky130_fd_sc_hd__dfxtp_2)
                                         display_out.in[0] (net)
                  0.18    0.01    0.51 ^ _20_/A (sky130_fd_sc_hd__buf_6)
    10    0.11    0.17    0.17    0.68 ^ _20_/X (sky130_fd_sc_hd__buf_6)
                                         _04_ (net)
                  0.17    0.01    0.69 ^ _21_/D_N (sky130_fd_sc_hd__or4bb_4)
     6    0.08    0.14    0.38    1.07 v _21_/X (sky130_fd_sc_hd__or4bb_4)
                                         _05_ (net)
                  0.14    0.01    1.08 v _40_/B (sky130_fd_sc_hd__and4b_2)
     2    0.02    0.07    0.21    1.29 v _40_/X (sky130_fd_sc_hd__and4b_2)
                                         _16_ (net)
                  0.07    0.00    1.29 v _41_/A (sky130_fd_sc_hd__buf_1)
     1    0.01    0.05    0.10    1.39 v _41_/X (sky130_fd_sc_hd__buf_1)
                                         _02_ (net)
                  0.05    0.00    1.39 v _48_/D (sky130_fd_sc_hd__dfxtp_4)
                                  1.39   data arrival time

                         10.00   10.00   clock core_clock (rise edge)
                          0.00   10.00   clock source latency
     1    0.03    0.00    0.00   10.00 ^ clk (in)
                                         clk (net)
                  0.00    0.00   10.00 ^ clkbuf_0_clk/A (sky130_fd_sc_hd__clkbuf_16)
     2    0.03    0.04    0.08   10.08 ^ clkbuf_0_clk/X (sky130_fd_sc_hd__clkbuf_16)
                                         clknet_0_clk (net)
                  0.04    0.00   10.08 ^ clkbuf_1_0__f_clk/A (sky130_fd_sc_hd__clkbuf_16)
     5    0.06    0.06    0.11   10.19 ^ clkbuf_1_0__f_clk/X (sky130_fd_sc_hd__clkbuf_16)
                                         clknet_1_0__leaf_clk (net)
                  0.06    0.01   10.20 ^ _48_/CLK (sky130_fd_sc_hd__dfxtp_4)
                          0.00   10.20   clock reconvergence pessimism
                         -0.07   10.12   library setup time
                                 10.12   data required time
-----------------------------------------------------------------------------
                                 10.12   data required time
                                 -1.39   data arrival time
-----------------------------------------------------------------------------
                                  8.73   slack (MET)


Startpoint: _46_ (rising edge-triggered flip-flop clocked by core_clock)
Endpoint: _47_ (rising edge-triggered flip-flop clocked by core_clock)
Path Group: core_clock
Path Type: max
Corner: Fastest

Fanout     Cap    Slew   Delay    Time   Description
-----------------------------------------------------------------------------
                          0.00    0.00   clock core_clock (rise edge)
                          0.00    0.00   clock source latency
     1    0.03    0.00    0.00    0.00 ^ clk (in)
                                         clk (net)
                  0.00    0.00    0.00 ^ clkbuf_0_clk/A (sky130_fd_sc_hd__clkbuf_16)
     2    0.03    0.04    0.08    0.08 ^ clkbuf_0_clk/X (sky130_fd_sc_hd__clkbuf_16)
                                         clknet_0_clk (net)
                  0.04    0.00    0.08 ^ clkbuf_1_0__f_clk/A (sky130_fd_sc_hd__clkbuf_16)
     5    0.06    0.06    0.11    0.19 ^ clkbuf_1_0__f_clk/X (sky130_fd_sc_hd__clkbuf_16)
                                         clknet_1_0__leaf_clk (net)
                  0.06    0.00    0.19 ^ _46_/CLK (sky130_fd_sc_hd__dfxtp_2)
     3    0.05    0.18    0.31    0.50 ^ _46_/Q (sky130_fd_sc_hd__dfxtp_2)
                                         display_out.in[0] (net)
                  0.18    0.01    0.51 ^ _20_/A (sky130_fd_sc_hd__buf_6)
    10    0.11    0.17    0.17    0.68 ^ _20_/X (sky130_fd_sc_hd__buf_6)
                                         _04_ (net)
                  0.17    0.01    0.69 ^ _21_/D_N (sky130_fd_sc_hd__or4bb_4)
     6    0.08    0.14    0.38    1.07 v _21_/X (sky130_fd_sc_hd__or4bb_4)
                                         _05_ (net)
                  0.14    0.00    1.07 v _36_/B (sky130_fd_sc_hd__and4b_1)
     1    0.02    0.07    0.19    1.26 v _36_/X (sky130_fd_sc_hd__and4b_1)
                                         _13_ (net)
                  0.07    0.00    1.26 v _37_/A (sky130_fd_sc_hd__buf_1)
     1    0.01    0.04    0.09    1.35 v _37_/X (sky130_fd_sc_hd__buf_1)
                                         _01_ (net)
                  0.04    0.00    1.35 v _47_/D (sky130_fd_sc_hd__dfxtp_4)
                                  1.35   data arrival time

                         10.00   10.00   clock core_clock (rise edge)
                          0.00   10.00   clock source latency
     1    0.03    0.00    0.00   10.00 ^ clk (in)
                                         clk (net)
                  0.00    0.00   10.00 ^ clkbuf_0_clk/A (sky130_fd_sc_hd__clkbuf_16)
     2    0.03    0.04    0.08   10.08 ^ clkbuf_0_clk/X (sky130_fd_sc_hd__clkbuf_16)
                                         clknet_0_clk (net)
                  0.04    0.00   10.08 ^ clkbuf_1_1__f_clk/A (sky130_fd_sc_hd__clkbuf_16)
     2    0.03    0.04    0.09   10.18 ^ clkbuf_1_1__f_clk/X (sky130_fd_sc_hd__clkbuf_16)
                                         clknet_1_1__leaf_clk (net)
                  0.04    0.00   10.18 ^ _47_/CLK (sky130_fd_sc_hd__dfxtp_4)
                          0.00   10.18   clock reconvergence pessimism
                         -0.07   10.10   library setup time
                                 10.10   data required time
-----------------------------------------------------------------------------
                                 10.10   data required time
                                 -1.35   data arrival time
-----------------------------------------------------------------------------
                                  8.75   slack (MET)


Startpoint: _46_ (rising edge-triggered flip-flop clocked by core_clock)
Endpoint: _46_ (rising edge-triggered flip-flop clocked by core_clock)
Path Group: core_clock
Path Type: max
Corner: Fastest

Fanout     Cap    Slew   Delay    Time   Description
-----------------------------------------------------------------------------
                          0.00    0.00   clock core_clock (rise edge)
                          0.00    0.00   clock source latency
     1    0.03    0.00    0.00    0.00 ^ clk (in)
                                         clk (net)
                  0.00    0.00    0.00 ^ clkbuf_0_clk/A (sky130_fd_sc_hd__clkbuf_16)
     2    0.03    0.04    0.08    0.08 ^ clkbuf_0_clk/X (sky130_fd_sc_hd__clkbuf_16)
                                         clknet_0_clk (net)
                  0.04    0.00    0.08 ^ clkbuf_1_0__f_clk/A (sky130_fd_sc_hd__clkbuf_16)
     5    0.06    0.06    0.11    0.19 ^ clkbuf_1_0__f_clk/X (sky130_fd_sc_hd__clkbuf_16)
                                         clknet_1_0__leaf_clk (net)
                  0.06    0.00    0.19 ^ _46_/CLK (sky130_fd_sc_hd__dfxtp_2)
     3    0.05    0.08    0.26    0.45 v _46_/Q (sky130_fd_sc_hd__dfxtp_2)
                                         display_out.in[0] (net)
                  0.08    0.01    0.46 v _20_/A (sky130_fd_sc_hd__buf_6)
    10    0.11    0.07    0.14    0.60 v _20_/X (sky130_fd_sc_hd__buf_6)
                                         _04_ (net)
                  0.08    0.01    0.61 v _33_/A (sky130_fd_sc_hd__nor2_2)
     1    0.02    0.20    0.20    0.81 ^ _33_/Y (sky130_fd_sc_hd__nor2_2)
                                         _00_ (net)
                  0.20    0.00    0.81 ^ _46_/D (sky130_fd_sc_hd__dfxtp_2)
                                  0.81   data arrival time

                         10.00   10.00   clock core_clock (rise edge)
                          0.00   10.00   clock source latency
     1    0.03    0.00    0.00   10.00 ^ clk (in)
                                         clk (net)
                  0.00    0.00   10.00 ^ clkbuf_0_clk/A (sky130_fd_sc_hd__clkbuf_16)
     2    0.03    0.04    0.08   10.08 ^ clkbuf_0_clk/X (sky130_fd_sc_hd__clkbuf_16)
                                         clknet_0_clk (net)
                  0.04    0.00   10.08 ^ clkbuf_1_0__f_clk/A (sky130_fd_sc_hd__clkbuf_16)
     5    0.06    0.06    0.11   10.19 ^ clkbuf_1_0__f_clk/X (sky130_fd_sc_hd__clkbuf_16)
                                         clknet_1_0__leaf_clk (net)
                  0.06    0.00   10.19 ^ _46_/CLK (sky130_fd_sc_hd__dfxtp_2)
                          0.00   10.19   clock reconvergence pessimism
                         -0.05   10.15   library setup time
                                 10.15   data required time
-----------------------------------------------------------------------------
                                 10.15   data required time
                                 -0.81   data arrival time
-----------------------------------------------------------------------------
                                  9.33   slack (MET)



worst slack corner Fastest: 8.5939
======================= Slowest Corner ===================================

Startpoint: _46_ (rising edge-triggered flip-flop clocked by core_clock)
Endpoint: _49_ (rising edge-triggered flip-flop clocked by core_clock)
Path Group: core_clock
Path Type: max
Corner: Slowest

Fanout     Cap    Slew   Delay    Time   Description
-----------------------------------------------------------------------------
                          0.00    0.00   clock core_clock (rise edge)
                          0.00    0.00   clock source latency
     1    0.03    0.00    0.00    0.00 ^ clk (in)
                                         clk (net)
                  0.00    0.00    0.00 ^ clkbuf_0_clk/A (sky130_fd_sc_hd__clkbuf_16)
     2    0.03    0.08    0.20    0.20 ^ clkbuf_0_clk/X (sky130_fd_sc_hd__clkbuf_16)
                                         clknet_0_clk (net)
                  0.08    0.00    0.20 ^ clkbuf_1_0__f_clk/A (sky130_fd_sc_hd__clkbuf_16)
     5    0.06    0.12    0.27    0.48 ^ clkbuf_1_0__f_clk/X (sky130_fd_sc_hd__clkbuf_16)
                                         clknet_1_0__leaf_clk (net)
                  0.12    0.00    0.48 ^ _46_/CLK (sky130_fd_sc_hd__dfxtp_2)
     3    0.05    0.38    0.91    1.39 ^ _46_/Q (sky130_fd_sc_hd__dfxtp_2)
                                         display_out.in[0] (net)
                  0.38    0.01    1.40 ^ _20_/A (sky130_fd_sc_hd__buf_6)
    10    0.11    0.35    0.50    1.90 ^ _20_/X (sky130_fd_sc_hd__buf_6)
                                         _04_ (net)
                  0.35    0.01    1.91 ^ _21_/D_N (sky130_fd_sc_hd__or4bb_4)
     6    0.08    0.37    1.30    3.22 v _21_/X (sky130_fd_sc_hd__or4bb_4)
                                         _05_ (net)
                  0.37    0.01    3.23 v _44_/B (sky130_fd_sc_hd__and4b_2)
     2    0.04    0.25    0.78    4.00 v _44_/X (sky130_fd_sc_hd__and4b_2)
                                         _19_ (net)
                  0.25    0.01    4.01 v _45_/A (sky130_fd_sc_hd__buf_2)
     1    0.05    0.23    0.48    4.49 v _45_/X (sky130_fd_sc_hd__buf_2)
                                         _03_ (net)
                  0.23    0.01    4.50 v _49_/D (sky130_fd_sc_hd__dfxtp_4)
                                  4.50   data arrival time

                         10.00   10.00   clock core_clock (rise edge)
                          0.00   10.00   clock source latency
     1    0.03    0.00    0.00   10.00 ^ clk (in)
                                         clk (net)
                  0.00    0.00   10.00 ^ clkbuf_0_clk/A (sky130_fd_sc_hd__clkbuf_16)
     2    0.03    0.08    0.20   10.20 ^ clkbuf_0_clk/X (sky130_fd_sc_hd__clkbuf_16)
                                         clknet_0_clk (net)
                  0.08    0.00   10.20 ^ clkbuf_1_1__f_clk/A (sky130_fd_sc_hd__clkbuf_16)
     2    0.03    0.08    0.24   10.44 ^ clkbuf_1_1__f_clk/X (sky130_fd_sc_hd__clkbuf_16)
                                         clknet_1_1__leaf_clk (net)
                  0.08    0.00   10.44 ^ _49_/CLK (sky130_fd_sc_hd__dfxtp_4)
                          0.00   10.44   clock reconvergence pessimism
                         -0.34   10.11   library setup time
                                 10.11   data required time
-----------------------------------------------------------------------------
                                 10.11   data required time
                                 -4.50   data arrival time
-----------------------------------------------------------------------------
                                  5.61   slack (MET)


Startpoint: _46_ (rising edge-triggered flip-flop clocked by core_clock)
Endpoint: _48_ (rising edge-triggered flip-flop clocked by core_clock)
Path Group: core_clock
Path Type: max
Corner: Slowest

Fanout     Cap    Slew   Delay    Time   Description
-----------------------------------------------------------------------------
                          0.00    0.00   clock core_clock (rise edge)
                          0.00    0.00   clock source latency
     1    0.03    0.00    0.00    0.00 ^ clk (in)
                                         clk (net)
                  0.00    0.00    0.00 ^ clkbuf_0_clk/A (sky130_fd_sc_hd__clkbuf_16)
     2    0.03    0.08    0.20    0.20 ^ clkbuf_0_clk/X (sky130_fd_sc_hd__clkbuf_16)
                                         clknet_0_clk (net)
                  0.08    0.00    0.20 ^ clkbuf_1_0__f_clk/A (sky130_fd_sc_hd__clkbuf_16)
     5    0.06    0.12    0.27    0.48 ^ clkbuf_1_0__f_clk/X (sky130_fd_sc_hd__clkbuf_16)
                                         clknet_1_0__leaf_clk (net)
                  0.12    0.00    0.48 ^ _46_/CLK (sky130_fd_sc_hd__dfxtp_2)
     3    0.05    0.38    0.91    1.39 ^ _46_/Q (sky130_fd_sc_hd__dfxtp_2)
                                         display_out.in[0] (net)
                  0.38    0.01    1.40 ^ _20_/A (sky130_fd_sc_hd__buf_6)
    10    0.11    0.35    0.50    1.90 ^ _20_/X (sky130_fd_sc_hd__buf_6)
                                         _04_ (net)
                  0.35    0.01    1.91 ^ _21_/D_N (sky130_fd_sc_hd__or4bb_4)
     6    0.08    0.37    1.30    3.22 v _21_/X (sky130_fd_sc_hd__or4bb_4)
                                         _05_ (net)
                  0.37    0.01    3.23 v _40_/B (sky130_fd_sc_hd__and4b_2)
     2    0.02    0.17    0.70    3.93 v _40_/X (sky130_fd_sc_hd__and4b_2)
                                         _16_ (net)
                  0.17    0.00    3.93 v _41_/A (sky130_fd_sc_hd__buf_1)
     1    0.01    0.14    0.28    4.22 v _41_/X (sky130_fd_sc_hd__buf_1)
                                         _02_ (net)
                  0.14    0.00    4.22 v _48_/D (sky130_fd_sc_hd__dfxtp_4)
                                  4.22   data arrival time

                         10.00   10.00   clock core_clock (rise edge)
                          0.00   10.00   clock source latency
     1    0.03    0.00    0.00   10.00 ^ clk (in)
                                         clk (net)
                  0.00    0.00   10.00 ^ clkbuf_0_clk/A (sky130_fd_sc_hd__clkbuf_16)
     2    0.03    0.08    0.20   10.20 ^ clkbuf_0_clk/X (sky130_fd_sc_hd__clkbuf_16)
                                         clknet_0_clk (net)
                  0.08    0.00   10.20 ^ clkbuf_1_0__f_clk/A (sky130_fd_sc_hd__clkbuf_16)
     5    0.06    0.12    0.27   10.48 ^ clkbuf_1_0__f_clk/X (sky130_fd_sc_hd__clkbuf_16)
                                         clknet_1_0__leaf_clk (net)
                  0.12    0.01   10.48 ^ _48_/CLK (sky130_fd_sc_hd__dfxtp_4)
                          0.00   10.48   clock reconvergence pessimism
                         -0.29   10.19   library setup time
                                 10.19   data required time
-----------------------------------------------------------------------------
                                 10.19   data required time
                                 -4.22   data arrival time
-----------------------------------------------------------------------------
                                  5.98   slack (MET)


Startpoint: _46_ (rising edge-triggered flip-flop clocked by core_clock)
Endpoint: _47_ (rising edge-triggered flip-flop clocked by core_clock)
Path Group: core_clock
Path Type: max
Corner: Slowest

Fanout     Cap    Slew   Delay    Time   Description
-----------------------------------------------------------------------------
                          0.00    0.00   clock core_clock (rise edge)
                          0.00    0.00   clock source latency
     1    0.03    0.00    0.00    0.00 ^ clk (in)
                                         clk (net)
                  0.00    0.00    0.00 ^ clkbuf_0_clk/A (sky130_fd_sc_hd__clkbuf_16)
     2    0.03    0.08    0.20    0.20 ^ clkbuf_0_clk/X (sky130_fd_sc_hd__clkbuf_16)
                                         clknet_0_clk (net)
                  0.08    0.00    0.20 ^ clkbuf_1_0__f_clk/A (sky130_fd_sc_hd__clkbuf_16)
     5    0.06    0.12    0.27    0.48 ^ clkbuf_1_0__f_clk/X (sky130_fd_sc_hd__clkbuf_16)
                                         clknet_1_0__leaf_clk (net)
                  0.12    0.00    0.48 ^ _46_/CLK (sky130_fd_sc_hd__dfxtp_2)
     3    0.05    0.38    0.91    1.39 ^ _46_/Q (sky130_fd_sc_hd__dfxtp_2)
                                         display_out.in[0] (net)
                  0.38    0.01    1.40 ^ _20_/A (sky130_fd_sc_hd__buf_6)
    10    0.11    0.35    0.50    1.90 ^ _20_/X (sky130_fd_sc_hd__buf_6)
                                         _04_ (net)
                  0.35    0.01    1.91 ^ _21_/D_N (sky130_fd_sc_hd__or4bb_4)
     6    0.08    0.37    1.30    3.22 v _21_/X (sky130_fd_sc_hd__or4bb_4)
                                         _05_ (net)
                  0.37    0.00    3.22 v _36_/B (sky130_fd_sc_hd__and4b_1)
     1    0.02    0.17    0.61    3.83 v _36_/X (sky130_fd_sc_hd__and4b_1)
                                         _13_ (net)
                  0.17    0.00    3.83 v _37_/A (sky130_fd_sc_hd__buf_1)
     1    0.01    0.12    0.27    4.10 v _37_/X (sky130_fd_sc_hd__buf_1)
                                         _01_ (net)
                  0.12    0.00    4.10 v _47_/D (sky130_fd_sc_hd__dfxtp_4)
                                  4.10   data arrival time

                         10.00   10.00   clock core_clock (rise edge)
                          0.00   10.00   clock source latency
     1    0.03    0.00    0.00   10.00 ^ clk (in)
                                         clk (net)
                  0.00    0.00   10.00 ^ clkbuf_0_clk/A (sky130_fd_sc_hd__clkbuf_16)
     2    0.03    0.08    0.20   10.20 ^ clkbuf_0_clk/X (sky130_fd_sc_hd__clkbuf_16)
                                         clknet_0_clk (net)
                  0.08    0.00   10.20 ^ clkbuf_1_1__f_clk/A (sky130_fd_sc_hd__clkbuf_16)
     2    0.03    0.08    0.24   10.44 ^ clkbuf_1_1__f_clk/X (sky130_fd_sc_hd__clkbuf_16)
                                         clknet_1_1__leaf_clk (net)
                  0.08    0.00   10.44 ^ _47_/CLK (sky130_fd_sc_hd__dfxtp_4)
                          0.00   10.44   clock reconvergence pessimism
                         -0.29   10.15   library setup time
                                 10.15   data required time
-----------------------------------------------------------------------------
                                 10.15   data required time
                                 -4.10   data arrival time
-----------------------------------------------------------------------------
                                  6.05   slack (MET)


Startpoint: _46_ (rising edge-triggered flip-flop clocked by core_clock)
Endpoint: _46_ (rising edge-triggered flip-flop clocked by core_clock)
Path Group: core_clock
Path Type: max
Corner: Slowest

Fanout     Cap    Slew   Delay    Time   Description
-----------------------------------------------------------------------------
                          0.00    0.00   clock core_clock (rise edge)
                          0.00    0.00   clock source latency
     1    0.03    0.00    0.00    0.00 ^ clk (in)
                                         clk (net)
                  0.00    0.00    0.00 ^ clkbuf_0_clk/A (sky130_fd_sc_hd__clkbuf_16)
     2    0.03    0.08    0.20    0.20 ^ clkbuf_0_clk/X (sky130_fd_sc_hd__clkbuf_16)
                                         clknet_0_clk (net)
                  0.08    0.00    0.20 ^ clkbuf_1_0__f_clk/A (sky130_fd_sc_hd__clkbuf_16)
     5    0.06    0.12    0.27    0.48 ^ clkbuf_1_0__f_clk/X (sky130_fd_sc_hd__clkbuf_16)
                                         clknet_1_0__leaf_clk (net)
                  0.12    0.00    0.48 ^ _46_/CLK (sky130_fd_sc_hd__dfxtp_2)
     3    0.05    0.38    0.91    1.39 ^ _46_/Q (sky130_fd_sc_hd__dfxtp_2)
                                         display_out.in[0] (net)
                  0.38    0.01    1.40 ^ _20_/A (sky130_fd_sc_hd__buf_6)
    10    0.11    0.35    0.50    1.90 ^ _20_/X (sky130_fd_sc_hd__buf_6)
                                         _04_ (net)
                  0.35    0.02    1.92 ^ _33_/A (sky130_fd_sc_hd__nor2_2)
     1    0.02    0.15    0.25    2.17 v _33_/Y (sky130_fd_sc_hd__nor2_2)
                                         _00_ (net)
                  0.15    0.00    2.18 v _46_/D (sky130_fd_sc_hd__dfxtp_2)
                                  2.18   data arrival time

                         10.00   10.00   clock core_clock (rise edge)
                          0.00   10.00   clock source latency
     1    0.03    0.00    0.00   10.00 ^ clk (in)
                                         clk (net)
                  0.00    0.00   10.00 ^ clkbuf_0_clk/A (sky130_fd_sc_hd__clkbuf_16)
     2    0.03    0.08    0.20   10.20 ^ clkbuf_0_clk/X (sky130_fd_sc_hd__clkbuf_16)
                                         clknet_0_clk (net)
                  0.08    0.00   10.20 ^ clkbuf_1_0__f_clk/A (sky130_fd_sc_hd__clkbuf_16)
     5    0.06    0.12    0.27   10.48 ^ clkbuf_1_0__f_clk/X (sky130_fd_sc_hd__clkbuf_16)
                                         clknet_1_0__leaf_clk (net)
                  0.12    0.00   10.48 ^ _46_/CLK (sky130_fd_sc_hd__dfxtp_2)
                          0.00   10.48   clock reconvergence pessimism
                         -0.29   10.19   library setup time
                                 10.19   data required time
-----------------------------------------------------------------------------
                                 10.19   data required time
                                 -2.18   data arrival time
-----------------------------------------------------------------------------
                                  8.01   slack (MET)



worst slack corner Slowest: 5.6079
======================= Typical Corner ===================================

Startpoint: _46_ (rising edge-triggered flip-flop clocked by core_clock)
Endpoint: _49_ (rising edge-triggered flip-flop clocked by core_clock)
Path Group: core_clock
Path Type: max
Corner: Typical

Fanout     Cap    Slew   Delay    Time   Description
-----------------------------------------------------------------------------
                          0.00    0.00   clock core_clock (rise edge)
                          0.00    0.00   clock source latency
     1    0.03    0.00    0.00    0.00 ^ clk (in)
                                         clk (net)
                  0.00    0.00    0.00 ^ clkbuf_0_clk/A (sky130_fd_sc_hd__clkbuf_16)
     2    0.03    0.05    0.12    0.12 ^ clkbuf_0_clk/X (sky130_fd_sc_hd__clkbuf_16)
                                         clknet_0_clk (net)
                  0.05    0.00    0.12 ^ clkbuf_1_0__f_clk/A (sky130_fd_sc_hd__clkbuf_16)
     5    0.06    0.08    0.16    0.28 ^ clkbuf_1_0__f_clk/X (sky130_fd_sc_hd__clkbuf_16)
                                         clknet_1_0__leaf_clk (net)
                  0.08    0.00    0.28 ^ _46_/CLK (sky130_fd_sc_hd__dfxtp_2)
     3    0.05    0.24    0.47    0.75 ^ _46_/Q (sky130_fd_sc_hd__dfxtp_2)
                                         display_out.in[0] (net)
                  0.24    0.01    0.76 ^ _20_/A (sky130_fd_sc_hd__buf_6)
    10    0.11    0.22    0.27    1.03 ^ _20_/X (sky130_fd_sc_hd__buf_6)
                                         _04_ (net)
                  0.22    0.01    1.04 ^ _21_/D_N (sky130_fd_sc_hd__or4bb_4)
     6    0.08    0.19    0.64    1.67 v _21_/X (sky130_fd_sc_hd__or4bb_4)
                                         _05_ (net)
                  0.19    0.01    1.69 v _44_/B (sky130_fd_sc_hd__and4b_2)
     2    0.04    0.13    0.37    2.06 v _44_/X (sky130_fd_sc_hd__and4b_2)
                                         _19_ (net)
                  0.13    0.01    2.06 v _45_/A (sky130_fd_sc_hd__buf_2)
     1    0.05    0.12    0.24    2.30 v _45_/X (sky130_fd_sc_hd__buf_2)
                                         _03_ (net)
                  0.12    0.01    2.32 v _49_/D (sky130_fd_sc_hd__dfxtp_4)
                                  2.32   data arrival time

                         10.00   10.00   clock core_clock (rise edge)
                          0.00   10.00   clock source latency
     1    0.03    0.00    0.00   10.00 ^ clk (in)
                                         clk (net)
                  0.00    0.00   10.00 ^ clkbuf_0_clk/A (sky130_fd_sc_hd__clkbuf_16)
     2    0.03    0.05    0.12   10.12 ^ clkbuf_0_clk/X (sky130_fd_sc_hd__clkbuf_16)
                                         clknet_0_clk (net)
                  0.05    0.00   10.12 ^ clkbuf_1_1__f_clk/A (sky130_fd_sc_hd__clkbuf_16)
     2    0.03    0.05    0.13   10.25 ^ clkbuf_1_1__f_clk/X (sky130_fd_sc_hd__clkbuf_16)
                                         clknet_1_1__leaf_clk (net)
                  0.05    0.00   10.26 ^ _49_/CLK (sky130_fd_sc_hd__dfxtp_4)
                          0.00   10.26   clock reconvergence pessimism
                         -0.14   10.11   library setup time
                                 10.11   data required time
-----------------------------------------------------------------------------
                                 10.11   data required time
                                 -2.32   data arrival time
-----------------------------------------------------------------------------
                                  7.80   slack (MET)


Startpoint: _46_ (rising edge-triggered flip-flop clocked by core_clock)
Endpoint: _48_ (rising edge-triggered flip-flop clocked by core_clock)
Path Group: core_clock
Path Type: max
Corner: Typical

Fanout     Cap    Slew   Delay    Time   Description
-----------------------------------------------------------------------------
                          0.00    0.00   clock core_clock (rise edge)
                          0.00    0.00   clock source latency
     1    0.03    0.00    0.00    0.00 ^ clk (in)
                                         clk (net)
                  0.00    0.00    0.00 ^ clkbuf_0_clk/A (sky130_fd_sc_hd__clkbuf_16)
     2    0.03    0.05    0.12    0.12 ^ clkbuf_0_clk/X (sky130_fd_sc_hd__clkbuf_16)
                                         clknet_0_clk (net)
                  0.05    0.00    0.12 ^ clkbuf_1_0__f_clk/A (sky130_fd_sc_hd__clkbuf_16)
     5    0.06    0.08    0.16    0.28 ^ clkbuf_1_0__f_clk/X (sky130_fd_sc_hd__clkbuf_16)
                                         clknet_1_0__leaf_clk (net)
                  0.08    0.00    0.28 ^ _46_/CLK (sky130_fd_sc_hd__dfxtp_2)
     3    0.05    0.24    0.47    0.75 ^ _46_/Q (sky130_fd_sc_hd__dfxtp_2)
                                         display_out.in[0] (net)
                  0.24    0.01    0.76 ^ _20_/A (sky130_fd_sc_hd__buf_6)
    10    0.11    0.22    0.27    1.03 ^ _20_/X (sky130_fd_sc_hd__buf_6)
                                         _04_ (net)
                  0.22    0.01    1.04 ^ _21_/D_N (sky130_fd_sc_hd__or4bb_4)
     6    0.08    0.19    0.64    1.67 v _21_/X (sky130_fd_sc_hd__or4bb_4)
                                         _05_ (net)
                  0.19    0.01    1.69 v _40_/B (sky130_fd_sc_hd__and4b_2)
     2    0.02    0.09    0.33    2.02 v _40_/X (sky130_fd_sc_hd__and4b_2)
                                         _16_ (net)
                  0.09    0.00    2.02 v _41_/A (sky130_fd_sc_hd__buf_1)
     1    0.01    0.08    0.15    2.17 v _41_/X (sky130_fd_sc_hd__buf_1)
                                         _02_ (net)
                  0.08    0.00    2.17 v _48_/D (sky130_fd_sc_hd__dfxtp_4)
                                  2.17   data arrival time

                         10.00   10.00   clock core_clock (rise edge)
                          0.00   10.00   clock source latency
     1    0.03    0.00    0.00   10.00 ^ clk (in)
                                         clk (net)
                  0.00    0.00   10.00 ^ clkbuf_0_clk/A (sky130_fd_sc_hd__clkbuf_16)
     2    0.03    0.05    0.12   10.12 ^ clkbuf_0_clk/X (sky130_fd_sc_hd__clkbuf_16)
                                         clknet_0_clk (net)
                  0.05    0.00   10.12 ^ clkbuf_1_0__f_clk/A (sky130_fd_sc_hd__clkbuf_16)
     5    0.06    0.08    0.16   10.28 ^ clkbuf_1_0__f_clk/X (sky130_fd_sc_hd__clkbuf_16)
                                         clknet_1_0__leaf_clk (net)
                  0.08    0.01   10.28 ^ _48_/CLK (sky130_fd_sc_hd__dfxtp_4)
                          0.00   10.28   clock reconvergence pessimism
                         -0.12   10.16   library setup time
                                 10.16   data required time
-----------------------------------------------------------------------------
                                 10.16   data required time
                                 -2.17   data arrival time
-----------------------------------------------------------------------------
                                  7.99   slack (MET)


Startpoint: _46_ (rising edge-triggered flip-flop clocked by core_clock)
Endpoint: _47_ (rising edge-triggered flip-flop clocked by core_clock)
Path Group: core_clock
Path Type: max
Corner: Typical

Fanout     Cap    Slew   Delay    Time   Description
-----------------------------------------------------------------------------
                          0.00    0.00   clock core_clock (rise edge)
                          0.00    0.00   clock source latency
     1    0.03    0.00    0.00    0.00 ^ clk (in)
                                         clk (net)
                  0.00    0.00    0.00 ^ clkbuf_0_clk/A (sky130_fd_sc_hd__clkbuf_16)
     2    0.03    0.05    0.12    0.12 ^ clkbuf_0_clk/X (sky130_fd_sc_hd__clkbuf_16)
                                         clknet_0_clk (net)
                  0.05    0.00    0.12 ^ clkbuf_1_0__f_clk/A (sky130_fd_sc_hd__clkbuf_16)
     5    0.06    0.08    0.16    0.28 ^ clkbuf_1_0__f_clk/X (sky130_fd_sc_hd__clkbuf_16)
                                         clknet_1_0__leaf_clk (net)
                  0.08    0.00    0.28 ^ _46_/CLK (sky130_fd_sc_hd__dfxtp_2)
     3    0.05    0.24    0.47    0.75 ^ _46_/Q (sky130_fd_sc_hd__dfxtp_2)
                                         display_out.in[0] (net)
                  0.24    0.01    0.76 ^ _20_/A (sky130_fd_sc_hd__buf_6)
    10    0.11    0.22    0.27    1.03 ^ _20_/X (sky130_fd_sc_hd__buf_6)
                                         _04_ (net)
                  0.22    0.01    1.04 ^ _21_/D_N (sky130_fd_sc_hd__or4bb_4)
     6    0.08    0.19    0.64    1.67 v _21_/X (sky130_fd_sc_hd__or4bb_4)
                                         _05_ (net)
                  0.19    0.00    1.68 v _36_/B (sky130_fd_sc_hd__and4b_1)
     1    0.02    0.09    0.29    1.97 v _36_/X (sky130_fd_sc_hd__and4b_1)
                                         _13_ (net)
                  0.09    0.00    1.97 v _37_/A (sky130_fd_sc_hd__buf_1)
     1    0.01    0.06    0.14    2.11 v _37_/X (sky130_fd_sc_hd__buf_1)
                                         _01_ (net)
                  0.06    0.00    2.11 v _47_/D (sky130_fd_sc_hd__dfxtp_4)
                                  2.11   data arrival time

                         10.00   10.00   clock core_clock (rise edge)
                          0.00   10.00   clock source latency
     1    0.03    0.00    0.00   10.00 ^ clk (in)
                                         clk (net)
                  0.00    0.00   10.00 ^ clkbuf_0_clk/A (sky130_fd_sc_hd__clkbuf_16)
     2    0.03    0.05    0.12   10.12 ^ clkbuf_0_clk/X (sky130_fd_sc_hd__clkbuf_16)
                                         clknet_0_clk (net)
                  0.05    0.00   10.12 ^ clkbuf_1_1__f_clk/A (sky130_fd_sc_hd__clkbuf_16)
     2    0.03    0.05    0.13   10.25 ^ clkbuf_1_1__f_clk/X (sky130_fd_sc_hd__clkbuf_16)
                                         clknet_1_1__leaf_clk (net)
                  0.05    0.00   10.25 ^ _47_/CLK (sky130_fd_sc_hd__dfxtp_4)
                          0.00   10.25   clock reconvergence pessimism
                         -0.12   10.14   library setup time
                                 10.14   data required time
-----------------------------------------------------------------------------
                                 10.14   data required time
                                 -2.11   data arrival time
-----------------------------------------------------------------------------
                                  8.02   slack (MET)


Startpoint: _46_ (rising edge-triggered flip-flop clocked by core_clock)
Endpoint: _46_ (rising edge-triggered flip-flop clocked by core_clock)
Path Group: core_clock
Path Type: max
Corner: Typical

Fanout     Cap    Slew   Delay    Time   Description
-----------------------------------------------------------------------------
                          0.00    0.00   clock core_clock (rise edge)
                          0.00    0.00   clock source latency
     1    0.03    0.00    0.00    0.00 ^ clk (in)
                                         clk (net)
                  0.00    0.00    0.00 ^ clkbuf_0_clk/A (sky130_fd_sc_hd__clkbuf_16)
     2    0.03    0.05    0.12    0.12 ^ clkbuf_0_clk/X (sky130_fd_sc_hd__clkbuf_16)
                                         clknet_0_clk (net)
                  0.05    0.00    0.12 ^ clkbuf_1_0__f_clk/A (sky130_fd_sc_hd__clkbuf_16)
     5    0.06    0.08    0.16    0.28 ^ clkbuf_1_0__f_clk/X (sky130_fd_sc_hd__clkbuf_16)
                                         clknet_1_0__leaf_clk (net)
                  0.08    0.00    0.28 ^ _46_/CLK (sky130_fd_sc_hd__dfxtp_2)
     3    0.05    0.11    0.40    0.68 v _46_/Q (sky130_fd_sc_hd__dfxtp_2)
                                         display_out.in[0] (net)
                  0.11    0.01    0.69 v _20_/A (sky130_fd_sc_hd__buf_6)
    10    0.11    0.10    0.21    0.89 v _20_/X (sky130_fd_sc_hd__buf_6)
                                         _04_ (net)
                  0.10    0.01    0.91 v _33_/A (sky130_fd_sc_hd__nor2_2)
     1    0.02    0.28    0.28    1.19 ^ _33_/Y (sky130_fd_sc_hd__nor2_2)
                                         _00_ (net)
                  0.28    0.00    1.19 ^ _46_/D (sky130_fd_sc_hd__dfxtp_2)
                                  1.19   data arrival time

                         10.00   10.00   clock core_clock (rise edge)
                          0.00   10.00   clock source latency
     1    0.03    0.00    0.00   10.00 ^ clk (in)
                                         clk (net)
                  0.00    0.00   10.00 ^ clkbuf_0_clk/A (sky130_fd_sc_hd__clkbuf_16)
     2    0.03    0.05    0.12   10.12 ^ clkbuf_0_clk/X (sky130_fd_sc_hd__clkbuf_16)
                                         clknet_0_clk (net)
                  0.05    0.00   10.12 ^ clkbuf_1_0__f_clk/A (sky130_fd_sc_hd__clkbuf_16)
     5    0.06    0.08    0.16   10.28 ^ clkbuf_1_0__f_clk/X (sky130_fd_sc_hd__clkbuf_16)
                                         clknet_1_0__leaf_clk (net)
                  0.08    0.00   10.28 ^ _46_/CLK (sky130_fd_sc_hd__dfxtp_2)
                          0.00   10.28   clock reconvergence pessimism
                         -0.11   10.17   library setup time
                                 10.17   data required time
-----------------------------------------------------------------------------
                                 10.17   data required time
                                 -1.19   data arrival time
-----------------------------------------------------------------------------
                                  8.98   slack (MET)



worst slack corner Typical: 7.7959
