
===========================================================================
 report_power
============================================================================
======================= Fastest Corner ===================================

Group                  Internal  Switching    Leakage      Total
                          Power      Power      Power      Power (Watts)
----------------------------------------------------------------
Sequential             9.26e-04   1.65e-03   3.76e-09   2.58e-03  34.0%
Combinational          6.40e-04   3.22e-03   1.35e-08   3.86e-03  51.0%
Clock                  4.68e-04   6.65e-04   1.64e-08   1.13e-03  15.0%
Macro                  0.00e+00   0.00e+00   0.00e+00   0.00e+00   0.0%
Pad                    0.00e+00   0.00e+00   0.00e+00   0.00e+00   0.0%
----------------------------------------------------------------
Total                  2.03e-03   5.53e-03   3.37e-08   7.57e-03 100.0%
                          26.9%      73.1%       0.0%

======================= Slowest Corner ===================================

Group                  Internal  Switching    Leakage      Total
                          Power      Power      Power      Power (Watts)
----------------------------------------------------------------
Sequential             6.37e-04   1.11e-03   2.40e-06   1.75e-03  33.8%
Combinational          4.58e-04   2.18e-03   5.50e-06   2.64e-03  51.0%
Clock                  3.36e-04   4.48e-04   4.68e-07   7.84e-04  15.1%
Macro                  0.00e+00   0.00e+00   0.00e+00   0.00e+00   0.0%
Pad                    0.00e+00   0.00e+00   0.00e+00   0.00e+00   0.0%
----------------------------------------------------------------
Total                  1.43e-03   3.74e-03   8.37e-06   5.18e-03 100.0%
                          27.6%      72.2%       0.2%

======================= Typical Corner ===================================

Group                  Internal  Switching    Leakage      Total
                          Power      Power      Power      Power (Watts)
----------------------------------------------------------------
Sequential             8.04e-04   1.41e-03   1.27e-09   2.21e-03  34.0%
Combinational          5.62e-04   2.75e-03   4.18e-09   3.31e-03  50.9%
Clock                  4.12e-04   5.68e-04   1.52e-08   9.79e-04  15.1%
Macro                  0.00e+00   0.00e+00   0.00e+00   0.00e+00   0.0%
Pad                    0.00e+00   0.00e+00   0.00e+00   0.00e+00   0.0%
----------------------------------------------------------------
Total                  1.78e-03   4.72e-03   2.07e-08   6.50e-03 100.0%
                          27.3%      72.7%       0.0%

