OpenROAD b16bda7e82721d10566ff7e2b68f1ff0be9f9e38 
Features included (+) or not (-): +Charts +GPU +GUI +Python
This program is licensed under the BSD-3 license. See the LICENSE file for details.
Components of this program may be licensed under more restrictive licenses which must be honored.
Top-level design name: Main
Block boundaries: 0 0 160000 240000
Horizontal Tracks Origin: 340, Count: 353, Step: 680
Vertical Tracks Origin: 230, Count: 348, Step: 460
Placement details for the #N side
Virtual pin count:  0
Actual pin count:  8
Total pin count:  8
Tracks count:  348
Tracks per pin:  43
Used tracks count:  302
Unused track count:  46
Starting track index:  23
Placement Map:
[230, 690, 1150, 1610, 2070, 2530, 2990, 3450, 3910, 4370, 4830, 5290, 5750, 6210, 6670, 7130, 7590, 8050, 8510, 8970, 9430, 9890, 10350, [91m10810[0m, 11270, 11730, 12190, 12650, 13110, 13570, 14030, 14490, 14950, 15410, 15870, 16330, 16790, 17250, 17710, 18170, 18630, 19090, 19550, 20010, 20470, 20930, 21390, 21850, 22310, 22770, 23230, 23690, 24150, 24610, 25070, 25530, 25990, 26450, 26910, 27370, 27830, 28290, 28750, 29210, 29670, 30130, [91m30590[0m, 31050, 31510, 31970, 32430, 32890, 33350, 33810, 34270, 34730, 35190, 35650, 36110, 36570, 37030, 37490, 37950, 38410, 38870, 39330, 39790, 40250, 40710, 41170, 41630, 42090, 42550, 43010, 43470, 43930, 44390, 44850, 45310, 45770, 46230, 46690, 47150, 47610, 48070, 48530, 48990, 49450, 49910, [91m50370[0m, 50830, 51290, 51750, 52210, 52670, 53130, 53590, 54050, 54510, 54970, 55430, 55890, 56350, 56810, 57270, 57730, 58190, 58650, 59110, 59570, 60030, 60490, 60950, 61410, 61870, 62330, 62790, 63250, 63710, 64170, 64630, 65090, 65550, 66010, 66470, 66930, 67390, 67850, 68310, 68770, 69230, 69690, [91m70150[0m, 70610, 71070, 71530, 71990, 72450, 72910, 73370, 73830, 74290, 74750, 75210, 75670, 76130, 76590, 77050, 77510, 77970, 78430, 78890, 79350, 79810, 80270, 80730, 81190, 81650, 82110, 82570, 83030, 83490, 83950, 84410, 84870, 85330, 85790, 86250, 86710, 87170, 87630, 88090, 88550, 89010, 89470, [91m89930[0m, 90390, 90850, 91310, 91770, 92230, 92690, 93150, 93610, 94070, 94530, 94990, 95450, 95910, 96370, 96830, 97290, 97750, 98210, 98670, 99130, 99590, 100050, 100510, 100970, 101430, 101890, 102350, 102810, 103270, 103730, 104190, 104650, 105110, 105570, 106030, 106490, 106950, 107410, 107870, 108330, 108790, 109250, [91m109710[0m, 110170, 110630, 111090, 111550, 112010, 112470, 112930, 113390, 113850, 114310, 114770, 115230, 115690, 116150, 116610, 117070, 117530, 117990, 118450, 118910, 119370, 119830, 120290, 120750, 121210, 121670, 122130, 122590, 123050, 123510, 123970, 124430, 124890, 125350, 125810, 126270, 126730, 127190, 127650, 128110, 128570, 129030, [91m129490[0m, 129950, 130410, 130870, 131330, 131790, 132250, 132710, 133170, 133630, 134090, 134550, 135010, 135470, 135930, 136390, 136850, 137310, 137770, 138230, 138690, 139150, 139610, 140070, 140530, 140990, 141450, 141910, 142370, 142830, 143290, 143750, 144210, 144670, 145130, 145590, 146050, 146510, 146970, 147430, 147890, 148350, 148810, [91m149270[0m, 149730, 150190, 150650, 151110, 151570, 152030, 152490, 152950, 153410, 153870, 154330, 154790, 155250, 155710, 156170, 156630, 157090, 157550, 158010, 158470, 158930, 159390, 159850, ]
Indices of used tracks: [23, 66, 109, 152, 195, 238, 281, 324]
---
Placement details for the #S side
Virtual pin count:  0
Actual pin count:  8
Total pin count:  8
Tracks count:  348
Tracks per pin:  43
Used tracks count:  302
Unused track count:  46
Starting track index:  23
Placement Map:
[230, 690, 1150, 1610, 2070, 2530, 2990, 3450, 3910, 4370, 4830, 5290, 5750, 6210, 6670, 7130, 7590, 8050, 8510, 8970, 9430, 9890, 10350, [91m10810[0m, 11270, 11730, 12190, 12650, 13110, 13570, 14030, 14490, 14950, 15410, 15870, 16330, 16790, 17250, 17710, 18170, 18630, 19090, 19550, 20010, 20470, 20930, 21390, 21850, 22310, 22770, 23230, 23690, 24150, 24610, 25070, 25530, 25990, 26450, 26910, 27370, 27830, 28290, 28750, 29210, 29670, 30130, [91m30590[0m, 31050, 31510, 31970, 32430, 32890, 33350, 33810, 34270, 34730, 35190, 35650, 36110, 36570, 37030, 37490, 37950, 38410, 38870, 39330, 39790, 40250, 40710, 41170, 41630, 42090, 42550, 43010, 43470, 43930, 44390, 44850, 45310, 45770, 46230, 46690, 47150, 47610, 48070, 48530, 48990, 49450, 49910, [91m50370[0m, 50830, 51290, 51750, 52210, 52670, 53130, 53590, 54050, 54510, 54970, 55430, 55890, 56350, 56810, 57270, 57730, 58190, 58650, 59110, 59570, 60030, 60490, 60950, 61410, 61870, 62330, 62790, 63250, 63710, 64170, 64630, 65090, 65550, 66010, 66470, 66930, 67390, 67850, 68310, 68770, 69230, 69690, [91m70150[0m, 70610, 71070, 71530, 71990, 72450, 72910, 73370, 73830, 74290, 74750, 75210, 75670, 76130, 76590, 77050, 77510, 77970, 78430, 78890, 79350, 79810, 80270, 80730, 81190, 81650, 82110, 82570, 83030, 83490, 83950, 84410, 84870, 85330, 85790, 86250, 86710, 87170, 87630, 88090, 88550, 89010, 89470, [91m89930[0m, 90390, 90850, 91310, 91770, 92230, 92690, 93150, 93610, 94070, 94530, 94990, 95450, 95910, 96370, 96830, 97290, 97750, 98210, 98670, 99130, 99590, 100050, 100510, 100970, 101430, 101890, 102350, 102810, 103270, 103730, 104190, 104650, 105110, 105570, 106030, 106490, 106950, 107410, 107870, 108330, 108790, 109250, [91m109710[0m, 110170, 110630, 111090, 111550, 112010, 112470, 112930, 113390, 113850, 114310, 114770, 115230, 115690, 116150, 116610, 117070, 117530, 117990, 118450, 118910, 119370, 119830, 120290, 120750, 121210, 121670, 122130, 122590, 123050, 123510, 123970, 124430, 124890, 125350, 125810, 126270, 126730, 127190, 127650, 128110, 128570, 129030, [91m129490[0m, 129950, 130410, 130870, 131330, 131790, 132250, 132710, 133170, 133630, 134090, 134550, 135010, 135470, 135930, 136390, 136850, 137310, 137770, 138230, 138690, 139150, 139610, 140070, 140530, 140990, 141450, 141910, 142370, 142830, 143290, 143750, 144210, 144670, 145130, 145590, 146050, 146510, 146970, 147430, 147890, 148350, 148810, [91m149270[0m, 149730, 150190, 150650, 151110, 151570, 152030, 152490, 152950, 153410, 153870, 154330, 154790, 155250, 155710, 156170, 156630, 157090, 157550, 158010, 158470, 158930, 159390, 159850, ]
Indices of used tracks: [23, 66, 109, 152, 195, 238, 281, 324]
---
Placement details for the #W side
Virtual pin count:  0
Actual pin count:  3
Total pin count:  3
Tracks count:  177
Tracks per pin:  59
Used tracks count:  119
Unused track count:  58
Starting track index:  29
Placement Map:
[340, 1700, 3060, 4420, 5780, 7140, 8500, 9860, 11220, 12580, 13940, 15300, 16660, 18020, 19380, 20740, 22100, 23460, 24820, 26180, 27540, 28900, 30260, 31620, 32980, 34340, 35700, 37060, 38420, [91m39780[0m, 41140, 42500, 43860, 45220, 46580, 47940, 49300, 50660, 52020, 53380, 54740, 56100, 57460, 58820, 60180, 61540, 62900, 64260, 65620, 66980, 68340, 69700, 71060, 72420, 73780, 75140, 76500, 77860, 79220, 80580, 81940, 83300, 84660, 86020, 87380, 88740, 90100, 91460, 92820, 94180, 95540, 96900, 98260, 99620, 100980, 102340, 103700, 105060, 106420, 107780, 109140, 110500, 111860, 113220, 114580, 115940, 117300, 118660, [91m120020[0m, 121380, 122740, 124100, 125460, 126820, 128180, 129540, 130900, 132260, 133620, 134980, 136340, 137700, 139060, 140420, 141780, 143140, 144500, 145860, 147220, 148580, 149940, 151300, 152660, 154020, 155380, 156740, 158100, 159460, 160820, 162180, 163540, 164900, 166260, 167620, 168980, 170340, 171700, 173060, 174420, 175780, 177140, 178500, 179860, 181220, 182580, 183940, 185300, 186660, 188020, 189380, 190740, 192100, 193460, 194820, 196180, 197540, 198900, [91m200260[0m, 201620, 202980, 204340, 205700, 207060, 208420, 209780, 211140, 212500, 213860, 215220, 216580, 217940, 219300, 220660, 222020, 223380, 224740, 226100, 227460, 228820, 230180, 231540, 232900, 234260, 235620, 236980, 238340, 239700, ]
Indices of used tracks: [29, 88, 147]
---
