
===========================================================================
 report_power
============================================================================
======================= Fastest Corner ===================================

Group                  Internal  Switching    Leakage      Total
                          Power      Power      Power      Power (Watts)
----------------------------------------------------------------
Sequential             1.92e-05   8.35e-06   1.12e-10   2.76e-05  15.5%
Combinational          9.51e-06   2.91e-05   3.19e-10   3.86e-05  21.6%
Clock                  6.57e-05   4.65e-05   4.61e-09   1.12e-04  62.9%
Macro                  0.00e+00   0.00e+00   0.00e+00   0.00e+00   0.0%
Pad                    0.00e+00   0.00e+00   0.00e+00   0.00e+00   0.0%
----------------------------------------------------------------
Total                  9.44e-05   8.39e-05   5.04e-09   1.78e-04 100.0%
                          53.0%      47.0%       0.0%

======================= Slowest Corner ===================================

Group                  Internal  Switching    Leakage      Total
                          Power      Power      Power      Power (Watts)
----------------------------------------------------------------
Sequential             1.30e-05   5.61e-06   6.51e-08   1.86e-05  15.1%
Combinational          6.93e-06   1.95e-05   2.00e-07   2.66e-05  21.6%
Clock                  4.69e-05   3.11e-05   6.79e-08   7.81e-05  63.3%
Macro                  0.00e+00   0.00e+00   0.00e+00   0.00e+00   0.0%
Pad                    0.00e+00   0.00e+00   0.00e+00   0.00e+00   0.0%
----------------------------------------------------------------
Total                  6.68e-05   5.62e-05   3.33e-07   1.23e-04 100.0%
                          54.1%      45.6%       0.3%

======================= Typical Corner ===================================

Group                  Internal  Switching    Leakage      Total
                          Power      Power      Power      Power (Watts)
----------------------------------------------------------------
Sequential             1.66e-05   7.10e-06   3.52e-11   2.37e-05  15.4%
Combinational          8.50e-06   2.47e-05   1.36e-10   3.32e-05  21.6%
Clock                  5.75e-05   3.95e-05   4.44e-09   9.70e-05  63.0%
Macro                  0.00e+00   0.00e+00   0.00e+00   0.00e+00   0.0%
Pad                    0.00e+00   0.00e+00   0.00e+00   0.00e+00   0.0%
----------------------------------------------------------------
Total                  8.26e-05   7.13e-05   4.61e-09   1.54e-04 100.0%
                          53.6%      46.3%       0.0%

