
===========================================================================
report_checks -path_delay min (Hold)
============================================================================
======================= Fastest Corner ===================================

Startpoint: A[6] (input port clocked by __VIRTUAL_CLK__)
Endpoint: out[6] (output port clocked by __VIRTUAL_CLK__)
Path Group: __VIRTUAL_CLK__
Path Type: min
Corner: Fastest

Fanout     Cap    Slew   Delay    Time   Description
-----------------------------------------------------------------------------
                  0.00    0.00    0.00   clock __VIRTUAL_CLK__ (rise edge)
                          0.00    0.00   clock network delay (ideal)
                          2.00    2.00 ^ input external delay
     1    0.01    0.03    0.02    2.02 ^ A[6] (in)
                                         A[6] (net)
                  0.03    0.00    2.02 ^ input7/A (sky130_fd_sc_hd__buf_8)
    10    0.14    0.17    0.15    2.17 ^ input7/X (sky130_fd_sc_hd__buf_8)
                                         net7 (net)
                  0.18    0.01    2.17 ^ _453_/A1 (sky130_fd_sc_hd__a22oi_4)
     1    0.06    0.09    0.11    2.28 v _453_/Y (sky130_fd_sc_hd__a22oi_4)
                                         net26 (net)
                  0.09    0.00    2.29 v output26/A (sky130_fd_sc_hd__buf_6)
     1    0.03    0.03    0.11    2.40 v output26/X (sky130_fd_sc_hd__buf_6)
                                         out[6] (net)
                  0.03    0.00    2.40 v out[6] (out)
                                  2.40   data arrival time

                  0.00    0.00    0.00   clock __VIRTUAL_CLK__ (rise edge)
                          0.00    0.00   clock network delay (ideal)
                          0.25    0.25   clock uncertainty
                          0.00    0.25   clock reconvergence pessimism
                         -2.00   -1.75   output external delay
                                 -1.75   data required time
-----------------------------------------------------------------------------
                                 -1.75   data required time
                                 -2.40   data arrival time
-----------------------------------------------------------------------------
                                  4.15   slack (MET)


Startpoint: A[5] (input port clocked by __VIRTUAL_CLK__)
Endpoint: out[5] (output port clocked by __VIRTUAL_CLK__)
Path Group: __VIRTUAL_CLK__
Path Type: min
Corner: Fastest

Fanout     Cap    Slew   Delay    Time   Description
-----------------------------------------------------------------------------
                  0.00    0.00    0.00   clock __VIRTUAL_CLK__ (rise edge)
                          0.00    0.00   clock network delay (ideal)
                          2.00    2.00 ^ input external delay
     1    0.00    0.02    0.01    2.01 ^ A[5] (in)
                                         A[5] (net)
                  0.02    0.00    2.01 ^ input6/A (sky130_fd_sc_hd__buf_4)
     4    0.08    0.17    0.15    2.16 ^ input6/X (sky130_fd_sc_hd__buf_4)
                                         net6 (net)
                  0.17    0.01    2.16 ^ clone33/A (sky130_fd_sc_hd__clkbuf_16)
     5    0.07    0.07    0.14    2.30 ^ clone33/X (sky130_fd_sc_hd__clkbuf_16)
                                         net62 (net)
                  0.07    0.00    2.30 ^ _410_/A1 (sky130_fd_sc_hd__a21oi_4)
     1    0.04    0.06    0.06    2.36 v _410_/Y (sky130_fd_sc_hd__a21oi_4)
                                         net25 (net)
                  0.06    0.00    2.37 v output25/A (sky130_fd_sc_hd__buf_6)
     1    0.03    0.03    0.10    2.46 v output25/X (sky130_fd_sc_hd__buf_6)
                                         out[5] (net)
                  0.03    0.00    2.46 v out[5] (out)
                                  2.46   data arrival time

                  0.00    0.00    0.00   clock __VIRTUAL_CLK__ (rise edge)
                          0.00    0.00   clock network delay (ideal)
                          0.25    0.25   clock uncertainty
                          0.00    0.25   clock reconvergence pessimism
                         -2.00   -1.75   output external delay
                                 -1.75   data required time
-----------------------------------------------------------------------------
                                 -1.75   data required time
                                 -2.46   data arrival time
-----------------------------------------------------------------------------
                                  4.21   slack (MET)


Startpoint: A[7] (input port clocked by __VIRTUAL_CLK__)
Endpoint: out[7] (output port clocked by __VIRTUAL_CLK__)
Path Group: __VIRTUAL_CLK__
Path Type: min
Corner: Fastest

Fanout     Cap    Slew   Delay    Time   Description
-----------------------------------------------------------------------------
                  0.00    0.00    0.00   clock __VIRTUAL_CLK__ (rise edge)
                          0.00    0.00   clock network delay (ideal)
                          2.00    2.00 v input external delay
     1    0.00    0.00    0.00    2.00 v A[7] (in)
                                         A[7] (net)
                  0.00    0.00    2.00 v input8/A (sky130_fd_sc_hd__buf_4)
     7    0.08    0.08    0.12    2.12 v input8/X (sky130_fd_sc_hd__buf_4)
                                         net8 (net)
                  0.08    0.00    2.13 v _502_/A (sky130_fd_sc_hd__inv_2)
     1    0.05    0.16    0.14    2.27 ^ _502_/Y (sky130_fd_sc_hd__inv_2)
                                         _179_ (net)
                  0.16    0.00    2.27 ^ _503_/B2 (sky130_fd_sc_hd__o32a_4)
     1    0.05    0.10    0.14    2.41 ^ _503_/X (sky130_fd_sc_hd__o32a_4)
                                         net27 (net)
                  0.10    0.00    2.41 ^ output27/A (sky130_fd_sc_hd__buf_8)
     1    0.03    0.05    0.09    2.50 ^ output27/X (sky130_fd_sc_hd__buf_8)
                                         out[7] (net)
                  0.05    0.00    2.50 ^ out[7] (out)
                                  2.50   data arrival time

                  0.00    0.00    0.00   clock __VIRTUAL_CLK__ (rise edge)
                          0.00    0.00   clock network delay (ideal)
                          0.25    0.25   clock uncertainty
                          0.00    0.25   clock reconvergence pessimism
                         -2.00   -1.75   output external delay
                                 -1.75   data required time
-----------------------------------------------------------------------------
                                 -1.75   data required time
                                 -2.50   data arrival time
-----------------------------------------------------------------------------
                                  4.25   slack (MET)


Startpoint: A[4] (input port clocked by __VIRTUAL_CLK__)
Endpoint: out[4] (output port clocked by __VIRTUAL_CLK__)
Path Group: __VIRTUAL_CLK__
Path Type: min
Corner: Fastest

Fanout     Cap    Slew   Delay    Time   Description
-----------------------------------------------------------------------------
                  0.00    0.00    0.00   clock __VIRTUAL_CLK__ (rise edge)
                          0.00    0.00   clock network delay (ideal)
                          2.00    2.00 ^ input external delay
     1    0.00    0.02    0.01    2.01 ^ A[4] (in)
                                         A[4] (net)
                  0.02    0.00    2.01 ^ input5/A (sky130_fd_sc_hd__buf_4)
     4    0.06    0.12    0.13    2.13 ^ input5/X (sky130_fd_sc_hd__buf_4)
                                         net5 (net)
                  0.12    0.00    2.14 ^ _340_/A (sky130_fd_sc_hd__buf_8)
    10    0.11    0.14    0.14    2.28 ^ _340_/X (sky130_fd_sc_hd__buf_8)
                                         _019_ (net)
                  0.14    0.01    2.29 ^ _373_/A1_N (sky130_fd_sc_hd__o2bb2a_1)
     1    0.01    0.06    0.17    2.45 v _373_/X (sky130_fd_sc_hd__o2bb2a_1)
                                         net24 (net)
                  0.06    0.00    2.46 v output24/A (sky130_fd_sc_hd__buf_2)
     1    0.03    0.06    0.12    2.58 v output24/X (sky130_fd_sc_hd__buf_2)
                                         out[4] (net)
                  0.06    0.00    2.58 v out[4] (out)
                                  2.58   data arrival time

                  0.00    0.00    0.00   clock __VIRTUAL_CLK__ (rise edge)
                          0.00    0.00   clock network delay (ideal)
                          0.25    0.25   clock uncertainty
                          0.00    0.25   clock reconvergence pessimism
                         -2.00   -1.75   output external delay
                                 -1.75   data required time
-----------------------------------------------------------------------------
                                 -1.75   data required time
                                 -2.58   data arrival time
-----------------------------------------------------------------------------
                                  4.33   slack (MET)


Startpoint: opcode[2] (input port clocked by __VIRTUAL_CLK__)
Endpoint: out[0] (output port clocked by __VIRTUAL_CLK__)
Path Group: __VIRTUAL_CLK__
Path Type: min
Corner: Fastest

Fanout     Cap    Slew   Delay    Time   Description
-----------------------------------------------------------------------------
                  0.00    0.00    0.00   clock __VIRTUAL_CLK__ (rise edge)
                          0.00    0.00   clock network delay (ideal)
                          2.00    2.00 ^ input external delay
     1    0.01    0.02    0.01    2.01 ^ opcode[2] (in)
                                         opcode[2] (net)
                  0.02    0.00    2.01 ^ input19/A (sky130_fd_sc_hd__clkbuf_8)
     8    0.11    0.15    0.15    2.16 ^ input19/X (sky130_fd_sc_hd__clkbuf_8)
                                         net19 (net)
                  0.15    0.01    2.17 ^ _250_/A (sky130_fd_sc_hd__or2_2)
     3    0.04    0.17    0.19    2.36 ^ _250_/X (sky130_fd_sc_hd__or2_2)
                                         _181_ (net)
                  0.17    0.01    2.37 ^ _262_/A2_N (sky130_fd_sc_hd__a2bb2o_1)
     1    0.00    0.03    0.13    2.49 v _262_/X (sky130_fd_sc_hd__a2bb2o_1)
                                         net20 (net)
                  0.03    0.00    2.49 v output20/A (sky130_fd_sc_hd__buf_2)
     1    0.03    0.06    0.11    2.61 v output20/X (sky130_fd_sc_hd__buf_2)
                                         out[0] (net)
                  0.06    0.00    2.61 v out[0] (out)
                                  2.61   data arrival time

                  0.00    0.00    0.00   clock __VIRTUAL_CLK__ (rise edge)
                          0.00    0.00   clock network delay (ideal)
                          0.25    0.25   clock uncertainty
                          0.00    0.25   clock reconvergence pessimism
                         -2.00   -1.75   output external delay
                                 -1.75   data required time
-----------------------------------------------------------------------------
                                 -1.75   data required time
                                 -2.61   data arrival time
-----------------------------------------------------------------------------
                                  4.36   slack (MET)


Startpoint: A[3] (input port clocked by __VIRTUAL_CLK__)
Endpoint: out[3] (output port clocked by __VIRTUAL_CLK__)
Path Group: __VIRTUAL_CLK__
Path Type: min
Corner: Fastest

Fanout     Cap    Slew   Delay    Time   Description
-----------------------------------------------------------------------------
                  0.00    0.00    0.00   clock __VIRTUAL_CLK__ (rise edge)
                          0.00    0.00   clock network delay (ideal)
                          2.00    2.00 ^ input external delay
     1    0.01    0.02    0.01    2.01 ^ A[3] (in)
                                         A[3] (net)
                  0.02    0.00    2.01 ^ input4/A (sky130_fd_sc_hd__buf_6)
     8    0.10    0.15    0.13    2.15 ^ input4/X (sky130_fd_sc_hd__buf_6)
                                         net4 (net)
                  0.15    0.01    2.16 ^ _310_/A (sky130_fd_sc_hd__buf_12)
    10    0.12    0.11    0.13    2.29 ^ _310_/X (sky130_fd_sc_hd__buf_12)
                                         _238_ (net)
                  0.12    0.02    2.31 ^ _339_/A1_N (sky130_fd_sc_hd__o2bb2a_2)
     1    0.04    0.07    0.18    2.49 v _339_/X (sky130_fd_sc_hd__o2bb2a_2)
                                         net23 (net)
                  0.07    0.00    2.49 v output23/A (sky130_fd_sc_hd__buf_2)
     1    0.03    0.06    0.13    2.61 v output23/X (sky130_fd_sc_hd__buf_2)
                                         out[3] (net)
                  0.06    0.00    2.61 v out[3] (out)
                                  2.61   data arrival time

                  0.00    0.00    0.00   clock __VIRTUAL_CLK__ (rise edge)
                          0.00    0.00   clock network delay (ideal)
                          0.25    0.25   clock uncertainty
                          0.00    0.25   clock reconvergence pessimism
                         -2.00   -1.75   output external delay
                                 -1.75   data required time
-----------------------------------------------------------------------------
                                 -1.75   data required time
                                 -2.61   data arrival time
-----------------------------------------------------------------------------
                                  4.36   slack (MET)


Startpoint: A[2] (input port clocked by __VIRTUAL_CLK__)
Endpoint: out[2] (output port clocked by __VIRTUAL_CLK__)
Path Group: __VIRTUAL_CLK__
Path Type: min
Corner: Fastest

Fanout     Cap    Slew   Delay    Time   Description
-----------------------------------------------------------------------------
                  0.00    0.00    0.00   clock __VIRTUAL_CLK__ (rise edge)
                          0.00    0.00   clock network delay (ideal)
                          2.00    2.00 ^ input external delay
     1    0.01    0.02    0.01    2.01 ^ A[2] (in)
                                         A[2] (net)
                  0.02    0.00    2.01 ^ input3/A (sky130_fd_sc_hd__buf_6)
     9    0.11    0.16    0.14    2.15 ^ input3/X (sky130_fd_sc_hd__buf_6)
                                         net3 (net)
                  0.17    0.02    2.17 ^ _288_/A (sky130_fd_sc_hd__clkbuf_8)
    11    0.12    0.16    0.19    2.36 ^ _288_/X (sky130_fd_sc_hd__clkbuf_8)
                                         _217_ (net)
                  0.16    0.01    2.37 ^ _309_/A1_N (sky130_fd_sc_hd__o2bb2a_1)
     1    0.02    0.07    0.17    2.54 v _309_/X (sky130_fd_sc_hd__o2bb2a_1)
                                         net22 (net)
                  0.07    0.00    2.55 v output22/A (sky130_fd_sc_hd__buf_2)
     1    0.03    0.06    0.13    2.67 v output22/X (sky130_fd_sc_hd__buf_2)
                                         out[2] (net)
                  0.06    0.00    2.67 v out[2] (out)
                                  2.67   data arrival time

                  0.00    0.00    0.00   clock __VIRTUAL_CLK__ (rise edge)
                          0.00    0.00   clock network delay (ideal)
                          0.25    0.25   clock uncertainty
                          0.00    0.25   clock reconvergence pessimism
                         -2.00   -1.75   output external delay
                                 -1.75   data required time
-----------------------------------------------------------------------------
                                 -1.75   data required time
                                 -2.67   data arrival time
-----------------------------------------------------------------------------
                                  4.42   slack (MET)


Startpoint: A[1] (input port clocked by __VIRTUAL_CLK__)
Endpoint: out[1] (output port clocked by __VIRTUAL_CLK__)
Path Group: __VIRTUAL_CLK__
Path Type: min
Corner: Fastest

Fanout     Cap    Slew   Delay    Time   Description
-----------------------------------------------------------------------------
                  0.00    0.00    0.00   clock __VIRTUAL_CLK__ (rise edge)
                          0.00    0.00   clock network delay (ideal)
                          2.00    2.00 ^ input external delay
     1    0.01    0.03    0.02    2.02 ^ A[1] (in)
                                         A[1] (net)
                  0.03    0.00    2.02 ^ input2/A (sky130_fd_sc_hd__buf_8)
    10    0.12    0.14    0.13    2.15 ^ input2/X (sky130_fd_sc_hd__buf_8)
                                         net2 (net)
                  0.15    0.01    2.16 ^ _263_/A (sky130_fd_sc_hd__buf_4)
    10    0.11    0.23    0.22    2.38 ^ _263_/X (sky130_fd_sc_hd__buf_4)
                                         _193_ (net)
                  0.23    0.01    2.39 ^ _287_/A1_N (sky130_fd_sc_hd__o2bb2a_1)
     2    0.03    0.10    0.20    2.59 v _287_/X (sky130_fd_sc_hd__o2bb2a_1)
                                         net21 (net)
                  0.10    0.00    2.59 v output21/A (sky130_fd_sc_hd__buf_2)
     1    0.03    0.06    0.14    2.73 v output21/X (sky130_fd_sc_hd__buf_2)
                                         out[1] (net)
                  0.06    0.00    2.73 v out[1] (out)
                                  2.73   data arrival time

                  0.00    0.00    0.00   clock __VIRTUAL_CLK__ (rise edge)
                          0.00    0.00   clock network delay (ideal)
                          0.25    0.25   clock uncertainty
                          0.00    0.25   clock reconvergence pessimism
                         -2.00   -1.75   output external delay
                                 -1.75   data required time
-----------------------------------------------------------------------------
                                 -1.75   data required time
                                 -2.73   data arrival time
-----------------------------------------------------------------------------
                                  4.48   slack (MET)



worst slack corner Fastest: 4.1480
======================= Slowest Corner ===================================

Startpoint: A[6] (input port clocked by __VIRTUAL_CLK__)
Endpoint: out[6] (output port clocked by __VIRTUAL_CLK__)
Path Group: __VIRTUAL_CLK__
Path Type: min
Corner: Slowest

Fanout     Cap    Slew   Delay    Time   Description
-----------------------------------------------------------------------------
                  0.00    0.00    0.00   clock __VIRTUAL_CLK__ (rise edge)
                          0.00    0.00   clock network delay (ideal)
                          2.00    2.00 ^ input external delay
     1    0.01    0.07    0.04    2.04 ^ A[6] (in)
                                         A[6] (net)
                  0.07    0.00    2.04 ^ input7/A (sky130_fd_sc_hd__buf_8)
    10    0.14    0.36    0.36    2.40 ^ input7/X (sky130_fd_sc_hd__buf_8)
                                         net7 (net)
                  0.36    0.01    2.40 ^ _453_/A1 (sky130_fd_sc_hd__a22oi_4)
     1    0.06    0.28    0.39    2.80 v _453_/Y (sky130_fd_sc_hd__a22oi_4)
                                         net26 (net)
                  0.28    0.00    2.80 v output26/A (sky130_fd_sc_hd__buf_6)
     1    0.03    0.08    0.33    3.13 v output26/X (sky130_fd_sc_hd__buf_6)
                                         out[6] (net)
                  0.08    0.00    3.13 v out[6] (out)
                                  3.13   data arrival time

                  0.00    0.00    0.00   clock __VIRTUAL_CLK__ (rise edge)
                          0.00    0.00   clock network delay (ideal)
                          0.25    0.25   clock uncertainty
                          0.00    0.25   clock reconvergence pessimism
                         -2.00   -1.75   output external delay
                                 -1.75   data required time
-----------------------------------------------------------------------------
                                 -1.75   data required time
                                 -3.13   data arrival time
-----------------------------------------------------------------------------
                                  4.88   slack (MET)


Startpoint: A[5] (input port clocked by __VIRTUAL_CLK__)
Endpoint: out[5] (output port clocked by __VIRTUAL_CLK__)
Path Group: __VIRTUAL_CLK__
Path Type: min
Corner: Slowest

Fanout     Cap    Slew   Delay    Time   Description
-----------------------------------------------------------------------------
                  0.00    0.00    0.00   clock __VIRTUAL_CLK__ (rise edge)
                          0.00    0.00   clock network delay (ideal)
                          2.00    2.00 ^ input external delay
     1    0.00    0.03    0.02    2.02 ^ A[5] (in)
                                         A[5] (net)
                  0.03    0.00    2.02 ^ input6/A (sky130_fd_sc_hd__buf_4)
     4    0.08    0.35    0.37    2.39 ^ input6/X (sky130_fd_sc_hd__buf_4)
                                         net6 (net)
                  0.35    0.01    2.40 ^ clone33/A (sky130_fd_sc_hd__clkbuf_16)
     5    0.07    0.14    0.38    2.78 ^ clone33/X (sky130_fd_sc_hd__clkbuf_16)
                                         net62 (net)
                  0.14    0.00    2.78 ^ _410_/A1 (sky130_fd_sc_hd__a21oi_4)
     1    0.04    0.14    0.20    2.99 v _410_/Y (sky130_fd_sc_hd__a21oi_4)
                                         net25 (net)
                  0.14    0.00    2.99 v output25/A (sky130_fd_sc_hd__buf_6)
     1    0.03    0.08    0.27    3.26 v output25/X (sky130_fd_sc_hd__buf_6)
                                         out[5] (net)
                  0.08    0.00    3.26 v out[5] (out)
                                  3.26   data arrival time

                  0.00    0.00    0.00   clock __VIRTUAL_CLK__ (rise edge)
                          0.00    0.00   clock network delay (ideal)
                          0.25    0.25   clock uncertainty
                          0.00    0.25   clock reconvergence pessimism
                         -2.00   -1.75   output external delay
                                 -1.75   data required time
-----------------------------------------------------------------------------
                                 -1.75   data required time
                                 -3.26   data arrival time
-----------------------------------------------------------------------------
                                  5.01   slack (MET)


Startpoint: A[7] (input port clocked by __VIRTUAL_CLK__)
Endpoint: out[7] (output port clocked by __VIRTUAL_CLK__)
Path Group: __VIRTUAL_CLK__
Path Type: min
Corner: Slowest

Fanout     Cap    Slew   Delay    Time   Description
-----------------------------------------------------------------------------
                  0.00    0.00    0.00   clock __VIRTUAL_CLK__ (rise edge)
                          0.00    0.00   clock network delay (ideal)
                          2.00    2.00 v input external delay
     1    0.00    0.02    0.01    2.01 v A[7] (in)
                                         A[7] (net)
                  0.02    0.00    2.01 v input8/A (sky130_fd_sc_hd__buf_4)
     7    0.08    0.19    0.33    2.34 v input8/X (sky130_fd_sc_hd__buf_4)
                                         net8 (net)
                  0.19    0.00    2.34 v _502_/A (sky130_fd_sc_hd__inv_2)
     1    0.05    0.35    0.33    2.67 ^ _502_/Y (sky130_fd_sc_hd__inv_2)
                                         _179_ (net)
                  0.35    0.00    2.68 ^ _503_/B2 (sky130_fd_sc_hd__o32a_4)
     1    0.05    0.22    0.51    3.19 ^ _503_/X (sky130_fd_sc_hd__o32a_4)
                                         net27 (net)
                  0.22    0.00    3.19 ^ output27/A (sky130_fd_sc_hd__buf_8)
     1    0.03    0.10    0.26    3.45 ^ output27/X (sky130_fd_sc_hd__buf_8)
                                         out[7] (net)
                  0.10    0.00    3.45 ^ out[7] (out)
                                  3.45   data arrival time

                  0.00    0.00    0.00   clock __VIRTUAL_CLK__ (rise edge)
                          0.00    0.00   clock network delay (ideal)
                          0.25    0.25   clock uncertainty
                          0.00    0.25   clock reconvergence pessimism
                         -2.00   -1.75   output external delay
                                 -1.75   data required time
-----------------------------------------------------------------------------
                                 -1.75   data required time
                                 -3.45   data arrival time
-----------------------------------------------------------------------------
                                  5.20   slack (MET)


Startpoint: A[4] (input port clocked by __VIRTUAL_CLK__)
Endpoint: out[4] (output port clocked by __VIRTUAL_CLK__)
Path Group: __VIRTUAL_CLK__
Path Type: min
Corner: Slowest

Fanout     Cap    Slew   Delay    Time   Description
-----------------------------------------------------------------------------
                  0.00    0.00    0.00   clock __VIRTUAL_CLK__ (rise edge)
                          0.00    0.00   clock network delay (ideal)
                          2.00    2.00 v input external delay
     1    0.00    0.02    0.01    2.01 v A[4] (in)
                                         A[4] (net)
                  0.02    0.00    2.01 v input5/A (sky130_fd_sc_hd__buf_4)
     4    0.05    0.14    0.30    2.31 v input5/X (sky130_fd_sc_hd__buf_4)
                                         net5 (net)
                  0.14    0.00    2.31 v _340_/A (sky130_fd_sc_hd__buf_8)
    10    0.11    0.15    0.32    2.64 v _340_/X (sky130_fd_sc_hd__buf_8)
                                         _019_ (net)
                  0.15    0.01    2.64 v _373_/A1_N (sky130_fd_sc_hd__o2bb2a_1)
     1    0.01    0.24    0.60    3.24 ^ _373_/X (sky130_fd_sc_hd__o2bb2a_1)
                                         net24 (net)
                  0.24    0.00    3.24 ^ output24/A (sky130_fd_sc_hd__buf_2)
     1    0.03    0.27    0.40    3.64 ^ output24/X (sky130_fd_sc_hd__buf_2)
                                         out[4] (net)
                  0.27    0.00    3.65 ^ out[4] (out)
                                  3.65   data arrival time

                  0.00    0.00    0.00   clock __VIRTUAL_CLK__ (rise edge)
                          0.00    0.00   clock network delay (ideal)
                          0.25    0.25   clock uncertainty
                          0.00    0.25   clock reconvergence pessimism
                         -2.00   -1.75   output external delay
                                 -1.75   data required time
-----------------------------------------------------------------------------
                                 -1.75   data required time
                                 -3.65   data arrival time
-----------------------------------------------------------------------------
                                  5.40   slack (MET)


Startpoint: A[0] (input port clocked by __VIRTUAL_CLK__)
Endpoint: out[0] (output port clocked by __VIRTUAL_CLK__)
Path Group: __VIRTUAL_CLK__
Path Type: min
Corner: Slowest

Fanout     Cap    Slew   Delay    Time   Description
-----------------------------------------------------------------------------
                  0.00    0.00    0.00   clock __VIRTUAL_CLK__ (rise edge)
                          0.00    0.00   clock network delay (ideal)
                          2.00    2.00 v input external delay
     1    0.01    0.03    0.02    2.02 v A[0] (in)
                                         A[0] (net)
                  0.03    0.00    2.02 v input1/A (sky130_fd_sc_hd__buf_6)
     9    0.12    0.19    0.30    2.32 v input1/X (sky130_fd_sc_hd__buf_6)
                                         net1 (net)
                  0.19    0.01    2.33 v _248_/A (sky130_fd_sc_hd__clkbuf_8)
    11    0.12    0.23    0.42    2.75 v _248_/X (sky130_fd_sc_hd__clkbuf_8)
                                         _176_ (net)
                  0.23    0.02    2.77 v _262_/A1_N (sky130_fd_sc_hd__a2bb2o_1)
     1    0.00    0.09    0.56    3.33 ^ _262_/X (sky130_fd_sc_hd__a2bb2o_1)
                                         net20 (net)
                  0.09    0.00    3.33 ^ output20/A (sky130_fd_sc_hd__buf_2)
     1    0.03    0.27    0.34    3.67 ^ output20/X (sky130_fd_sc_hd__buf_2)
                                         out[0] (net)
                  0.27    0.00    3.67 ^ out[0] (out)
                                  3.67   data arrival time

                  0.00    0.00    0.00   clock __VIRTUAL_CLK__ (rise edge)
                          0.00    0.00   clock network delay (ideal)
                          0.25    0.25   clock uncertainty
                          0.00    0.25   clock reconvergence pessimism
                         -2.00   -1.75   output external delay
                                 -1.75   data required time
-----------------------------------------------------------------------------
                                 -1.75   data required time
                                 -3.67   data arrival time
-----------------------------------------------------------------------------
                                  5.42   slack (MET)


Startpoint: A[3] (input port clocked by __VIRTUAL_CLK__)
Endpoint: out[3] (output port clocked by __VIRTUAL_CLK__)
Path Group: __VIRTUAL_CLK__
Path Type: min
Corner: Slowest

Fanout     Cap    Slew   Delay    Time   Description
-----------------------------------------------------------------------------
                  0.00    0.00    0.00   clock __VIRTUAL_CLK__ (rise edge)
                          0.00    0.00   clock network delay (ideal)
                          2.00    2.00 ^ input external delay
     1    0.01    0.05    0.03    2.03 ^ A[3] (in)
                                         A[3] (net)
                  0.05    0.00    2.03 ^ input4/A (sky130_fd_sc_hd__buf_6)
     8    0.10    0.31    0.33    2.35 ^ input4/X (sky130_fd_sc_hd__buf_6)
                                         net4 (net)
                  0.31    0.01    2.37 ^ _310_/A (sky130_fd_sc_hd__buf_12)
    10    0.12    0.23    0.37    2.74 ^ _310_/X (sky130_fd_sc_hd__buf_12)
                                         _238_ (net)
                  0.24    0.02    2.76 ^ _339_/A1_N (sky130_fd_sc_hd__o2bb2a_2)
     1    0.04    0.20    0.60    3.36 v _339_/X (sky130_fd_sc_hd__o2bb2a_2)
                                         net23 (net)
                  0.20    0.00    3.36 v output23/A (sky130_fd_sc_hd__buf_2)
     1    0.03    0.16    0.38    3.75 v output23/X (sky130_fd_sc_hd__buf_2)
                                         out[3] (net)
                  0.16    0.00    3.75 v out[3] (out)
                                  3.75   data arrival time

                  0.00    0.00    0.00   clock __VIRTUAL_CLK__ (rise edge)
                          0.00    0.00   clock network delay (ideal)
                          0.25    0.25   clock uncertainty
                          0.00    0.25   clock reconvergence pessimism
                         -2.00   -1.75   output external delay
                                 -1.75   data required time
-----------------------------------------------------------------------------
                                 -1.75   data required time
                                 -3.75   data arrival time
-----------------------------------------------------------------------------
                                  5.50   slack (MET)


Startpoint: A[2] (input port clocked by __VIRTUAL_CLK__)
Endpoint: out[2] (output port clocked by __VIRTUAL_CLK__)
Path Group: __VIRTUAL_CLK__
Path Type: min
Corner: Slowest

Fanout     Cap    Slew   Delay    Time   Description
-----------------------------------------------------------------------------
                  0.00    0.00    0.00   clock __VIRTUAL_CLK__ (rise edge)
                          0.00    0.00   clock network delay (ideal)
                          2.00    2.00 v input external delay
     1    0.01    0.03    0.02    2.02 v A[2] (in)
                                         A[2] (net)
                  0.03    0.00    2.02 v input3/A (sky130_fd_sc_hd__buf_6)
     9    0.10    0.18    0.28    2.30 v input3/X (sky130_fd_sc_hd__buf_6)
                                         net3 (net)
                  0.18    0.02    2.32 v _288_/A (sky130_fd_sc_hd__clkbuf_8)
    11    0.12    0.23    0.41    2.73 v _288_/X (sky130_fd_sc_hd__clkbuf_8)
                                         _217_ (net)
                  0.23    0.01    2.74 v _309_/A1_N (sky130_fd_sc_hd__o2bb2a_1)
     1    0.02    0.28    0.67    3.41 ^ _309_/X (sky130_fd_sc_hd__o2bb2a_1)
                                         net22 (net)
                  0.28    0.00    3.41 ^ output22/A (sky130_fd_sc_hd__buf_2)
     1    0.03    0.27    0.42    3.82 ^ output22/X (sky130_fd_sc_hd__buf_2)
                                         out[2] (net)
                  0.27    0.00    3.82 ^ out[2] (out)
                                  3.82   data arrival time

                  0.00    0.00    0.00   clock __VIRTUAL_CLK__ (rise edge)
                          0.00    0.00   clock network delay (ideal)
                          0.25    0.25   clock uncertainty
                          0.00    0.25   clock reconvergence pessimism
                         -2.00   -1.75   output external delay
                                 -1.75   data required time
-----------------------------------------------------------------------------
                                 -1.75   data required time
                                 -3.82   data arrival time
-----------------------------------------------------------------------------
                                  5.57   slack (MET)


Startpoint: A[1] (input port clocked by __VIRTUAL_CLK__)
Endpoint: out[1] (output port clocked by __VIRTUAL_CLK__)
Path Group: __VIRTUAL_CLK__
Path Type: min
Corner: Slowest

Fanout     Cap    Slew   Delay    Time   Description
-----------------------------------------------------------------------------
                  0.00    0.00    0.00   clock __VIRTUAL_CLK__ (rise edge)
                          0.00    0.00   clock network delay (ideal)
                          2.00    2.00 v input external delay
     1    0.01    0.04    0.02    2.02 v A[1] (in)
                                         A[1] (net)
                  0.04    0.00    2.02 v input2/A (sky130_fd_sc_hd__buf_8)
    10    0.11    0.15    0.27    2.29 v input2/X (sky130_fd_sc_hd__buf_8)
                                         net2 (net)
                  0.15    0.01    2.31 v _263_/A (sky130_fd_sc_hd__buf_4)
    10    0.11    0.24    0.44    2.75 v _263_/X (sky130_fd_sc_hd__buf_4)
                                         _193_ (net)
                  0.24    0.01    2.75 v _287_/A1_N (sky130_fd_sc_hd__o2bb2a_1)
     2    0.03    0.44    0.78    3.54 ^ _287_/X (sky130_fd_sc_hd__o2bb2a_1)
                                         net21 (net)
                  0.44    0.00    3.54 ^ output21/A (sky130_fd_sc_hd__buf_2)
     1    0.03    0.27    0.47    4.02 ^ output21/X (sky130_fd_sc_hd__buf_2)
                                         out[1] (net)
                  0.27    0.00    4.02 ^ out[1] (out)
                                  4.02   data arrival time

                  0.00    0.00    0.00   clock __VIRTUAL_CLK__ (rise edge)
                          0.00    0.00   clock network delay (ideal)
                          0.25    0.25   clock uncertainty
                          0.00    0.25   clock reconvergence pessimism
                         -2.00   -1.75   output external delay
                                 -1.75   data required time
-----------------------------------------------------------------------------
                                 -1.75   data required time
                                 -4.02   data arrival time
-----------------------------------------------------------------------------
                                  5.77   slack (MET)



worst slack corner Slowest: 4.8800
======================= Typical Corner ===================================

Startpoint: A[6] (input port clocked by __VIRTUAL_CLK__)
Endpoint: out[6] (output port clocked by __VIRTUAL_CLK__)
Path Group: __VIRTUAL_CLK__
Path Type: min
Corner: Typical

Fanout     Cap    Slew   Delay    Time   Description
-----------------------------------------------------------------------------
                  0.00    0.00    0.00   clock __VIRTUAL_CLK__ (rise edge)
                          0.00    0.00   clock network delay (ideal)
                          2.00    2.00 ^ input external delay
     1    0.01    0.04    0.03    2.03 ^ A[6] (in)
                                         A[6] (net)
                  0.04    0.00    2.03 ^ input7/A (sky130_fd_sc_hd__buf_8)
    10    0.14    0.23    0.21    2.23 ^ input7/X (sky130_fd_sc_hd__buf_8)
                                         net7 (net)
                  0.23    0.01    2.24 ^ _453_/A1 (sky130_fd_sc_hd__a22oi_4)
     1    0.06    0.14    0.19    2.43 v _453_/Y (sky130_fd_sc_hd__a22oi_4)
                                         net26 (net)
                  0.14    0.00    2.44 v output26/A (sky130_fd_sc_hd__buf_6)
     1    0.03    0.04    0.17    2.61 v output26/X (sky130_fd_sc_hd__buf_6)
                                         out[6] (net)
                  0.04    0.00    2.61 v out[6] (out)
                                  2.61   data arrival time

                  0.00    0.00    0.00   clock __VIRTUAL_CLK__ (rise edge)
                          0.00    0.00   clock network delay (ideal)
                          0.25    0.25   clock uncertainty
                          0.00    0.25   clock reconvergence pessimism
                         -2.00   -1.75   output external delay
                                 -1.75   data required time
-----------------------------------------------------------------------------
                                 -1.75   data required time
                                 -2.61   data arrival time
-----------------------------------------------------------------------------
                                  4.36   slack (MET)


Startpoint: A[5] (input port clocked by __VIRTUAL_CLK__)
Endpoint: out[5] (output port clocked by __VIRTUAL_CLK__)
Path Group: __VIRTUAL_CLK__
Path Type: min
Corner: Typical

Fanout     Cap    Slew   Delay    Time   Description
-----------------------------------------------------------------------------
                  0.00    0.00    0.00   clock __VIRTUAL_CLK__ (rise edge)
                          0.00    0.00   clock network delay (ideal)
                          2.00    2.00 ^ input external delay
     1    0.00    0.02    0.01    2.01 ^ A[5] (in)
                                         A[5] (net)
                  0.02    0.00    2.01 ^ input6/A (sky130_fd_sc_hd__buf_4)
     4    0.08    0.22    0.21    2.22 ^ input6/X (sky130_fd_sc_hd__buf_4)
                                         net6 (net)
                  0.22    0.01    2.23 ^ clone33/A (sky130_fd_sc_hd__clkbuf_16)
     5    0.07    0.09    0.21    2.44 ^ clone33/X (sky130_fd_sc_hd__clkbuf_16)
                                         net62 (net)
                  0.09    0.00    2.44 ^ _410_/A1 (sky130_fd_sc_hd__a21oi_4)
     1    0.04    0.09    0.10    2.54 v _410_/Y (sky130_fd_sc_hd__a21oi_4)
                                         net25 (net)
                  0.09    0.00    2.55 v output25/A (sky130_fd_sc_hd__buf_6)
     1    0.03    0.04    0.15    2.69 v output25/X (sky130_fd_sc_hd__buf_6)
                                         out[5] (net)
                  0.04    0.00    2.70 v out[5] (out)
                                  2.70   data arrival time

                  0.00    0.00    0.00   clock __VIRTUAL_CLK__ (rise edge)
                          0.00    0.00   clock network delay (ideal)
                          0.25    0.25   clock uncertainty
                          0.00    0.25   clock reconvergence pessimism
                         -2.00   -1.75   output external delay
                                 -1.75   data required time
-----------------------------------------------------------------------------
                                 -1.75   data required time
                                 -2.70   data arrival time
-----------------------------------------------------------------------------
                                  4.45   slack (MET)


Startpoint: A[7] (input port clocked by __VIRTUAL_CLK__)
Endpoint: out[7] (output port clocked by __VIRTUAL_CLK__)
Path Group: __VIRTUAL_CLK__
Path Type: min
Corner: Typical

Fanout     Cap    Slew   Delay    Time   Description
-----------------------------------------------------------------------------
                  0.00    0.00    0.00   clock __VIRTUAL_CLK__ (rise edge)
                          0.00    0.00   clock network delay (ideal)
                          2.00    2.00 v input external delay
     1    0.00    0.01    0.00    2.00 v A[7] (in)
                                         A[7] (net)
                  0.01    0.00    2.00 v input8/A (sky130_fd_sc_hd__buf_4)
     7    0.08    0.11    0.18    2.18 v input8/X (sky130_fd_sc_hd__buf_4)
                                         net8 (net)
                  0.11    0.00    2.19 v _502_/A (sky130_fd_sc_hd__inv_2)
     1    0.05    0.22    0.20    2.38 ^ _502_/Y (sky130_fd_sc_hd__inv_2)
                                         _179_ (net)
                  0.22    0.00    2.38 ^ _503_/B2 (sky130_fd_sc_hd__o32a_4)
     1    0.05    0.14    0.27    2.66 ^ _503_/X (sky130_fd_sc_hd__o32a_4)
                                         net27 (net)
                  0.14    0.00    2.66 ^ output27/A (sky130_fd_sc_hd__buf_8)
     1    0.03    0.07    0.14    2.79 ^ output27/X (sky130_fd_sc_hd__buf_8)
                                         out[7] (net)
                  0.07    0.00    2.79 ^ out[7] (out)
                                  2.79   data arrival time

                  0.00    0.00    0.00   clock __VIRTUAL_CLK__ (rise edge)
                          0.00    0.00   clock network delay (ideal)
                          0.25    0.25   clock uncertainty
                          0.00    0.25   clock reconvergence pessimism
                         -2.00   -1.75   output external delay
                                 -1.75   data required time
-----------------------------------------------------------------------------
                                 -1.75   data required time
                                 -2.79   data arrival time
-----------------------------------------------------------------------------
                                  4.54   slack (MET)


Startpoint: A[4] (input port clocked by __VIRTUAL_CLK__)
Endpoint: out[4] (output port clocked by __VIRTUAL_CLK__)
Path Group: __VIRTUAL_CLK__
Path Type: min
Corner: Typical

Fanout     Cap    Slew   Delay    Time   Description
-----------------------------------------------------------------------------
                  0.00    0.00    0.00   clock __VIRTUAL_CLK__ (rise edge)
                          0.00    0.00   clock network delay (ideal)
                          2.00    2.00 ^ input external delay
     1    0.00    0.02    0.01    2.01 ^ A[4] (in)
                                         A[4] (net)
                  0.02    0.00    2.01 ^ input5/A (sky130_fd_sc_hd__buf_4)
     4    0.06    0.16    0.18    2.19 ^ input5/X (sky130_fd_sc_hd__buf_4)
                                         net5 (net)
                  0.16    0.00    2.19 ^ _340_/A (sky130_fd_sc_hd__buf_8)
    10    0.11    0.18    0.22    2.41 ^ _340_/X (sky130_fd_sc_hd__buf_8)
                                         _019_ (net)
                  0.18    0.01    2.42 ^ _373_/A1_N (sky130_fd_sc_hd__o2bb2a_1)
     1    0.01    0.09    0.28    2.70 v _373_/X (sky130_fd_sc_hd__o2bb2a_1)
                                         net24 (net)
                  0.09    0.00    2.70 v output24/A (sky130_fd_sc_hd__buf_2)
     1    0.03    0.09    0.19    2.89 v output24/X (sky130_fd_sc_hd__buf_2)
                                         out[4] (net)
                  0.09    0.00    2.89 v out[4] (out)
                                  2.89   data arrival time

                  0.00    0.00    0.00   clock __VIRTUAL_CLK__ (rise edge)
                          0.00    0.00   clock network delay (ideal)
                          0.25    0.25   clock uncertainty
                          0.00    0.25   clock reconvergence pessimism
                         -2.00   -1.75   output external delay
                                 -1.75   data required time
-----------------------------------------------------------------------------
                                 -1.75   data required time
                                 -2.89   data arrival time
-----------------------------------------------------------------------------
                                  4.64   slack (MET)


Startpoint: A[0] (input port clocked by __VIRTUAL_CLK__)
Endpoint: out[0] (output port clocked by __VIRTUAL_CLK__)
Path Group: __VIRTUAL_CLK__
Path Type: min
Corner: Typical

Fanout     Cap    Slew   Delay    Time   Description
-----------------------------------------------------------------------------
                  0.00    0.00    0.00   clock __VIRTUAL_CLK__ (rise edge)
                          0.00    0.00   clock network delay (ideal)
                          2.00    2.00 v input external delay
     1    0.01    0.01    0.01    2.01 v A[0] (in)
                                         A[0] (net)
                  0.01    0.00    2.01 v input1/A (sky130_fd_sc_hd__buf_6)
     9    0.12    0.11    0.16    2.17 v input1/X (sky130_fd_sc_hd__buf_6)
                                         net1 (net)
                  0.11    0.01    2.18 v _248_/A (sky130_fd_sc_hd__clkbuf_8)
    11    0.12    0.13    0.23    2.41 v _248_/X (sky130_fd_sc_hd__clkbuf_8)
                                         _176_ (net)
                  0.13    0.02    2.43 v _262_/A1_N (sky130_fd_sc_hd__a2bb2o_1)
     1    0.00    0.06    0.28    2.71 ^ _262_/X (sky130_fd_sc_hd__a2bb2o_1)
                                         net20 (net)
                  0.06    0.00    2.71 ^ output20/A (sky130_fd_sc_hd__buf_2)
     1    0.03    0.17    0.19    2.90 ^ output20/X (sky130_fd_sc_hd__buf_2)
                                         out[0] (net)
                  0.17    0.00    2.90 ^ out[0] (out)
                                  2.90   data arrival time

                  0.00    0.00    0.00   clock __VIRTUAL_CLK__ (rise edge)
                          0.00    0.00   clock network delay (ideal)
                          0.25    0.25   clock uncertainty
                          0.00    0.25   clock reconvergence pessimism
                         -2.00   -1.75   output external delay
                                 -1.75   data required time
-----------------------------------------------------------------------------
                                 -1.75   data required time
                                 -2.90   data arrival time
-----------------------------------------------------------------------------
                                  4.65   slack (MET)


Startpoint: A[3] (input port clocked by __VIRTUAL_CLK__)
Endpoint: out[3] (output port clocked by __VIRTUAL_CLK__)
Path Group: __VIRTUAL_CLK__
Path Type: min
Corner: Typical

Fanout     Cap    Slew   Delay    Time   Description
-----------------------------------------------------------------------------
                  0.00    0.00    0.00   clock __VIRTUAL_CLK__ (rise edge)
                          0.00    0.00   clock network delay (ideal)
                          2.00    2.00 ^ input external delay
     1    0.01    0.03    0.02    2.02 ^ A[3] (in)
                                         A[3] (net)
                  0.03    0.00    2.02 ^ input4/A (sky130_fd_sc_hd__buf_6)
     8    0.10    0.20    0.19    2.21 ^ input4/X (sky130_fd_sc_hd__buf_6)
                                         net4 (net)
                  0.20    0.01    2.22 ^ _310_/A (sky130_fd_sc_hd__buf_12)
    10    0.12    0.15    0.20    2.42 ^ _310_/X (sky130_fd_sc_hd__buf_12)
                                         _238_ (net)
                  0.15    0.02    2.44 ^ _339_/A1_N (sky130_fd_sc_hd__o2bb2a_2)
     1    0.04    0.10    0.30    2.74 v _339_/X (sky130_fd_sc_hd__o2bb2a_2)
                                         net23 (net)
                  0.10    0.00    2.74 v output23/A (sky130_fd_sc_hd__buf_2)
     1    0.03    0.09    0.20    2.94 v output23/X (sky130_fd_sc_hd__buf_2)
                                         out[3] (net)
                  0.09    0.00    2.94 v out[3] (out)
                                  2.94   data arrival time

                  0.00    0.00    0.00   clock __VIRTUAL_CLK__ (rise edge)
                          0.00    0.00   clock network delay (ideal)
                          0.25    0.25   clock uncertainty
                          0.00    0.25   clock reconvergence pessimism
                         -2.00   -1.75   output external delay
                                 -1.75   data required time
-----------------------------------------------------------------------------
                                 -1.75   data required time
                                 -2.94   data arrival time
-----------------------------------------------------------------------------
                                  4.69   slack (MET)


Startpoint: A[2] (input port clocked by __VIRTUAL_CLK__)
Endpoint: out[2] (output port clocked by __VIRTUAL_CLK__)
Path Group: __VIRTUAL_CLK__
Path Type: min
Corner: Typical

Fanout     Cap    Slew   Delay    Time   Description
-----------------------------------------------------------------------------
                  0.00    0.00    0.00   clock __VIRTUAL_CLK__ (rise edge)
                          0.00    0.00   clock network delay (ideal)
                          2.00    2.00 v input external delay
     1    0.00    0.01    0.01    2.01 v A[2] (in)
                                         A[2] (net)
                  0.01    0.00    2.01 v input3/A (sky130_fd_sc_hd__buf_6)
     9    0.10    0.10    0.15    2.16 v input3/X (sky130_fd_sc_hd__buf_6)
                                         net3 (net)
                  0.10    0.02    2.18 v _288_/A (sky130_fd_sc_hd__clkbuf_8)
    11    0.12    0.13    0.23    2.41 v _288_/X (sky130_fd_sc_hd__clkbuf_8)
                                         _217_ (net)
                  0.13    0.01    2.42 v _309_/A1_N (sky130_fd_sc_hd__o2bb2a_1)
     1    0.02    0.18    0.36    2.77 ^ _309_/X (sky130_fd_sc_hd__o2bb2a_1)
                                         net22 (net)
                  0.18    0.00    2.77 ^ output22/A (sky130_fd_sc_hd__buf_2)
     1    0.03    0.17    0.23    3.00 ^ output22/X (sky130_fd_sc_hd__buf_2)
                                         out[2] (net)
                  0.17    0.00    3.00 ^ out[2] (out)
                                  3.00   data arrival time

                  0.00    0.00    0.00   clock __VIRTUAL_CLK__ (rise edge)
                          0.00    0.00   clock network delay (ideal)
                          0.25    0.25   clock uncertainty
                          0.00    0.25   clock reconvergence pessimism
                         -2.00   -1.75   output external delay
                                 -1.75   data required time
-----------------------------------------------------------------------------
                                 -1.75   data required time
                                 -3.00   data arrival time
-----------------------------------------------------------------------------
                                  4.75   slack (MET)


Startpoint: A[1] (input port clocked by __VIRTUAL_CLK__)
Endpoint: out[1] (output port clocked by __VIRTUAL_CLK__)
Path Group: __VIRTUAL_CLK__
Path Type: min
Corner: Typical

Fanout     Cap    Slew   Delay    Time   Description
-----------------------------------------------------------------------------
                  0.00    0.00    0.00   clock __VIRTUAL_CLK__ (rise edge)
                          0.00    0.00   clock network delay (ideal)
                          2.00    2.00 v input external delay
     1    0.01    0.02    0.01    2.01 v A[1] (in)
                                         A[1] (net)
                  0.02    0.00    2.01 v input2/A (sky130_fd_sc_hd__buf_8)
    10    0.11    0.09    0.15    2.16 v input2/X (sky130_fd_sc_hd__buf_8)
                                         net2 (net)
                  0.09    0.01    2.17 v _263_/A (sky130_fd_sc_hd__buf_4)
    10    0.11    0.14    0.24    2.41 v _263_/X (sky130_fd_sc_hd__buf_4)
                                         _193_ (net)
                  0.14    0.01    2.42 v _287_/A1_N (sky130_fd_sc_hd__o2bb2a_1)
     2    0.03    0.28    0.43    2.85 ^ _287_/X (sky130_fd_sc_hd__o2bb2a_1)
                                         net21 (net)
                  0.28    0.00    2.85 ^ output21/A (sky130_fd_sc_hd__buf_2)
     1    0.03    0.17    0.26    3.11 ^ output21/X (sky130_fd_sc_hd__buf_2)
                                         out[1] (net)
                  0.17    0.00    3.11 ^ out[1] (out)
                                  3.11   data arrival time

                  0.00    0.00    0.00   clock __VIRTUAL_CLK__ (rise edge)
                          0.00    0.00   clock network delay (ideal)
                          0.25    0.25   clock uncertainty
                          0.00    0.25   clock reconvergence pessimism
                         -2.00   -1.75   output external delay
                                 -1.75   data required time
-----------------------------------------------------------------------------
                                 -1.75   data required time
                                 -3.11   data arrival time
-----------------------------------------------------------------------------
                                  4.86   slack (MET)



worst slack corner Typical: 4.3596
