
===========================================================================
 report_power
============================================================================
======================= Fastest Corner ===================================

Group                  Internal  Switching    Leakage      Total
                          Power      Power      Power      Power (Watts)
----------------------------------------------------------------
Sequential             0.00e+00   0.00e+00   0.00e+00   0.00e+00   0.0%
Combinational          1.57e-04   4.22e-04   4.91e-09   5.79e-04 100.0%
Clock                 -9.78e-10   0.00e+00   2.47e-09   1.49e-09   0.0%
Macro                  0.00e+00   0.00e+00   0.00e+00   0.00e+00   0.0%
Pad                    0.00e+00   0.00e+00   0.00e+00   0.00e+00   0.0%
----------------------------------------------------------------
Total                  1.57e-04   4.22e-04   7.37e-09   5.79e-04 100.0%
                          27.1%      72.9%       0.0%

======================= Slowest Corner ===================================

Group                  Internal  Switching    Leakage      Total
                          Power      Power      Power      Power (Watts)
----------------------------------------------------------------
Sequential             0.00e+00   0.00e+00   0.00e+00   0.00e+00   0.0%
Combinational          1.13e-04   2.83e-04   2.20e-06   3.98e-04 100.0%
Clock                 -4.18e-10   0.00e+00   2.51e-09   2.09e-09   0.0%
Macro                  0.00e+00   0.00e+00   0.00e+00   0.00e+00   0.0%
Pad                    0.00e+00   0.00e+00   0.00e+00   0.00e+00   0.0%
----------------------------------------------------------------
Total                  1.13e-04   2.83e-04   2.20e-06   3.98e-04 100.0%
                          28.3%      71.1%       0.6%

======================= Typical Corner ===================================

Group                  Internal  Switching    Leakage      Total
                          Power      Power      Power      Power (Watts)
----------------------------------------------------------------
Sequential             0.00e+00   0.00e+00   0.00e+00   0.00e+00   0.0%
Combinational          1.42e-04   3.59e-04   1.61e-09   5.00e-04 100.0%
Clock                 -1.99e-10   0.00e+00   2.47e-09   2.27e-09   0.0%
Macro                  0.00e+00   0.00e+00   0.00e+00   0.00e+00   0.0%
Pad                    0.00e+00   0.00e+00   0.00e+00   0.00e+00   0.0%
----------------------------------------------------------------
Total                  1.42e-04   3.59e-04   4.08e-09   5.00e-04 100.0%
                          28.3%      71.7%       0.0%

