
===========================================================================
 report_power
============================================================================
======================= Fastest Corner ===================================

Group                  Internal  Switching    Leakage      Total
                          Power      Power      Power      Power (Watts)
----------------------------------------------------------------
Sequential             8.55e-04   0.00e+00   6.50e-08   8.56e-04  60.5%
Combinational          5.20e-07   1.36e-06   8.59e-09   1.89e-06   0.1%
Clock                  2.43e-04   3.14e-04   4.02e-09   5.57e-04  39.4%
Macro                  0.00e+00   0.00e+00   0.00e+00   0.00e+00   0.0%
Pad                    0.00e+00   0.00e+00   0.00e+00   0.00e+00   0.0%
----------------------------------------------------------------
Total                  1.10e-03   3.15e-04   7.76e-08   1.41e-03 100.0%
                          77.7%      22.3%       0.0%

======================= Slowest Corner ===================================

Group                  Internal  Switching    Leakage      Total
                          Power      Power      Power      Power (Watts)
----------------------------------------------------------------
Sequential             5.69e-04   0.00e+00   3.69e-06   5.73e-04  59.8%
Combinational          3.68e-07   8.99e-07   8.00e-06   9.27e-06   1.0%
Clock                  1.75e-04   2.00e-04   2.90e-07   3.76e-04  39.2%
Macro                  0.00e+00   0.00e+00   0.00e+00   0.00e+00   0.0%
Pad                    0.00e+00   0.00e+00   0.00e+00   0.00e+00   0.0%
----------------------------------------------------------------
Total                  7.44e-04   2.01e-04   1.20e-05   9.58e-04 100.0%
                          77.7%      21.0%       1.3%

======================= Typical Corner ===================================

Group                  Internal  Switching    Leakage      Total
                          Power      Power      Power      Power (Watts)
----------------------------------------------------------------
Sequential             7.36e-04   0.00e+00   6.32e-08   7.36e-04  60.6%
Combinational          4.49e-07   1.15e-06   5.88e-09   1.61e-06   0.1%
Clock                  2.13e-04   2.64e-04   3.34e-09   4.76e-04  39.2%
Macro                  0.00e+00   0.00e+00   0.00e+00   0.00e+00   0.0%
Pad                    0.00e+00   0.00e+00   0.00e+00   0.00e+00   0.0%
----------------------------------------------------------------
Total                  9.50e-04   2.65e-04   7.24e-08   1.21e-03 100.0%
                          78.2%      21.8%       0.0%

