OpenROAD b16bda7e82721d10566ff7e2b68f1ff0be9f9e38 
Features included (+) or not (-): +Charts +GPU +GUI +Python
This program is licensed under the BSD-3 license. See the LICENSE file for details.
Components of this program may be licensed under more restrictive licenses which must be honored.
define_corners Typical
read_liberty -corner Typical /root/.volare/sky130A/libs.ref/sky130_fd_sc_hd/lib/sky130_fd_sc_hd__tt_025C_1v80.lib
Using 1e-12 for capacitance...
Using 1e+03 for resistance...
Using 1e-09 for time...
Using 1e+00 for voltage...
Using 1e-03 for current...
Using 1e-09 for power...
Using 1e-06 for distance...
[INFO]: Reading ODB at '/openlane/designs/semi_cpu/runs/RUN_2025.06.07_09.36.33/tmp/17-Main.odb'…
Reading design constraints file at '/openlane/designs/semi_cpu/src/semi_cpu.sdc'…
[INFO]: Setting signal min routing layer to: met1 and clock min routing layer to met3. 
[INFO]: Setting signal max routing layer to: met5 and clock max routing layer to met5. 
-congestion_iterations 50 -verbose -congestion_report_file /openlane/designs/semi_cpu/runs/RUN_2025.06.07_09.36.33/tmp/routing/groute-congestion.rpt
[INFO GRT-0020] Min routing layer: met1
[INFO GRT-0021] Max routing layer: met5
[INFO GRT-0022] Global adjustment: 30%
[INFO GRT-0023] Grid origin: (0, 0)
[INFO GRT-0043] No OR_DEFAULT vias defined.
[INFO GRT-0088] Layer li1     Track-Pitch = 0.4600  line-2-Via Pitch: 0.3400
[INFO GRT-0088] Layer met1    Track-Pitch = 0.3400  line-2-Via Pitch: 0.3400
[INFO GRT-0088] Layer met2    Track-Pitch = 0.4600  line-2-Via Pitch: 0.3500
[INFO GRT-0088] Layer met3    Track-Pitch = 0.6800  line-2-Via Pitch: 0.6150
[INFO GRT-0088] Layer met4    Track-Pitch = 0.9200  line-2-Via Pitch: 1.0400
[INFO GRT-0088] Layer met5    Track-Pitch = 3.4000  line-2-Via Pitch: 3.1100
[INFO GRT-0019] Found 18 clock nets.
[INFO GRT-0001] Minimum degree: 2
[INFO GRT-0002] Maximum degree: 54
[INFO GRT-0003] Macros: 0
[INFO GRT-0043] No OR_DEFAULT vias defined.
[INFO GRT-0004] Blockages: 3700

[INFO GRT-0053] Routing resources analysis:
          Routing      Original      Derated      Resource
Layer     Direction    Resources     Resources    Reduction (%)
---------------------------------------------------------------
li1        Vertical            0             0          0.00%
met1       Horizontal      15788          7600          51.86%
met2       Vertical        11963          7591          36.55%
met3       Horizontal       7894          5259          33.38%
met4       Vertical         4826          2749          43.04%
met5       Horizontal       1565           682          56.42%
---------------------------------------------------------------

[INFO GRT-0197] Via related to pin nodes: 11364
[INFO GRT-0198] Via related Steiner nodes: 249
[INFO GRT-0199] Via filling finished.
[INFO GRT-0111] Final number of vias: 14157
[INFO GRT-0112] Final usage 3D: 49858

[INFO GRT-0096] Final congestion report:
Layer         Resource        Demand        Usage (%)    Max H / Max V / Total Overflow
---------------------------------------------------------------------------------------
li1                  0             0            0.00%             0 /  0 /  0
met1              7600          2938           38.66%             0 /  0 /  0
met2              7591          3911           51.52%             0 /  0 /  0
met3              5259           124            2.36%             0 /  0 /  0
met4              2749           414           15.06%             0 /  0 /  0
met5               682             0            0.00%             0 /  0 /  0
---------------------------------------------------------------------------------------
Total            23881          7387           30.93%             0 /  0 /  0

[INFO GRT-0018] Total wirelength: 81509 um
[INFO GRT-0014] Routed nets: 2071
[INFO GRT-0006] Repairing antennas, iteration 1.
[INFO GRT-0043] No OR_DEFAULT vias defined.
[INFO GRT-0012] Found 1 antenna violations.
[INFO GRT-0015] Inserted 1 diodes.
[INFO GRT-0009] rerouting 1569 nets.
[INFO GRT-0001] Minimum degree: 2
[INFO GRT-0002] Maximum degree: 54
[INFO GRT-0006] Repairing antennas, iteration 2.
[INFO GRT-0043] No OR_DEFAULT vias defined.
[INFO GRT-0012] Found 1 antenna violations.
[INFO GRT-0015] Inserted 1 diodes.
[INFO GRT-0009] rerouting 1 nets.
[INFO GRT-0001] Minimum degree: 3
[INFO GRT-0002] Maximum degree: 3
[INFO GRT-0006] Repairing antennas, iteration 3.
[INFO GRT-0043] No OR_DEFAULT vias defined.
[INFO GRT-0012] Found 0 antenna violations.
Placement Analysis
---------------------------------
total displacement          0.0 u
average displacement        0.0 u
max displacement            0.0 u
original HPWL           47915.0 u
legalized HPWL          47915.0 u
delta HPWL                    0 %

[INFO DPL-0020] Mirrored 896 instances
[INFO DPL-0021] HPWL before           47915.0 u
[INFO DPL-0022] HPWL after            46440.1 u
[INFO DPL-0023] HPWL delta               -3.1 %
[INFO]: Setting signal min routing layer to: met1 and clock min routing layer to met3. 
[INFO]: Setting signal max routing layer to: met5 and clock max routing layer to met5. 
-congestion_iterations 50 -verbose -congestion_report_file /openlane/designs/semi_cpu/runs/RUN_2025.06.07_09.36.33/tmp/routing/groute-congestion.rpt
[INFO GRT-0020] Min routing layer: met1
[INFO GRT-0021] Max routing layer: met5
[INFO GRT-0022] Global adjustment: 30%
[INFO GRT-0023] Grid origin: (0, 0)
[INFO GRT-0043] No OR_DEFAULT vias defined.
[INFO GRT-0088] Layer li1     Track-Pitch = 0.4600  line-2-Via Pitch: 0.3400
[INFO GRT-0088] Layer met1    Track-Pitch = 0.3400  line-2-Via Pitch: 0.3400
[INFO GRT-0088] Layer met2    Track-Pitch = 0.4600  line-2-Via Pitch: 0.3500
[INFO GRT-0088] Layer met3    Track-Pitch = 0.6800  line-2-Via Pitch: 0.6150
[INFO GRT-0088] Layer met4    Track-Pitch = 0.9200  line-2-Via Pitch: 1.0400
[INFO GRT-0088] Layer met5    Track-Pitch = 3.4000  line-2-Via Pitch: 3.1100
[INFO GRT-0019] Found 18 clock nets.
[INFO GRT-0001] Minimum degree: 2
[INFO GRT-0002] Maximum degree: 54
[INFO GRT-0003] Macros: 0
[INFO GRT-0043] No OR_DEFAULT vias defined.
[INFO GRT-0004] Blockages: 3700

[INFO GRT-0053] Routing resources analysis:
          Routing      Original      Derated      Resource
Layer     Direction    Resources     Resources    Reduction (%)
---------------------------------------------------------------
li1        Vertical            0             0          0.00%
met1       Horizontal      15788          7600          51.86%
met2       Vertical        11963          7591          36.55%
met3       Horizontal       7894          5259          33.38%
met4       Vertical         4826          2749          43.04%
met5       Horizontal       1565           682          56.42%
---------------------------------------------------------------

[INFO GRT-0197] Via related to pin nodes: 11369
[INFO GRT-0198] Via related Steiner nodes: 249
[INFO GRT-0199] Via filling finished.
[INFO GRT-0111] Final number of vias: 14166
[INFO GRT-0112] Final usage 3D: 49887

[INFO GRT-0096] Final congestion report:
Layer         Resource        Demand        Usage (%)    Max H / Max V / Total Overflow
---------------------------------------------------------------------------------------
li1                  0             0            0.00%             0 /  0 /  0
met1              7600          2929           38.54%             0 /  0 /  0
met2              7591          3912           51.53%             0 /  0 /  0
met3              5259           134            2.55%             0 /  0 /  0
met4              2749           414           15.06%             0 /  0 /  0
met5               682             0            0.00%             0 /  0 /  0
---------------------------------------------------------------------------------------
Total            23881          7389           30.94%             0 /  0 /  0

[INFO GRT-0018] Total wirelength: 81537 um
[INFO GRT-0014] Routed nets: 2071
Setting global connections for newly added cells…
Writing OpenROAD database to '/openlane/designs/semi_cpu/runs/RUN_2025.06.07_09.36.33/tmp/routing/19-global.odb'…
Writing layout to '/openlane/designs/semi_cpu/runs/RUN_2025.06.07_09.36.33/tmp/routing/19-global.def'…
Writing routing guides to '/openlane/designs/semi_cpu/runs/RUN_2025.06.07_09.36.33/tmp/routing/19-global.guide'…
