Wed Apr 23 14:11:47 +0000 2025 - Executing "{openroad -exit -no_init -python /openlane/scripts/odbpy/lefutil.py get_metal_layers -o /openlane/designs/twos_complementer/runs/RUN_2025.04.23_14.11.45/tmp/layers.list /root/.volare/sky130A/libs.ref/sky130_fd_sc_hd/techlef/sky130_fd_sc_hd__nom.tlef}"

Wed Apr 23 14:11:52 +0000 2025 - Executing "{/openlane/scripts/mergeLef.py -o /openlane/designs/twos_complementer/runs/RUN_2025.04.23_14.11.45/tmp/merged.nom.lef -i /root/.volare/sky130A/libs.ref/sky130_fd_sc_hd/techlef/sky130_fd_sc_hd__nom.tlef {/root/.volare/sky130A/libs.ref/sky130_fd_sc_hd/lef/sky130_ef_sc_hd.lef /root/.volare/sky130A/libs.ref/sky130_fd_sc_hd/lef/sky130_fd_sc_hd.lef} |& tee /dev/null}"

Wed Apr 23 14:11:52 +0000 2025 - Executing "{/openlane/scripts/mergeLef.py -o /openlane/designs/twos_complementer/runs/RUN_2025.04.23_14.11.45/tmp/merged.min.lef -i /root/.volare/sky130A/libs.ref/sky130_fd_sc_hd/techlef/sky130_fd_sc_hd__min.tlef {/root/.volare/sky130A/libs.ref/sky130_fd_sc_hd/lef/sky130_ef_sc_hd.lef /root/.volare/sky130A/libs.ref/sky130_fd_sc_hd/lef/sky130_fd_sc_hd.lef} |& tee /dev/null}"

Wed Apr 23 14:11:53 +0000 2025 - Executing "{/openlane/scripts/mergeLef.py -o /openlane/designs/twos_complementer/runs/RUN_2025.04.23_14.11.45/tmp/merged.max.lef -i /root/.volare/sky130A/libs.ref/sky130_fd_sc_hd/techlef/sky130_fd_sc_hd__max.tlef {/root/.volare/sky130A/libs.ref/sky130_fd_sc_hd/lef/sky130_ef_sc_hd.lef /root/.volare/sky130A/libs.ref/sky130_fd_sc_hd/lef/sky130_fd_sc_hd.lef} |& tee /dev/null}"

Wed Apr 23 14:11:53 +0000 2025 - Executing "{python3 /openlane/scripts/mergeLib.py --output /openlane/designs/twos_complementer/runs/RUN_2025.04.23_14.11.45/tmp/synthesis/merged.lib --name sky130A_merged /root/.volare/sky130A/libs.ref/sky130_fd_sc_hd/lib/sky130_fd_sc_hd__tt_025C_1v80.lib}"

Wed Apr 23 14:11:54 +0000 2025 - Executing "{python3 /openlane/scripts/libtrim.py --cell-file /openlane/designs/twos_complementer/runs/RUN_2025.04.23_14.11.45/tmp/synthesis/trimmed.lib.exclude.list --output /openlane/designs/twos_complementer/runs/RUN_2025.04.23_14.11.45/tmp/synthesis/trimmed.lib /openlane/designs/twos_complementer/runs/RUN_2025.04.23_14.11.45/tmp/synthesis/merged.lib}"

Wed Apr 23 14:11:55 +0000 2025 - Executing "{python3 /openlane/scripts/libtrim.py --cell-file /openlane/designs/twos_complementer/runs/RUN_2025.04.23_14.11.45/tmp/cts/cts.lib.exclude.list --output /openlane/designs/twos_complementer/runs/RUN_2025.04.23_14.11.45/tmp/cts/cts.lib /root/.volare/sky130A/libs.ref/sky130_fd_sc_hd/lib/sky130_fd_sc_hd__tt_025C_1v80.lib}"

Wed Apr 23 14:11:55 +0000 2025 - Executing "{python3 /openlane/scripts/libtrim.py --cell-file /openlane/designs/twos_complementer/runs/RUN_2025.04.23_14.11.45/tmp/cts/cts-fastest.lib.exclude.list --output /openlane/designs/twos_complementer/runs/RUN_2025.04.23_14.11.45/tmp/cts/cts-fastest.lib /root/.volare/sky130A/libs.ref/sky130_fd_sc_hd/lib/sky130_fd_sc_hd__ff_n40C_1v95.lib}"

Wed Apr 23 14:11:59 +0000 2025 - Executing "{python3 /openlane/scripts/libtrim.py --cell-file /openlane/designs/twos_complementer/runs/RUN_2025.04.23_14.11.45/tmp/cts/cts-slowest.lib.exclude.list --output /openlane/designs/twos_complementer/runs/RUN_2025.04.23_14.11.45/tmp/cts/cts-slowest.lib /root/.volare/sky130A/libs.ref/sky130_fd_sc_hd/lib/sky130_fd_sc_hd__ss_100C_1v60.lib}"

Wed Apr 23 14:12:00 +0000 2025 - Executing "{python3 /openlane/scripts/new_tracks.py -i /root/.volare/sky130A/libs.tech/openlane/sky130_fd_sc_hd/tracks.info -o /openlane/designs/twos_complementer/runs/RUN_2025.04.23_14.11.45/tmp/routing/config.tracks}"

Wed Apr 23 14:12:01 +0000 2025 - Executing "{echo {OpenLane e73fb3c57e687a0023fcd4dcfd1566ecd478362a} > /openlane/designs/twos_complementer/runs/RUN_2025.04.23_14.11.45/OPENLANE_COMMIT}"

Wed Apr 23 14:12:01 +0000 2025 - Executing "{yosys -c /openlane/scripts/yosys/blackbox.tcl}"

Wed Apr 23 14:12:03 +0000 2025 - Executing "{verilator -Wall --lint-only --Wno-DECLFILENAME --top-module TwosComplementer /openlane/designs/twos_complementer/runs/RUN_2025.04.23_14.11.45/tmp/synthesis/blackbox/sky130_fd_sc_hd__blackbox.v /openlane/designs/twos_complementer/src/TwosComplementer.v -Wno-fatal --relative-includes |& tee /openlane/designs/twos_complementer/runs/RUN_2025.04.23_14.11.45/logs/synthesis/linter.log /dev/null}"

Wed Apr 23 14:12:04 +0000 2025 - Executing "{sed -E {s/^([[:space:]]+)pg_pin(.*)/\1pin\2\n\1    direction : "inout";/g} /root/.volare/sky130A/libs.ref/sky130_fd_sc_hd/lib/sky130_fd_sc_hd__tt_025C_1v80.lib > /openlane/designs/twos_complementer/runs/RUN_2025.04.23_14.11.45/tmp/synthesis/1-sky130_fd_sc_hd__tt_025C_1v80.no_pg.lib}"

Wed Apr 23 14:12:04 +0000 2025 - Executing "{sed -E {s/^([[:space:]]+)pg_pin(.*)/\1pin\2\n\1    direction : "inout";/g} /openlane/designs/twos_complementer/runs/RUN_2025.04.23_14.11.45/tmp/synthesis/trimmed.lib > /openlane/designs/twos_complementer/runs/RUN_2025.04.23_14.11.45/tmp/synthesis/1-trimmed.no_pg.lib}"

Wed Apr 23 14:12:04 +0000 2025 - Executing "yosys -c /openlane/scripts/yosys/synth.tcl |& tee /dev/null /openlane/designs/twos_complementer/runs/RUN_2025.04.23_14.11.45/logs/synthesis/1-synthesis.log"

Wed Apr 23 14:12:05 +0000 2025 - Executing "{yosys -c /openlane/scripts/yosys/synth.tcl |& tee /dev/null /openlane/designs/twos_complementer/runs/RUN_2025.04.23_14.11.45/logs/synthesis/1-synthesis.log}"

Wed Apr 23 14:12:09 +0000 2025 - Executing "{sed -i.bak -e {s/\(set ::env(CURRENT_NETLIST)\).*/\1 \/openlane\/designs\/twos_complementer\/runs\/RUN_2025.04.23_14.11.45\/results\/synthesis\/TwosComplementer.v/} /openlane/designs/twos_complementer/runs/RUN_2025.04.23_14.11.45/config.tcl}"

Wed Apr 23 14:12:09 +0000 2025 - Executing "{sed -i.bak /defparam/d /openlane/designs/twos_complementer/runs/RUN_2025.04.23_14.11.45/results/synthesis/TwosComplementer.v}"

Wed Apr 23 14:12:10 +0000 2025 - Executing "sta -exit -no_init /openlane/scripts/openroad/sta/multi_corner.tcl |& tee /dev/null /openlane/designs/twos_complementer/runs/RUN_2025.04.23_14.11.45/logs/synthesis/2-sta.log"

Wed Apr 23 14:12:10 +0000 2025 - Executing "{sta -exit -no_init /openlane/scripts/openroad/sta/multi_corner.tcl |& tee /dev/null /openlane/designs/twos_complementer/runs/RUN_2025.04.23_14.11.45/logs/synthesis/2-sta.log}"

Wed Apr 23 14:12:13 +0000 2025 - Executing "openroad -exit /openlane/scripts/openroad/floorplan.tcl |& tee /dev/null /openlane/designs/twos_complementer/runs/RUN_2025.04.23_14.11.45/logs/floorplan/3-initial_fp.log"

Wed Apr 23 14:12:13 +0000 2025 - Executing "{openroad -exit /openlane/scripts/openroad/floorplan.tcl |& tee /dev/null /openlane/designs/twos_complementer/runs/RUN_2025.04.23_14.11.45/logs/floorplan/3-initial_fp.log}"

Wed Apr 23 14:12:17 +0000 2025 - Executing "{openroad -exit -no_init -python /openlane/scripts/odbpy/defutil.py extract_core_dims --output-data /openlane/designs/twos_complementer/runs/RUN_2025.04.23_14.11.45/tmp/dimensions.txt --input-lef /openlane/designs/twos_complementer/runs/RUN_2025.04.23_14.11.45/tmp/merged.nom.lef /openlane/designs/twos_complementer/runs/RUN_2025.04.23_14.11.45/tmp/floorplan/3-initial_fp.def}"

Wed Apr 23 14:12:19 +0000 2025 - Executing "{openroad -exit -no_init -python /openlane/scripts/odbpy/io_place.py --config /openlane/designs/twos_complementer/pin_order.cfg --hor-layer met3 --ver-layer met2 --ver-width-mult 2 --hor-width-mult 2 --hor-extension 0 --ver-extension 0 --length 4 --unmatched-error --input-lef /openlane/designs/twos_complementer/runs/RUN_2025.04.23_14.11.45/tmp/merged.nom.lef --output-def /openlane/designs/twos_complementer/runs/RUN_2025.04.23_14.11.45/tmp/floorplan/4-io.def --output /openlane/designs/twos_complementer/runs/RUN_2025.04.23_14.11.45/tmp/floorplan/4-io.odb /openlane/designs/twos_complementer/runs/RUN_2025.04.23_14.11.45/tmp/floorplan/3-initial_fp.odb |& tee /dev/null /openlane/designs/twos_complementer/runs/RUN_2025.04.23_14.11.45/logs/floorplan/4-place_io.log}"

Wed Apr 23 14:12:22 +0000 2025 - Executing "openroad -exit /openlane/scripts/openroad/tapcell.tcl |& tee /dev/null /openlane/designs/twos_complementer/runs/RUN_2025.04.23_14.11.45/logs/floorplan/5-tap.log"

Wed Apr 23 14:12:22 +0000 2025 - Executing "{openroad -exit /openlane/scripts/openroad/tapcell.tcl |& tee /dev/null /openlane/designs/twos_complementer/runs/RUN_2025.04.23_14.11.45/logs/floorplan/5-tap.log}"

Wed Apr 23 14:12:23 +0000 2025 - Executing "openroad -exit /openlane/scripts/openroad/pdn.tcl |& tee /dev/null /openlane/designs/twos_complementer/runs/RUN_2025.04.23_14.11.45/logs/floorplan/6-pdn.log"

Wed Apr 23 14:12:24 +0000 2025 - Executing "{openroad -exit /openlane/scripts/openroad/pdn.tcl |& tee /dev/null /openlane/designs/twos_complementer/runs/RUN_2025.04.23_14.11.45/logs/floorplan/6-pdn.log}"

Wed Apr 23 14:12:27 +0000 2025 - Executing "{openroad -exit -no_init -python /openlane/scripts/odbpy/random_place.py --input-lef /openlane/designs/twos_complementer/runs/RUN_2025.04.23_14.11.45/tmp/merged.nom.lef --output-def /openlane/designs/twos_complementer/runs/RUN_2025.04.23_14.11.45/tmp/placement/7-global.def --output /openlane/designs/twos_complementer/runs/RUN_2025.04.23_14.11.45/tmp/placement/7-global.odb /openlane/designs/twos_complementer/runs/RUN_2025.04.23_14.11.45/results/floorplan/TwosComplementer.odb |& tee /dev/null /openlane/designs/twos_complementer/runs/RUN_2025.04.23_14.11.45/logs/placement/7-global.log}"

Wed Apr 23 14:12:28 +0000 2025 - Executing "openroad -exit /openlane/scripts/openroad/resizer.tcl |& tee /dev/null /openlane/designs/twos_complementer/runs/RUN_2025.04.23_14.11.45/logs/placement/8-resizer.log"

Wed Apr 23 14:12:28 +0000 2025 - Executing "{openroad -exit /openlane/scripts/openroad/resizer.tcl |& tee /dev/null /openlane/designs/twos_complementer/runs/RUN_2025.04.23_14.11.45/logs/placement/8-resizer.log}"

Wed Apr 23 14:12:36 +0000 2025 - Executing "{sed -i.bak -e {s/\(set ::env(CURRENT_NETLIST)\).*/\1 \/openlane\/designs\/twos_complementer\/runs\/RUN_2025.04.23_14.11.45\/tmp\/placement\/8-resizer.nl.v/} /openlane/designs/twos_complementer/runs/RUN_2025.04.23_14.11.45/config.tcl}"

Wed Apr 23 14:12:36 +0000 2025 - Executing "openroad -exit /openlane/scripts/openroad/dpl.tcl |& tee /dev/null /openlane/designs/twos_complementer/runs/RUN_2025.04.23_14.11.45/logs/placement/9-detailed.log"

Wed Apr 23 14:12:36 +0000 2025 - Executing "{openroad -exit /openlane/scripts/openroad/dpl.tcl |& tee /dev/null /openlane/designs/twos_complementer/runs/RUN_2025.04.23_14.11.45/logs/placement/9-detailed.log}"

Wed Apr 23 14:12:38 +0000 2025 - Executing "{sed -i.bak -e {s/\(set ::env(CURRENT_NETLIST)\).*/\1 \/openlane\/designs\/twos_complementer\/runs\/RUN_2025.04.23_14.11.45\/results\/placement\/TwosComplementer.nl.v/} /openlane/designs/twos_complementer/runs/RUN_2025.04.23_14.11.45/config.tcl}"

Wed Apr 23 14:12:39 +0000 2025 - Executing "openroad -exit /openlane/scripts/openroad/sta/multi_corner.tcl |& tee /dev/null /openlane/designs/twos_complementer/runs/RUN_2025.04.23_14.11.45/logs/placement/10-dpl_sta.log"

Wed Apr 23 14:12:39 +0000 2025 - Executing "{openroad -exit /openlane/scripts/openroad/sta/multi_corner.tcl |& tee /dev/null /openlane/designs/twos_complementer/runs/RUN_2025.04.23_14.11.45/logs/placement/10-dpl_sta.log}"

Wed Apr 23 14:12:42 +0000 2025 - Executing "openroad -exit /openlane/scripts/openroad/cts.tcl |& tee /dev/null /openlane/designs/twos_complementer/runs/RUN_2025.04.23_14.11.45/logs/cts/11-cts.log"

Wed Apr 23 14:12:42 +0000 2025 - Executing "{openroad -exit /openlane/scripts/openroad/cts.tcl |& tee /dev/null /openlane/designs/twos_complementer/runs/RUN_2025.04.23_14.11.45/logs/cts/11-cts.log}"

Wed Apr 23 14:13:24 +0000 2025 - Executing "openroad -exit /openlane/scripts/openroad/sta/multi_corner.tcl |& tee /dev/null /openlane/designs/twos_complementer/runs/RUN_2025.04.23_14.11.45/logs/cts/12-cts_sta.log"

Wed Apr 23 14:13:24 +0000 2025 - Executing "{openroad -exit /openlane/scripts/openroad/sta/multi_corner.tcl |& tee /dev/null /openlane/designs/twos_complementer/runs/RUN_2025.04.23_14.11.45/logs/cts/12-cts_sta.log}"

Wed Apr 23 14:13:27 +0000 2025 - Executing "openroad -exit /openlane/scripts/openroad/resizer_timing.tcl |& tee /dev/null /openlane/designs/twos_complementer/runs/RUN_2025.04.23_14.11.45/logs/cts/13-resizer.log"

Wed Apr 23 14:13:27 +0000 2025 - Executing "{openroad -exit /openlane/scripts/openroad/resizer_timing.tcl |& tee /dev/null /openlane/designs/twos_complementer/runs/RUN_2025.04.23_14.11.45/logs/cts/13-resizer.log}"

Wed Apr 23 14:13:34 +0000 2025 - Executing "{sed -i.bak -e {s/\(set ::env(CURRENT_NETLIST)\).*/\1 \/openlane\/designs\/twos_complementer\/runs\/RUN_2025.04.23_14.11.45\/tmp\/cts\/13-TwosComplementer.resized.nl.v/} /openlane/designs/twos_complementer/runs/RUN_2025.04.23_14.11.45/config.tcl}"

Wed Apr 23 14:13:35 +0000 2025 - Executing "openroad -exit /openlane/scripts/openroad/resizer_routing_design.tcl |& tee /dev/null /openlane/designs/twos_complementer/runs/RUN_2025.04.23_14.11.45/logs/routing/14-resizer_design.log"

Wed Apr 23 14:13:35 +0000 2025 - Executing "{openroad -exit /openlane/scripts/openroad/resizer_routing_design.tcl |& tee /dev/null /openlane/designs/twos_complementer/runs/RUN_2025.04.23_14.11.45/logs/routing/14-resizer_design.log}"

Wed Apr 23 14:13:45 +0000 2025 - Executing "{sed -i.bak -e {s/\(set ::env(CURRENT_NETLIST)\).*/\1 \/openlane\/designs\/twos_complementer\/runs\/RUN_2025.04.23_14.11.45\/tmp\/14-TwosComplementer.nl.v/} /openlane/designs/twos_complementer/runs/RUN_2025.04.23_14.11.45/config.tcl}"

Wed Apr 23 14:13:46 +0000 2025 - Executing "openroad -exit /openlane/scripts/openroad/sta/multi_corner.tcl |& tee /dev/null /openlane/designs/twos_complementer/runs/RUN_2025.04.23_14.11.45/logs/routing/15-rsz_design_sta.log"

Wed Apr 23 14:13:46 +0000 2025 - Executing "{openroad -exit /openlane/scripts/openroad/sta/multi_corner.tcl |& tee /dev/null /openlane/designs/twos_complementer/runs/RUN_2025.04.23_14.11.45/logs/routing/15-rsz_design_sta.log}"

Wed Apr 23 14:13:49 +0000 2025 - Executing "openroad -exit /openlane/scripts/openroad/resizer_routing_timing.tcl |& tee /dev/null /openlane/designs/twos_complementer/runs/RUN_2025.04.23_14.11.45/logs/routing/16-resizer_timing.log"

Wed Apr 23 14:13:49 +0000 2025 - Executing "{openroad -exit /openlane/scripts/openroad/resizer_routing_timing.tcl |& tee /dev/null /openlane/designs/twos_complementer/runs/RUN_2025.04.23_14.11.45/logs/routing/16-resizer_timing.log}"

Wed Apr 23 14:13:55 +0000 2025 - Executing "{sed -i.bak -e {s/\(set ::env(CURRENT_NETLIST)\).*/\1 \/openlane\/designs\/twos_complementer\/runs\/RUN_2025.04.23_14.11.45\/tmp\/16-TwosComplementer.nl.v/} /openlane/designs/twos_complementer/runs/RUN_2025.04.23_14.11.45/config.tcl}"

Wed Apr 23 14:13:55 +0000 2025 - Executing "openroad -exit /openlane/scripts/openroad/sta/multi_corner.tcl |& tee /dev/null /openlane/designs/twos_complementer/runs/RUN_2025.04.23_14.11.45/logs/routing/17-rsz_timing_sta.log"

Wed Apr 23 14:13:55 +0000 2025 - Executing "{openroad -exit /openlane/scripts/openroad/sta/multi_corner.tcl |& tee /dev/null /openlane/designs/twos_complementer/runs/RUN_2025.04.23_14.11.45/logs/routing/17-rsz_timing_sta.log}"

Wed Apr 23 14:13:57 +0000 2025 - Executing "openroad -exit /openlane/scripts/openroad/repair_antennas.tcl |& tee /dev/null /openlane/designs/twos_complementer/runs/RUN_2025.04.23_14.11.45/logs/routing/18-global.log"

Wed Apr 23 14:13:57 +0000 2025 - Executing "{openroad -exit /openlane/scripts/openroad/repair_antennas.tcl |& tee /dev/null /openlane/designs/twos_complementer/runs/RUN_2025.04.23_14.11.45/logs/routing/18-global.log}"

Wed Apr 23 14:14:00 +0000 2025 - Executing "openroad -exit /openlane/scripts/openroad/write_views.tcl |& tee /dev/null /openlane/designs/twos_complementer/runs/RUN_2025.04.23_14.11.45/logs/routing/18-global_write_netlist.log"

Wed Apr 23 14:14:00 +0000 2025 - Executing "{openroad -exit /openlane/scripts/openroad/write_views.tcl |& tee /dev/null /openlane/designs/twos_complementer/runs/RUN_2025.04.23_14.11.45/logs/routing/18-global_write_netlist.log}"

Wed Apr 23 14:14:02 +0000 2025 - Executing "{sed -i.bak -e {s/\(set ::env(CURRENT_NETLIST)\).*/\1 \/openlane\/designs\/twos_complementer\/runs\/RUN_2025.04.23_14.11.45\/tmp\/routing\/global.nl.v/} /openlane/designs/twos_complementer/runs/RUN_2025.04.23_14.11.45/config.tcl}"

Wed Apr 23 14:14:03 +0000 2025 - Executing "openroad -exit /openlane/scripts/openroad/sta/multi_corner.tcl |& tee /dev/null /openlane/designs/twos_complementer/runs/RUN_2025.04.23_14.11.45/logs/routing/20-grt_sta.log"

Wed Apr 23 14:14:03 +0000 2025 - Executing "{openroad -exit /openlane/scripts/openroad/sta/multi_corner.tcl |& tee /dev/null /openlane/designs/twos_complementer/runs/RUN_2025.04.23_14.11.45/logs/routing/20-grt_sta.log}"

Wed Apr 23 14:14:05 +0000 2025 - Executing "openroad -exit /openlane/scripts/openroad/fill.tcl |& tee /dev/null /openlane/designs/twos_complementer/runs/RUN_2025.04.23_14.11.45/logs/routing/21-fill.log"

Wed Apr 23 14:14:06 +0000 2025 - Executing "{openroad -exit /openlane/scripts/openroad/fill.tcl |& tee /dev/null /openlane/designs/twos_complementer/runs/RUN_2025.04.23_14.11.45/logs/routing/21-fill.log}"

Wed Apr 23 14:14:08 +0000 2025 - Executing "{sed -i.bak -e {s/\(set ::env(CURRENT_NETLIST)\).*/\1 \/openlane\/designs\/twos_complementer\/runs\/RUN_2025.04.23_14.11.45\/tmp\/routing\/21-fill.nl.v/} /openlane/designs/twos_complementer/runs/RUN_2025.04.23_14.11.45/config.tcl}"

Wed Apr 23 14:14:09 +0000 2025 - Executing "openroad -exit -metrics /openlane/designs/twos_complementer/runs/RUN_2025.04.23_14.11.45/reports/routing/22-drt_metrics.json /openlane/scripts/openroad/droute.tcl |& tee /dev/null /openlane/designs/twos_complementer/runs/RUN_2025.04.23_14.11.45/logs/routing/22-detailed.log"

Wed Apr 23 14:14:09 +0000 2025 - Executing "{openroad -exit -metrics /openlane/designs/twos_complementer/runs/RUN_2025.04.23_14.11.45/reports/routing/22-drt_metrics.json /openlane/scripts/openroad/droute.tcl |& tee /dev/null /openlane/designs/twos_complementer/runs/RUN_2025.04.23_14.11.45/logs/routing/22-detailed.log}"

Wed Apr 23 14:14:23 +0000 2025 - Executing "{sed -i.bak -e {s/\(set ::env(CURRENT_NETLIST)\).*/\1 \/openlane\/designs\/twos_complementer\/runs\/RUN_2025.04.23_14.11.45\/results\/routing\/TwosComplementer.nl.v/} /openlane/designs/twos_complementer/runs/RUN_2025.04.23_14.11.45/config.tcl}"

Wed Apr 23 14:14:23 +0000 2025 - Executing "{python3 /openlane/scripts/drc_rosetta.py tr to_klayout -o /openlane/designs/twos_complementer/runs/RUN_2025.04.23_14.11.45/reports/routing/drt.klayout.xml --design-name TwosComplementer /openlane/designs/twos_complementer/runs/RUN_2025.04.23_14.11.45/reports/routing/drt.drc}"

Wed Apr 23 14:14:24 +0000 2025 - Executing "{openroad -exit -no_init -python /openlane/scripts/odbpy/wire_lengths.py --report-out /openlane/designs/twos_complementer/runs/RUN_2025.04.23_14.11.45/reports/routing/23-wire_lengths.csv --input-lef /openlane/designs/twos_complementer/runs/RUN_2025.04.23_14.11.45/tmp/merged.nom.lef --output-def /openlane/designs/twos_complementer/runs/RUN_2025.04.23_14.11.45/results/routing/TwosComplementer.def --output /openlane/designs/twos_complementer/runs/RUN_2025.04.23_14.11.45/results/routing/TwosComplementer.odb /openlane/designs/twos_complementer/runs/RUN_2025.04.23_14.11.45/results/routing/TwosComplementer.odb |& tee /dev/null /openlane/designs/twos_complementer/runs/RUN_2025.04.23_14.11.45/logs/routing/23-wire_lengths.log}"

Wed Apr 23 14:14:26 +0000 2025 - Executing "openroad -exit /openlane/scripts/openroad/rcx.tcl |& tee /dev/null /openlane/designs/twos_complementer/runs/RUN_2025.04.23_14.11.45/logs/signoff/24-parasitics_extraction.min.log"

Wed Apr 23 14:14:26 +0000 2025 - Executing "{openroad -exit /openlane/scripts/openroad/rcx.tcl |& tee /dev/null /openlane/designs/twos_complementer/runs/RUN_2025.04.23_14.11.45/logs/signoff/24-parasitics_extraction.min.log}"

Wed Apr 23 14:14:29 +0000 2025 - Executing "sta -exit -no_init /openlane/scripts/openroad/sta/multi_corner.tcl |& tee /dev/null /openlane/designs/twos_complementer/runs/RUN_2025.04.23_14.11.45/logs/signoff/25-rcx_mcsta.min.log"

Wed Apr 23 14:14:29 +0000 2025 - Executing "{sta -exit -no_init /openlane/scripts/openroad/sta/multi_corner.tcl |& tee /dev/null /openlane/designs/twos_complementer/runs/RUN_2025.04.23_14.11.45/logs/signoff/25-rcx_mcsta.min.log}"

Wed Apr 23 14:14:33 +0000 2025 - Executing "openroad -exit /openlane/scripts/openroad/rcx.tcl |& tee /dev/null /openlane/designs/twos_complementer/runs/RUN_2025.04.23_14.11.45/logs/signoff/26-parasitics_extraction.max.log"

Wed Apr 23 14:14:33 +0000 2025 - Executing "{openroad -exit /openlane/scripts/openroad/rcx.tcl |& tee /dev/null /openlane/designs/twos_complementer/runs/RUN_2025.04.23_14.11.45/logs/signoff/26-parasitics_extraction.max.log}"

Wed Apr 23 14:14:34 +0000 2025 - Executing "sta -exit -no_init /openlane/scripts/openroad/sta/multi_corner.tcl |& tee /dev/null /openlane/designs/twos_complementer/runs/RUN_2025.04.23_14.11.45/logs/signoff/27-rcx_mcsta.max.log"

Wed Apr 23 14:14:34 +0000 2025 - Executing "{sta -exit -no_init /openlane/scripts/openroad/sta/multi_corner.tcl |& tee /dev/null /openlane/designs/twos_complementer/runs/RUN_2025.04.23_14.11.45/logs/signoff/27-rcx_mcsta.max.log}"

Wed Apr 23 14:14:39 +0000 2025 - Executing "openroad -exit /openlane/scripts/openroad/rcx.tcl |& tee /dev/null /openlane/designs/twos_complementer/runs/RUN_2025.04.23_14.11.45/logs/signoff/28-parasitics_extraction.nom.log"

Wed Apr 23 14:14:39 +0000 2025 - Executing "{openroad -exit /openlane/scripts/openroad/rcx.tcl |& tee /dev/null /openlane/designs/twos_complementer/runs/RUN_2025.04.23_14.11.45/logs/signoff/28-parasitics_extraction.nom.log}"

Wed Apr 23 14:14:40 +0000 2025 - Executing "sta -exit -no_init /openlane/scripts/openroad/sta/multi_corner.tcl |& tee /dev/null /openlane/designs/twos_complementer/runs/RUN_2025.04.23_14.11.45/logs/signoff/29-rcx_mcsta.nom.log"

Wed Apr 23 14:14:40 +0000 2025 - Executing "{sta -exit -no_init /openlane/scripts/openroad/sta/multi_corner.tcl |& tee /dev/null /openlane/designs/twos_complementer/runs/RUN_2025.04.23_14.11.45/logs/signoff/29-rcx_mcsta.nom.log}"

Wed Apr 23 14:14:46 +0000 2025 - Executing "openroad -exit /openlane/scripts/openroad/irdrop.tcl |& tee /dev/null /openlane/designs/twos_complementer/runs/RUN_2025.04.23_14.11.45/logs/signoff/30-irdrop.log"

Wed Apr 23 14:14:46 +0000 2025 - Executing "{openroad -exit /openlane/scripts/openroad/irdrop.tcl |& tee /dev/null /openlane/designs/twos_complementer/runs/RUN_2025.04.23_14.11.45/logs/signoff/30-irdrop.log}"

Wed Apr 23 14:14:49 +0000 2025 - Executing "magic -noconsole -dnull -rcfile /root/.volare/sky130A/libs.tech/magic/sky130A.magicrc < /openlane/scripts/magic/wrapper.tcl |& tee /dev/null /openlane/designs/twos_complementer/runs/RUN_2025.04.23_14.11.45/logs/signoff/31-gdsii.log"

Wed Apr 23 14:14:49 +0000 2025 - Executing "{magic -noconsole -dnull -rcfile /root/.volare/sky130A/libs.tech/magic/sky130A.magicrc < /openlane/scripts/magic/wrapper.tcl |& tee /dev/null /openlane/designs/twos_complementer/runs/RUN_2025.04.23_14.11.45/logs/signoff/31-gdsii.log}"

Wed Apr 23 14:14:50 +0000 2025 - Executing "magic -noconsole -dnull -rcfile /root/.volare/sky130A/libs.tech/magic/sky130A.magicrc < /openlane/scripts/magic/wrapper.tcl |& tee /dev/null /openlane/designs/twos_complementer/runs/RUN_2025.04.23_14.11.45/logs/signoff/31-gds_ptrs.log"

Wed Apr 23 14:14:50 +0000 2025 - Executing "{magic -noconsole -dnull -rcfile /root/.volare/sky130A/libs.tech/magic/sky130A.magicrc < /openlane/scripts/magic/wrapper.tcl |& tee /dev/null /openlane/designs/twos_complementer/runs/RUN_2025.04.23_14.11.45/logs/signoff/31-gds_ptrs.log}"

Wed Apr 23 14:14:51 +0000 2025 - Executing "{sed -i.bak -n {/^<< properties >>/,/^<< end >>/p} /openlane/designs/twos_complementer/runs/RUN_2025.04.23_14.11.45/tmp/signoff/gds_ptrs.mag}"

Wed Apr 23 14:14:51 +0000 2025 - Executing "magic -noconsole -dnull -rcfile /root/.volare/sky130A/libs.tech/magic/sky130A.magicrc < /openlane/scripts/magic/wrapper.tcl |& tee /dev/null /openlane/designs/twos_complementer/runs/RUN_2025.04.23_14.11.45/logs/signoff/31-lef.log"

Wed Apr 23 14:14:51 +0000 2025 - Executing "{magic -noconsole -dnull -rcfile /root/.volare/sky130A/libs.tech/magic/sky130A.magicrc < /openlane/scripts/magic/wrapper.tcl |& tee /dev/null /openlane/designs/twos_complementer/runs/RUN_2025.04.23_14.11.45/logs/signoff/31-lef.log}"

Wed Apr 23 14:14:52 +0000 2025 - Executing "magic -noconsole -dnull -rcfile /root/.volare/sky130A/libs.tech/magic/sky130A.magicrc < /openlane/scripts/magic/wrapper.tcl |& tee /dev/null /openlane/designs/twos_complementer/runs/RUN_2025.04.23_14.11.45/logs/signoff/31-maglef.log"

Wed Apr 23 14:14:53 +0000 2025 - Executing "{magic -noconsole -dnull -rcfile /root/.volare/sky130A/libs.tech/magic/sky130A.magicrc < /openlane/scripts/magic/wrapper.tcl |& tee /dev/null /openlane/designs/twos_complementer/runs/RUN_2025.04.23_14.11.45/logs/signoff/31-maglef.log}"

Wed Apr 23 14:14:53 +0000 2025 - Executing "{python3 /openlane/scripts/klayout/stream_out.py --output /openlane/designs/twos_complementer/runs/RUN_2025.04.23_14.11.45/results/signoff/TwosComplementer.klayout.gds --lyt /root/.volare/sky130A/libs.tech/klayout/tech/sky130A.lyt --lym /root/.volare/sky130A/libs.tech/klayout/tech/sky130A.map --lyp /root/.volare/sky130A/libs.tech/klayout/tech/sky130A.lyp --top TwosComplementer --with-gds-file /root/.volare/sky130A/libs.ref/sky130_fd_sc_hd/gds/sky130_fd_sc_hd.gds --input-lef /openlane/designs/twos_complementer/runs/RUN_2025.04.23_14.11.45/tmp/merged.nom.lef /openlane/designs/twos_complementer/runs/RUN_2025.04.23_14.11.45/results/routing/TwosComplementer.def |& tee /dev/null /openlane/designs/twos_complementer/runs/RUN_2025.04.23_14.11.45/logs/signoff/32-gdsii-klayout.log}"

Wed Apr 23 14:14:55 +0000 2025 - Executing "{klayout -b -r /openlane/scripts/klayout/xor.drc -rd a=/openlane/designs/twos_complementer/runs/RUN_2025.04.23_14.11.45/results/signoff/TwosComplementer.gds -rd b=/openlane/designs/twos_complementer/runs/RUN_2025.04.23_14.11.45/results/signoff/TwosComplementer.klayout.gds -rd jobs=1 -rd rdb_out=/openlane/designs/twos_complementer/runs/RUN_2025.04.23_14.11.45/reports/signoff/33-xor.xml -rd ignore=81/14 -rd rpt_out=/openlane/designs/twos_complementer/runs/RUN_2025.04.23_14.11.45/reports/signoff/33-xor.rpt |& tee /dev/null /openlane/designs/twos_complementer/runs/RUN_2025.04.23_14.11.45/logs/signoff/33-xor.log}"

Wed Apr 23 14:14:57 +0000 2025 - Executing "magic -noconsole -dnull -rcfile /root/.volare/sky130A/libs.tech/magic/sky130A.magicrc < /openlane/scripts/magic/wrapper.tcl |& tee /dev/null /openlane/designs/twos_complementer/runs/RUN_2025.04.23_14.11.45/logs/signoff/34-spice.log"

Wed Apr 23 14:14:57 +0000 2025 - Executing "{magic -noconsole -dnull -rcfile /root/.volare/sky130A/libs.tech/magic/sky130A.magicrc < /openlane/scripts/magic/wrapper.tcl |& tee /dev/null /openlane/designs/twos_complementer/runs/RUN_2025.04.23_14.11.45/logs/signoff/34-spice.log}"

Wed Apr 23 14:14:58 +0000 2025 - Executing "{openroad -exit -no_init -python /openlane/scripts/odbpy/power_utils.py write_powered_def --output /openlane/designs/twos_complementer/runs/RUN_2025.04.23_14.11.45/tmp/signoff/34-TwosComplementer.p.def --input-lef /openlane/designs/twos_complementer/runs/RUN_2025.04.23_14.11.45/tmp/merged.nom.lef --power-port VPWR --ground-port VGND --powered-netlist {} /openlane/designs/twos_complementer/runs/RUN_2025.04.23_14.11.45/results/routing/TwosComplementer.def |& tee /dev/null /openlane/designs/twos_complementer/runs/RUN_2025.04.23_14.11.45/logs/signoff/35-write_powered_def.log}"

Wed Apr 23 14:14:59 +0000 2025 - Executing "openroad -exit /openlane/scripts/openroad/write_views.tcl |& tee /dev/null /openlane/designs/twos_complementer/runs/RUN_2025.04.23_14.11.45/logs/signoff/35-write_powered_verilog.log"

Wed Apr 23 14:14:59 +0000 2025 - Executing "{openroad -exit /openlane/scripts/openroad/write_views.tcl |& tee /dev/null /openlane/designs/twos_complementer/runs/RUN_2025.04.23_14.11.45/logs/signoff/35-write_powered_verilog.log}"

Wed Apr 23 14:15:00 +0000 2025 - Executing "{sed -i.bak -e {s/\(set ::env(CURRENT_NETLIST)\).*/\1 \/openlane\/designs\/twos_complementer\/runs\/RUN_2025.04.23_14.11.45\/tmp\/signoff\/34-TwosComplementer.nl.v/} /openlane/designs/twos_complementer/runs/RUN_2025.04.23_14.11.45/config.tcl}"

Wed Apr 23 14:15:00 +0000 2025 - Executing "{netgen -batch source /openlane/designs/twos_complementer/runs/RUN_2025.04.23_14.11.45/tmp/signoff/37-setup_file.lef.lvs |& tee /dev/null /openlane/designs/twos_complementer/runs/RUN_2025.04.23_14.11.45/logs/signoff/37-lvs.lef.log}"

Wed Apr 23 14:15:01 +0000 2025 - Executing "magic -noconsole -dnull -rcfile /root/.volare/sky130A/libs.tech/magic/sky130A.magicrc < /openlane/scripts/magic/wrapper.tcl |& tee /dev/null /openlane/designs/twos_complementer/runs/RUN_2025.04.23_14.11.45/logs/signoff/38-drc.log"

Wed Apr 23 14:15:01 +0000 2025 - Executing "{magic -noconsole -dnull -rcfile /root/.volare/sky130A/libs.tech/magic/sky130A.magicrc < /openlane/scripts/magic/wrapper.tcl |& tee /dev/null /openlane/designs/twos_complementer/runs/RUN_2025.04.23_14.11.45/logs/signoff/38-drc.log}"

Wed Apr 23 14:15:02 +0000 2025 - Executing "{python3 /openlane/scripts/drc_rosetta.py magic to_tcl -o /openlane/designs/twos_complementer/runs/RUN_2025.04.23_14.11.45/reports/signoff/drc.tcl /openlane/designs/twos_complementer/runs/RUN_2025.04.23_14.11.45/reports/signoff/drc.rpt}"

Wed Apr 23 14:15:02 +0000 2025 - Executing "{python3 /openlane/scripts/drc_rosetta.py magic to_tr -o /openlane/designs/twos_complementer/runs/RUN_2025.04.23_14.11.45/reports/signoff/drc.tr /openlane/designs/twos_complementer/runs/RUN_2025.04.23_14.11.45/reports/signoff/drc.rpt}"

Wed Apr 23 14:15:02 +0000 2025 - Executing "{python3 /openlane/scripts/drc_rosetta.py tr to_klayout -o /openlane/designs/twos_complementer/runs/RUN_2025.04.23_14.11.45/reports/signoff/drc.klayout.xml --design-name TwosComplementer /openlane/designs/twos_complementer/runs/RUN_2025.04.23_14.11.45/reports/signoff/drc.tr}"

Wed Apr 23 14:15:02 +0000 2025 - Executing "{python3 /openlane/scripts/drc_rosetta.py magic to_rdb -o /openlane/designs/twos_complementer/runs/RUN_2025.04.23_14.11.45/reports/signoff/drc.rdb /openlane/designs/twos_complementer/runs/RUN_2025.04.23_14.11.45/reports/signoff/drc.rpt}"

Wed Apr 23 14:15:02 +0000 2025 - Executing "{klayout -b -zz -r /root/.volare/sky130A/libs.tech/klayout/drc/sky130A_mr.drc -rd topcell=TwosComplementer -rd input=/openlane/designs/twos_complementer/runs/RUN_2025.04.23_14.11.45/results/signoff/TwosComplementer.gds -rd report=/openlane/designs/twos_complementer/runs/RUN_2025.04.23_14.11.45/reports/signoff/violations.xml -rd feol=true -rd beol=true -rd floating_metal=false -rd seal=true -rd thread=1 |& tee /dev/null /openlane/designs/twos_complementer/runs/RUN_2025.04.23_14.11.45/logs/signoff/39-drc-klayout.log}"

Wed Apr 23 14:15:04 +0000 2025 - Executing "{python3 /openlane/scripts/klayout/xml_drc_report_to_json.py --xml-file /openlane/designs/twos_complementer/runs/RUN_2025.04.23_14.11.45/reports/signoff/violations.xml --json-file /openlane/designs/twos_complementer/runs/RUN_2025.04.23_14.11.45/reports/signoff/violations.json}"

Wed Apr 23 14:15:04 +0000 2025 - Executing "openroad -exit /openlane/scripts/openroad/antenna_check.tcl |& tee /dev/null /openlane/designs/twos_complementer/runs/RUN_2025.04.23_14.11.45/logs/signoff/40-arc.log"

Wed Apr 23 14:15:04 +0000 2025 - Executing "{openroad -exit /openlane/scripts/openroad/antenna_check.tcl |& tee /dev/null /openlane/designs/twos_complementer/runs/RUN_2025.04.23_14.11.45/logs/signoff/40-arc.log}"

Wed Apr 23 14:15:05 +0000 2025 - Executing "{python3 /openlane/scripts/extract_antenna_violators.py --output /openlane/designs/twos_complementer/runs/RUN_2025.04.23_14.11.45/reports/signoff/40-antenna_violators.rpt --plain-out /openlane/designs/twos_complementer/runs/RUN_2025.04.23_14.11.45/reports/signoff/40-antenna_violators_pins.txt /openlane/designs/twos_complementer/runs/RUN_2025.04.23_14.11.45/logs/signoff/40-arc.log}"

Wed Apr 23 14:15:05 +0000 2025 - Executing "{python3 /openlane/scripts/write_runtime.py --conclude --seconds --time-in 1745417705 {flow completed}}"

Wed Apr 23 14:15:06 +0000 2025 - Executing "{python3 /openlane/scripts/generate_reports.py -d /openlane/designs/twos_complementer --design_name TwosComplementer --tag RUN_2025.04.23_14.11.45 --output_file /openlane/designs/twos_complementer/runs/RUN_2025.04.23_14.11.45/reports/metrics.csv --man_report /openlane/designs/twos_complementer/runs/RUN_2025.04.23_14.11.45/reports/manufacturability.rpt --run_path /openlane/designs/twos_complementer/runs/RUN_2025.04.23_14.11.45}"

