
===========================================================================
 report_power
============================================================================
======================= Fastest Corner ===================================

Group                  Internal  Switching    Leakage      Total
                          Power      Power      Power      Power (Watts)
----------------------------------------------------------------
Sequential             0.00e+00   0.00e+00   0.00e+00   0.00e+00   0.0%
Combinational          1.57e-04   3.91e-04   4.91e-09   5.48e-04 100.0%
Clock                 -8.49e-10   0.00e+00   2.47e-09   1.62e-09   0.0%
Macro                  0.00e+00   0.00e+00   0.00e+00   0.00e+00   0.0%
Pad                    0.00e+00   0.00e+00   0.00e+00   0.00e+00   0.0%
----------------------------------------------------------------
Total                  1.57e-04   3.91e-04   7.37e-09   5.48e-04 100.0%
                          28.6%      71.4%       0.0%

======================= Slowest Corner ===================================

Group                  Internal  Switching    Leakage      Total
                          Power      Power      Power      Power (Watts)
----------------------------------------------------------------
Sequential             0.00e+00   0.00e+00   0.00e+00   0.00e+00   0.0%
Combinational          1.13e-04   2.63e-04   2.20e-06   3.78e-04 100.0%
Clock                 -3.89e-10   0.00e+00   2.51e-09   2.12e-09   0.0%
Macro                  0.00e+00   0.00e+00   0.00e+00   0.00e+00   0.0%
Pad                    0.00e+00   0.00e+00   0.00e+00   0.00e+00   0.0%
----------------------------------------------------------------
Total                  1.13e-04   2.63e-04   2.20e-06   3.78e-04 100.0%
                          29.9%      69.6%       0.6%

======================= Typical Corner ===================================

Group                  Internal  Switching    Leakage      Total
                          Power      Power      Power      Power (Watts)
----------------------------------------------------------------
Sequential             0.00e+00   0.00e+00   0.00e+00   0.00e+00   0.0%
Combinational          1.42e-04   3.33e-04   1.61e-09   4.74e-04 100.0%
Clock                 -9.72e-11   0.00e+00   2.47e-09   2.37e-09   0.0%
Macro                  0.00e+00   0.00e+00   0.00e+00   0.00e+00   0.0%
Pad                    0.00e+00   0.00e+00   0.00e+00   0.00e+00   0.0%
----------------------------------------------------------------
Total                  1.42e-04   3.33e-04   4.08e-09   4.74e-04 100.0%
                          29.8%      70.2%       0.0%

