OpenROAD b16bda7e82721d10566ff7e2b68f1ff0be9f9e38 
Features included (+) or not (-): +Charts +GPU +GUI +Python
This program is licensed under the BSD-3 license. See the LICENSE file for details.
Components of this program may be licensed under more restrictive licenses which must be honored.
define_corners Typical
read_liberty -corner Typical /root/.volare/sky130A/libs.ref/sky130_fd_sc_hd/lib/sky130_fd_sc_hd__tt_025C_1v80.lib
Using 1e-12 for capacitance...
Using 1e+03 for resistance...
Using 1e-09 for time...
Using 1e+00 for voltage...
Using 1e-03 for current...
Using 1e-09 for power...
Using 1e-06 for distance...
[INFO]: Reading ODB at '/openlane/designs/zero_to_five_counter/runs/RUN_2025.05.17_19.14.37/results/placement/top.odb'…
Reading design constraints file at '/openlane/designs/zero_to_five_counter/src/ZeroToFiveCounter.sdc'…
[INFO]: Setting RC values...
min_report

===========================================================================
report_checks -path_delay min (Hold)
============================================================================
======================= Typical Corner ===================================

Startpoint: _46_ (rising edge-triggered flip-flop clocked by core_clock)
Endpoint: _46_ (rising edge-triggered flip-flop clocked by core_clock)
Path Group: core_clock
Path Type: min

Fanout     Cap    Slew   Delay    Time   Description
-----------------------------------------------------------------------------
                  0.00    0.00    0.00   clock core_clock (rise edge)
                          0.00    0.00   clock network delay (ideal)
                  0.00    0.00    0.00 ^ _46_/CLK (sky130_fd_sc_hd__dfxtp_2)
     2    0.03    0.18    0.40    0.40 ^ _46_/Q (sky130_fd_sc_hd__dfxtp_2)
                                         display_out.in[0] (net)
                  0.18    0.01    0.40 ^ _20_/A (sky130_fd_sc_hd__buf_6)
    10    0.09    0.17    0.23    0.63 ^ _20_/X (sky130_fd_sc_hd__buf_6)
                                         _04_ (net)
                  0.18    0.01    0.64 ^ _33_/A (sky130_fd_sc_hd__nor2_2)
     1    0.02    0.06    0.10    0.74 v _33_/Y (sky130_fd_sc_hd__nor2_2)
                                         _00_ (net)
                  0.06    0.00    0.74 v _46_/D (sky130_fd_sc_hd__dfxtp_2)
                                  0.74   data arrival time

                  0.00    0.00    0.00   clock core_clock (rise edge)
                          0.00    0.00   clock network delay (ideal)
                          0.00    0.00   clock reconvergence pessimism
                                  0.00 ^ _46_/CLK (sky130_fd_sc_hd__dfxtp_2)
                         -0.06   -0.06   library hold time
                                 -0.06   data required time
-----------------------------------------------------------------------------
                                 -0.06   data required time
                                 -0.74   data arrival time
-----------------------------------------------------------------------------
                                  0.80   slack (MET)


Startpoint: _47_ (rising edge-triggered flip-flop clocked by core_clock)
Endpoint: _47_ (rising edge-triggered flip-flop clocked by core_clock)
Path Group: core_clock
Path Type: min

Fanout     Cap    Slew   Delay    Time   Description
-----------------------------------------------------------------------------
                  0.00    0.00    0.00   clock core_clock (rise edge)
                          0.00    0.00   clock network delay (ideal)
                  0.00    0.00    0.00 ^ _47_/CLK (sky130_fd_sc_hd__dfxtp_4)
    10    0.08    0.12    0.40    0.40 v _47_/Q (sky130_fd_sc_hd__dfxtp_4)
                                         display_out.in[1] (net)
                  0.12    0.00    0.41 v _34_/B (sky130_fd_sc_hd__nand2_1)
     1    0.01    0.10    0.14    0.55 ^ _34_/Y (sky130_fd_sc_hd__nand2_1)
                                         _11_ (net)
                  0.10    0.00    0.55 ^ _36_/C (sky130_fd_sc_hd__and4b_1)
     1    0.01    0.11    0.25    0.79 ^ _36_/X (sky130_fd_sc_hd__and4b_1)
                                         _13_ (net)
                  0.11    0.00    0.80 ^ _37_/A (sky130_fd_sc_hd__buf_1)
     1    0.01    0.10    0.14    0.94 ^ _37_/X (sky130_fd_sc_hd__buf_1)
                                         _01_ (net)
                  0.10    0.00    0.94 ^ _47_/D (sky130_fd_sc_hd__dfxtp_4)
                                  0.94   data arrival time

                  0.00    0.00    0.00   clock core_clock (rise edge)
                          0.00    0.00   clock network delay (ideal)
                          0.00    0.00   clock reconvergence pessimism
                                  0.00 ^ _47_/CLK (sky130_fd_sc_hd__dfxtp_4)
                         -0.05   -0.05   library hold time
                                 -0.05   data required time
-----------------------------------------------------------------------------
                                 -0.05   data required time
                                 -0.94   data arrival time
-----------------------------------------------------------------------------
                                  0.99   slack (MET)


Startpoint: _47_ (rising edge-triggered flip-flop clocked by core_clock)
Endpoint: _48_ (rising edge-triggered flip-flop clocked by core_clock)
Path Group: core_clock
Path Type: min

Fanout     Cap    Slew   Delay    Time   Description
-----------------------------------------------------------------------------
                  0.00    0.00    0.00   clock core_clock (rise edge)
                          0.00    0.00   clock network delay (ideal)
                  0.00    0.00    0.00 ^ _47_/CLK (sky130_fd_sc_hd__dfxtp_4)
    10    0.08    0.12    0.40    0.40 v _47_/Q (sky130_fd_sc_hd__dfxtp_4)
                                         display_out.in[1] (net)
                  0.12    0.00    0.41 v _38_/B (sky130_fd_sc_hd__nand3_1)
     1    0.01    0.13    0.17    0.57 ^ _38_/Y (sky130_fd_sc_hd__nand3_1)
                                         _14_ (net)
                  0.13    0.00    0.58 ^ _40_/C (sky130_fd_sc_hd__and4b_2)
     1    0.02    0.12    0.30    0.87 ^ _40_/X (sky130_fd_sc_hd__and4b_2)
                                         _16_ (net)
                  0.12    0.00    0.88 ^ _41_/A (sky130_fd_sc_hd__buf_1)
     1    0.01    0.12    0.16    1.03 ^ _41_/X (sky130_fd_sc_hd__buf_1)
                                         _02_ (net)
                  0.12    0.00    1.03 ^ _48_/D (sky130_fd_sc_hd__dfxtp_4)
                                  1.03   data arrival time

                  0.00    0.00    0.00   clock core_clock (rise edge)
                          0.00    0.00   clock network delay (ideal)
                          0.00    0.00   clock reconvergence pessimism
                                  0.00 ^ _48_/CLK (sky130_fd_sc_hd__dfxtp_4)
                         -0.05   -0.05   library hold time
                                 -0.05   data required time
-----------------------------------------------------------------------------
                                 -0.05   data required time
                                 -1.03   data arrival time
-----------------------------------------------------------------------------
                                  1.09   slack (MET)


Startpoint: _47_ (rising edge-triggered flip-flop clocked by core_clock)
Endpoint: _49_ (rising edge-triggered flip-flop clocked by core_clock)
Path Group: core_clock
Path Type: min

Fanout     Cap    Slew   Delay    Time   Description
-----------------------------------------------------------------------------
                  0.00    0.00    0.00   clock core_clock (rise edge)
                          0.00    0.00   clock network delay (ideal)
                  0.00    0.00    0.00 ^ _47_/CLK (sky130_fd_sc_hd__dfxtp_4)
    10    0.08    0.12    0.40    0.40 v _47_/Q (sky130_fd_sc_hd__dfxtp_4)
                                         display_out.in[1] (net)
                  0.12    0.01    0.41 v _42_/B (sky130_fd_sc_hd__nand4_4)
     1    0.02    0.09    0.15    0.56 ^ _42_/Y (sky130_fd_sc_hd__nand4_4)
                                         _17_ (net)
                  0.09    0.00    0.56 ^ _44_/C (sky130_fd_sc_hd__and4b_2)
     1    0.02    0.13    0.30    0.86 ^ _44_/X (sky130_fd_sc_hd__and4b_2)
                                         _19_ (net)
                  0.13    0.00    0.86 ^ _45_/A (sky130_fd_sc_hd__buf_2)
     1    0.03    0.17    0.22    1.09 ^ _45_/X (sky130_fd_sc_hd__buf_2)
                                         _03_ (net)
                  0.17    0.01    1.09 ^ _49_/D (sky130_fd_sc_hd__dfxtp_4)
                                  1.09   data arrival time

                  0.00    0.00    0.00   clock core_clock (rise edge)
                          0.00    0.00   clock network delay (ideal)
                          0.00    0.00   clock reconvergence pessimism
                                  0.00 ^ _49_/CLK (sky130_fd_sc_hd__dfxtp_4)
                         -0.06   -0.06   library hold time
                                 -0.06   data required time
-----------------------------------------------------------------------------
                                 -0.06   data required time
                                 -1.09   data arrival time
-----------------------------------------------------------------------------
                                  1.15   slack (MET)



worst slack corner Typical: 0.8019
min_report_end
max_report

===========================================================================
report_checks -path_delay max (Setup)
============================================================================
======================= Typical Corner ===================================

Startpoint: _46_ (rising edge-triggered flip-flop clocked by core_clock)
Endpoint: _49_ (rising edge-triggered flip-flop clocked by core_clock)
Path Group: core_clock
Path Type: max

Fanout     Cap    Slew   Delay    Time   Description
-----------------------------------------------------------------------------
                  0.00    0.00    0.00   clock core_clock (rise edge)
                          0.00    0.00   clock network delay (ideal)
                  0.00    0.00    0.00 ^ _46_/CLK (sky130_fd_sc_hd__dfxtp_2)
     2    0.03    0.18    0.40    0.40 ^ _46_/Q (sky130_fd_sc_hd__dfxtp_2)
                                         display_out.in[0] (net)
                  0.18    0.01    0.40 ^ _20_/A (sky130_fd_sc_hd__buf_6)
    10    0.09    0.17    0.23    0.63 ^ _20_/X (sky130_fd_sc_hd__buf_6)
                                         _04_ (net)
                  0.18    0.00    0.64 ^ _21_/D_N (sky130_fd_sc_hd__or4bb_4)
     5    0.05    0.16    0.60    1.23 v _21_/X (sky130_fd_sc_hd__or4bb_4)
                                         _05_ (net)
                  0.16    0.01    1.24 v _44_/B (sky130_fd_sc_hd__and4b_2)
     1    0.02    0.08    0.30    1.54 v _44_/X (sky130_fd_sc_hd__and4b_2)
                                         _19_ (net)
                  0.08    0.00    1.54 v _45_/A (sky130_fd_sc_hd__buf_2)
     1    0.03    0.09    0.19    1.74 v _45_/X (sky130_fd_sc_hd__buf_2)
                                         _03_ (net)
                  0.09    0.01    1.74 v _49_/D (sky130_fd_sc_hd__dfxtp_4)
                                  1.74   data arrival time

                  0.00   10.00   10.00   clock core_clock (rise edge)
                          0.00   10.00   clock network delay (ideal)
                          0.00   10.00   clock reconvergence pessimism
                                 10.00 ^ _49_/CLK (sky130_fd_sc_hd__dfxtp_4)
                         -0.14    9.86   library setup time
                                  9.86   data required time
-----------------------------------------------------------------------------
                                  9.86   data required time
                                 -1.74   data arrival time
-----------------------------------------------------------------------------
                                  8.12   slack (MET)


Startpoint: _46_ (rising edge-triggered flip-flop clocked by core_clock)
Endpoint: _48_ (rising edge-triggered flip-flop clocked by core_clock)
Path Group: core_clock
Path Type: max

Fanout     Cap    Slew   Delay    Time   Description
-----------------------------------------------------------------------------
                  0.00    0.00    0.00   clock core_clock (rise edge)
                          0.00    0.00   clock network delay (ideal)
                  0.00    0.00    0.00 ^ _46_/CLK (sky130_fd_sc_hd__dfxtp_2)
     2    0.03    0.18    0.40    0.40 ^ _46_/Q (sky130_fd_sc_hd__dfxtp_2)
                                         display_out.in[0] (net)
                  0.18    0.01    0.40 ^ _20_/A (sky130_fd_sc_hd__buf_6)
    10    0.09    0.17    0.23    0.63 ^ _20_/X (sky130_fd_sc_hd__buf_6)
                                         _04_ (net)
                  0.18    0.00    0.64 ^ _21_/D_N (sky130_fd_sc_hd__or4bb_4)
     5    0.05    0.16    0.60    1.23 v _21_/X (sky130_fd_sc_hd__or4bb_4)
                                         _05_ (net)
                  0.16    0.01    1.24 v _40_/B (sky130_fd_sc_hd__and4b_2)
     1    0.02    0.08    0.30    1.54 v _40_/X (sky130_fd_sc_hd__and4b_2)
                                         _16_ (net)
                  0.08    0.00    1.54 v _41_/A (sky130_fd_sc_hd__buf_1)
     1    0.01    0.06    0.13    1.67 v _41_/X (sky130_fd_sc_hd__buf_1)
                                         _02_ (net)
                  0.06    0.00    1.67 v _48_/D (sky130_fd_sc_hd__dfxtp_4)
                                  1.67   data arrival time

                  0.00   10.00   10.00   clock core_clock (rise edge)
                          0.00   10.00   clock network delay (ideal)
                          0.00   10.00   clock reconvergence pessimism
                                 10.00 ^ _48_/CLK (sky130_fd_sc_hd__dfxtp_4)
                         -0.13    9.87   library setup time
                                  9.87   data required time
-----------------------------------------------------------------------------
                                  9.87   data required time
                                 -1.67   data arrival time
-----------------------------------------------------------------------------
                                  8.20   slack (MET)


Startpoint: _46_ (rising edge-triggered flip-flop clocked by core_clock)
Endpoint: _47_ (rising edge-triggered flip-flop clocked by core_clock)
Path Group: core_clock
Path Type: max

Fanout     Cap    Slew   Delay    Time   Description
-----------------------------------------------------------------------------
                  0.00    0.00    0.00   clock core_clock (rise edge)
                          0.00    0.00   clock network delay (ideal)
                  0.00    0.00    0.00 ^ _46_/CLK (sky130_fd_sc_hd__dfxtp_2)
     2    0.03    0.18    0.40    0.40 ^ _46_/Q (sky130_fd_sc_hd__dfxtp_2)
                                         display_out.in[0] (net)
                  0.18    0.01    0.40 ^ _20_/A (sky130_fd_sc_hd__buf_6)
    10    0.09    0.17    0.23    0.63 ^ _20_/X (sky130_fd_sc_hd__buf_6)
                                         _04_ (net)
                  0.18    0.00    0.64 ^ _21_/D_N (sky130_fd_sc_hd__or4bb_4)
     5    0.05    0.16    0.60    1.23 v _21_/X (sky130_fd_sc_hd__or4bb_4)
                                         _05_ (net)
                  0.16    0.00    1.23 v _36_/B (sky130_fd_sc_hd__and4b_1)
     1    0.01    0.07    0.25    1.49 v _36_/X (sky130_fd_sc_hd__and4b_1)
                                         _13_ (net)
                  0.07    0.00    1.49 v _37_/A (sky130_fd_sc_hd__buf_1)
     1    0.01    0.05    0.12    1.61 v _37_/X (sky130_fd_sc_hd__buf_1)
                                         _01_ (net)
                  0.05    0.00    1.61 v _47_/D (sky130_fd_sc_hd__dfxtp_4)
                                  1.61   data arrival time

                  0.00   10.00   10.00   clock core_clock (rise edge)
                          0.00   10.00   clock network delay (ideal)
                          0.00   10.00   clock reconvergence pessimism
                                 10.00 ^ _47_/CLK (sky130_fd_sc_hd__dfxtp_4)
                         -0.13    9.87   library setup time
                                  9.87   data required time
-----------------------------------------------------------------------------
                                  9.87   data required time
                                 -1.61   data arrival time
-----------------------------------------------------------------------------
                                  8.26   slack (MET)


Startpoint: _46_ (rising edge-triggered flip-flop clocked by core_clock)
Endpoint: _46_ (rising edge-triggered flip-flop clocked by core_clock)
Path Group: core_clock
Path Type: max

Fanout     Cap    Slew   Delay    Time   Description
-----------------------------------------------------------------------------
                  0.00    0.00    0.00   clock core_clock (rise edge)
                          0.00    0.00   clock network delay (ideal)
                  0.00    0.00    0.00 ^ _46_/CLK (sky130_fd_sc_hd__dfxtp_2)
     2    0.03    0.09    0.35    0.35 v _46_/Q (sky130_fd_sc_hd__dfxtp_2)
                                         display_out.in[0] (net)
                  0.09    0.01    0.35 v _20_/A (sky130_fd_sc_hd__buf_6)
    10    0.08    0.08    0.19    0.54 v _20_/X (sky130_fd_sc_hd__buf_6)
                                         _04_ (net)
                  0.08    0.01    0.55 v _33_/A (sky130_fd_sc_hd__nor2_2)
     1    0.02    0.21    0.22    0.77 ^ _33_/Y (sky130_fd_sc_hd__nor2_2)
                                         _00_ (net)
                  0.21    0.00    0.77 ^ _46_/D (sky130_fd_sc_hd__dfxtp_2)
                                  0.77   data arrival time

                  0.00   10.00   10.00   clock core_clock (rise edge)
                          0.00   10.00   clock network delay (ideal)
                          0.00   10.00   clock reconvergence pessimism
                                 10.00 ^ _46_/CLK (sky130_fd_sc_hd__dfxtp_2)
                         -0.11    9.89   library setup time
                                  9.89   data required time
-----------------------------------------------------------------------------
                                  9.89   data required time
                                 -0.77   data arrival time
-----------------------------------------------------------------------------
                                  9.13   slack (MET)



worst slack corner Typical: 8.1174
max_report_end
checks_report

===========================================================================
report_checks -unconstrained
===========================================================================
======================= Typical Corner ===================================

Startpoint: _46_ (rising edge-triggered flip-flop clocked by core_clock)
Endpoint: _49_ (rising edge-triggered flip-flop clocked by core_clock)
Path Group: core_clock
Path Type: max

Fanout     Cap    Slew   Delay    Time   Description
-----------------------------------------------------------------------------
                  0.00    0.00    0.00   clock core_clock (rise edge)
                          0.00    0.00   clock network delay (ideal)
                  0.00    0.00    0.00 ^ _46_/CLK (sky130_fd_sc_hd__dfxtp_2)
     2    0.03    0.18    0.40    0.40 ^ _46_/Q (sky130_fd_sc_hd__dfxtp_2)
                                         display_out.in[0] (net)
                  0.18    0.01    0.40 ^ _20_/A (sky130_fd_sc_hd__buf_6)
    10    0.09    0.17    0.23    0.63 ^ _20_/X (sky130_fd_sc_hd__buf_6)
                                         _04_ (net)
                  0.18    0.00    0.64 ^ _21_/D_N (sky130_fd_sc_hd__or4bb_4)
     5    0.05    0.16    0.60    1.23 v _21_/X (sky130_fd_sc_hd__or4bb_4)
                                         _05_ (net)
                  0.16    0.01    1.24 v _44_/B (sky130_fd_sc_hd__and4b_2)
     1    0.02    0.08    0.30    1.54 v _44_/X (sky130_fd_sc_hd__and4b_2)
                                         _19_ (net)
                  0.08    0.00    1.54 v _45_/A (sky130_fd_sc_hd__buf_2)
     1    0.03    0.09    0.19    1.74 v _45_/X (sky130_fd_sc_hd__buf_2)
                                         _03_ (net)
                  0.09    0.01    1.74 v _49_/D (sky130_fd_sc_hd__dfxtp_4)
                                  1.74   data arrival time

                  0.00   10.00   10.00   clock core_clock (rise edge)
                          0.00   10.00   clock network delay (ideal)
                          0.00   10.00   clock reconvergence pessimism
                                 10.00 ^ _49_/CLK (sky130_fd_sc_hd__dfxtp_4)
                         -0.14    9.86   library setup time
                                  9.86   data required time
-----------------------------------------------------------------------------
                                  9.86   data required time
                                 -1.74   data arrival time
-----------------------------------------------------------------------------
                                  8.12   slack (MET)




===========================================================================
report_checks --slack_max -0.01
============================================================================
======================= Typical Corner ===================================

No paths found.


===========================================================================
 report_check_types -max_slew -max_cap -max_fanout -violators
============================================================================
======================= Typical Corner ===================================


max slew violations count Typical: 0
max fanout violations count Typical: 0
max cap violations count Typical: 0

===========================================================================
report_parasitic_annotation -report_unannotated
============================================================================
Found 1 unannotated drivers.
 clk
Found 0 partially unannotated drivers.

===========================================================================
max slew violation count 0
max fanout violation count 0
max cap violation count 0
============================================================================

===========================================================================
check_setup -verbose -unconstrained_endpoints -multiple_clock -no_clock -no_input_delay -loops -generated_clocks
===========================================================================
Warning: There is 1 input port missing set_input_delay.
  rst
Warning: There are 7 unconstrained endpoints.
  out[0]
  out[1]
  out[2]
  out[3]
  out[4]
  out[5]
  out[6]
checks_report_end
power_report

===========================================================================
 report_power
============================================================================
======================= Typical Corner ===================================

Group                  Internal  Switching    Leakage      Total
                          Power      Power      Power      Power (Watts)
----------------------------------------------------------------
Sequential             1.70e-05   4.86e-06   3.52e-11   2.18e-05  47.7%
Combinational          8.44e-06   1.55e-05   1.36e-10   2.40e-05  52.3%
Clock                  0.00e+00   0.00e+00   6.61e-10   6.61e-10   0.0%
Macro                  0.00e+00   0.00e+00   0.00e+00   0.00e+00   0.0%
Pad                    0.00e+00   0.00e+00   0.00e+00   0.00e+00   0.0%
----------------------------------------------------------------
Total                  2.54e-05   2.04e-05   8.32e-10   4.58e-05 100.0%
                          55.5%      44.5%       0.0%

power_report_end
skew_report

===========================================================================
report_clock_skew
============================================================================
Clock core_clock
   0.00 source latency _46_/CLK ^
   0.00 target latency _46_/CLK ^
   0.00 CRPR
--------------
   0.00 setup skew

skew_report_end
summary_report

===========================================================================
report_tns
============================================================================
tns 0.00

===========================================================================
report_wns
============================================================================
wns 0.00

===========================================================================
report_worst_slack -max (Setup)
============================================================================
worst slack 8.12

===========================================================================
report_worst_slack -min (Hold)
============================================================================
worst slack 0.80
summary_report_end
area_report

===========================================================================
report_design_area
============================================================================
Design area 1818 u^2 2% utilization.
area_report_end
check_nonpropagated_clocks
core_clock
check_nonpropagated_clocks_end
[WARNING] Did not save OpenROAD database!
Writing SDF to '/openlane/designs/zero_to_five_counter/runs/RUN_2025.05.17_19.14.37/results/signoff/top.sdf'…
