OpenROAD b16bda7e82721d10566ff7e2b68f1ff0be9f9e38 
Features included (+) or not (-): +Charts +GPU +GUI +Python
This program is licensed under the BSD-3 license. See the LICENSE file for details.
Components of this program may be licensed under more restrictive licenses which must be honored.
define_corners Typical
read_liberty -corner Typical /root/.volare/sky130A/libs.ref/sky130_fd_sc_hd/lib/sky130_fd_sc_hd__tt_025C_1v80.lib
Using 1e-12 for capacitance...
Using 1e+03 for resistance...
Using 1e-09 for time...
Using 1e+00 for voltage...
Using 1e-03 for current...
Using 1e-09 for power...
Using 1e-06 for distance...
[INFO]: Reading ODB at '/openlane/designs/lab4/runs/RUN_2025.05.31_14.46.37/tmp/routing/22-global.odb'…
Reading design constraints file at '/openlane/designs/lab4/src/topmodule.sdc'…
[INFO]: Setting signal min routing layer to: met1 and clock min routing layer to met3. 
[INFO]: Setting signal max routing layer to: met5 and clock max routing layer to met5. 
-congestion_iterations 50 -verbose -congestion_report_file /openlane/designs/lab4/runs/RUN_2025.05.31_14.46.37/tmp/routing/groute-congestion.rpt
[INFO GRT-0020] Min routing layer: met1
[INFO GRT-0021] Max routing layer: met5
[INFO GRT-0022] Global adjustment: 30%
[INFO GRT-0023] Grid origin: (0, 0)
[INFO GRT-0043] No OR_DEFAULT vias defined.
[INFO GRT-0088] Layer li1     Track-Pitch = 0.4600  line-2-Via Pitch: 0.3400
[INFO GRT-0088] Layer met1    Track-Pitch = 0.3400  line-2-Via Pitch: 0.3400
[INFO GRT-0088] Layer met2    Track-Pitch = 0.4600  line-2-Via Pitch: 0.3500
[INFO GRT-0088] Layer met3    Track-Pitch = 0.6800  line-2-Via Pitch: 0.6150
[INFO GRT-0088] Layer met4    Track-Pitch = 0.9200  line-2-Via Pitch: 1.0400
[INFO GRT-0088] Layer met5    Track-Pitch = 3.4000  line-2-Via Pitch: 3.1100
[INFO GRT-0019] Found 26 clock nets.
[INFO GRT-0001] Minimum degree: 2
[INFO GRT-0002] Maximum degree: 25
[INFO GRT-0003] Macros: 0
[INFO GRT-0043] No OR_DEFAULT vias defined.
[INFO GRT-0004] Blockages: 2650

[INFO GRT-0053] Routing resources analysis:
          Routing      Original      Derated      Resource
Layer     Direction    Resources     Resources    Reduction (%)
---------------------------------------------------------------
li1        Vertical            0             0          0.00%
met1       Horizontal      98543         48441          50.84%
met2       Vertical        75169         48730          35.17%
met3       Horizontal      49243         33368          32.24%
met4       Vertical        30274         15353          49.29%
met5       Horizontal       9803          3864          60.58%
---------------------------------------------------------------

[INFO GRT-0101] Running extra iterations to remove overflow.
[INFO GRT-0197] Via related to pin nodes: 8876
[INFO GRT-0198] Via related Steiner nodes: 422
[INFO GRT-0199] Via filling finished.
[INFO GRT-0111] Final number of vias: 12788
[INFO GRT-0112] Final usage 3D: 94505

[INFO GRT-0096] Final congestion report:
Layer         Resource        Demand        Usage (%)    Max H / Max V / Total Overflow
---------------------------------------------------------------------------------------
li1                  0             0            0.00%             0 /  0 /  0
met1             48441         20473           42.26%             0 /  0 /  0
met2             48730         26044           53.45%             0 /  0 /  0
met3             33368          3481           10.43%             0 /  0 /  0
met4             15353          6143           40.01%             0 /  0 /  0
met5              3864             0            0.00%             0 /  0 /  0
---------------------------------------------------------------------------------------
Total           149756         56141           37.49%             0 /  0 /  0

[INFO GRT-0018] Total wirelength: 429028 um
[INFO GRT-0014] Routed nets: 862
[INFO GRT-0006] Repairing antennas, iteration 1.
[INFO GRT-0043] No OR_DEFAULT vias defined.
[INFO GRT-0012] Found 22 antenna violations.
[INFO GRT-0015] Inserted 131 diodes.
[INFO GRT-0009] rerouting 781 nets.
[INFO GRT-0001] Minimum degree: 2
[INFO GRT-0002] Maximum degree: 25
[INFO GRT-0006] Repairing antennas, iteration 2.
[INFO GRT-0043] No OR_DEFAULT vias defined.
[INFO GRT-0012] Found 5 antenna violations.
[INFO GRT-0015] Inserted 13 diodes.
[INFO GRT-0009] rerouting 48 nets.
[INFO GRT-0001] Minimum degree: 3
[INFO GRT-0002] Maximum degree: 22
[INFO GRT-0006] Repairing antennas, iteration 3.
[INFO GRT-0043] No OR_DEFAULT vias defined.
[INFO GRT-0012] Found 1 antenna violations.
[INFO GRT-0015] Inserted 1 diodes.
[INFO GRT-0009] rerouting 1 nets.
[INFO GRT-0001] Minimum degree: 7
[INFO GRT-0002] Maximum degree: 7
[INFO GRT-0006] Repairing antennas, iteration 4.
[INFO GRT-0043] No OR_DEFAULT vias defined.
[INFO GRT-0012] Found 0 antenna violations.
Placement Analysis
---------------------------------
total displacement          0.0 u
average displacement        0.0 u
max displacement            0.0 u
original HPWL          350230.3 u
legalized HPWL         350231.3 u
delta HPWL                    0 %

[INFO DPL-0020] Mirrored 1203 instances
[INFO DPL-0021] HPWL before          350231.3 u
[INFO DPL-0022] HPWL after           349229.5 u
[INFO DPL-0023] HPWL delta               -0.3 %
[INFO]: Setting signal min routing layer to: met1 and clock min routing layer to met3. 
[INFO]: Setting signal max routing layer to: met5 and clock max routing layer to met5. 
-congestion_iterations 50 -verbose -congestion_report_file /openlane/designs/lab4/runs/RUN_2025.05.31_14.46.37/tmp/routing/groute-congestion.rpt
[INFO GRT-0020] Min routing layer: met1
[INFO GRT-0021] Max routing layer: met5
[INFO GRT-0022] Global adjustment: 30%
[INFO GRT-0023] Grid origin: (0, 0)
[INFO GRT-0043] No OR_DEFAULT vias defined.
[INFO GRT-0088] Layer li1     Track-Pitch = 0.4600  line-2-Via Pitch: 0.3400
[INFO GRT-0088] Layer met1    Track-Pitch = 0.3400  line-2-Via Pitch: 0.3400
[INFO GRT-0088] Layer met2    Track-Pitch = 0.4600  line-2-Via Pitch: 0.3500
[INFO GRT-0088] Layer met3    Track-Pitch = 0.6800  line-2-Via Pitch: 0.6150
[INFO GRT-0088] Layer met4    Track-Pitch = 0.9200  line-2-Via Pitch: 1.0400
[INFO GRT-0088] Layer met5    Track-Pitch = 3.4000  line-2-Via Pitch: 3.1100
[INFO GRT-0019] Found 26 clock nets.
[INFO GRT-0001] Minimum degree: 2
[INFO GRT-0002] Maximum degree: 25
[INFO GRT-0003] Macros: 0
[INFO GRT-0043] No OR_DEFAULT vias defined.
[INFO GRT-0004] Blockages: 2650

[INFO GRT-0053] Routing resources analysis:
          Routing      Original      Derated      Resource
Layer     Direction    Resources     Resources    Reduction (%)
---------------------------------------------------------------
li1        Vertical            0             0          0.00%
met1       Horizontal      98543         48442          50.84%
met2       Vertical        75169         48730          35.17%
met3       Horizontal      49243         33368          32.24%
met4       Vertical        30274         15353          49.29%
met5       Horizontal       9803          3864          60.58%
---------------------------------------------------------------

[INFO GRT-0101] Running extra iterations to remove overflow.
[INFO GRT-0197] Via related to pin nodes: 9040
[INFO GRT-0198] Via related Steiner nodes: 401
[INFO GRT-0199] Via filling finished.
[INFO GRT-0111] Final number of vias: 13503
[INFO GRT-0112] Final usage 3D: 96617

[INFO GRT-0096] Final congestion report:
Layer         Resource        Demand        Usage (%)    Max H / Max V / Total Overflow
---------------------------------------------------------------------------------------
li1                  0             0            0.00%             0 /  0 /  0
met1             48442         21171           43.70%             0 /  0 /  0
met2             48730         26581           54.55%             0 /  0 /  0
met3             33368          2738            8.21%             0 /  0 /  0
met4             15353          5618           36.59%             0 /  0 /  0
met5              3864             0            0.00%             0 /  0 /  0
---------------------------------------------------------------------------------------
Total           149757         56108           37.47%             0 /  0 /  0

[INFO GRT-0018] Total wirelength: 432795 um
[INFO GRT-0014] Routed nets: 862
Setting global connections for newly added cells…
Writing OpenROAD database to '/openlane/designs/lab4/runs/RUN_2025.05.31_14.46.37/tmp/routing/22-global_1.odb'…
Writing layout to '/openlane/designs/lab4/runs/RUN_2025.05.31_14.46.37/tmp/routing/22-global_1.def'…
Writing routing guides to '/openlane/designs/lab4/runs/RUN_2025.05.31_14.46.37/tmp/routing/22-global_1.guide'…
