OpenROAD b16bda7e82721d10566ff7e2b68f1ff0be9f9e38 
Features included (+) or not (-): +Charts +GPU +GUI +Python
This program is licensed under the BSD-3 license. See the LICENSE file for details.
Components of this program may be licensed under more restrictive licenses which must be honored.
define_corners Typical
read_liberty -corner Typical /root/.volare/sky130A/libs.ref/sky130_fd_sc_hd/lib/sky130_fd_sc_hd__tt_025C_1v80.lib
Using 1e-12 for capacitance...
Using 1e+03 for resistance...
Using 1e-09 for time...
Using 1e+00 for voltage...
Using 1e-03 for current...
Using 1e-09 for power...
Using 1e-06 for distance...
[INFO]: Reading ODB at '/openlane/designs/alu/runs/RUN_2025.04.23_15.05.31/tmp/14-ALU.odb'…
Reading design constraints file at '/openlane/scripts/base.sdc'…
[INFO]: Setting output delay to: 2.0
[INFO]: Setting input delay to: 2.0
[WARNING STA-0366] port '__VIRTUAL_CLK__' not found.
[INFO]: Setting load to: 0.033442
[INFO]: Setting clock uncertainty to: 0.25
[INFO]: Setting clock transition to: 0.15
[WARNING STA-0419] transition time can not be specified for virtual clocks.
[INFO]: Setting timing derate to: 5.0 %
[INFO]: Propagating all clocks
[WARNING STA-0450] virtual clock __VIRTUAL_CLK__ can not be propagated.
[INFO]: Setting RC values...
min_report

===========================================================================
report_checks -path_delay min (Hold)
============================================================================
======================= Typical Corner ===================================

Startpoint: A[6] (input port clocked by __VIRTUAL_CLK__)
Endpoint: out[6] (output port clocked by __VIRTUAL_CLK__)
Path Group: __VIRTUAL_CLK__
Path Type: min

Fanout     Cap    Slew   Delay    Time   Description
-----------------------------------------------------------------------------
                  0.00    0.00    0.00   clock __VIRTUAL_CLK__ (rise edge)
                          0.00    0.00   clock network delay (ideal)
                          2.00    2.00 ^ input external delay
     1    0.01    0.05    0.03    2.03 ^ A[6] (in)
                                         A[6] (net)
                  0.05    0.00    2.03 ^ input7/A (sky130_fd_sc_hd__buf_8)
    10    0.11    0.18    0.18    2.21 ^ input7/X (sky130_fd_sc_hd__buf_8)
                                         net7 (net)
                  0.18    0.00    2.21 ^ _453_/A1 (sky130_fd_sc_hd__a22oi_4)
     1    0.01    0.04    0.09    2.30 v _453_/Y (sky130_fd_sc_hd__a22oi_4)
                                         net26 (net)
                  0.04    0.00    2.30 v output26/A (sky130_fd_sc_hd__buf_6)
     1    0.03    0.04    0.13    2.43 v output26/X (sky130_fd_sc_hd__buf_6)
                                         out[6] (net)
                  0.04    0.00    2.43 v out[6] (out)
                                  2.43   data arrival time

                  0.00    0.00    0.00   clock __VIRTUAL_CLK__ (rise edge)
                          0.00    0.00   clock network delay (ideal)
                          0.25    0.25   clock uncertainty
                          0.00    0.25   clock reconvergence pessimism
                         -2.00   -1.75   output external delay
                                 -1.75   data required time
-----------------------------------------------------------------------------
                                 -1.75   data required time
                                 -2.43   data arrival time
-----------------------------------------------------------------------------
                                  4.18   slack (MET)


Startpoint: A[5] (input port clocked by __VIRTUAL_CLK__)
Endpoint: out[5] (output port clocked by __VIRTUAL_CLK__)
Path Group: __VIRTUAL_CLK__
Path Type: min

Fanout     Cap    Slew   Delay    Time   Description
-----------------------------------------------------------------------------
                  0.00    0.00    0.00   clock __VIRTUAL_CLK__ (rise edge)
                          0.00    0.00   clock network delay (ideal)
                          2.00    2.00 ^ input external delay
     1    0.00    0.03    0.01    2.01 ^ A[5] (in)
                                         A[5] (net)
                  0.03    0.00    2.01 ^ input6/A (sky130_fd_sc_hd__buf_4)
     4    0.06    0.16    0.18    2.19 ^ input6/X (sky130_fd_sc_hd__buf_4)
                                         net6 (net)
                  0.16    0.01    2.20 ^ clone33/A (sky130_fd_sc_hd__clkbuf_16)
     5    0.02    0.04    0.16    2.35 ^ clone33/X (sky130_fd_sc_hd__clkbuf_16)
                                         net62 (net)
                  0.04    0.00    2.35 ^ _410_/A1 (sky130_fd_sc_hd__a21oi_4)
     1    0.00    0.03    0.04    2.39 v _410_/Y (sky130_fd_sc_hd__a21oi_4)
                                         net25 (net)
                  0.03    0.00    2.39 v output25/A (sky130_fd_sc_hd__buf_6)
     1    0.03    0.04    0.12    2.52 v output25/X (sky130_fd_sc_hd__buf_6)
                                         out[5] (net)
                  0.04    0.00    2.52 v out[5] (out)
                                  2.52   data arrival time

                  0.00    0.00    0.00   clock __VIRTUAL_CLK__ (rise edge)
                          0.00    0.00   clock network delay (ideal)
                          0.25    0.25   clock uncertainty
                          0.00    0.25   clock reconvergence pessimism
                         -2.00   -1.75   output external delay
                                 -1.75   data required time
-----------------------------------------------------------------------------
                                 -1.75   data required time
                                 -2.52   data arrival time
-----------------------------------------------------------------------------
                                  4.27   slack (MET)


Startpoint: A[7] (input port clocked by __VIRTUAL_CLK__)
Endpoint: out[7] (output port clocked by __VIRTUAL_CLK__)
Path Group: __VIRTUAL_CLK__
Path Type: min

Fanout     Cap    Slew   Delay    Time   Description
-----------------------------------------------------------------------------
                  0.00    0.00    0.00   clock __VIRTUAL_CLK__ (rise edge)
                          0.00    0.00   clock network delay (ideal)
                          2.00    2.00 v input external delay
     1    0.00    0.01    0.01    2.01 v A[7] (in)
                                         A[7] (net)
                  0.01    0.00    2.01 v input8/A (sky130_fd_sc_hd__buf_4)
     6    0.05    0.08    0.16    2.16 v input8/X (sky130_fd_sc_hd__buf_4)
                                         net8 (net)
                  0.08    0.00    2.17 v _502_/A (sky130_fd_sc_hd__inv_2)
     1    0.03    0.12    0.12    2.29 ^ _502_/Y (sky130_fd_sc_hd__inv_2)
                                         _179_ (net)
                  0.12    0.00    2.29 ^ _503_/B2 (sky130_fd_sc_hd__o32a_4)
     1    0.01    0.04    0.16    2.45 ^ _503_/X (sky130_fd_sc_hd__o32a_4)
                                         net27 (net)
                  0.04    0.00    2.45 ^ output27/A (sky130_fd_sc_hd__buf_8)
     1    0.03    0.07    0.11    2.56 ^ output27/X (sky130_fd_sc_hd__buf_8)
                                         out[7] (net)
                  0.07    0.00    2.56 ^ out[7] (out)
                                  2.56   data arrival time

                  0.00    0.00    0.00   clock __VIRTUAL_CLK__ (rise edge)
                          0.00    0.00   clock network delay (ideal)
                          0.25    0.25   clock uncertainty
                          0.00    0.25   clock reconvergence pessimism
                         -2.00   -1.75   output external delay
                                 -1.75   data required time
-----------------------------------------------------------------------------
                                 -1.75   data required time
                                 -2.56   data arrival time
-----------------------------------------------------------------------------
                                  4.31   slack (MET)


Startpoint: A[1] (input port clocked by __VIRTUAL_CLK__)
Endpoint: out[1] (output port clocked by __VIRTUAL_CLK__)
Path Group: __VIRTUAL_CLK__
Path Type: min

Fanout     Cap    Slew   Delay    Time   Description
-----------------------------------------------------------------------------
                  0.00    0.00    0.00   clock __VIRTUAL_CLK__ (rise edge)
                          0.00    0.00   clock network delay (ideal)
                          2.00    2.00 ^ input external delay
     1    0.01    0.05    0.03    2.03 ^ A[1] (in)
                                         A[1] (net)
                  0.05    0.00    2.03 ^ input2/A (sky130_fd_sc_hd__buf_8)
    10    0.03    0.07    0.11    2.14 ^ input2/X (sky130_fd_sc_hd__buf_8)
                                         net2 (net)
                  0.07    0.00    2.14 ^ _263_/A (sky130_fd_sc_hd__buf_4)
    10    0.03    0.09    0.15    2.29 ^ _263_/X (sky130_fd_sc_hd__buf_4)
                                         _193_ (net)
                  0.09    0.00    2.29 ^ _287_/A1_N (sky130_fd_sc_hd__o2bb2a_1)
     1    0.00    0.03    0.20    2.49 v _287_/X (sky130_fd_sc_hd__o2bb2a_1)
                                         net21 (net)
                  0.03    0.00    2.49 v output21/A (sky130_fd_sc_hd__buf_2)
     1    0.03    0.09    0.17    2.65 v output21/X (sky130_fd_sc_hd__buf_2)
                                         out[1] (net)
                  0.09    0.00    2.65 v out[1] (out)
                                  2.65   data arrival time

                  0.00    0.00    0.00   clock __VIRTUAL_CLK__ (rise edge)
                          0.00    0.00   clock network delay (ideal)
                          0.25    0.25   clock uncertainty
                          0.00    0.25   clock reconvergence pessimism
                         -2.00   -1.75   output external delay
                                 -1.75   data required time
-----------------------------------------------------------------------------
                                 -1.75   data required time
                                 -2.65   data arrival time
-----------------------------------------------------------------------------
                                  4.40   slack (MET)


Startpoint: A[3] (input port clocked by __VIRTUAL_CLK__)
Endpoint: out[3] (output port clocked by __VIRTUAL_CLK__)
Path Group: __VIRTUAL_CLK__
Path Type: min

Fanout     Cap    Slew   Delay    Time   Description
-----------------------------------------------------------------------------
                  0.00    0.00    0.00   clock __VIRTUAL_CLK__ (rise edge)
                          0.00    0.00   clock network delay (ideal)
                          2.00    2.00 ^ input external delay
     1    0.01    0.03    0.02    2.02 ^ A[3] (in)
                                         A[3] (net)
                  0.03    0.00    2.02 ^ input4/A (sky130_fd_sc_hd__buf_6)
     7    0.03    0.07    0.11    2.13 ^ input4/X (sky130_fd_sc_hd__buf_6)
                                         net4 (net)
                  0.07    0.00    2.13 ^ _310_/A (sky130_fd_sc_hd__buf_12)
    10    0.05    0.07    0.12    2.25 ^ _310_/X (sky130_fd_sc_hd__buf_12)
                                         _238_ (net)
                  0.07    0.00    2.25 ^ _339_/A1_N (sky130_fd_sc_hd__o2bb2a_2)
     1    0.02    0.07    0.24    2.49 v _339_/X (sky130_fd_sc_hd__o2bb2a_2)
                                         net23 (net)
                  0.07    0.00    2.50 v output23/A (sky130_fd_sc_hd__buf_2)
     1    0.03    0.09    0.18    2.68 v output23/X (sky130_fd_sc_hd__buf_2)
                                         out[3] (net)
                  0.09    0.00    2.68 v out[3] (out)
                                  2.68   data arrival time

                  0.00    0.00    0.00   clock __VIRTUAL_CLK__ (rise edge)
                          0.00    0.00   clock network delay (ideal)
                          0.25    0.25   clock uncertainty
                          0.00    0.25   clock reconvergence pessimism
                         -2.00   -1.75   output external delay
                                 -1.75   data required time
-----------------------------------------------------------------------------
                                 -1.75   data required time
                                 -2.68   data arrival time
-----------------------------------------------------------------------------
                                  4.43   slack (MET)


Startpoint: A[4] (input port clocked by __VIRTUAL_CLK__)
Endpoint: out[4] (output port clocked by __VIRTUAL_CLK__)
Path Group: __VIRTUAL_CLK__
Path Type: min

Fanout     Cap    Slew   Delay    Time   Description
-----------------------------------------------------------------------------
                  0.00    0.00    0.00   clock __VIRTUAL_CLK__ (rise edge)
                          0.00    0.00   clock network delay (ideal)
                          2.00    2.00 ^ input external delay
     1    0.00    0.02    0.01    2.01 ^ A[4] (in)
                                         A[4] (net)
                  0.02    0.00    2.01 ^ input5/A (sky130_fd_sc_hd__buf_4)
     4    0.02    0.08    0.12    2.13 ^ input5/X (sky130_fd_sc_hd__buf_4)
                                         net5 (net)
                  0.08    0.00    2.13 ^ _340_/A (sky130_fd_sc_hd__buf_8)
    10    0.05    0.09    0.13    2.27 ^ _340_/X (sky130_fd_sc_hd__buf_8)
                                         _019_ (net)
                  0.09    0.00    2.27 ^ _373_/A1_N (sky130_fd_sc_hd__o2bb2a_1)
     1    0.01    0.07    0.24    2.51 v _373_/X (sky130_fd_sc_hd__o2bb2a_1)
                                         net24 (net)
                  0.07    0.00    2.51 v output24/A (sky130_fd_sc_hd__buf_2)
     1    0.03    0.09    0.18    2.69 v output24/X (sky130_fd_sc_hd__buf_2)
                                         out[4] (net)
                  0.09    0.00    2.69 v out[4] (out)
                                  2.69   data arrival time

                  0.00    0.00    0.00   clock __VIRTUAL_CLK__ (rise edge)
                          0.00    0.00   clock network delay (ideal)
                          0.25    0.25   clock uncertainty
                          0.00    0.25   clock reconvergence pessimism
                         -2.00   -1.75   output external delay
                                 -1.75   data required time
-----------------------------------------------------------------------------
                                 -1.75   data required time
                                 -2.69   data arrival time
-----------------------------------------------------------------------------
                                  4.44   slack (MET)


Startpoint: A[0] (input port clocked by __VIRTUAL_CLK__)
Endpoint: out[0] (output port clocked by __VIRTUAL_CLK__)
Path Group: __VIRTUAL_CLK__
Path Type: min

Fanout     Cap    Slew   Delay    Time   Description
-----------------------------------------------------------------------------
                  0.00    0.00    0.00   clock __VIRTUAL_CLK__ (rise edge)
                          0.00    0.00   clock network delay (ideal)
                          2.00    2.00 v input external delay
     1    0.01    0.02    0.01    2.01 v A[0] (in)
                                         A[0] (net)
                  0.02    0.00    2.01 v input1/A (sky130_fd_sc_hd__buf_6)
     9    0.03    0.04    0.12    2.13 v input1/X (sky130_fd_sc_hd__buf_6)
                                         net1 (net)
                  0.04    0.00    2.13 v _248_/A (sky130_fd_sc_hd__clkbuf_8)
    10    0.03    0.05    0.14    2.27 v _248_/X (sky130_fd_sc_hd__clkbuf_8)
                                         _176_ (net)
                  0.05    0.00    2.27 v _262_/A1_N (sky130_fd_sc_hd__a2bb2o_1)
     1    0.00    0.06    0.25    2.52 ^ _262_/X (sky130_fd_sc_hd__a2bb2o_1)
                                         net20 (net)
                  0.06    0.00    2.52 ^ output20/A (sky130_fd_sc_hd__buf_2)
     1    0.03    0.17    0.19    2.71 ^ output20/X (sky130_fd_sc_hd__buf_2)
                                         out[0] (net)
                  0.17    0.00    2.71 ^ out[0] (out)
                                  2.71   data arrival time

                  0.00    0.00    0.00   clock __VIRTUAL_CLK__ (rise edge)
                          0.00    0.00   clock network delay (ideal)
                          0.25    0.25   clock uncertainty
                          0.00    0.25   clock reconvergence pessimism
                         -2.00   -1.75   output external delay
                                 -1.75   data required time
-----------------------------------------------------------------------------
                                 -1.75   data required time
                                 -2.71   data arrival time
-----------------------------------------------------------------------------
                                  4.46   slack (MET)


Startpoint: A[2] (input port clocked by __VIRTUAL_CLK__)
Endpoint: out[2] (output port clocked by __VIRTUAL_CLK__)
Path Group: __VIRTUAL_CLK__
Path Type: min

Fanout     Cap    Slew   Delay    Time   Description
-----------------------------------------------------------------------------
                  0.00    0.00    0.00   clock __VIRTUAL_CLK__ (rise edge)
                          0.00    0.00   clock network delay (ideal)
                          2.00    2.00 ^ input external delay
     1    0.01    0.04    0.02    2.02 ^ A[2] (in)
                                         A[2] (net)
                  0.04    0.00    2.02 ^ input3/A (sky130_fd_sc_hd__buf_6)
     8    0.04    0.09    0.12    2.14 ^ input3/X (sky130_fd_sc_hd__buf_6)
                                         net3 (net)
                  0.09    0.00    2.14 ^ _288_/A (sky130_fd_sc_hd__clkbuf_8)
    10    0.04    0.08    0.16    2.31 ^ _288_/X (sky130_fd_sc_hd__clkbuf_8)
                                         _217_ (net)
                  0.08    0.00    2.31 ^ _309_/A1_N (sky130_fd_sc_hd__o2bb2a_1)
     1    0.01    0.06    0.23    2.54 v _309_/X (sky130_fd_sc_hd__o2bb2a_1)
                                         net22 (net)
                  0.06    0.00    2.54 v output22/A (sky130_fd_sc_hd__buf_2)
     1    0.03    0.09    0.18    2.72 v output22/X (sky130_fd_sc_hd__buf_2)
                                         out[2] (net)
                  0.09    0.00    2.72 v out[2] (out)
                                  2.72   data arrival time

                  0.00    0.00    0.00   clock __VIRTUAL_CLK__ (rise edge)
                          0.00    0.00   clock network delay (ideal)
                          0.25    0.25   clock uncertainty
                          0.00    0.25   clock reconvergence pessimism
                         -2.00   -1.75   output external delay
                                 -1.75   data required time
-----------------------------------------------------------------------------
                                 -1.75   data required time
                                 -2.72   data arrival time
-----------------------------------------------------------------------------
                                  4.47   slack (MET)



worst slack corner Typical: 4.1830
min_report_end
max_report

===========================================================================
report_checks -path_delay max (Setup)
============================================================================
======================= Typical Corner ===================================

Startpoint: B[0] (input port clocked by __VIRTUAL_CLK__)
Endpoint: out[7] (output port clocked by __VIRTUAL_CLK__)
Path Group: __VIRTUAL_CLK__
Path Type: max

Fanout     Cap    Slew   Delay    Time   Description
-----------------------------------------------------------------------------
                  0.00    0.00    0.00   clock __VIRTUAL_CLK__ (rise edge)
                          0.00    0.00   clock network delay (ideal)
                          2.00    2.00 v input external delay
     1    0.01    0.02    0.01    2.01 v B[0] (in)
                                         B[0] (net)
                  0.02    0.00    2.01 v input9/A (sky130_fd_sc_hd__buf_8)
     5    0.05    0.05    0.14    2.15 v input9/X (sky130_fd_sc_hd__buf_8)
                                         net9 (net)
                  0.05    0.01    2.16 v _347_/D (sky130_fd_sc_hd__and4_4)
     3    0.02    0.05    0.22    2.39 v _347_/X (sky130_fd_sc_hd__and4_4)
                                         _026_ (net)
                  0.05    0.00    2.39 v _349_/B (sky130_fd_sc_hd__or3_4)
     2    0.02    0.09    0.42    2.81 v _349_/X (sky130_fd_sc_hd__or3_4)
                                         _028_ (net)
                  0.09    0.00    2.81 v _353_/A1 (sky130_fd_sc_hd__a21o_4)
     2    0.02    0.06    0.25    3.06 v _353_/X (sky130_fd_sc_hd__a21o_4)
                                         _032_ (net)
                  0.06    0.00    3.06 v _397_/A1 (sky130_fd_sc_hd__a21o_4)
     3    0.02    0.05    0.24    3.30 v _397_/X (sky130_fd_sc_hd__a21o_4)
                                         _075_ (net)
                  0.05    0.00    3.30 v _398_/C (sky130_fd_sc_hd__and3_4)
     2    0.01    0.04    0.19    3.49 v _398_/X (sky130_fd_sc_hd__and3_4)
                                         _076_ (net)
                  0.04    0.00    3.49 v _401_/C (sky130_fd_sc_hd__or3_4)
     2    0.01    0.08    0.36    3.85 v _401_/X (sky130_fd_sc_hd__or3_4)
                                         _079_ (net)
                  0.08    0.00    3.85 v _465_/A1 (sky130_fd_sc_hd__a211o_4)
     2    0.01    0.06    0.36    4.20 v _465_/X (sky130_fd_sc_hd__a211o_4)
                                         _141_ (net)
                  0.06    0.00    4.21 v _494_/C (sky130_fd_sc_hd__or3_4)
     2    0.01    0.08    0.36    4.57 v _494_/X (sky130_fd_sc_hd__or3_4)
                                         _170_ (net)
                  0.08    0.00    4.57 v _496_/A (sky130_fd_sc_hd__and3_4)
     1    0.00    0.03    0.17    4.73 v _496_/X (sky130_fd_sc_hd__and3_4)
                                         _172_ (net)
                  0.03    0.00    4.73 v _498_/A2 (sky130_fd_sc_hd__o21a_4)
     1    0.02    0.06    0.23    4.96 v _498_/X (sky130_fd_sc_hd__o21a_4)
                                         _174_ (net)
                  0.06    0.00    4.96 v _503_/A3 (sky130_fd_sc_hd__o32a_4)
     1    0.01    0.06    0.33    5.29 v _503_/X (sky130_fd_sc_hd__o32a_4)
                                         net27 (net)
                  0.06    0.00    5.29 v output27/A (sky130_fd_sc_hd__buf_8)
     1    0.03    0.04    0.15    5.44 v output27/X (sky130_fd_sc_hd__buf_8)
                                         out[7] (net)
                  0.04    0.00    5.44 v out[7] (out)
                                  5.44   data arrival time

                  0.00   10.00   10.00   clock __VIRTUAL_CLK__ (rise edge)
                          0.00   10.00   clock network delay (ideal)
                         -0.25    9.75   clock uncertainty
                          0.00    9.75   clock reconvergence pessimism
                         -2.00    7.75   output external delay
                                  7.75   data required time
-----------------------------------------------------------------------------
                                  7.75   data required time
                                 -5.44   data arrival time
-----------------------------------------------------------------------------
                                  2.31   slack (MET)


Startpoint: B[0] (input port clocked by __VIRTUAL_CLK__)
Endpoint: out[5] (output port clocked by __VIRTUAL_CLK__)
Path Group: __VIRTUAL_CLK__
Path Type: max

Fanout     Cap    Slew   Delay    Time   Description
-----------------------------------------------------------------------------
                  0.00    0.00    0.00   clock __VIRTUAL_CLK__ (rise edge)
                          0.00    0.00   clock network delay (ideal)
                          2.00    2.00 v input external delay
     1    0.01    0.02    0.01    2.01 v B[0] (in)
                                         B[0] (net)
                  0.02    0.00    2.01 v input9/A (sky130_fd_sc_hd__buf_8)
     5    0.05    0.05    0.14    2.15 v input9/X (sky130_fd_sc_hd__buf_8)
                                         net9 (net)
                  0.05    0.01    2.16 v _347_/D (sky130_fd_sc_hd__and4_4)
     3    0.02    0.05    0.22    2.39 v _347_/X (sky130_fd_sc_hd__and4_4)
                                         _026_ (net)
                  0.05    0.00    2.39 v _349_/B (sky130_fd_sc_hd__or3_4)
     2    0.02    0.09    0.42    2.81 v _349_/X (sky130_fd_sc_hd__or3_4)
                                         _028_ (net)
                  0.09    0.00    2.81 v _353_/A1 (sky130_fd_sc_hd__a21o_4)
     2    0.02    0.06    0.25    3.06 v _353_/X (sky130_fd_sc_hd__a21o_4)
                                         _032_ (net)
                  0.06    0.00    3.06 v _397_/A1 (sky130_fd_sc_hd__a21o_4)
     3    0.02    0.05    0.24    3.30 v _397_/X (sky130_fd_sc_hd__a21o_4)
                                         _075_ (net)
                  0.05    0.00    3.30 v _398_/C (sky130_fd_sc_hd__and3_4)
     2    0.01    0.04    0.19    3.49 v _398_/X (sky130_fd_sc_hd__and3_4)
                                         _076_ (net)
                  0.04    0.00    3.49 v _401_/C (sky130_fd_sc_hd__or3_4)
     2    0.01    0.08    0.36    3.85 v _401_/X (sky130_fd_sc_hd__or3_4)
                                         _079_ (net)
                  0.08    0.00    3.85 v rebuffer3/A (sky130_fd_sc_hd__clkbuf_2)
     3    0.01    0.05    0.15    4.00 v rebuffer3/X (sky130_fd_sc_hd__clkbuf_2)
                                         net32 (net)
                  0.05    0.00    4.00 v _402_/B (sky130_fd_sc_hd__nand2_2)
     2    0.01    0.08    0.09    4.09 ^ _402_/Y (sky130_fd_sc_hd__nand2_2)
                                         _080_ (net)
                  0.08    0.00    4.09 ^ rebuffer31/A (sky130_fd_sc_hd__dlymetal6s2s_1)
     2    0.01    0.15    0.18    4.27 ^ rebuffer31/X (sky130_fd_sc_hd__dlymetal6s2s_1)
                                         net60 (net)
                  0.15    0.00    4.27 ^ rebuffer32/A (sky130_fd_sc_hd__dlygate4sd1_1)
     1    0.01    0.11    0.28    4.55 ^ rebuffer32/X (sky130_fd_sc_hd__dlygate4sd1_1)
                                         net61 (net)
                  0.11    0.00    4.55 ^ _404_/C (sky130_fd_sc_hd__nand3_1)
     1    0.01    0.12    0.15    4.70 v _404_/Y (sky130_fd_sc_hd__nand3_1)
                                         _082_ (net)
                  0.12    0.00    4.70 v _408_/A3 (sky130_fd_sc_hd__a31o_1)
     1    0.01    0.07    0.29    4.99 v _408_/X (sky130_fd_sc_hd__a31o_1)
                                         _086_ (net)
                  0.07    0.00    4.99 v _409_/B1 (sky130_fd_sc_hd__a21oi_4)
     1    0.02    0.18    0.19    5.18 ^ _409_/Y (sky130_fd_sc_hd__a21oi_4)
                                         _087_ (net)
                  0.18    0.00    5.18 ^ _410_/B1 (sky130_fd_sc_hd__a21oi_4)
     1    0.00    0.05    0.04    5.22 v _410_/Y (sky130_fd_sc_hd__a21oi_4)
                                         net25 (net)
                  0.05    0.00    5.22 v output25/A (sky130_fd_sc_hd__buf_6)
     1    0.03    0.04    0.14    5.37 v output25/X (sky130_fd_sc_hd__buf_6)
                                         out[5] (net)
                  0.04    0.00    5.37 v out[5] (out)
                                  5.37   data arrival time

                  0.00   10.00   10.00   clock __VIRTUAL_CLK__ (rise edge)
                          0.00   10.00   clock network delay (ideal)
                         -0.25    9.75   clock uncertainty
                          0.00    9.75   clock reconvergence pessimism
                         -2.00    7.75   output external delay
                                  7.75   data required time
-----------------------------------------------------------------------------
                                  7.75   data required time
                                 -5.37   data arrival time
-----------------------------------------------------------------------------
                                  2.38   slack (MET)


Startpoint: B[0] (input port clocked by __VIRTUAL_CLK__)
Endpoint: out[6] (output port clocked by __VIRTUAL_CLK__)
Path Group: __VIRTUAL_CLK__
Path Type: max

Fanout     Cap    Slew   Delay    Time   Description
-----------------------------------------------------------------------------
                  0.00    0.00    0.00   clock __VIRTUAL_CLK__ (rise edge)
                          0.00    0.00   clock network delay (ideal)
                          2.00    2.00 v input external delay
     1    0.01    0.02    0.01    2.01 v B[0] (in)
                                         B[0] (net)
                  0.02    0.00    2.01 v input9/A (sky130_fd_sc_hd__buf_8)
     5    0.05    0.05    0.14    2.15 v input9/X (sky130_fd_sc_hd__buf_8)
                                         net9 (net)
                  0.05    0.01    2.16 v _347_/D (sky130_fd_sc_hd__and4_4)
     3    0.02    0.05    0.22    2.39 v _347_/X (sky130_fd_sc_hd__and4_4)
                                         _026_ (net)
                  0.05    0.00    2.39 v _349_/B (sky130_fd_sc_hd__or3_4)
     2    0.02    0.09    0.42    2.81 v _349_/X (sky130_fd_sc_hd__or3_4)
                                         _028_ (net)
                  0.09    0.00    2.81 v _353_/A1 (sky130_fd_sc_hd__a21o_4)
     2    0.02    0.06    0.25    3.06 v _353_/X (sky130_fd_sc_hd__a21o_4)
                                         _032_ (net)
                  0.06    0.00    3.06 v _397_/A1 (sky130_fd_sc_hd__a21o_4)
     3    0.02    0.05    0.24    3.30 v _397_/X (sky130_fd_sc_hd__a21o_4)
                                         _075_ (net)
                  0.05    0.00    3.30 v _399_/B1 (sky130_fd_sc_hd__a21oi_4)
     2    0.01    0.14    0.15    3.46 ^ _399_/Y (sky130_fd_sc_hd__a21oi_4)
                                         _077_ (net)
                  0.14    0.00    3.46 ^ _401_/B (sky130_fd_sc_hd__or3_4)
     2    0.01    0.05    0.17    3.63 ^ _401_/X (sky130_fd_sc_hd__or3_4)
                                         _079_ (net)
                  0.05    0.00    3.63 ^ rebuffer3/A (sky130_fd_sc_hd__clkbuf_2)
     3    0.01    0.07    0.13    3.76 ^ rebuffer3/X (sky130_fd_sc_hd__clkbuf_2)
                                         net32 (net)
                  0.07    0.00    3.76 ^ rebuffer4/A (sky130_fd_sc_hd__clkbuf_2)
     1    0.01    0.06    0.13    3.89 ^ rebuffer4/X (sky130_fd_sc_hd__clkbuf_2)
                                         net33 (net)
                  0.06    0.00    3.89 ^ _436_/A1 (sky130_fd_sc_hd__a211oi_4)
     2    0.01    0.06    0.06    3.96 v _436_/Y (sky130_fd_sc_hd__a211oi_4)
                                         _113_ (net)
                  0.06    0.00    3.96 v rebuffer11/A (sky130_fd_sc_hd__dlygate4sd1_1)
     1    0.01    0.06    0.28    4.23 v rebuffer11/X (sky130_fd_sc_hd__dlygate4sd1_1)
                                         net40 (net)
                  0.06    0.00    4.23 v _439_/A (sky130_fd_sc_hd__or2_4)
     1    0.01    0.06    0.28    4.51 v _439_/X (sky130_fd_sc_hd__or2_4)
                                         _116_ (net)
                  0.06    0.00    4.52 v _440_/A1 (sky130_fd_sc_hd__a21bo_4)
     1    0.02    0.05    0.24    4.75 v _440_/X (sky130_fd_sc_hd__a21bo_4)
                                         _117_ (net)
                  0.05    0.00    4.76 v _441_/B (sky130_fd_sc_hd__or2_4)
     1    0.01    0.06    0.26    5.02 v _441_/X (sky130_fd_sc_hd__or2_4)
                                         _118_ (net)
                  0.06    0.00    5.02 v _453_/B2 (sky130_fd_sc_hd__a22oi_4)
     1    0.01    0.13    0.16    5.18 ^ _453_/Y (sky130_fd_sc_hd__a22oi_4)
                                         net26 (net)
                  0.13    0.00    5.18 ^ output26/A (sky130_fd_sc_hd__buf_6)
     1    0.03    0.08    0.16    5.34 ^ output26/X (sky130_fd_sc_hd__buf_6)
                                         out[6] (net)
                  0.08    0.00    5.34 ^ out[6] (out)
                                  5.34   data arrival time

                  0.00   10.00   10.00   clock __VIRTUAL_CLK__ (rise edge)
                          0.00   10.00   clock network delay (ideal)
                         -0.25    9.75   clock uncertainty
                          0.00    9.75   clock reconvergence pessimism
                         -2.00    7.75   output external delay
                                  7.75   data required time
-----------------------------------------------------------------------------
                                  7.75   data required time
                                 -5.34   data arrival time
-----------------------------------------------------------------------------
                                  2.41   slack (MET)


Startpoint: B[0] (input port clocked by __VIRTUAL_CLK__)
Endpoint: out[4] (output port clocked by __VIRTUAL_CLK__)
Path Group: __VIRTUAL_CLK__
Path Type: max

Fanout     Cap    Slew   Delay    Time   Description
-----------------------------------------------------------------------------
                  0.00    0.00    0.00   clock __VIRTUAL_CLK__ (rise edge)
                          0.00    0.00   clock network delay (ideal)
                          2.00    2.00 v input external delay
     1    0.01    0.02    0.01    2.01 v B[0] (in)
                                         B[0] (net)
                  0.02    0.00    2.01 v input9/A (sky130_fd_sc_hd__buf_8)
     5    0.05    0.05    0.14    2.15 v input9/X (sky130_fd_sc_hd__buf_8)
                                         net9 (net)
                  0.05    0.01    2.16 v _347_/D (sky130_fd_sc_hd__and4_4)
     3    0.02    0.05    0.22    2.39 v _347_/X (sky130_fd_sc_hd__and4_4)
                                         _026_ (net)
                  0.05    0.00    2.39 v _349_/B (sky130_fd_sc_hd__or3_4)
     2    0.02    0.09    0.42    2.81 v _349_/X (sky130_fd_sc_hd__or3_4)
                                         _028_ (net)
                  0.09    0.00    2.81 v _352_/A (sky130_fd_sc_hd__and3_4)
     2    0.01    0.04    0.19    3.00 v _352_/X (sky130_fd_sc_hd__and3_4)
                                         _031_ (net)
                  0.04    0.00    3.00 v _354_/A (sky130_fd_sc_hd__or2b_2)
     1    0.02    0.09    0.36    3.36 v _354_/X (sky130_fd_sc_hd__or2b_2)
                                         _033_ (net)
                  0.09    0.00    3.36 v _355_/B (sky130_fd_sc_hd__xnor2_4)
     2    0.03    0.12    0.20    3.56 v _355_/Y (sky130_fd_sc_hd__xnor2_4)
                                         _034_ (net)
                  0.12    0.00    3.56 v _357_/B (sky130_fd_sc_hd__or2_4)
     2    0.01    0.06    0.28    3.84 v _357_/X (sky130_fd_sc_hd__or2_4)
                                         _036_ (net)
                  0.06    0.00    3.84 v _358_/A2 (sky130_fd_sc_hd__a21bo_2)
     1    0.02    0.08    0.28    4.12 v _358_/X (sky130_fd_sc_hd__a21bo_2)
                                         _037_ (net)
                  0.08    0.00    4.12 v _360_/B (sky130_fd_sc_hd__and3_1)
     1    0.01    0.09    0.24    4.36 v _360_/X (sky130_fd_sc_hd__and3_1)
                                         _039_ (net)
                  0.09    0.00    4.36 v _373_/B1 (sky130_fd_sc_hd__o2bb2a_1)
     1    0.01    0.08    0.35    4.72 v _373_/X (sky130_fd_sc_hd__o2bb2a_1)
                                         net24 (net)
                  0.08    0.00    4.72 v output24/A (sky130_fd_sc_hd__buf_2)
     1    0.03    0.09    0.21    4.92 v output24/X (sky130_fd_sc_hd__buf_2)
                                         out[4] (net)
                  0.09    0.00    4.92 v out[4] (out)
                                  4.92   data arrival time

                  0.00   10.00   10.00   clock __VIRTUAL_CLK__ (rise edge)
                          0.00   10.00   clock network delay (ideal)
                         -0.25    9.75   clock uncertainty
                          0.00    9.75   clock reconvergence pessimism
                         -2.00    7.75   output external delay
                                  7.75   data required time
-----------------------------------------------------------------------------
                                  7.75   data required time
                                 -4.92   data arrival time
-----------------------------------------------------------------------------
                                  2.83   slack (MET)


Startpoint: B[1] (input port clocked by __VIRTUAL_CLK__)
Endpoint: out[3] (output port clocked by __VIRTUAL_CLK__)
Path Group: __VIRTUAL_CLK__
Path Type: max

Fanout     Cap    Slew   Delay    Time   Description
-----------------------------------------------------------------------------
                  0.00    0.00    0.00   clock __VIRTUAL_CLK__ (rise edge)
                          0.00    0.00   clock network delay (ideal)
                          2.00    2.00 v input external delay
     1    0.01    0.02    0.02    2.02 v B[1] (in)
                                         B[1] (net)
                  0.02    0.00    2.02 v input10/A (sky130_fd_sc_hd__buf_12)
     5    0.05    0.04    0.14    2.16 v input10/X (sky130_fd_sc_hd__buf_12)
                                         net10 (net)
                  0.04    0.01    2.16 v _266_/A (sky130_fd_sc_hd__buf_12)
     5    0.03    0.03    0.14    2.30 v _266_/X (sky130_fd_sc_hd__buf_12)
                                         _196_ (net)
                  0.03    0.00    2.30 v _267_/A (sky130_fd_sc_hd__clkbuf_8)
    10    0.06    0.08    0.18    2.48 v _267_/X (sky130_fd_sc_hd__clkbuf_8)
                                         _197_ (net)
                  0.08    0.00    2.48 v _277_/B (sky130_fd_sc_hd__and3_2)
     2    0.00    0.04    0.22    2.70 v _277_/X (sky130_fd_sc_hd__and3_2)
                                         _207_ (net)
                  0.04    0.00    2.70 v _279_/C (sky130_fd_sc_hd__or3_4)
     2    0.00    0.06    0.33    3.03 v _279_/X (sky130_fd_sc_hd__or3_4)
                                         _209_ (net)
                  0.06    0.00    3.03 v _301_/A2 (sky130_fd_sc_hd__a21o_2)
     3    0.02    0.07    0.27    3.30 v _301_/X (sky130_fd_sc_hd__a21o_2)
                                         _230_ (net)
                  0.07    0.00    3.30 v _312_/A2 (sky130_fd_sc_hd__a21o_2)
     3    0.02    0.08    0.28    3.58 v _312_/X (sky130_fd_sc_hd__a21o_2)
                                         _240_ (net)
                  0.08    0.00    3.58 v _318_/A (sky130_fd_sc_hd__and3_1)
     1    0.01    0.06    0.19    3.77 v _318_/X (sky130_fd_sc_hd__and3_1)
                                         _246_ (net)
                  0.06    0.00    3.77 v _320_/A_N (sky130_fd_sc_hd__and3b_1)
     1    0.02    0.17    0.32    4.09 ^ _320_/X (sky130_fd_sc_hd__and3b_1)
                                         _000_ (net)
                  0.17    0.00    4.09 ^ _339_/B1 (sky130_fd_sc_hd__o2bb2a_2)
     1    0.02    0.11    0.28    4.37 ^ _339_/X (sky130_fd_sc_hd__o2bb2a_2)
                                         net23 (net)
                  0.11    0.00    4.37 ^ output23/A (sky130_fd_sc_hd__buf_2)
     1    0.03    0.17    0.23    4.61 ^ output23/X (sky130_fd_sc_hd__buf_2)
                                         out[3] (net)
                  0.17    0.00    4.61 ^ out[3] (out)
                                  4.61   data arrival time

                  0.00   10.00   10.00   clock __VIRTUAL_CLK__ (rise edge)
                          0.00   10.00   clock network delay (ideal)
                         -0.25    9.75   clock uncertainty
                          0.00    9.75   clock reconvergence pessimism
                         -2.00    7.75   output external delay
                                  7.75   data required time
-----------------------------------------------------------------------------
                                  7.75   data required time
                                 -4.61   data arrival time
-----------------------------------------------------------------------------
                                  3.14   slack (MET)


Startpoint: B[1] (input port clocked by __VIRTUAL_CLK__)
Endpoint: out[2] (output port clocked by __VIRTUAL_CLK__)
Path Group: __VIRTUAL_CLK__
Path Type: max

Fanout     Cap    Slew   Delay    Time   Description
-----------------------------------------------------------------------------
                  0.00    0.00    0.00   clock __VIRTUAL_CLK__ (rise edge)
                          0.00    0.00   clock network delay (ideal)
                          2.00    2.00 v input external delay
     1    0.01    0.02    0.02    2.02 v B[1] (in)
                                         B[1] (net)
                  0.02    0.00    2.02 v input10/A (sky130_fd_sc_hd__buf_12)
     5    0.05    0.04    0.14    2.16 v input10/X (sky130_fd_sc_hd__buf_12)
                                         net10 (net)
                  0.04    0.01    2.16 v _266_/A (sky130_fd_sc_hd__buf_12)
     5    0.03    0.03    0.14    2.30 v _266_/X (sky130_fd_sc_hd__buf_12)
                                         _196_ (net)
                  0.03    0.00    2.30 v _267_/A (sky130_fd_sc_hd__clkbuf_8)
    10    0.06    0.08    0.18    2.48 v _267_/X (sky130_fd_sc_hd__clkbuf_8)
                                         _197_ (net)
                  0.08    0.00    2.48 v _277_/B (sky130_fd_sc_hd__and3_2)
     2    0.00    0.04    0.22    2.70 v _277_/X (sky130_fd_sc_hd__and3_2)
                                         _207_ (net)
                  0.04    0.00    2.70 v _279_/C (sky130_fd_sc_hd__or3_4)
     2    0.00    0.06    0.33    3.03 v _279_/X (sky130_fd_sc_hd__or3_4)
                                         _209_ (net)
                  0.06    0.00    3.03 v _301_/A2 (sky130_fd_sc_hd__a21o_2)
     3    0.02    0.07    0.27    3.30 v _301_/X (sky130_fd_sc_hd__a21o_2)
                                         _230_ (net)
                  0.07    0.00    3.30 v _303_/A2 (sky130_fd_sc_hd__o21a_1)
     1    0.02    0.10    0.24    3.54 v _303_/X (sky130_fd_sc_hd__o21a_1)
                                         _232_ (net)
                  0.10    0.00    3.54 v _308_/A2 (sky130_fd_sc_hd__a211o_1)
     1    0.00    0.04    0.31    3.86 v _308_/X (sky130_fd_sc_hd__a211o_1)
                                         _237_ (net)
                  0.04    0.00    3.86 v _309_/B2 (sky130_fd_sc_hd__o2bb2a_1)
     1    0.01    0.08    0.32    4.17 v _309_/X (sky130_fd_sc_hd__o2bb2a_1)
                                         net22 (net)
                  0.08    0.00    4.17 v output22/A (sky130_fd_sc_hd__buf_2)
     1    0.03    0.09    0.20    4.38 v output22/X (sky130_fd_sc_hd__buf_2)
                                         out[2] (net)
                  0.09    0.00    4.38 v out[2] (out)
                                  4.38   data arrival time

                  0.00   10.00   10.00   clock __VIRTUAL_CLK__ (rise edge)
                          0.00   10.00   clock network delay (ideal)
                         -0.25    9.75   clock uncertainty
                          0.00    9.75   clock reconvergence pessimism
                         -2.00    7.75   output external delay
                                  7.75   data required time
-----------------------------------------------------------------------------
                                  7.75   data required time
                                 -4.38   data arrival time
-----------------------------------------------------------------------------
                                  3.37   slack (MET)


Startpoint: B[1] (input port clocked by __VIRTUAL_CLK__)
Endpoint: out[1] (output port clocked by __VIRTUAL_CLK__)
Path Group: __VIRTUAL_CLK__
Path Type: max

Fanout     Cap    Slew   Delay    Time   Description
-----------------------------------------------------------------------------
                  0.00    0.00    0.00   clock __VIRTUAL_CLK__ (rise edge)
                          0.00    0.00   clock network delay (ideal)
                          2.00    2.00 v input external delay
     1    0.01    0.02    0.02    2.02 v B[1] (in)
                                         B[1] (net)
                  0.02    0.00    2.02 v input10/A (sky130_fd_sc_hd__buf_12)
     5    0.05    0.04    0.14    2.16 v input10/X (sky130_fd_sc_hd__buf_12)
                                         net10 (net)
                  0.04    0.01    2.16 v _266_/A (sky130_fd_sc_hd__buf_12)
     5    0.03    0.03    0.14    2.30 v _266_/X (sky130_fd_sc_hd__buf_12)
                                         _196_ (net)
                  0.03    0.00    2.30 v _267_/A (sky130_fd_sc_hd__clkbuf_8)
    10    0.06    0.08    0.18    2.48 v _267_/X (sky130_fd_sc_hd__clkbuf_8)
                                         _197_ (net)
                  0.08    0.00    2.48 v _277_/B (sky130_fd_sc_hd__and3_2)
     2    0.00    0.04    0.22    2.70 v _277_/X (sky130_fd_sc_hd__and3_2)
                                         _207_ (net)
                  0.04    0.00    2.70 v _279_/C (sky130_fd_sc_hd__or3_4)
     2    0.00    0.06    0.33    3.03 v _279_/X (sky130_fd_sc_hd__or3_4)
                                         _209_ (net)
                  0.06    0.00    3.03 v _280_/B_N (sky130_fd_sc_hd__or2b_1)
     1    0.02    0.15    0.24    3.28 ^ _280_/X (sky130_fd_sc_hd__or2b_1)
                                         _210_ (net)
                  0.15    0.00    3.28 ^ _281_/B (sky130_fd_sc_hd__xnor2_2)
     1    0.02    0.09    0.12    3.40 v _281_/Y (sky130_fd_sc_hd__xnor2_2)
                                         _211_ (net)
                  0.09    0.00    3.40 v _286_/A2 (sky130_fd_sc_hd__a211o_1)
     1    0.01    0.09    0.38    3.78 v _286_/X (sky130_fd_sc_hd__a211o_1)
                                         _216_ (net)
                  0.09    0.00    3.78 v _287_/B2 (sky130_fd_sc_hd__o2bb2a_1)
     1    0.00    0.05    0.29    4.07 v _287_/X (sky130_fd_sc_hd__o2bb2a_1)
                                         net21 (net)
                  0.05    0.00    4.07 v output21/A (sky130_fd_sc_hd__buf_2)
     1    0.03    0.09    0.19    4.26 v output21/X (sky130_fd_sc_hd__buf_2)
                                         out[1] (net)
                  0.09    0.00    4.27 v out[1] (out)
                                  4.27   data arrival time

                  0.00   10.00   10.00   clock __VIRTUAL_CLK__ (rise edge)
                          0.00   10.00   clock network delay (ideal)
                         -0.25    9.75   clock uncertainty
                          0.00    9.75   clock reconvergence pessimism
                         -2.00    7.75   output external delay
                                  7.75   data required time
-----------------------------------------------------------------------------
                                  7.75   data required time
                                 -4.27   data arrival time
-----------------------------------------------------------------------------
                                  3.48   slack (MET)


Startpoint: opcode[0] (input port clocked by __VIRTUAL_CLK__)
Endpoint: out[0] (output port clocked by __VIRTUAL_CLK__)
Path Group: __VIRTUAL_CLK__
Path Type: max

Fanout     Cap    Slew   Delay    Time   Description
-----------------------------------------------------------------------------
                  0.00    0.00    0.00   clock __VIRTUAL_CLK__ (rise edge)
                          0.00    0.00   clock network delay (ideal)
                          2.00    2.00 v input external delay
     1    0.00    0.01    0.01    2.01 v opcode[0] (in)
                                         opcode[0] (net)
                  0.01    0.00    2.01 v input17/A (sky130_fd_sc_hd__buf_4)
     5    0.02    0.05    0.15    2.15 v input17/X (sky130_fd_sc_hd__buf_4)
                                         net17 (net)
                  0.05    0.00    2.15 v _249_/A (sky130_fd_sc_hd__or2_4)
     5    0.05    0.10    0.33    2.48 v _249_/X (sky130_fd_sc_hd__or2_4)
                                         _180_ (net)
                  0.10    0.01    2.49 v _258_/B (sky130_fd_sc_hd__nor2_4)
     8    0.05    0.32    0.30    2.79 ^ _258_/Y (sky130_fd_sc_hd__nor2_4)
                                         _189_ (net)
                  0.33    0.00    2.80 ^ _260_/A1 (sky130_fd_sc_hd__o211a_1)
     1    0.00    0.04    0.21    3.01 ^ _260_/X (sky130_fd_sc_hd__o211a_1)
                                         _191_ (net)
                  0.04    0.00    3.01 ^ _261_/B1 (sky130_fd_sc_hd__a31o_1)
     1    0.02    0.17    0.19    3.20 ^ _261_/X (sky130_fd_sc_hd__a31o_1)
                                         _192_ (net)
                  0.17    0.00    3.20 ^ _262_/B2 (sky130_fd_sc_hd__a2bb2o_1)
     1    0.00    0.06    0.18    3.38 ^ _262_/X (sky130_fd_sc_hd__a2bb2o_1)
                                         net20 (net)
                  0.06    0.00    3.38 ^ output20/A (sky130_fd_sc_hd__buf_2)
     1    0.03    0.17    0.21    3.59 ^ output20/X (sky130_fd_sc_hd__buf_2)
                                         out[0] (net)
                  0.17    0.00    3.59 ^ out[0] (out)
                                  3.59   data arrival time

                  0.00   10.00   10.00   clock __VIRTUAL_CLK__ (rise edge)
                          0.00   10.00   clock network delay (ideal)
                         -0.25    9.75   clock uncertainty
                          0.00    9.75   clock reconvergence pessimism
                         -2.00    7.75   output external delay
                                  7.75   data required time
-----------------------------------------------------------------------------
                                  7.75   data required time
                                 -3.59   data arrival time
-----------------------------------------------------------------------------
                                  4.16   slack (MET)



worst slack corner Typical: 2.3139
max_report_end
checks_report

===========================================================================
report_checks -unconstrained
===========================================================================
======================= Typical Corner ===================================

Startpoint: B[0] (input port clocked by __VIRTUAL_CLK__)
Endpoint: out[7] (output port clocked by __VIRTUAL_CLK__)
Path Group: __VIRTUAL_CLK__
Path Type: max

Fanout     Cap    Slew   Delay    Time   Description
-----------------------------------------------------------------------------
                  0.00    0.00    0.00   clock __VIRTUAL_CLK__ (rise edge)
                          0.00    0.00   clock network delay (ideal)
                          2.00    2.00 v input external delay
     1    0.01    0.02    0.01    2.01 v B[0] (in)
                                         B[0] (net)
                  0.02    0.00    2.01 v input9/A (sky130_fd_sc_hd__buf_8)
     5    0.05    0.05    0.14    2.15 v input9/X (sky130_fd_sc_hd__buf_8)
                                         net9 (net)
                  0.05    0.01    2.16 v _347_/D (sky130_fd_sc_hd__and4_4)
     3    0.02    0.05    0.22    2.39 v _347_/X (sky130_fd_sc_hd__and4_4)
                                         _026_ (net)
                  0.05    0.00    2.39 v _349_/B (sky130_fd_sc_hd__or3_4)
     2    0.02    0.09    0.42    2.81 v _349_/X (sky130_fd_sc_hd__or3_4)
                                         _028_ (net)
                  0.09    0.00    2.81 v _353_/A1 (sky130_fd_sc_hd__a21o_4)
     2    0.02    0.06    0.25    3.06 v _353_/X (sky130_fd_sc_hd__a21o_4)
                                         _032_ (net)
                  0.06    0.00    3.06 v _397_/A1 (sky130_fd_sc_hd__a21o_4)
     3    0.02    0.05    0.24    3.30 v _397_/X (sky130_fd_sc_hd__a21o_4)
                                         _075_ (net)
                  0.05    0.00    3.30 v _398_/C (sky130_fd_sc_hd__and3_4)
     2    0.01    0.04    0.19    3.49 v _398_/X (sky130_fd_sc_hd__and3_4)
                                         _076_ (net)
                  0.04    0.00    3.49 v _401_/C (sky130_fd_sc_hd__or3_4)
     2    0.01    0.08    0.36    3.85 v _401_/X (sky130_fd_sc_hd__or3_4)
                                         _079_ (net)
                  0.08    0.00    3.85 v _465_/A1 (sky130_fd_sc_hd__a211o_4)
     2    0.01    0.06    0.36    4.20 v _465_/X (sky130_fd_sc_hd__a211o_4)
                                         _141_ (net)
                  0.06    0.00    4.21 v _494_/C (sky130_fd_sc_hd__or3_4)
     2    0.01    0.08    0.36    4.57 v _494_/X (sky130_fd_sc_hd__or3_4)
                                         _170_ (net)
                  0.08    0.00    4.57 v _496_/A (sky130_fd_sc_hd__and3_4)
     1    0.00    0.03    0.17    4.73 v _496_/X (sky130_fd_sc_hd__and3_4)
                                         _172_ (net)
                  0.03    0.00    4.73 v _498_/A2 (sky130_fd_sc_hd__o21a_4)
     1    0.02    0.06    0.23    4.96 v _498_/X (sky130_fd_sc_hd__o21a_4)
                                         _174_ (net)
                  0.06    0.00    4.96 v _503_/A3 (sky130_fd_sc_hd__o32a_4)
     1    0.01    0.06    0.33    5.29 v _503_/X (sky130_fd_sc_hd__o32a_4)
                                         net27 (net)
                  0.06    0.00    5.29 v output27/A (sky130_fd_sc_hd__buf_8)
     1    0.03    0.04    0.15    5.44 v output27/X (sky130_fd_sc_hd__buf_8)
                                         out[7] (net)
                  0.04    0.00    5.44 v out[7] (out)
                                  5.44   data arrival time

                  0.00   10.00   10.00   clock __VIRTUAL_CLK__ (rise edge)
                          0.00   10.00   clock network delay (ideal)
                         -0.25    9.75   clock uncertainty
                          0.00    9.75   clock reconvergence pessimism
                         -2.00    7.75   output external delay
                                  7.75   data required time
-----------------------------------------------------------------------------
                                  7.75   data required time
                                 -5.44   data arrival time
-----------------------------------------------------------------------------
                                  2.31   slack (MET)




===========================================================================
report_checks --slack_max -0.01
============================================================================
======================= Typical Corner ===================================

No paths found.


===========================================================================
 report_check_types -max_slew -max_cap -max_fanout -violators
============================================================================
======================= Typical Corner ===================================


max slew violations count Typical: 0
max fanout violations count Typical: 0
max cap violations count Typical: 0

===========================================================================
report_parasitic_annotation -report_unannotated
============================================================================
Found 0 unannotated drivers.
Found 187 partially unannotated drivers.
 _248_/X
 _249_/X
 _250_/X
 _251_/X
 _252_/X
 _254_/Y
 _256_/Y
 _259_/Y
 _260_/X
 _263_/X
 _264_/Y
 _265_/X
 _266_/X
 _267_/X
 _268_/Y
 _270_/X
 _273_/X
 _274_/X
 _275_/Y
 _276_/Y
 _277_/X
 _278_/X
 _279_/X
 _283_/X
 _284_/X
 _287_/X
 _288_/X
 _289_/X
 _292_/X
 _293_/X
 _298_/X
 _300_/X
 _301_/X
 _304_/Y
 _305_/X
 _306_/X
 _307_/X
 _308_/X
 _309_/X
 _310_/X
 _311_/X
 _313_/X
 _315_/X
 _316_/Y
 _317_/X
 _318_/X
 _319_/X
 _322_/Y
 _323_/X
 _324_/Y
 _325_/X
 _326_/Y
 _328_/X
 _329_/X
 _330_/X
 _331_/X
 _332_/Y
 _333_/Y
 _334_/X
 _338_/X
 _340_/X
 _342_/X
 _343_/X
 _345_/Y
 _346_/X
 _351_/Y
 _352_/X
 _353_/X
 _356_/Y
 _357_/X
 _362_/Y
 _366_/X
 _367_/Y
 _369_/Y
 _370_/X
 _371_/X
 _372_/X
 _374_/X
 _375_/X
 _376_/X
 _377_/Y
 _379_/Y
 _380_/Y
 _382_/Y
 _383_/X
 _384_/X
 _385_/X
 _386_/Y
 _389_/X
 _390_/Y
 _391_/X
 _393_/X
 _394_/Y
 _395_/X
 _396_/Y
 _397_/X
 _398_/X
 _400_/Y
 _402_/Y
 _406_/X
 _410_/Y
 _412_/X
 _413_/X
 _415_/Y
 _417_/X
 _419_/X
 _420_/Y
 _421_/X
 _422_/Y
 _424_/Y
 _425_/X
 _426_/X
 _429_/X
 _430_/Y
 _431_/X
 _432_/Y
 _434_/X
 _435_/Y
 _436_/Y
 _442_/X
 _443_/X
 _444_/Y
 _445_/X
 _449_/Y
 _450_/X
 _451_/X
 _452_/Y
 _453_/Y
 _454_/X
 _455_/Y
 _456_/Y
 _459_/Y
 _460_/X
 _461_/X
 _464_/X
 _466_/X
 _467_/Y
 _468_/Y
 _469_/X
 _470_/X
 _471_/Y
 _472_/X
 _473_/Y
 _475_/Y
 _477_/X
 _479_/X
 _480_/X
 _481_/Y
 _482_/Y
 _484_/Y
 _485_/Y
 _487_/Y
 _488_/Y
 _489_/X
 _493_/X
 _494_/X
 _496_/X
 _497_/Y
 _503_/X
 clone21/X
 clone30/X
 clone33/X
 input1/X
 input11/X
 input12/X
 input13/X
 input14/X
 input15/X
 input16/X
 input17/X
 input18/X
 input19/X
 input2/X
 input3/X
 input4/X
 input5/X
 input9/X
 max_cap28/X
 rebuffer12/X
 rebuffer13/X
 rebuffer15/X
 rebuffer17/X
 rebuffer20/X
 rebuffer3/X
 rebuffer4/X
 rebuffer6/X
 wire29/X

===========================================================================
max slew violation count 0
max fanout violation count 0
max cap violation count 0
============================================================================

===========================================================================
check_setup -verbose -unconstrained_endpoints -multiple_clock -no_clock -no_input_delay -loops -generated_clocks
===========================================================================
checks_report_end
power_report

===========================================================================
 report_power
============================================================================
======================= Typical Corner ===================================

Group                  Internal  Switching    Leakage      Total
                          Power      Power      Power      Power (Watts)
----------------------------------------------------------------
Sequential             0.00e+00   0.00e+00   0.00e+00   0.00e+00   0.0%
Combinational          1.39e-04   1.64e-04   1.61e-09   3.03e-04 100.0%
Clock                  0.00e+00   0.00e+00   4.21e-10   4.21e-10   0.0%
Macro                  0.00e+00   0.00e+00   0.00e+00   0.00e+00   0.0%
Pad                    0.00e+00   0.00e+00   0.00e+00   0.00e+00   0.0%
----------------------------------------------------------------
Total                  1.39e-04   1.64e-04   2.03e-09   3.03e-04 100.0%
                          45.8%      54.2%       0.0%

power_report_end
summary_report

===========================================================================
report_tns
============================================================================
tns 0.00

===========================================================================
report_wns
============================================================================
wns 0.00

===========================================================================
report_worst_slack -max (Setup)
============================================================================
worst slack 2.31

===========================================================================
report_worst_slack -min (Hold)
============================================================================
worst slack 4.18
summary_report_end
area_report

===========================================================================
report_design_area
============================================================================
Design area 4367 u^2 13% utilization.
area_report_end
check_nonpropagated_clocks
__VIRTUAL_CLK__
check_nonpropagated_clocks_end
[WARNING] Did not save OpenROAD database!
Writing SDF to '/openlane/designs/alu/runs/RUN_2025.04.23_15.05.31/results/signoff/ALU.sdf'…
Writing timing model to '/openlane/designs/alu/runs/RUN_2025.04.23_15.05.31/results/signoff/ALU.lib'…
