OpenROAD b16bda7e82721d10566ff7e2b68f1ff0be9f9e38 
Features included (+) or not (-): +Charts +GPU +GUI +Python
This program is licensed under the BSD-3 license. See the LICENSE file for details.
Components of this program may be licensed under more restrictive licenses which must be honored.
define_corners Typical
read_liberty -corner Typical /root/.volare/sky130A/libs.ref/sky130_fd_sc_hd/lib/sky130_fd_sc_hd__tt_025C_1v80.lib
Using 1e-12 for capacitance...
Using 1e+03 for resistance...
Using 1e-09 for time...
Using 1e+00 for voltage...
Using 1e-03 for current...
Using 1e-09 for power...
Using 1e-06 for distance...
[INFO]: Reading ODB at '/openlane/designs/alu/runs/RUN_2025.04.23_15.05.31/tmp/routing/18-global.odb'…
Reading design constraints file at '/openlane/scripts/base.sdc'…
[INFO]: Setting output delay to: 2.0
[INFO]: Setting input delay to: 2.0
[WARNING STA-0366] port '__VIRTUAL_CLK__' not found.
[INFO]: Setting load to: 0.033442
[INFO]: Setting clock uncertainty to: 0.25
[INFO]: Setting clock transition to: 0.15
[WARNING STA-0419] transition time can not be specified for virtual clocks.
[INFO]: Setting timing derate to: 5.0 %
[INFO]: Propagating all clocks
[WARNING STA-0450] virtual clock __VIRTUAL_CLK__ can not be propagated.
min_report

===========================================================================
report_checks -path_delay min (Hold)
============================================================================
======================= Typical Corner ===================================

Startpoint: A[6] (input port clocked by __VIRTUAL_CLK__)
Endpoint: out[6] (output port clocked by __VIRTUAL_CLK__)
Path Group: __VIRTUAL_CLK__
Path Type: min

Fanout     Cap    Slew   Delay    Time   Description
-----------------------------------------------------------------------------
                  0.00    0.00    0.00   clock __VIRTUAL_CLK__ (rise edge)
                          0.00    0.00   clock network delay (ideal)
                          2.00    2.00 ^ input external delay
     1    0.01    0.04    0.02    2.02 ^ A[6] (in)
                                         A[6] (net)
                  0.04    0.00    2.02 ^ input7/A (sky130_fd_sc_hd__buf_8)
    10    0.06    0.11    0.14    2.16 ^ input7/X (sky130_fd_sc_hd__buf_8)
                                         net7 (net)
                  0.11    0.00    2.16 ^ _453_/A1 (sky130_fd_sc_hd__a22oi_4)
     1    0.00    0.04    0.08    2.24 v _453_/Y (sky130_fd_sc_hd__a22oi_4)
                                         net26 (net)
                  0.04    0.00    2.24 v output26/A (sky130_fd_sc_hd__buf_6)
     1    0.03    0.04    0.13    2.37 v output26/X (sky130_fd_sc_hd__buf_6)
                                         out[6] (net)
                  0.04    0.00    2.37 v out[6] (out)
                                  2.37   data arrival time

                  0.00    0.00    0.00   clock __VIRTUAL_CLK__ (rise edge)
                          0.00    0.00   clock network delay (ideal)
                          0.25    0.25   clock uncertainty
                          0.00    0.25   clock reconvergence pessimism
                         -2.00   -1.75   output external delay
                                 -1.75   data required time
-----------------------------------------------------------------------------
                                 -1.75   data required time
                                 -2.37   data arrival time
-----------------------------------------------------------------------------
                                  4.12   slack (MET)


Startpoint: A[7] (input port clocked by __VIRTUAL_CLK__)
Endpoint: out[7] (output port clocked by __VIRTUAL_CLK__)
Path Group: __VIRTUAL_CLK__
Path Type: min

Fanout     Cap    Slew   Delay    Time   Description
-----------------------------------------------------------------------------
                  0.00    0.00    0.00   clock __VIRTUAL_CLK__ (rise edge)
                          0.00    0.00   clock network delay (ideal)
                          2.00    2.00 v input external delay
     1    0.00    0.01    0.00    2.00 v A[7] (in)
                                         A[7] (net)
                  0.01    0.00    2.00 v input8/A (sky130_fd_sc_hd__buf_4)
     7    0.02    0.05    0.13    2.14 v input8/X (sky130_fd_sc_hd__buf_4)
                                         net8 (net)
                  0.05    0.00    2.14 v _502_/A (sky130_fd_sc_hd__inv_2)
     1    0.00    0.03    0.04    2.18 ^ _502_/Y (sky130_fd_sc_hd__inv_2)
                                         _179_ (net)
                  0.03    0.00    2.18 ^ _503_/B2 (sky130_fd_sc_hd__o32a_4)
     1    0.01    0.04    0.13    2.31 ^ _503_/X (sky130_fd_sc_hd__o32a_4)
                                         net27 (net)
                  0.04    0.00    2.31 ^ output27/A (sky130_fd_sc_hd__buf_8)
     1    0.03    0.07    0.11    2.42 ^ output27/X (sky130_fd_sc_hd__buf_8)
                                         out[7] (net)
                  0.07    0.00    2.42 ^ out[7] (out)
                                  2.42   data arrival time

                  0.00    0.00    0.00   clock __VIRTUAL_CLK__ (rise edge)
                          0.00    0.00   clock network delay (ideal)
                          0.25    0.25   clock uncertainty
                          0.00    0.25   clock reconvergence pessimism
                         -2.00   -1.75   output external delay
                                 -1.75   data required time
-----------------------------------------------------------------------------
                                 -1.75   data required time
                                 -2.42   data arrival time
-----------------------------------------------------------------------------
                                  4.17   slack (MET)


Startpoint: A[5] (input port clocked by __VIRTUAL_CLK__)
Endpoint: out[5] (output port clocked by __VIRTUAL_CLK__)
Path Group: __VIRTUAL_CLK__
Path Type: min

Fanout     Cap    Slew   Delay    Time   Description
-----------------------------------------------------------------------------
                  0.00    0.00    0.00   clock __VIRTUAL_CLK__ (rise edge)
                          0.00    0.00   clock network delay (ideal)
                          2.00    2.00 ^ input external delay
     1    0.00    0.02    0.01    2.01 ^ A[5] (in)
                                         A[5] (net)
                  0.02    0.00    2.01 ^ input6/A (sky130_fd_sc_hd__buf_4)
     4    0.03    0.10    0.13    2.14 ^ input6/X (sky130_fd_sc_hd__buf_4)
                                         net6 (net)
                  0.10    0.00    2.14 ^ clone33/A (sky130_fd_sc_hd__clkbuf_16)
     5    0.02    0.04    0.14    2.28 ^ clone33/X (sky130_fd_sc_hd__clkbuf_16)
                                         net62 (net)
                  0.04    0.00    2.28 ^ _410_/A1 (sky130_fd_sc_hd__a21oi_4)
     1    0.00    0.03    0.04    2.32 v _410_/Y (sky130_fd_sc_hd__a21oi_4)
                                         net25 (net)
                  0.03    0.00    2.32 v output25/A (sky130_fd_sc_hd__buf_6)
     1    0.03    0.04    0.12    2.44 v output25/X (sky130_fd_sc_hd__buf_6)
                                         out[5] (net)
                  0.04    0.00    2.44 v out[5] (out)
                                  2.44   data arrival time

                  0.00    0.00    0.00   clock __VIRTUAL_CLK__ (rise edge)
                          0.00    0.00   clock network delay (ideal)
                          0.25    0.25   clock uncertainty
                          0.00    0.25   clock reconvergence pessimism
                         -2.00   -1.75   output external delay
                                 -1.75   data required time
-----------------------------------------------------------------------------
                                 -1.75   data required time
                                 -2.44   data arrival time
-----------------------------------------------------------------------------
                                  4.19   slack (MET)


Startpoint: A[3] (input port clocked by __VIRTUAL_CLK__)
Endpoint: out[3] (output port clocked by __VIRTUAL_CLK__)
Path Group: __VIRTUAL_CLK__
Path Type: min

Fanout     Cap    Slew   Delay    Time   Description
-----------------------------------------------------------------------------
                  0.00    0.00    0.00   clock __VIRTUAL_CLK__ (rise edge)
                          0.00    0.00   clock network delay (ideal)
                          2.00    2.00 ^ input external delay
     1    0.00    0.03    0.02    2.02 ^ A[3] (in)
                                         A[3] (net)
                  0.03    0.00    2.02 ^ input4/A (sky130_fd_sc_hd__buf_6)
     8    0.03    0.07    0.11    2.13 ^ input4/X (sky130_fd_sc_hd__buf_6)
                                         net4 (net)
                  0.07    0.00    2.13 ^ _310_/A (sky130_fd_sc_hd__buf_12)
    10    0.05    0.07    0.12    2.25 ^ _310_/X (sky130_fd_sc_hd__buf_12)
                                         _238_ (net)
                  0.07    0.00    2.25 ^ _339_/A1_N (sky130_fd_sc_hd__o2bb2a_2)
     1    0.00    0.03    0.19    2.44 v _339_/X (sky130_fd_sc_hd__o2bb2a_2)
                                         net23 (net)
                  0.03    0.00    2.44 v output23/A (sky130_fd_sc_hd__buf_2)
     1    0.03    0.09    0.16    2.60 v output23/X (sky130_fd_sc_hd__buf_2)
                                         out[3] (net)
                  0.09    0.00    2.60 v out[3] (out)
                                  2.60   data arrival time

                  0.00    0.00    0.00   clock __VIRTUAL_CLK__ (rise edge)
                          0.00    0.00   clock network delay (ideal)
                          0.25    0.25   clock uncertainty
                          0.00    0.25   clock reconvergence pessimism
                         -2.00   -1.75   output external delay
                                 -1.75   data required time
-----------------------------------------------------------------------------
                                 -1.75   data required time
                                 -2.60   data arrival time
-----------------------------------------------------------------------------
                                  4.35   slack (MET)


Startpoint: opcode[0] (input port clocked by __VIRTUAL_CLK__)
Endpoint: out[0] (output port clocked by __VIRTUAL_CLK__)
Path Group: __VIRTUAL_CLK__
Path Type: min

Fanout     Cap    Slew   Delay    Time   Description
-----------------------------------------------------------------------------
                  0.00    0.00    0.00   clock __VIRTUAL_CLK__ (rise edge)
                          0.00    0.00   clock network delay (ideal)
                          2.00    2.00 v input external delay
     1    0.00    0.01    0.00    2.00 v opcode[0] (in)
                                         opcode[0] (net)
                  0.01    0.00    2.00 v input17/A (sky130_fd_sc_hd__buf_4)
     5    0.02    0.05    0.13    2.14 v input17/X (sky130_fd_sc_hd__buf_4)
                                         net17 (net)
                  0.05    0.00    2.14 v _254_/A (sky130_fd_sc_hd__nand2_4)
     3    0.01    0.05    0.07    2.20 ^ _254_/Y (sky130_fd_sc_hd__nand2_4)
                                         _185_ (net)
                  0.05    0.00    2.20 ^ _261_/A2 (sky130_fd_sc_hd__a31o_1)
     2    0.00    0.04    0.12    2.33 ^ _261_/X (sky130_fd_sc_hd__a31o_1)
                                         _192_ (net)
                  0.04    0.00    2.33 ^ _262_/B2 (sky130_fd_sc_hd__a2bb2o_1)
     1    0.00    0.04    0.10    2.43 ^ _262_/X (sky130_fd_sc_hd__a2bb2o_1)
                                         net20 (net)
                  0.04    0.00    2.43 ^ output20/A (sky130_fd_sc_hd__buf_2)
     1    0.03    0.17    0.18    2.61 ^ output20/X (sky130_fd_sc_hd__buf_2)
                                         out[0] (net)
                  0.17    0.00    2.61 ^ out[0] (out)
                                  2.61   data arrival time

                  0.00    0.00    0.00   clock __VIRTUAL_CLK__ (rise edge)
                          0.00    0.00   clock network delay (ideal)
                          0.25    0.25   clock uncertainty
                          0.00    0.25   clock reconvergence pessimism
                         -2.00   -1.75   output external delay
                                 -1.75   data required time
-----------------------------------------------------------------------------
                                 -1.75   data required time
                                 -2.61   data arrival time
-----------------------------------------------------------------------------
                                  4.36   slack (MET)


Startpoint: A[4] (input port clocked by __VIRTUAL_CLK__)
Endpoint: out[4] (output port clocked by __VIRTUAL_CLK__)
Path Group: __VIRTUAL_CLK__
Path Type: min

Fanout     Cap    Slew   Delay    Time   Description
-----------------------------------------------------------------------------
                  0.00    0.00    0.00   clock __VIRTUAL_CLK__ (rise edge)
                          0.00    0.00   clock network delay (ideal)
                          2.00    2.00 ^ input external delay
     1    0.00    0.02    0.01    2.01 ^ A[4] (in)
                                         A[4] (net)
                  0.02    0.00    2.01 ^ input5/A (sky130_fd_sc_hd__buf_4)
     4    0.02    0.08    0.12    2.13 ^ input5/X (sky130_fd_sc_hd__buf_4)
                                         net5 (net)
                  0.08    0.00    2.13 ^ _340_/A (sky130_fd_sc_hd__buf_8)
    10    0.04    0.07    0.13    2.25 ^ _340_/X (sky130_fd_sc_hd__buf_8)
                                         _019_ (net)
                  0.07    0.00    2.25 ^ _373_/A1_N (sky130_fd_sc_hd__o2bb2a_1)
     1    0.00    0.03    0.19    2.45 v _373_/X (sky130_fd_sc_hd__o2bb2a_1)
                                         net24 (net)
                  0.03    0.00    2.45 v output24/A (sky130_fd_sc_hd__buf_2)
     1    0.03    0.09    0.17    2.61 v output24/X (sky130_fd_sc_hd__buf_2)
                                         out[4] (net)
                  0.09    0.00    2.61 v out[4] (out)
                                  2.61   data arrival time

                  0.00    0.00    0.00   clock __VIRTUAL_CLK__ (rise edge)
                          0.00    0.00   clock network delay (ideal)
                          0.25    0.25   clock uncertainty
                          0.00    0.25   clock reconvergence pessimism
                         -2.00   -1.75   output external delay
                                 -1.75   data required time
-----------------------------------------------------------------------------
                                 -1.75   data required time
                                 -2.61   data arrival time
-----------------------------------------------------------------------------
                                  4.36   slack (MET)


Startpoint: A[1] (input port clocked by __VIRTUAL_CLK__)
Endpoint: out[1] (output port clocked by __VIRTUAL_CLK__)
Path Group: __VIRTUAL_CLK__
Path Type: min

Fanout     Cap    Slew   Delay    Time   Description
-----------------------------------------------------------------------------
                  0.00    0.00    0.00   clock __VIRTUAL_CLK__ (rise edge)
                          0.00    0.00   clock network delay (ideal)
                          2.00    2.00 ^ input external delay
     1    0.01    0.04    0.02    2.02 ^ A[1] (in)
                                         A[1] (net)
                  0.04    0.00    2.02 ^ input2/A (sky130_fd_sc_hd__buf_8)
    10    0.03    0.07    0.11    2.13 ^ input2/X (sky130_fd_sc_hd__buf_8)
                                         net2 (net)
                  0.07    0.00    2.13 ^ _263_/A (sky130_fd_sc_hd__buf_4)
    10    0.03    0.09    0.15    2.28 ^ _263_/X (sky130_fd_sc_hd__buf_4)
                                         _193_ (net)
                  0.09    0.00    2.28 ^ _287_/A1_N (sky130_fd_sc_hd__o2bb2a_1)
     2    0.00    0.04    0.20    2.49 v _287_/X (sky130_fd_sc_hd__o2bb2a_1)
                                         net21 (net)
                  0.04    0.00    2.49 v output21/A (sky130_fd_sc_hd__buf_2)
     1    0.03    0.09    0.17    2.65 v output21/X (sky130_fd_sc_hd__buf_2)
                                         out[1] (net)
                  0.09    0.00    2.65 v out[1] (out)
                                  2.65   data arrival time

                  0.00    0.00    0.00   clock __VIRTUAL_CLK__ (rise edge)
                          0.00    0.00   clock network delay (ideal)
                          0.25    0.25   clock uncertainty
                          0.00    0.25   clock reconvergence pessimism
                         -2.00   -1.75   output external delay
                                 -1.75   data required time
-----------------------------------------------------------------------------
                                 -1.75   data required time
                                 -2.65   data arrival time
-----------------------------------------------------------------------------
                                  4.40   slack (MET)


Startpoint: A[2] (input port clocked by __VIRTUAL_CLK__)
Endpoint: out[2] (output port clocked by __VIRTUAL_CLK__)
Path Group: __VIRTUAL_CLK__
Path Type: min

Fanout     Cap    Slew   Delay    Time   Description
-----------------------------------------------------------------------------
                  0.00    0.00    0.00   clock __VIRTUAL_CLK__ (rise edge)
                          0.00    0.00   clock network delay (ideal)
                          2.00    2.00 ^ input external delay
     1    0.00    0.03    0.02    2.02 ^ A[2] (in)
                                         A[2] (net)
                  0.03    0.00    2.02 ^ input3/A (sky130_fd_sc_hd__buf_6)
     9    0.04    0.09    0.12    2.14 ^ input3/X (sky130_fd_sc_hd__buf_6)
                                         net3 (net)
                  0.09    0.00    2.14 ^ _288_/A (sky130_fd_sc_hd__clkbuf_8)
    11    0.04    0.08    0.17    2.30 ^ _288_/X (sky130_fd_sc_hd__clkbuf_8)
                                         _217_ (net)
                  0.08    0.00    2.30 ^ _309_/A1_N (sky130_fd_sc_hd__o2bb2a_1)
     1    0.00    0.03    0.20    2.50 v _309_/X (sky130_fd_sc_hd__o2bb2a_1)
                                         net22 (net)
                  0.03    0.00    2.50 v output22/A (sky130_fd_sc_hd__buf_2)
     1    0.03    0.09    0.17    2.67 v output22/X (sky130_fd_sc_hd__buf_2)
                                         out[2] (net)
                  0.09    0.00    2.67 v out[2] (out)
                                  2.67   data arrival time

                  0.00    0.00    0.00   clock __VIRTUAL_CLK__ (rise edge)
                          0.00    0.00   clock network delay (ideal)
                          0.25    0.25   clock uncertainty
                          0.00    0.25   clock reconvergence pessimism
                         -2.00   -1.75   output external delay
                                 -1.75   data required time
-----------------------------------------------------------------------------
                                 -1.75   data required time
                                 -2.67   data arrival time
-----------------------------------------------------------------------------
                                  4.42   slack (MET)



worst slack corner Typical: 4.1188
min_report_end
max_report

===========================================================================
report_checks -path_delay max (Setup)
============================================================================
======================= Typical Corner ===================================

Startpoint: B[1] (input port clocked by __VIRTUAL_CLK__)
Endpoint: out[7] (output port clocked by __VIRTUAL_CLK__)
Path Group: __VIRTUAL_CLK__
Path Type: max

Fanout     Cap    Slew   Delay    Time   Description
-----------------------------------------------------------------------------
                  0.00    0.00    0.00   clock __VIRTUAL_CLK__ (rise edge)
                          0.00    0.00   clock network delay (ideal)
                          2.00    2.00 v input external delay
     1    0.01    0.02    0.01    2.01 v B[1] (in)
                                         B[1] (net)
                  0.02    0.00    2.01 v input10/A (sky130_fd_sc_hd__buf_12)
     5    0.03    0.03    0.13    2.14 v input10/X (sky130_fd_sc_hd__buf_12)
                                         net10 (net)
                  0.03    0.00    2.14 v _266_/A (sky130_fd_sc_hd__buf_12)
     5    0.02    0.03    0.13    2.27 v _266_/X (sky130_fd_sc_hd__buf_12)
                                         _196_ (net)
                  0.03    0.00    2.27 v _383_/A2 (sky130_fd_sc_hd__a22o_4)
     3    0.01    0.05    0.27    2.54 v _383_/X (sky130_fd_sc_hd__a22o_4)
                                         _061_ (net)
                  0.05    0.00    2.54 v _385_/A1 (sky130_fd_sc_hd__a21o_4)
     2    0.01    0.05    0.22    2.76 v _385_/X (sky130_fd_sc_hd__a21o_4)
                                         _063_ (net)
                  0.05    0.00    2.76 v _389_/A2 (sky130_fd_sc_hd__a21o_4)
     3    0.01    0.05    0.24    3.00 v _389_/X (sky130_fd_sc_hd__a21o_4)
                                         _067_ (net)
                  0.05    0.00    3.00 v _395_/A1 (sky130_fd_sc_hd__a21o_4)
     3    0.02    0.05    0.23    3.23 v _395_/X (sky130_fd_sc_hd__a21o_4)
                                         _073_ (net)
                  0.05    0.00    3.23 v _398_/A (sky130_fd_sc_hd__and3_4)
     2    0.00    0.03    0.15    3.38 v _398_/X (sky130_fd_sc_hd__and3_4)
                                         _076_ (net)
                  0.03    0.00    3.38 v _401_/C (sky130_fd_sc_hd__or3_4)
     2    0.01    0.07    0.34    3.72 v _401_/X (sky130_fd_sc_hd__or3_4)
                                         _079_ (net)
                  0.07    0.00    3.72 v _465_/A1 (sky130_fd_sc_hd__a211o_4)
     2    0.00    0.05    0.34    4.06 v _465_/X (sky130_fd_sc_hd__a211o_4)
                                         _141_ (net)
                  0.05    0.00    4.06 v _494_/C (sky130_fd_sc_hd__or3_4)
     2    0.01    0.08    0.36    4.42 v _494_/X (sky130_fd_sc_hd__or3_4)
                                         _170_ (net)
                  0.08    0.00    4.42 v _496_/A (sky130_fd_sc_hd__and3_4)
     1    0.00    0.03    0.17    4.58 v _496_/X (sky130_fd_sc_hd__and3_4)
                                         _172_ (net)
                  0.03    0.00    4.58 v _498_/A2 (sky130_fd_sc_hd__o21a_4)
     1    0.00    0.03    0.19    4.77 v _498_/X (sky130_fd_sc_hd__o21a_4)
                                         _174_ (net)
                  0.03    0.00    4.77 v _503_/A3 (sky130_fd_sc_hd__o32a_4)
     1    0.01    0.06    0.32    5.09 v _503_/X (sky130_fd_sc_hd__o32a_4)
                                         net27 (net)
                  0.06    0.00    5.09 v output27/A (sky130_fd_sc_hd__buf_8)
     1    0.03    0.04    0.15    5.24 v output27/X (sky130_fd_sc_hd__buf_8)
                                         out[7] (net)
                  0.04    0.00    5.24 v out[7] (out)
                                  5.24   data arrival time

                  0.00   10.00   10.00   clock __VIRTUAL_CLK__ (rise edge)
                          0.00   10.00   clock network delay (ideal)
                         -0.25    9.75   clock uncertainty
                          0.00    9.75   clock reconvergence pessimism
                         -2.00    7.75   output external delay
                                  7.75   data required time
-----------------------------------------------------------------------------
                                  7.75   data required time
                                 -5.24   data arrival time
-----------------------------------------------------------------------------
                                  2.51   slack (MET)


Startpoint: B[1] (input port clocked by __VIRTUAL_CLK__)
Endpoint: out[6] (output port clocked by __VIRTUAL_CLK__)
Path Group: __VIRTUAL_CLK__
Path Type: max

Fanout     Cap    Slew   Delay    Time   Description
-----------------------------------------------------------------------------
                  0.00    0.00    0.00   clock __VIRTUAL_CLK__ (rise edge)
                          0.00    0.00   clock network delay (ideal)
                          2.00    2.00 v input external delay
     1    0.01    0.02    0.01    2.01 v B[1] (in)
                                         B[1] (net)
                  0.02    0.00    2.01 v input10/A (sky130_fd_sc_hd__buf_12)
     5    0.03    0.03    0.13    2.14 v input10/X (sky130_fd_sc_hd__buf_12)
                                         net10 (net)
                  0.03    0.00    2.14 v _266_/A (sky130_fd_sc_hd__buf_12)
     5    0.02    0.03    0.13    2.27 v _266_/X (sky130_fd_sc_hd__buf_12)
                                         _196_ (net)
                  0.03    0.00    2.27 v _383_/A2 (sky130_fd_sc_hd__a22o_4)
     3    0.01    0.05    0.27    2.54 v _383_/X (sky130_fd_sc_hd__a22o_4)
                                         _061_ (net)
                  0.05    0.00    2.54 v rebuffer15/A (sky130_fd_sc_hd__buf_4)
     1    0.00    0.03    0.14    2.67 v rebuffer15/X (sky130_fd_sc_hd__buf_4)
                                         net44 (net)
                  0.03    0.00    2.67 v _421_/A1 (sky130_fd_sc_hd__a21bo_4)
     2    0.01    0.05    0.22    2.89 v _421_/X (sky130_fd_sc_hd__a21bo_4)
                                         _098_ (net)
                  0.05    0.00    2.89 v _423_/B1 (sky130_fd_sc_hd__a21o_4)
     2    0.01    0.04    0.20    3.10 v _423_/X (sky130_fd_sc_hd__a21o_4)
                                         _100_ (net)
                  0.04    0.00    3.10 v _429_/A1 (sky130_fd_sc_hd__a21o_4)
     2    0.01    0.05    0.22    3.32 v _429_/X (sky130_fd_sc_hd__a21o_4)
                                         _106_ (net)
                  0.05    0.00    3.32 v _433_/A1 (sky130_fd_sc_hd__a21o_4)
     3    0.02    0.05    0.23    3.55 v _433_/X (sky130_fd_sc_hd__a21o_4)
                                         _110_ (net)
                  0.05    0.00    3.55 v _435_/A2 (sky130_fd_sc_hd__a21oi_4)
     3    0.02    0.17    0.20    3.75 ^ _435_/Y (sky130_fd_sc_hd__a21oi_4)
                                         _112_ (net)
                  0.17    0.00    3.75 ^ _436_/C1 (sky130_fd_sc_hd__a211oi_4)
     2    0.01    0.06    0.06    3.81 v _436_/Y (sky130_fd_sc_hd__a211oi_4)
                                         _113_ (net)
                  0.06    0.00    3.81 v rebuffer11/A (sky130_fd_sc_hd__dlygate4sd1_1)
     1    0.00    0.03    0.24    4.05 v rebuffer11/X (sky130_fd_sc_hd__dlygate4sd1_1)
                                         net40 (net)
                  0.03    0.00    4.05 v _439_/A (sky130_fd_sc_hd__or2_4)
     1    0.00    0.05    0.25    4.30 v _439_/X (sky130_fd_sc_hd__or2_4)
                                         _116_ (net)
                  0.05    0.00    4.30 v _440_/A1 (sky130_fd_sc_hd__a21bo_4)
     1    0.00    0.03    0.20    4.50 v _440_/X (sky130_fd_sc_hd__a21bo_4)
                                         _117_ (net)
                  0.03    0.00    4.50 v _441_/B (sky130_fd_sc_hd__or2_4)
     1    0.01    0.05    0.24    4.74 v _441_/X (sky130_fd_sc_hd__or2_4)
                                         _118_ (net)
                  0.05    0.00    4.74 v _453_/B1 (sky130_fd_sc_hd__a22oi_4)
     1    0.00    0.13    0.12    4.86 ^ _453_/Y (sky130_fd_sc_hd__a22oi_4)
                                         net26 (net)
                  0.13    0.00    4.86 ^ output26/A (sky130_fd_sc_hd__buf_6)
     1    0.03    0.08    0.16    5.02 ^ output26/X (sky130_fd_sc_hd__buf_6)
                                         out[6] (net)
                  0.08    0.00    5.02 ^ out[6] (out)
                                  5.02   data arrival time

                  0.00   10.00   10.00   clock __VIRTUAL_CLK__ (rise edge)
                          0.00   10.00   clock network delay (ideal)
                         -0.25    9.75   clock uncertainty
                          0.00    9.75   clock reconvergence pessimism
                         -2.00    7.75   output external delay
                                  7.75   data required time
-----------------------------------------------------------------------------
                                  7.75   data required time
                                 -5.02   data arrival time
-----------------------------------------------------------------------------
                                  2.73   slack (MET)


Startpoint: B[1] (input port clocked by __VIRTUAL_CLK__)
Endpoint: out[5] (output port clocked by __VIRTUAL_CLK__)
Path Group: __VIRTUAL_CLK__
Path Type: max

Fanout     Cap    Slew   Delay    Time   Description
-----------------------------------------------------------------------------
                  0.00    0.00    0.00   clock __VIRTUAL_CLK__ (rise edge)
                          0.00    0.00   clock network delay (ideal)
                          2.00    2.00 v input external delay
     1    0.01    0.02    0.01    2.01 v B[1] (in)
                                         B[1] (net)
                  0.02    0.00    2.01 v input10/A (sky130_fd_sc_hd__buf_12)
     5    0.03    0.03    0.13    2.14 v input10/X (sky130_fd_sc_hd__buf_12)
                                         net10 (net)
                  0.03    0.00    2.14 v _266_/A (sky130_fd_sc_hd__buf_12)
     5    0.02    0.03    0.13    2.27 v _266_/X (sky130_fd_sc_hd__buf_12)
                                         _196_ (net)
                  0.03    0.00    2.27 v _383_/A2 (sky130_fd_sc_hd__a22o_4)
     3    0.01    0.05    0.27    2.54 v _383_/X (sky130_fd_sc_hd__a22o_4)
                                         _061_ (net)
                  0.05    0.00    2.54 v _385_/A1 (sky130_fd_sc_hd__a21o_4)
     2    0.01    0.05    0.22    2.76 v _385_/X (sky130_fd_sc_hd__a21o_4)
                                         _063_ (net)
                  0.05    0.00    2.76 v _389_/A2 (sky130_fd_sc_hd__a21o_4)
     3    0.01    0.05    0.24    3.00 v _389_/X (sky130_fd_sc_hd__a21o_4)
                                         _067_ (net)
                  0.05    0.00    3.00 v _395_/A1 (sky130_fd_sc_hd__a21o_4)
     3    0.02    0.05    0.23    3.23 v _395_/X (sky130_fd_sc_hd__a21o_4)
                                         _073_ (net)
                  0.05    0.00    3.23 v _398_/A (sky130_fd_sc_hd__and3_4)
     2    0.00    0.03    0.15    3.38 v _398_/X (sky130_fd_sc_hd__and3_4)
                                         _076_ (net)
                  0.03    0.00    3.38 v _401_/C (sky130_fd_sc_hd__or3_4)
     2    0.01    0.07    0.34    3.72 v _401_/X (sky130_fd_sc_hd__or3_4)
                                         _079_ (net)
                  0.07    0.00    3.72 v rebuffer3/A (sky130_fd_sc_hd__clkbuf_2)
     3    0.01    0.04    0.13    3.86 v rebuffer3/X (sky130_fd_sc_hd__clkbuf_2)
                                         net32 (net)
                  0.04    0.00    3.86 v _402_/B (sky130_fd_sc_hd__nand2_2)
     2    0.01    0.08    0.09    3.94 ^ _402_/Y (sky130_fd_sc_hd__nand2_2)
                                         _080_ (net)
                  0.08    0.00    3.94 ^ rebuffer31/A (sky130_fd_sc_hd__dlymetal6s2s_1)
     2    0.00    0.07    0.12    4.07 ^ rebuffer31/X (sky130_fd_sc_hd__dlymetal6s2s_1)
                                         net60 (net)
                  0.07    0.00    4.07 ^ rebuffer32/A (sky130_fd_sc_hd__dlygate4sd1_1)
     1    0.00    0.04    0.20    4.27 ^ rebuffer32/X (sky130_fd_sc_hd__dlygate4sd1_1)
                                         net61 (net)
                  0.04    0.00    4.27 ^ _404_/C (sky130_fd_sc_hd__nand3_1)
     1    0.00    0.05    0.07    4.34 v _404_/Y (sky130_fd_sc_hd__nand3_1)
                                         _082_ (net)
                  0.05    0.00    4.34 v _408_/A3 (sky130_fd_sc_hd__a31o_1)
     1    0.01    0.06    0.25    4.59 v _408_/X (sky130_fd_sc_hd__a31o_1)
                                         _086_ (net)
                  0.06    0.00    4.59 v _409_/B1 (sky130_fd_sc_hd__a21oi_4)
     1    0.01    0.12    0.14    4.73 ^ _409_/Y (sky130_fd_sc_hd__a21oi_4)
                                         _087_ (net)
                  0.12    0.00    4.73 ^ _410_/B1 (sky130_fd_sc_hd__a21oi_4)
     1    0.00    0.04    0.04    4.77 v _410_/Y (sky130_fd_sc_hd__a21oi_4)
                                         net25 (net)
                  0.04    0.00    4.77 v output25/A (sky130_fd_sc_hd__buf_6)
     1    0.03    0.04    0.14    4.91 v output25/X (sky130_fd_sc_hd__buf_6)
                                         out[5] (net)
                  0.04    0.00    4.91 v out[5] (out)
                                  4.91   data arrival time

                  0.00   10.00   10.00   clock __VIRTUAL_CLK__ (rise edge)
                          0.00   10.00   clock network delay (ideal)
                         -0.25    9.75   clock uncertainty
                          0.00    9.75   clock reconvergence pessimism
                         -2.00    7.75   output external delay
                                  7.75   data required time
-----------------------------------------------------------------------------
                                  7.75   data required time
                                 -4.91   data arrival time
-----------------------------------------------------------------------------
                                  2.84   slack (MET)


Startpoint: B[1] (input port clocked by __VIRTUAL_CLK__)
Endpoint: out[4] (output port clocked by __VIRTUAL_CLK__)
Path Group: __VIRTUAL_CLK__
Path Type: max

Fanout     Cap    Slew   Delay    Time   Description
-----------------------------------------------------------------------------
                  0.00    0.00    0.00   clock __VIRTUAL_CLK__ (rise edge)
                          0.00    0.00   clock network delay (ideal)
                          2.00    2.00 v input external delay
     1    0.01    0.02    0.01    2.01 v B[1] (in)
                                         B[1] (net)
                  0.02    0.00    2.01 v input10/A (sky130_fd_sc_hd__buf_12)
     5    0.03    0.03    0.13    2.14 v input10/X (sky130_fd_sc_hd__buf_12)
                                         net10 (net)
                  0.03    0.00    2.14 v _266_/A (sky130_fd_sc_hd__buf_12)
     5    0.02    0.03    0.13    2.27 v _266_/X (sky130_fd_sc_hd__buf_12)
                                         _196_ (net)
                  0.03    0.00    2.27 v _267_/A (sky130_fd_sc_hd__clkbuf_8)
    10    0.03    0.05    0.15    2.42 v _267_/X (sky130_fd_sc_hd__clkbuf_8)
                                         _197_ (net)
                  0.05    0.00    2.42 v _277_/B (sky130_fd_sc_hd__and3_4)
     2    0.00    0.03    0.17    2.59 v _277_/X (sky130_fd_sc_hd__and3_4)
                                         _207_ (net)
                  0.03    0.00    2.59 v _279_/C (sky130_fd_sc_hd__or3_4)
     2    0.00    0.06    0.33    2.92 v _279_/X (sky130_fd_sc_hd__or3_4)
                                         _209_ (net)
                  0.06    0.00    2.92 v _301_/A2 (sky130_fd_sc_hd__a21o_2)
     3    0.01    0.04    0.24    3.16 v _301_/X (sky130_fd_sc_hd__a21o_2)
                                         _230_ (net)
                  0.04    0.00    3.16 v _312_/A2 (sky130_fd_sc_hd__a21o_2)
     3    0.01    0.04    0.23    3.39 v _312_/X (sky130_fd_sc_hd__a21o_2)
                                         _240_ (net)
                  0.04    0.00    3.39 v _366_/A1 (sky130_fd_sc_hd__a21bo_2)
     3    0.01    0.05    0.21    3.60 v _366_/X (sky130_fd_sc_hd__a21bo_2)
                                         _045_ (net)
                  0.05    0.00    3.60 v _368_/B (sky130_fd_sc_hd__or2_1)
     1    0.00    0.05    0.21    3.81 v _368_/X (sky130_fd_sc_hd__or2_1)
                                         _047_ (net)
                  0.05    0.00    3.81 v _372_/A3 (sky130_fd_sc_hd__a31o_1)
     1    0.00    0.03    0.21    4.02 v _372_/X (sky130_fd_sc_hd__a31o_1)
                                         _051_ (net)
                  0.03    0.00    4.02 v _373_/B2 (sky130_fd_sc_hd__o2bb2a_1)
     1    0.00    0.05    0.27    4.29 v _373_/X (sky130_fd_sc_hd__o2bb2a_1)
                                         net24 (net)
                  0.05    0.00    4.29 v output24/A (sky130_fd_sc_hd__buf_2)
     1    0.03    0.09    0.19    4.48 v output24/X (sky130_fd_sc_hd__buf_2)
                                         out[4] (net)
                  0.09    0.00    4.48 v out[4] (out)
                                  4.48   data arrival time

                  0.00   10.00   10.00   clock __VIRTUAL_CLK__ (rise edge)
                          0.00   10.00   clock network delay (ideal)
                         -0.25    9.75   clock uncertainty
                          0.00    9.75   clock reconvergence pessimism
                         -2.00    7.75   output external delay
                                  7.75   data required time
-----------------------------------------------------------------------------
                                  7.75   data required time
                                 -4.48   data arrival time
-----------------------------------------------------------------------------
                                  3.27   slack (MET)


Startpoint: A[2] (input port clocked by __VIRTUAL_CLK__)
Endpoint: out[3] (output port clocked by __VIRTUAL_CLK__)
Path Group: __VIRTUAL_CLK__
Path Type: max

Fanout     Cap    Slew   Delay    Time   Description
-----------------------------------------------------------------------------
                  0.00    0.00    0.00   clock __VIRTUAL_CLK__ (rise edge)
                          0.00    0.00   clock network delay (ideal)
                          2.00    2.00 v input external delay
     1    0.00    0.01    0.01    2.01 v A[2] (in)
                                         A[2] (net)
                  0.01    0.00    2.01 v input3/A (sky130_fd_sc_hd__buf_6)
     9    0.04    0.05    0.13    2.14 v input3/X (sky130_fd_sc_hd__buf_6)
                                         net3 (net)
                  0.05    0.00    2.14 v _323_/C (sky130_fd_sc_hd__and4_2)
     3    0.01    0.06    0.25    2.39 v _323_/X (sky130_fd_sc_hd__and4_2)
                                         _003_ (net)
                  0.06    0.00    2.39 v _325_/B (sky130_fd_sc_hd__or3_4)
     2    0.00    0.06    0.38    2.77 v _325_/X (sky130_fd_sc_hd__or3_4)
                                         _005_ (net)
                  0.06    0.00    2.77 v _330_/A2 (sky130_fd_sc_hd__a21o_1)
     2    0.00    0.04    0.19    2.96 v _330_/X (sky130_fd_sc_hd__a21o_1)
                                         _010_ (net)
                  0.04    0.00    2.96 v _331_/B (sky130_fd_sc_hd__and2b_2)
     1    0.02    0.07    0.24    3.20 v _331_/X (sky130_fd_sc_hd__and2b_2)
                                         _011_ (net)
                  0.07    0.00    3.20 v _332_/A (sky130_fd_sc_hd__xnor2_4)
     2    0.01    0.06    0.16    3.36 v _332_/Y (sky130_fd_sc_hd__xnor2_4)
                                         _012_ (net)
                  0.06    0.00    3.36 v rebuffer13/A (sky130_fd_sc_hd__dlygate4sd1_1)
     2    0.00    0.03    0.24    3.60 v rebuffer13/X (sky130_fd_sc_hd__dlygate4sd1_1)
                                         net42 (net)
                  0.03    0.00    3.60 v _334_/B (sky130_fd_sc_hd__or2_1)
     1    0.00    0.05    0.20    3.80 v _334_/X (sky130_fd_sc_hd__or2_1)
                                         _014_ (net)
                  0.05    0.00    3.80 v _338_/A3 (sky130_fd_sc_hd__a31o_1)
     1    0.00    0.03    0.21    4.01 v _338_/X (sky130_fd_sc_hd__a31o_1)
                                         _018_ (net)
                  0.03    0.00    4.01 v _339_/B2 (sky130_fd_sc_hd__o2bb2a_2)
     1    0.00    0.04    0.24    4.25 v _339_/X (sky130_fd_sc_hd__o2bb2a_2)
                                         net23 (net)
                  0.04    0.00    4.25 v output23/A (sky130_fd_sc_hd__buf_2)
     1    0.03    0.09    0.19    4.44 v output23/X (sky130_fd_sc_hd__buf_2)
                                         out[3] (net)
                  0.09    0.00    4.44 v out[3] (out)
                                  4.44   data arrival time

                  0.00   10.00   10.00   clock __VIRTUAL_CLK__ (rise edge)
                          0.00   10.00   clock network delay (ideal)
                         -0.25    9.75   clock uncertainty
                          0.00    9.75   clock reconvergence pessimism
                         -2.00    7.75   output external delay
                                  7.75   data required time
-----------------------------------------------------------------------------
                                  7.75   data required time
                                 -4.44   data arrival time
-----------------------------------------------------------------------------
                                  3.31   slack (MET)


Startpoint: B[1] (input port clocked by __VIRTUAL_CLK__)
Endpoint: out[2] (output port clocked by __VIRTUAL_CLK__)
Path Group: __VIRTUAL_CLK__
Path Type: max

Fanout     Cap    Slew   Delay    Time   Description
-----------------------------------------------------------------------------
                  0.00    0.00    0.00   clock __VIRTUAL_CLK__ (rise edge)
                          0.00    0.00   clock network delay (ideal)
                          2.00    2.00 v input external delay
     1    0.01    0.02    0.01    2.01 v B[1] (in)
                                         B[1] (net)
                  0.02    0.00    2.01 v input10/A (sky130_fd_sc_hd__buf_12)
     5    0.03    0.03    0.13    2.14 v input10/X (sky130_fd_sc_hd__buf_12)
                                         net10 (net)
                  0.03    0.00    2.14 v _266_/A (sky130_fd_sc_hd__buf_12)
     5    0.02    0.03    0.13    2.27 v _266_/X (sky130_fd_sc_hd__buf_12)
                                         _196_ (net)
                  0.03    0.00    2.27 v _267_/A (sky130_fd_sc_hd__clkbuf_8)
    10    0.03    0.05    0.15    2.42 v _267_/X (sky130_fd_sc_hd__clkbuf_8)
                                         _197_ (net)
                  0.05    0.00    2.42 v _277_/B (sky130_fd_sc_hd__and3_4)
     2    0.00    0.03    0.17    2.59 v _277_/X (sky130_fd_sc_hd__and3_4)
                                         _207_ (net)
                  0.03    0.00    2.59 v _279_/C (sky130_fd_sc_hd__or3_4)
     2    0.00    0.06    0.33    2.92 v _279_/X (sky130_fd_sc_hd__or3_4)
                                         _209_ (net)
                  0.06    0.00    2.92 v _301_/A2 (sky130_fd_sc_hd__a21o_2)
     3    0.01    0.04    0.24    3.16 v _301_/X (sky130_fd_sc_hd__a21o_2)
                                         _230_ (net)
                  0.04    0.00    3.16 v _303_/A2 (sky130_fd_sc_hd__o21a_1)
     1    0.00    0.03    0.17    3.33 v _303_/X (sky130_fd_sc_hd__o21a_1)
                                         _232_ (net)
                  0.03    0.00    3.33 v _308_/A2 (sky130_fd_sc_hd__a211o_1)
     1    0.00    0.04    0.28    3.61 v _308_/X (sky130_fd_sc_hd__a211o_1)
                                         _237_ (net)
                  0.04    0.00    3.61 v _309_/B2 (sky130_fd_sc_hd__o2bb2a_1)
     1    0.00    0.05    0.27    3.88 v _309_/X (sky130_fd_sc_hd__o2bb2a_1)
                                         net22 (net)
                  0.05    0.00    3.88 v output22/A (sky130_fd_sc_hd__buf_2)
     1    0.03    0.09    0.19    4.07 v output22/X (sky130_fd_sc_hd__buf_2)
                                         out[2] (net)
                  0.09    0.00    4.07 v out[2] (out)
                                  4.07   data arrival time

                  0.00   10.00   10.00   clock __VIRTUAL_CLK__ (rise edge)
                          0.00   10.00   clock network delay (ideal)
                         -0.25    9.75   clock uncertainty
                          0.00    9.75   clock reconvergence pessimism
                         -2.00    7.75   output external delay
                                  7.75   data required time
-----------------------------------------------------------------------------
                                  7.75   data required time
                                 -4.07   data arrival time
-----------------------------------------------------------------------------
                                  3.68   slack (MET)


Startpoint: B[1] (input port clocked by __VIRTUAL_CLK__)
Endpoint: out[1] (output port clocked by __VIRTUAL_CLK__)
Path Group: __VIRTUAL_CLK__
Path Type: max

Fanout     Cap    Slew   Delay    Time   Description
-----------------------------------------------------------------------------
                  0.00    0.00    0.00   clock __VIRTUAL_CLK__ (rise edge)
                          0.00    0.00   clock network delay (ideal)
                          2.00    2.00 v input external delay
     1    0.01    0.02    0.01    2.01 v B[1] (in)
                                         B[1] (net)
                  0.02    0.00    2.01 v input10/A (sky130_fd_sc_hd__buf_12)
     5    0.03    0.03    0.13    2.14 v input10/X (sky130_fd_sc_hd__buf_12)
                                         net10 (net)
                  0.03    0.00    2.14 v _266_/A (sky130_fd_sc_hd__buf_12)
     5    0.02    0.03    0.13    2.27 v _266_/X (sky130_fd_sc_hd__buf_12)
                                         _196_ (net)
                  0.03    0.00    2.27 v _267_/A (sky130_fd_sc_hd__clkbuf_8)
    10    0.03    0.05    0.15    2.42 v _267_/X (sky130_fd_sc_hd__clkbuf_8)
                                         _197_ (net)
                  0.05    0.00    2.42 v _277_/B (sky130_fd_sc_hd__and3_4)
     2    0.00    0.03    0.17    2.59 v _277_/X (sky130_fd_sc_hd__and3_4)
                                         _207_ (net)
                  0.03    0.00    2.59 v _279_/C (sky130_fd_sc_hd__or3_4)
     2    0.00    0.06    0.33    2.92 v _279_/X (sky130_fd_sc_hd__or3_4)
                                         _209_ (net)
                  0.06    0.00    2.92 v _280_/B_N (sky130_fd_sc_hd__or2b_1)
     1    0.01    0.09    0.20    3.12 ^ _280_/X (sky130_fd_sc_hd__or2b_1)
                                         _210_ (net)
                  0.09    0.00    3.12 ^ _281_/B (sky130_fd_sc_hd__xnor2_2)
     2    0.00    0.04    0.06    3.18 v _281_/Y (sky130_fd_sc_hd__xnor2_2)
                                         _211_ (net)
                  0.04    0.00    3.18 v _286_/A2 (sky130_fd_sc_hd__a211o_1)
     1    0.00    0.04    0.29    3.47 v _286_/X (sky130_fd_sc_hd__a211o_1)
                                         _216_ (net)
                  0.04    0.00    3.47 v _287_/B2 (sky130_fd_sc_hd__o2bb2a_1)
     2    0.00    0.05    0.28    3.75 v _287_/X (sky130_fd_sc_hd__o2bb2a_1)
                                         net21 (net)
                  0.05    0.00    3.75 v output21/A (sky130_fd_sc_hd__buf_2)
     1    0.03    0.09    0.19    3.94 v output21/X (sky130_fd_sc_hd__buf_2)
                                         out[1] (net)
                  0.09    0.00    3.94 v out[1] (out)
                                  3.94   data arrival time

                  0.00   10.00   10.00   clock __VIRTUAL_CLK__ (rise edge)
                          0.00   10.00   clock network delay (ideal)
                         -0.25    9.75   clock uncertainty
                          0.00    9.75   clock reconvergence pessimism
                         -2.00    7.75   output external delay
                                  7.75   data required time
-----------------------------------------------------------------------------
                                  7.75   data required time
                                 -3.94   data arrival time
-----------------------------------------------------------------------------
                                  3.81   slack (MET)


Startpoint: opcode[1] (input port clocked by __VIRTUAL_CLK__)
Endpoint: out[0] (output port clocked by __VIRTUAL_CLK__)
Path Group: __VIRTUAL_CLK__
Path Type: max

Fanout     Cap    Slew   Delay    Time   Description
-----------------------------------------------------------------------------
                  0.00    0.00    0.00   clock __VIRTUAL_CLK__ (rise edge)
                          0.00    0.00   clock network delay (ideal)
                          2.00    2.00 ^ input external delay
     1    0.00    0.02    0.01    2.01 ^ opcode[1] (in)
                                         opcode[1] (net)
                  0.02    0.00    2.01 ^ input18/A (sky130_fd_sc_hd__buf_4)
     5    0.03    0.10    0.15    2.16 ^ input18/X (sky130_fd_sc_hd__buf_4)
                                         net18 (net)
                  0.10    0.00    2.16 ^ _249_/B (sky130_fd_sc_hd__or2_4)
     6    0.03    0.09    0.18    2.33 ^ _249_/X (sky130_fd_sc_hd__or2_4)
                                         _180_ (net)
                  0.09    0.00    2.33 ^ _258_/B (sky130_fd_sc_hd__nor2_4)
     8    0.02    0.04    0.06    2.39 v _258_/Y (sky130_fd_sc_hd__nor2_4)
                                         _189_ (net)
                  0.04    0.00    2.39 v _260_/A1 (sky130_fd_sc_hd__o211a_1)
     1    0.00    0.04    0.22    2.61 v _260_/X (sky130_fd_sc_hd__o211a_1)
                                         _191_ (net)
                  0.04    0.00    2.61 v _261_/B1 (sky130_fd_sc_hd__a31o_1)
     2    0.00    0.04    0.18    2.79 v _261_/X (sky130_fd_sc_hd__a31o_1)
                                         _192_ (net)
                  0.04    0.00    2.79 v _262_/B2 (sky130_fd_sc_hd__a2bb2o_1)
     1    0.00    0.04    0.24    3.03 v _262_/X (sky130_fd_sc_hd__a2bb2o_1)
                                         net20 (net)
                  0.04    0.00    3.03 v output20/A (sky130_fd_sc_hd__buf_2)
     1    0.03    0.09    0.19    3.22 v output20/X (sky130_fd_sc_hd__buf_2)
                                         out[0] (net)
                  0.09    0.00    3.22 v out[0] (out)
                                  3.22   data arrival time

                  0.00   10.00   10.00   clock __VIRTUAL_CLK__ (rise edge)
                          0.00   10.00   clock network delay (ideal)
                         -0.25    9.75   clock uncertainty
                          0.00    9.75   clock reconvergence pessimism
                         -2.00    7.75   output external delay
                                  7.75   data required time
-----------------------------------------------------------------------------
                                  7.75   data required time
                                 -3.22   data arrival time
-----------------------------------------------------------------------------
                                  4.53   slack (MET)



worst slack corner Typical: 2.5097
max_report_end
checks_report

===========================================================================
report_checks -unconstrained
===========================================================================
======================= Typical Corner ===================================

Startpoint: B[1] (input port clocked by __VIRTUAL_CLK__)
Endpoint: out[7] (output port clocked by __VIRTUAL_CLK__)
Path Group: __VIRTUAL_CLK__
Path Type: max

Fanout     Cap    Slew   Delay    Time   Description
-----------------------------------------------------------------------------
                  0.00    0.00    0.00   clock __VIRTUAL_CLK__ (rise edge)
                          0.00    0.00   clock network delay (ideal)
                          2.00    2.00 v input external delay
     1    0.01    0.02    0.01    2.01 v B[1] (in)
                                         B[1] (net)
                  0.02    0.00    2.01 v input10/A (sky130_fd_sc_hd__buf_12)
     5    0.03    0.03    0.13    2.14 v input10/X (sky130_fd_sc_hd__buf_12)
                                         net10 (net)
                  0.03    0.00    2.14 v _266_/A (sky130_fd_sc_hd__buf_12)
     5    0.02    0.03    0.13    2.27 v _266_/X (sky130_fd_sc_hd__buf_12)
                                         _196_ (net)
                  0.03    0.00    2.27 v _383_/A2 (sky130_fd_sc_hd__a22o_4)
     3    0.01    0.05    0.27    2.54 v _383_/X (sky130_fd_sc_hd__a22o_4)
                                         _061_ (net)
                  0.05    0.00    2.54 v _385_/A1 (sky130_fd_sc_hd__a21o_4)
     2    0.01    0.05    0.22    2.76 v _385_/X (sky130_fd_sc_hd__a21o_4)
                                         _063_ (net)
                  0.05    0.00    2.76 v _389_/A2 (sky130_fd_sc_hd__a21o_4)
     3    0.01    0.05    0.24    3.00 v _389_/X (sky130_fd_sc_hd__a21o_4)
                                         _067_ (net)
                  0.05    0.00    3.00 v _395_/A1 (sky130_fd_sc_hd__a21o_4)
     3    0.02    0.05    0.23    3.23 v _395_/X (sky130_fd_sc_hd__a21o_4)
                                         _073_ (net)
                  0.05    0.00    3.23 v _398_/A (sky130_fd_sc_hd__and3_4)
     2    0.00    0.03    0.15    3.38 v _398_/X (sky130_fd_sc_hd__and3_4)
                                         _076_ (net)
                  0.03    0.00    3.38 v _401_/C (sky130_fd_sc_hd__or3_4)
     2    0.01    0.07    0.34    3.72 v _401_/X (sky130_fd_sc_hd__or3_4)
                                         _079_ (net)
                  0.07    0.00    3.72 v _465_/A1 (sky130_fd_sc_hd__a211o_4)
     2    0.00    0.05    0.34    4.06 v _465_/X (sky130_fd_sc_hd__a211o_4)
                                         _141_ (net)
                  0.05    0.00    4.06 v _494_/C (sky130_fd_sc_hd__or3_4)
     2    0.01    0.08    0.36    4.42 v _494_/X (sky130_fd_sc_hd__or3_4)
                                         _170_ (net)
                  0.08    0.00    4.42 v _496_/A (sky130_fd_sc_hd__and3_4)
     1    0.00    0.03    0.17    4.58 v _496_/X (sky130_fd_sc_hd__and3_4)
                                         _172_ (net)
                  0.03    0.00    4.58 v _498_/A2 (sky130_fd_sc_hd__o21a_4)
     1    0.00    0.03    0.19    4.77 v _498_/X (sky130_fd_sc_hd__o21a_4)
                                         _174_ (net)
                  0.03    0.00    4.77 v _503_/A3 (sky130_fd_sc_hd__o32a_4)
     1    0.01    0.06    0.32    5.09 v _503_/X (sky130_fd_sc_hd__o32a_4)
                                         net27 (net)
                  0.06    0.00    5.09 v output27/A (sky130_fd_sc_hd__buf_8)
     1    0.03    0.04    0.15    5.24 v output27/X (sky130_fd_sc_hd__buf_8)
                                         out[7] (net)
                  0.04    0.00    5.24 v out[7] (out)
                                  5.24   data arrival time

                  0.00   10.00   10.00   clock __VIRTUAL_CLK__ (rise edge)
                          0.00   10.00   clock network delay (ideal)
                         -0.25    9.75   clock uncertainty
                          0.00    9.75   clock reconvergence pessimism
                         -2.00    7.75   output external delay
                                  7.75   data required time
-----------------------------------------------------------------------------
                                  7.75   data required time
                                 -5.24   data arrival time
-----------------------------------------------------------------------------
                                  2.51   slack (MET)




===========================================================================
report_checks --slack_max -0.01
============================================================================
======================= Typical Corner ===================================

No paths found.


===========================================================================
 report_check_types -max_slew -max_cap -max_fanout -violators
============================================================================
======================= Typical Corner ===================================

max fanout

Pin                                   Limit Fanout  Slack
---------------------------------------------------------
_248_/X                                  10     11        (VIOLATED)
_252_/X                                  10     11        (VIOLATED)
_288_/X                                  10     11        (VIOLATED)


max slew violations count Typical: 0
max fanout violations count Typical: 3
max cap violations count Typical: 0

===========================================================================
report_parasitic_annotation -report_unannotated
============================================================================
Found 337 unannotated drivers.
 A[0]
 A[1]
 A[2]
 A[3]
 A[4]
 A[5]
 A[6]
 A[7]
 B[0]
 B[1]
 B[2]
 B[3]
 B[4]
 B[5]
 B[6]
 B[7]
 opcode[0]
 opcode[1]
 opcode[2]
 _248_/X
 _249_/X
 _250_/X
 _251_/X
 _252_/X
 _253_/X
 _254_/Y
 _255_/Y
 _256_/Y
 _257_/Y
 _258_/Y
 _259_/Y
 _260_/X
 _261_/X
 _262_/X
 _263_/X
 _264_/Y
 _265_/X
 _266_/X
 _267_/X
 _268_/Y
 _269_/X
 _270_/X
 _271_/Y
 _272_/X
 _273_/X
 _274_/X
 _275_/Y
 _276_/Y
 _277_/X
 _278_/X
 _279_/X
 _280_/X
 _281_/Y
 _282_/X
 _283_/X
 _284_/X
 _285_/X
 _286_/X
 _287_/X
 _288_/X
 _289_/X
 _290_/Y
 _291_/X
 _292_/X
 _293_/X
 _294_/X
 _295_/X
 _296_/Y
 _297_/Y
 _298_/X
 _299_/Y
 _300_/X
 _301_/X
 _302_/Y
 _303_/X
 _304_/Y
 _305_/X
 _306_/X
 _307_/X
 _308_/X
 _309_/X
 _310_/X
 _311_/X
 _312_/X
 _313_/X
 _314_/Y
 _315_/X
 _316_/Y
 _317_/X
 _318_/X
 _319_/X
 _320_/X
 _321_/Y
 _322_/Y
 _323_/X
 _324_/Y
 _325_/X
 _326_/Y
 _327_/X
 _328_/X
 _329_/X
 _330_/X
 _331_/X
 _332_/Y
 _333_/Y
 _334_/X
 _335_/Y
 _336_/X
 _337_/X
 _338_/X
 _339_/X
 _340_/X
 _341_/X
 _342_/X
 _343_/X
 _344_/X
 _345_/Y
 _346_/X
 _347_/X
 _348_/Y
 _349_/X
 _350_/Y
 _351_/Y
 _352_/X
 _353_/X
 _354_/X
 _355_/Y
 _356_/Y
 _357_/X
 _358_/X
 _359_/Y
 _360_/X
 _361_/X
 _362_/Y
 _363_/X
 _364_/Y
 _365_/Y
 _366_/X
 _367_/Y
 _368_/X
 _369_/Y
 _370_/X
 _371_/X
 _372_/X
 _373_/X
 _374_/X
 _375_/X
 _376_/X
 _377_/Y
 _378_/X
 _379_/Y
 _380_/Y
 _381_/X
 _382_/Y
 _383_/X
 _384_/X
 _385_/X
 _386_/Y
 _387_/Y
 _388_/Y
 _389_/X
 _390_/Y
 _391_/X
 _392_/X
 _393_/X
 _394_/Y
 _395_/X
 _396_/Y
 _397_/X
 _398_/X
 _399_/Y
 _400_/Y
 _401_/X
 _402_/Y
 _403_/X
 _404_/Y
 _405_/Y
 _406_/X
 _407_/X
 _408_/X
 _409_/Y
 _410_/Y
 _411_/Y
 _412_/X
 _413_/X
 _414_/Y
 _415_/Y
 _416_/Y
 _417_/X
 _418_/X
 _419_/X
 _420_/Y
 _421_/X
 _422_/Y
 _423_/X
 _424_/Y
 _425_/X
 _426_/X
 _427_/X
 _428_/X
 _429_/X
 _430_/Y
 _431_/X
 _432_/Y
 _433_/X
 _434_/X
 _435_/Y
 _436_/Y
 _437_/X
 _438_/Y
 _439_/X
 _440_/X
 _441_/X
 _442_/X
 _443_/X
 _444_/Y
 _445_/X
 _446_/X
 _447_/Y
 _448_/X
 _449_/Y
 _450_/X
 _451_/X
 _452_/Y
 _453_/Y
 _454_/X
 _455_/Y
 _456_/Y
 _457_/Y
 _458_/X
 _459_/Y
 _460_/X
 _461_/X
 _462_/Y
 _463_/X
 _464_/X
 _465_/X
 _466_/X
 _467_/Y
 _468_/Y
 _469_/X
 _470_/X
 _471_/Y
 _472_/X
 _473_/Y
 _474_/X
 _475_/Y
 _476_/X
 _477_/X
 _478_/Y
 _479_/X
 _480_/X
 _481_/Y
 _482_/Y
 _483_/X
 _484_/Y
 _485_/Y
 _486_/X
 _487_/Y
 _488_/Y
 _489_/X
 _490_/Y
 _491_/Y
 _492_/Y
 _493_/X
 _494_/X
 _495_/Y
 _496_/X
 _497_/Y
 _498_/X
 _499_/Y
 _500_/X
 _501_/Y
 _502_/Y
 _503_/X
 clone21/X
 clone30/X
 clone33/X
 input1/X
 input10/X
 input11/X
 input12/X
 input13/X
 input14/X
 input15/X
 input16/X
 input17/X
 input18/X
 input19/X
 input2/X
 input3/X
 input4/X
 input5/X
 input6/X
 input7/X
 input8/X
 input9/X
 max_cap28/X
 output20/X
 output21/X
 output22/X
 output23/X
 output24/X
 output25/X
 output26/X
 output27/X
 rebuffer1/X
 rebuffer10/X
 rebuffer11/X
 rebuffer12/X
 rebuffer13/X
 rebuffer14/X
 rebuffer15/X
 rebuffer16/X
 rebuffer17/X
 rebuffer18/X
 rebuffer19/X
 rebuffer2/X
 rebuffer20/X
 rebuffer22/X
 rebuffer23/X
 rebuffer24/X
 rebuffer25/X
 rebuffer26/X
 rebuffer27/X
 rebuffer28/X
 rebuffer29/X
 rebuffer3/X
 rebuffer31/X
 rebuffer32/X
 rebuffer4/X
 rebuffer5/X
 rebuffer6/X
 rebuffer7/X
 rebuffer8/X
 rebuffer9/X
 wire29/X
Found 0 partially unannotated drivers.

===========================================================================
max slew violation count 0
max fanout violation count 3
max cap violation count 0
============================================================================

===========================================================================
check_setup -verbose -unconstrained_endpoints -multiple_clock -no_clock -no_input_delay -loops -generated_clocks
===========================================================================
checks_report_end
power_report

===========================================================================
 report_power
============================================================================
======================= Typical Corner ===================================

Group                  Internal  Switching    Leakage      Total
                          Power      Power      Power      Power (Watts)
----------------------------------------------------------------
Sequential             0.00e+00   0.00e+00   0.00e+00   0.00e+00   0.0%
Combinational          1.38e-04   1.09e-04   1.61e-09   2.47e-04 100.0%
Clock                  3.71e-10   0.00e+00   4.21e-10   7.92e-10   0.0%
Macro                  0.00e+00   0.00e+00   0.00e+00   0.00e+00   0.0%
Pad                    0.00e+00   0.00e+00   0.00e+00   0.00e+00   0.0%
----------------------------------------------------------------
Total                  1.38e-04   1.09e-04   2.03e-09   2.47e-04 100.0%
                          55.9%      44.1%       0.0%

power_report_end
summary_report

===========================================================================
report_tns
============================================================================
tns 0.00

===========================================================================
report_wns
============================================================================
wns 0.00

===========================================================================
report_worst_slack -max (Setup)
============================================================================
worst slack 2.51

===========================================================================
report_worst_slack -min (Hold)
============================================================================
worst slack 4.12
summary_report_end
area_report

===========================================================================
report_design_area
============================================================================
Design area 4449 u^2 13% utilization.
area_report_end
check_nonpropagated_clocks
__VIRTUAL_CLK__
check_nonpropagated_clocks_end
[WARNING] Did not save OpenROAD database!
